Log file open, 11/02/22 15:15:49
LogWindows: Failed to load 'aqProf.dll' (GetLastError=126)
LogWindows: File 'aqProf.dll' does not exist
LogWindows: Failed to load 'VtuneApi.dll' (GetLastError=126)
LogWindows: File 'VtuneApi.dll' does not exist
LogWindows: Failed to load 'VtuneApi32e.dll' (GetLastError=126)
LogWindows: File 'VtuneApi32e.dll' does not exist
LogConsoleResponse: Display: Failed to find resolution value strings in scalability ini. Falling back to default.
LogConsoleResponse: Display: Failed to find resolution value strings in scalability ini. Falling back to default.
LogInit: Display: Running engine for game: midterm
LogPlatformFile: Not using cached read wrapper
LogTaskGraph: Started task graph with 5 named threads and 35 total threads with 3 sets of task threads.
LogStats: Stats thread started at 0.290742
LogICUInternationalization: ICU TimeZone Detection - Raw Offset: -5:00, Platform Override: ''
LogInit: Display: Loading text-based GConfig....
LogPluginManager: Mounting plugin MeshPainting
LogPluginManager: Mounting plugin XGEController
LogPluginManager: Mounting plugin Paper2D
LogPluginManager: Mounting plugin AISupport
LogPluginManager: Mounting plugin EnvironmentQueryEditor
LogPluginManager: Mounting plugin LightPropagationVolume
LogPluginManager: Mounting plugin LiveLink
LogPluginManager: Mounting plugin OodleData
LogPluginManager: Mounting plugin AssetManagerEditor
LogPluginManager: Mounting plugin OodleNetwork
LogPluginManager: Mounting plugin CryptoKeys
LogPluginManager: Mounting plugin DataValidation
LogPluginManager: Mounting plugin CurveEditorTools
LogPluginManager: Mounting plugin FacialAnimation
LogPluginManager: Mounting plugin GameplayTagsEditor
LogPluginManager: Mounting plugin GeometryMode
LogPluginManager: Mounting plugin CameraShakePreviewer
LogPluginManager: Mounting plugin MacGraphicsSwitching
LogPluginManager: Mounting plugin MaterialAnalyzer
LogPluginManager: Mounting plugin MobileLauncherProfileWizard
LogPluginManager: Mounting plugin PluginBrowser
LogPluginManager: Mounting plugin SpeedTreeImporter
LogPluginManager: Mounting plugin GameplayCameras
LogPluginManager: Mounting plugin AnimationSharing
LogPluginManager: Mounting plugin CLionSourceCodeAccess
LogPluginManager: Mounting plugin CodeLiteSourceCodeAccess
LogPluginManager: Mounting plugin GitSourceControl
LogPluginManager: Mounting plugin KDevelopSourceCodeAccess
LogPluginManager: Mounting plugin NullSourceCodeAccess
LogPluginManager: Mounting plugin PerforceSourceControl
LogPluginManager: Mounting plugin PlasticSourceControl
LogPluginManager: Mounting plugin PixWinPlugin
LogPluginManager: Mounting plugin PluginUtils
LogPluginManager: Mounting plugin PropertyAccessNode
LogPluginManager: Mounting plugin RiderSourceCodeAccess
LogPluginManager: Mounting plugin TextureFormatOodle
LogPluginManager: Mounting plugin SubversionSourceControl
LogPluginManager: Mounting plugin UObjectPlugin
LogPluginManager: Mounting plugin XCodeSourceCodeAccess
LogPluginManager: Mounting plugin DatasmithContent
LogPluginManager: Mounting plugin VisualStudioSourceCodeAccess
LogPluginManager: Mounting plugin Niagara
LogPluginManager: Mounting plugin AlembicImporter
LogPluginManager: Mounting plugin VariantManagerContent
LogPluginManager: Mounting plugin AutomationUtils
LogPluginManager: Mounting plugin BackChannel
LogPluginManager: Mounting plugin ChaosCloth
LogPluginManager: Mounting plugin ChaosClothEditor
LogPluginManager: Mounting plugin ChaosEditor
LogPluginManager: Mounting plugin ChaosNiagara
LogPluginManager: Mounting plugin ChaosSolverPlugin
LogPluginManager: Mounting plugin CharacterAI
LogPluginManager: Mounting plugin GeometryCache
LogPluginManager: Mounting plugin GeometryCollectionPlugin
LogPluginManager: Mounting plugin GeometryProcessing
LogPluginManager: Mounting plugin OpenImageDenoise
LogPluginManager: Mounting plugin MotoSynth
LogPluginManager: Mounting plugin PlatformCrypto
LogPluginManager: Mounting plugin PlanarCut
LogPluginManager: Mounting plugin ProxyLODPlugin
LogPluginManager: Mounting plugin PythonScriptPlugin
LogPluginManager: Mounting plugin SkeletalReduction
LogPluginManager: Mounting plugin VisualStudioCodeSourceCodeAccess
LogPluginManager: Mounting plugin LuminPlatformFeatures
LogPluginManager: Mounting plugin MagicLeap
LogPluginManager: Mounting plugin MagicLeapLightEstimation
LogPluginManager: Mounting plugin MagicLeapPassableWorld
LogPluginManager: Mounting plugin MagicLeapMedia
LogPluginManager: Mounting plugin MLSDK
LogPluginManager: Mounting plugin AvfMedia
LogPluginManager: Mounting plugin ImgMedia
LogPluginManager: Mounting plugin MediaCompositing
LogPluginManager: Mounting plugin MediaPlayerEditor
LogPluginManager: Mounting plugin WmfMedia
LogPluginManager: Mounting plugin TcpMessaging
LogPluginManager: Mounting plugin UdpMessaging
LogPluginManager: Mounting plugin AndroidMedia
LogPluginManager: Mounting plugin OnlineSubsystem
LogPluginManager: Mounting plugin OnlineSubsystemNull
LogPluginManager: Mounting plugin OnlineSubsystemUtils
LogPluginManager: Mounting plugin LauncherChunkInstaller
LogPluginManager: Mounting plugin ActorLayerUtilities
LogPluginManager: Mounting plugin AndroidDeviceProfileSelector
LogPluginManager: Mounting plugin AndroidMoviePlayer
LogPluginManager: Mounting plugin AndroidPermission
LogPluginManager: Mounting plugin AppleImageUtils
LogPluginManager: Mounting plugin AppleMoviePlayer
LogPluginManager: Mounting plugin ArchVisCharacter
LogPluginManager: Mounting plugin AssetTags
LogPluginManager: Mounting plugin AudioCapture
LogPluginManager: Mounting plugin AudioSynesthesia
LogPluginManager: Mounting plugin CableComponent
LogPluginManager: Mounting plugin ChunkDownloader
LogPluginManager: Mounting plugin CustomMeshComponent
LogPluginManager: Mounting plugin ExampleDeviceProfileSelector
LogPluginManager: Mounting plugin GoogleCloudMessaging
LogPluginManager: Mounting plugin GooglePAD
LogPluginManager: Mounting plugin EditableMesh
LogPluginManager: Mounting plugin ScreenshotTools
LogPluginManager: Mounting plugin IOSDeviceProfileSelector
LogPluginManager: Mounting plugin LinuxDeviceProfileSelector
LogPluginManager: Mounting plugin LocationServicesBPLibrary
LogPluginManager: Mounting plugin MobilePatchingUtils
LogPluginManager: Mounting plugin ActorSequence
LogPluginManager: Mounting plugin OpenXR
LogPluginManager: Mounting plugin LevelSequenceEditor
LogPluginManager: Mounting plugin OpenXREyeTracker
LogPluginManager: Mounting plugin MatineeToLevelSequence
LogPluginManager: Mounting plugin TemplateSequence
LogPluginManager: Mounting plugin OpenXRHandTracking
LogPluginManager: Mounting plugin PhysXVehicles
LogPluginManager: Mounting plugin Takes
LogPluginManager: Mounting plugin PostSplashScreen
LogPluginManager: Mounting plugin ProceduralMeshComponent
LogPluginManager: Mounting plugin PropertyAccessEditor
LogPluginManager: Mounting plugin RuntimePhysXCooking
LogPluginManager: Mounting plugin SignificanceManager
LogPluginManager: Mounting plugin SoundFields
LogPluginManager: Mounting plugin Synthesis
LogPluginManager: Mounting plugin WebMMoviePlayer
LogPluginManager: Mounting plugin WindowsMoviePlayer
LogPluginManager: Mounting plugin WebMMedia
LogPluginManager: Mounting plugin ContentBrowserAssetDataSource
LogPluginManager: Mounting plugin ContentBrowserClassDataSource
LogPluginManager: Mounting plugin ContentBrowserFileDataSource
LogPluginManager: Mounting plugin OnlineSubsystemGooglePlay
LogPluginManager: Mounting plugin OnlineSubsystemIOS
LogPluginManager: Mounting plugin OculusVR
LogPluginManager: Mounting plugin SteamVR
PixWinPlugin: PIX capture plugin failed to initialize! Check that the process is launched from PIX.
LogInit: Using libcurl 7.55.1-DEV
LogInit:  - built for x86_64-pc-win32
LogInit:  - supports SSL with OpenSSL/1.1.1
LogInit:  - supports HTTP deflate (compression) using libz 1.2.8
LogInit:  - other features:
LogInit:      CURL_VERSION_SSL
LogInit:      CURL_VERSION_LIBZ
LogInit:      CURL_VERSION_IPV6
LogInit:      CURL_VERSION_ASYNCHDNS
LogInit:      CURL_VERSION_LARGEFILE
LogInit:      CURL_VERSION_IDN
LogInit:  CurlRequestOptions (configurable via config and command line):
LogInit:  - bVerifyPeer = true  - Libcurl will verify peer certificate
LogInit:  - bUseHttpProxy = false  - Libcurl will NOT use HTTP proxy
LogInit:  - bDontReuseConnections = false  - Libcurl will reuse connections
LogInit:  - MaxHostConnections = 16  - Libcurl will limit the number of connections to a host
LogInit:  - LocalHostAddr = Default
LogInit:  - BufferSize = 65536
LogOnline: OSS: Creating online subsystem instance for: NULL
LogInit: WinSock: version 1.1 (2.2), MaxSocks=32767, MaxUdp=65467
LogOnline: OSS: TryLoadSubsystemAndSetDefault: Loaded subsystem for module [NULL]
LogOculusPluginWrapper: OculusPlugin initialized successfully
LogHMD: Failed initializing OVRPlugin 1.59.0
LogInit: Build: ++UE4+Release-4.27-CL-18319896
LogInit: Engine Version: 4.27.2-18319896+++UE4+Release-4.27
LogInit: Compatible Engine Version: 4.27.0-17155196+++UE4+Release-4.27
LogInit: Net CL: 17155196
LogInit: OS: Windows 10 (Release 2009) (), CPU: Intel(R) Core(TM) i7-8750H CPU @ 2.20GHz, GPU: NVIDIA Quadro P2000
LogInit: Compiled (64-bit): Nov 30 2021 07:12:08
LogInit: Compiled with Visual C++: 19.24.28315.00
LogInit: Build Configuration: Development
LogInit: Branch Name: ++UE4+Release-4.27
LogInit: Command Line:  /Game/Levels/SnakeRetro -game -PIEVIACONSOLE -Multiprocess "GameUserSettingsINI=C:/Users/gosorio/Documents/Unreal Projects/midterm/Saved/Config/Windows/PIEGameUserSettings0.ini" -MultiprocessSaveConfig -forcepassthrough -messaging -SessionName="Play in Standalone Game" -windowed -ResX=1280 -ResY=720
LogInit: Base Directory: C:/Program Files/Epic Games/UE_4.27/Engine/Binaries/Win64/
LogInit: Allocator: TBB
LogInit: Installed Engine Build: 1
LogDevObjectVersion: Number of dev versions registered: 29
LogDevObjectVersion:   Dev-Blueprints (B0D832E4-1F89-4F0D-ACCF-7EB736FD4AA2): 10
LogDevObjectVersion:   Dev-Build (E1C64328-A22C-4D53-A36C-8E866417BD8C): 0
LogDevObjectVersion:   Dev-Core (375EC13C-06E4-48FB-B500-84F0262A717E): 4
LogDevObjectVersion:   Dev-Editor (E4B068ED-F494-42E9-A231-DA0B2E46BB41): 40
LogDevObjectVersion:   Dev-Framework (CFFC743F-43B0-4480-9391-14DF171D2073): 37
LogDevObjectVersion:   Dev-Mobile (B02B49B5-BB20-44E9-A304-32B752E40360): 3
LogDevObjectVersion:   Dev-Networking (A4E4105C-59A1-49B5-A7C5-40C4547EDFEE): 0
LogDevObjectVersion:   Dev-Online (39C831C9-5AE6-47DC-9A44-9C173E1C8E7C): 0
LogDevObjectVersion:   Dev-Physics (78F01B33-EBEA-4F98-B9B4-84EACCB95AA2): 14
LogDevObjectVersion:   Dev-Platform (6631380F-2D4D-43E0-8009-CF276956A95A): 0
LogDevObjectVersion:   Dev-Rendering (12F88B9F-8875-4AFC-A67C-D90C383ABD29): 45
LogDevObjectVersion:   Dev-Sequencer (7B5AE74C-D270-4C10-A958-57980B212A5A): 13
LogDevObjectVersion:   Dev-VR (D7296918-1DD6-4BDD-9DE2-64A83CC13884): 3
LogDevObjectVersion:   Dev-LoadTimes (C2A15278-BFE7-4AFE-6C17-90FF531DF755): 1
LogDevObjectVersion:   Private-Geometry (6EACA3D4-40EC-4CC1-B786-8BED09428FC5): 3
LogDevObjectVersion:   Dev-AnimPhys (29E575DD-E0A3-4627-9D10-D276232CDCEA): 17
LogDevObjectVersion:   Dev-Anim (AF43A65D-7FD3-4947-9873-3E8ED9C1BB05): 15
LogDevObjectVersion:   Dev-ReflectionCapture (6B266CEC-1EC7-4B8F-A30B-E4D90942FC07): 1
LogDevObjectVersion:   Dev-Automation (0DF73D61-A23F-47EA-B727-89E90C41499A): 1
LogDevObjectVersion:   FortniteMain (601D1886-AC64-4F84-AA16-D3DE0DEAC7D6): 47
LogDevObjectVersion:   FortniteRelease (E7086368-6B23-4C58-8439-1B7016265E91): 1
LogDevObjectVersion:   Dev-Enterprise (9DFFBCD6-494F-0158-E221-12823C92A888): 10
LogDevObjectVersion:   Dev-Niagara (F2AED0AC-9AFE-416F-8664-AA7FFA26D6FC): 1
LogDevObjectVersion:   Dev-Destruction (174F1F0B-B4C6-45A5-B13F-2EE8D0FB917D): 10
LogDevObjectVersion:   Dev-Physics-Ext (35F94A83-E258-406C-A318-09F59610247C): 41
LogDevObjectVersion:   Dev-PhysicsMaterial-Chaos (B68FC16E-8B1B-42E2-B453-215C058844FE): 1
LogDevObjectVersion:   Dev-CineCamera (B2E18506-4273-CFC2-A54E-F4BB758BBA07): 1
LogDevObjectVersion:   Dev-VirtualProduction (64F58936-FD1B-42BA-BA96-7289D5D0FA4E): 1
LogDevObjectVersion:   Dev-MediaFramework (6F0ED827-A609-4895-9C91-998D90180EA4): 2
LogInit: Presizing for max 25165824 objects, including 0 objects not considered by GC, pre-allocating 0 bytes for permanent pool.
LogConfig: Applying CVar settings from Section [/Script/Engine.StreamingSettings] File [C:/Users/gosorio/Documents/Unreal Projects/midterm/Saved/Config/Windows/Engine.ini]
LogConfig: Setting CVar [[s.MinBulkDataSizeForAsyncLoading:131072]]
LogConfig: Setting CVar [[s.AsyncLoadingThreadEnabled:0]]
LogConfig: Setting CVar [[s.EventDrivenLoaderEnabled:1]]
LogConfig: Setting CVar [[s.WarnIfTimeLimitExceeded:0]]
LogConfig: Setting CVar [[s.TimeLimitExceededMultiplier:1.5]]
LogConfig: Setting CVar [[s.TimeLimitExceededMinTime:0.005]]
LogConfig: Setting CVar [[s.UseBackgroundLevelStreaming:1]]
LogConfig: Setting CVar [[s.PriorityAsyncLoadingExtraTime:15.0]]
LogConfig: Setting CVar [[s.LevelStreamingActorsUpdateTimeLimit:5.0]]
LogConfig: Setting CVar [[s.PriorityLevelStreamingActorsUpdateExtraTime:5.0]]
LogConfig: Setting CVar [[s.LevelStreamingComponentsRegistrationGranularity:10]]
LogConfig: Setting CVar [[s.UnregisterComponentsTimeLimit:1.0]]
LogConfig: Setting CVar [[s.LevelStreamingComponentsUnregistrationGranularity:5]]
LogConfig: Setting CVar [[s.FlushStreamingOnExit:1]]
LogInit: Object subsystem initialized
LogConfig: Setting CVar [[con.DebugEarlyDefault:1]]
LogConfig: Setting CVar [[r.setres:1280x720]]
[2022.11.02-19.15.50:801][  0]LogConfig: Setting CVar [[con.DebugEarlyDefault:1]]
[2022.11.02-19.15.50:801][  0]LogConfig: Setting CVar [[r.setres:1280x720]]
[2022.11.02-19.15.50:801][  0]LogConfig: Applying CVar settings from Section [/Script/Engine.RendererSettings] File [C:/Users/gosorio/Documents/Unreal Projects/midterm/Saved/Config/Windows/Engine.ini]
[2022.11.02-19.15.50:801][  0]LogConfig: Setting CVar [[r.GPUCrashDebugging:0]]
[2022.11.02-19.15.50:801][  0]LogConfig: Setting CVar [[r.DefaultFeature.MotionBlur:0]]
[2022.11.02-19.15.50:801][  0]LogConfig: Applying CVar settings from Section [/Script/Engine.RendererOverrideSettings] File [C:/Users/gosorio/Documents/Unreal Projects/midterm/Saved/Config/Windows/Engine.ini]
[2022.11.02-19.15.50:801][  0]LogConfig: Applying CVar settings from Section [/Script/Engine.StreamingSettings] File [C:/Users/gosorio/Documents/Unreal Projects/midterm/Saved/Config/Windows/Engine.ini]
[2022.11.02-19.15.50:801][  0]LogConfig: Setting CVar [[s.MinBulkDataSizeForAsyncLoading:131072]]
[2022.11.02-19.15.50:801][  0]LogConfig: Setting CVar [[s.AsyncLoadingThreadEnabled:0]]
[2022.11.02-19.15.50:801][  0]LogConfig: Setting CVar [[s.EventDrivenLoaderEnabled:1]]
[2022.11.02-19.15.50:802][  0]LogConfig: Setting CVar [[s.WarnIfTimeLimitExceeded:0]]
[2022.11.02-19.15.50:802][  0]LogConfig: Setting CVar [[s.TimeLimitExceededMultiplier:1.5]]
[2022.11.02-19.15.50:802][  0]LogConfig: Setting CVar [[s.TimeLimitExceededMinTime:0.005]]
[2022.11.02-19.15.50:802][  0]LogConfig: Setting CVar [[s.UseBackgroundLevelStreaming:1]]
[2022.11.02-19.15.50:802][  0]LogConfig: Setting CVar [[s.PriorityAsyncLoadingExtraTime:15.0]]
[2022.11.02-19.15.50:802][  0]LogConfig: Setting CVar [[s.LevelStreamingActorsUpdateTimeLimit:5.0]]
[2022.11.02-19.15.50:802][  0]LogConfig: Setting CVar [[s.PriorityLevelStreamingActorsUpdateExtraTime:5.0]]
[2022.11.02-19.15.50:802][  0]LogConfig: Setting CVar [[s.LevelStreamingComponentsRegistrationGranularity:10]]
[2022.11.02-19.15.50:802][  0]LogConfig: Setting CVar [[s.UnregisterComponentsTimeLimit:1.0]]
[2022.11.02-19.15.50:802][  0]LogConfig: Setting CVar [[s.LevelStreamingComponentsUnregistrationGranularity:5]]
[2022.11.02-19.15.50:802][  0]LogConfig: Setting CVar [[s.FlushStreamingOnExit:1]]
[2022.11.02-19.15.50:802][  0]LogConfig: Applying CVar settings from Section [/Script/Engine.GarbageCollectionSettings] File [C:/Users/gosorio/Documents/Unreal Projects/midterm/Saved/Config/Windows/Engine.ini]
[2022.11.02-19.15.50:802][  0]LogConfig: Setting CVar [[gc.MaxObjectsNotConsideredByGC:1]]
[2022.11.02-19.15.50:802][  0]LogConfig: Setting CVar [[gc.SizeOfPermanentObjectPool:0]]
[2022.11.02-19.15.50:802][  0]LogConfig: Setting CVar [[gc.FlushStreamingOnGC:0]]
[2022.11.02-19.15.50:802][  0]LogConfig: Setting CVar [[gc.NumRetriesBeforeForcingGC:10]]
[2022.11.02-19.15.50:802][  0]LogConfig: Setting CVar [[gc.AllowParallelGC:1]]
[2022.11.02-19.15.50:802][  0]LogConfig: Setting CVar [[gc.TimeBetweenPurgingPendingKillObjects:61.1]]
[2022.11.02-19.15.50:802][  0]LogConfig: Setting CVar [[gc.MaxObjectsInEditor:25165824]]
[2022.11.02-19.15.50:802][  0]LogConfig: Setting CVar [[gc.IncrementalBeginDestroyEnabled:1]]
[2022.11.02-19.15.50:802][  0]LogConfig: Setting CVar [[gc.CreateGCClusters:1]]
[2022.11.02-19.15.50:803][  0]LogConfig: Setting CVar [[gc.MinGCClusterSize:5]]
[2022.11.02-19.15.50:803][  0]LogConfig: Setting CVar [[gc.ActorClusteringEnabled:0]]
[2022.11.02-19.15.50:803][  0]LogConfig: Setting CVar [[gc.BlueprintClusteringEnabled:0]]
[2022.11.02-19.15.50:803][  0]LogConfig: Setting CVar [[gc.UseDisregardForGCOnDedicatedServers:0]]
[2022.11.02-19.15.50:803][  0]LogConfig: Setting CVar [[gc.MultithreadedDestructionEnabled:1]]
[2022.11.02-19.15.50:803][  0]LogConfig: Applying CVar settings from Section [/Script/Engine.NetworkSettings] File [C:/Users/gosorio/Documents/Unreal Projects/midterm/Saved/Config/Windows/Engine.ini]
[2022.11.02-19.15.50:803][  0]LogConfig: Applying CVar settings from Section [/Script/UnrealEd.CookerSettings] File [C:/Users/gosorio/Documents/Unreal Projects/midterm/Saved/Config/Windows/Engine.ini]
[2022.11.02-19.15.50:818][  0]LogConfig: Applying CVar settings from Section [ViewDistanceQuality@3] File [C:/Users/gosorio/Documents/Unreal Projects/midterm/Saved/Config/Windows/Scalability.ini]
[2022.11.02-19.15.50:818][  0]LogConfig: Setting CVar [[r.SkeletalMeshLODBias:0]]
[2022.11.02-19.15.50:818][  0]LogConfig: Setting CVar [[r.ViewDistanceScale:1.0]]
[2022.11.02-19.15.50:818][  0]LogConfig: Applying CVar settings from Section [AntiAliasingQuality@3] File [C:/Users/gosorio/Documents/Unreal Projects/midterm/Saved/Config/Windows/Scalability.ini]
[2022.11.02-19.15.50:818][  0]LogConfig: Setting CVar [[r.PostProcessAAQuality:4]]
[2022.11.02-19.15.50:818][  0]LogConfig: Applying CVar settings from Section [ShadowQuality@3] File [C:/Users/gosorio/Documents/Unreal Projects/midterm/Saved/Config/Windows/Scalability.ini]
[2022.11.02-19.15.50:818][  0]LogConfig: Setting CVar [[r.LightFunctionQuality:1]]
[2022.11.02-19.15.50:818][  0]LogConfig: Setting CVar [[r.ShadowQuality:5]]
[2022.11.02-19.15.50:818][  0]LogConfig: Setting CVar [[r.Shadow.CSM.MaxCascades:10]]
[2022.11.02-19.15.50:818][  0]LogConfig: Setting CVar [[r.Shadow.MaxResolution:2048]]
[2022.11.02-19.15.50:818][  0]LogConfig: Setting CVar [[r.Shadow.MaxCSMResolution:2048]]
[2022.11.02-19.15.50:818][  0]LogConfig: Setting CVar [[r.Shadow.RadiusThreshold:0.01]]
[2022.11.02-19.15.50:818][  0]LogConfig: Setting CVar [[r.Shadow.DistanceScale:1.0]]
[2022.11.02-19.15.50:819][  0]LogConfig: Setting CVar [[r.Shadow.CSM.TransitionScale:1.0]]
[2022.11.02-19.15.50:819][  0]LogConfig: Setting CVar [[r.Shadow.PreShadowResolutionFactor:1.0]]
[2022.11.02-19.15.50:819][  0]LogConfig: Setting CVar [[r.DistanceFieldShadowing:1]]
[2022.11.02-19.15.50:819][  0]LogConfig: Setting CVar [[r.DistanceFieldAO:1]]
[2022.11.02-19.15.50:819][  0]LogConfig: Setting CVar [[r.AOQuality:2]]
[2022.11.02-19.15.50:819][  0]LogConfig: Setting CVar [[r.VolumetricFog:1]]
[2022.11.02-19.15.50:819][  0]LogConfig: Setting CVar [[r.VolumetricFog.GridPixelSize:8]]
[2022.11.02-19.15.50:819][  0]LogConfig: Setting CVar [[r.VolumetricFog.GridSizeZ:128]]
[2022.11.02-19.15.50:819][  0]LogConfig: Setting CVar [[r.VolumetricFog.HistoryMissSupersampleCount:4]]
[2022.11.02-19.15.50:819][  0]LogConfig: Setting CVar [[r.LightMaxDrawDistanceScale:1]]
[2022.11.02-19.15.50:819][  0]LogConfig: Setting CVar [[r.CapsuleShadows:1]]
[2022.11.02-19.15.50:819][  0]LogConfig: Applying CVar settings from Section [PostProcessQuality@3] File [C:/Users/gosorio/Documents/Unreal Projects/midterm/Saved/Config/Windows/Scalability.ini]
[2022.11.02-19.15.50:819][  0]LogConfig: Setting CVar [[r.MotionBlurQuality:4]]
[2022.11.02-19.15.50:819][  0]LogConfig: Setting CVar [[r.AmbientOcclusionMipLevelFactor:0.4]]
[2022.11.02-19.15.50:819][  0]LogConfig: Setting CVar [[r.AmbientOcclusionMaxQuality:100]]
[2022.11.02-19.15.50:819][  0]LogConfig: Setting CVar [[r.AmbientOcclusionLevels:-1]]
[2022.11.02-19.15.50:819][  0]LogConfig: Setting CVar [[r.AmbientOcclusionRadiusScale:1.0]]
[2022.11.02-19.15.50:819][  0]LogConfig: Setting CVar [[r.DepthOfFieldQuality:2]]
[2022.11.02-19.15.50:819][  0]LogConfig: Setting CVar [[r.RenderTargetPoolMin:400]]
[2022.11.02-19.15.50:819][  0]LogConfig: Setting CVar [[r.LensFlareQuality:2]]
[2022.11.02-19.15.50:819][  0]LogConfig: Setting CVar [[r.SceneColorFringeQuality:1]]
[2022.11.02-19.15.50:819][  0]LogConfig: Setting CVar [[r.EyeAdaptationQuality:2]]
[2022.11.02-19.15.50:819][  0]LogConfig: Setting CVar [[r.BloomQuality:5]]
[2022.11.02-19.15.50:819][  0]LogConfig: Setting CVar [[r.FastBlurThreshold:100]]
[2022.11.02-19.15.50:819][  0]LogConfig: Setting CVar [[r.Upscale.Quality:3]]
[2022.11.02-19.15.50:819][  0]LogConfig: Setting CVar [[r.Tonemapper.GrainQuantization:1]]
[2022.11.02-19.15.50:819][  0]LogConfig: Setting CVar [[r.LightShaftQuality:1]]
[2022.11.02-19.15.50:819][  0]LogConfig: Setting CVar [[r.Filter.SizeScale:1]]
[2022.11.02-19.15.50:819][  0]LogConfig: Setting CVar [[r.Tonemapper.Quality:5]]
[2022.11.02-19.15.50:819][  0]LogConfig: Setting CVar [[r.DOF.Gather.AccumulatorQuality:1        ; higher gathering accumulator quality]]
[2022.11.02-19.15.50:819][  0]LogConfig: Setting CVar [[r.DOF.Gather.PostfilterMethod:1          ; Median3x3 postfilering method]]
[2022.11.02-19.15.50:819][  0]LogConfig: Setting CVar [[r.DOF.Gather.EnableBokehSettings:0       ; no bokeh simulation when gathering]]
[2022.11.02-19.15.50:819][  0]LogConfig: Setting CVar [[r.DOF.Gather.RingCount:4                 ; medium number of samples when gathering]]
[2022.11.02-19.15.50:819][  0]LogConfig: Setting CVar [[r.DOF.Scatter.ForegroundCompositing:1    ; additive foreground scattering]]
[2022.11.02-19.15.50:819][  0]LogConfig: Setting CVar [[r.DOF.Scatter.BackgroundCompositing:2    ; additive background scattering]]
[2022.11.02-19.15.50:819][  0]LogConfig: Setting CVar [[r.DOF.Scatter.EnableBokehSettings:1      ; bokeh simulation when scattering]]
[2022.11.02-19.15.50:820][  0]LogConfig: Setting CVar [[r.DOF.Scatter.MaxSpriteRatio:0.1         ; only a maximum of 10% of scattered bokeh]]
[2022.11.02-19.15.50:820][  0]LogConfig: Setting CVar [[r.DOF.Recombine.Quality:1                ; cheap slight out of focus]]
[2022.11.02-19.15.50:820][  0]LogConfig: Setting CVar [[r.DOF.Recombine.EnableBokehSettings:0    ; no bokeh simulation on slight out of focus]]
[2022.11.02-19.15.50:820][  0]LogConfig: Setting CVar [[r.DOF.TemporalAAQuality:1                ; more stable temporal accumulation]]
[2022.11.02-19.15.50:820][  0]LogConfig: Setting CVar [[r.DOF.Kernel.MaxForegroundRadius:0.025]]
[2022.11.02-19.15.50:820][  0]LogConfig: Setting CVar [[r.DOF.Kernel.MaxBackgroundRadius:0.025]]
[2022.11.02-19.15.50:820][  0]LogConfig: Applying CVar settings from Section [TextureQuality@3] File [C:/Users/gosorio/Documents/Unreal Projects/midterm/Saved/Config/Windows/Scalability.ini]
[2022.11.02-19.15.50:820][  0]LogConfig: Setting CVar [[r.Streaming.MipBias:0]]
[2022.11.02-19.15.50:820][  0]LogConfig: Setting CVar [[r.Streaming.AmortizeCPUToGPUCopy:0]]
[2022.11.02-19.15.50:820][  0]LogConfig: Setting CVar [[r.Streaming.MaxNumTexturesToStreamPerFrame:0]]
[2022.11.02-19.15.50:820][  0]LogConfig: Setting CVar [[r.Streaming.Boost:1]]
[2022.11.02-19.15.50:820][  0]LogConfig: Setting CVar [[r.MaxAnisotropy:8]]
[2022.11.02-19.15.50:820][  0]LogConfig: Setting CVar [[r.VT.MaxAnisotropy:8]]
[2022.11.02-19.15.50:820][  0]LogConfig: Setting CVar [[r.Streaming.LimitPoolSizeToVRAM:0]]
[2022.11.02-19.15.50:820][  0]LogConfig: Setting CVar [[r.Streaming.PoolSize:1000]]
[2022.11.02-19.15.50:820][  0]LogConfig: Setting CVar [[r.Streaming.MaxEffectiveScreenSize:0]]
[2022.11.02-19.15.50:820][  0]LogConfig: Applying CVar settings from Section [EffectsQuality@3] File [C:/Users/gosorio/Documents/Unreal Projects/midterm/Saved/Config/Windows/Scalability.ini]
[2022.11.02-19.15.50:820][  0]LogConfig: Setting CVar [[r.TranslucencyLightingVolumeDim:64]]
[2022.11.02-19.15.50:820][  0]LogConfig: Setting CVar [[r.RefractionQuality:2]]
[2022.11.02-19.15.50:820][  0]LogConfig: Setting CVar [[r.SSR.Quality:3]]
[2022.11.02-19.15.50:820][  0]LogConfig: Setting CVar [[r.SSR.HalfResSceneColor:0]]
[2022.11.02-19.15.50:820][  0]LogConfig: Setting CVar [[r.SceneColorFormat:4]]
[2022.11.02-19.15.50:820][  0]LogConfig: Setting CVar [[r.DetailMode:2]]
[2022.11.02-19.15.50:820][  0]LogConfig: Setting CVar [[r.TranslucencyVolumeBlur:1]]
[2022.11.02-19.15.50:820][  0]LogConfig: Setting CVar [[r.MaterialQualityLevel:1 ; High quality]]
[2022.11.02-19.15.50:820][  0]LogConfig: Setting CVar [[r.AnisotropicMaterials:1]]
[2022.11.02-19.15.50:820][  0]LogConfig: Setting CVar [[r.SSS.Scale:1]]
[2022.11.02-19.15.50:820][  0]LogConfig: Setting CVar [[r.SSS.SampleSet:2]]
[2022.11.02-19.15.50:820][  0]LogConfig: Setting CVar [[r.SSS.Quality:1]]
[2022.11.02-19.15.50:820][  0]LogConfig: Setting CVar [[r.SSS.HalfRes:0]]
[2022.11.02-19.15.50:820][  0]LogConfig: Setting CVar [[r.SSGI.Quality:3]]
[2022.11.02-19.15.50:820][  0]LogConfig: Setting CVar [[r.EmitterSpawnRateScale:1.0]]
[2022.11.02-19.15.50:820][  0]LogConfig: Setting CVar [[r.ParticleLightQuality:2]]
[2022.11.02-19.15.50:820][  0]LogConfig: Setting CVar [[r.SkyAtmosphere.AerialPerspectiveLUT.FastApplyOnOpaque:1 ; Always have FastSkyLUT 1 in this case to avoid wrong sky]]
[2022.11.02-19.15.50:820][  0]LogConfig: Setting CVar [[r.SkyAtmosphere.AerialPerspectiveLUT.SampleCountMaxPerSlice:4]]
[2022.11.02-19.15.50:820][  0]LogConfig: Setting CVar [[r.SkyAtmosphere.AerialPerspectiveLUT.DepthResolution:16.0]]
[2022.11.02-19.15.50:820][  0]LogConfig: Setting CVar [[r.SkyAtmosphere.FastSkyLUT:1]]
[2022.11.02-19.15.50:820][  0]LogConfig: Setting CVar [[r.SkyAtmosphere.FastSkyLUT.SampleCountMin:4.0]]
[2022.11.02-19.15.50:820][  0]LogConfig: Setting CVar [[r.SkyAtmosphere.FastSkyLUT.SampleCountMax:128.0]]
[2022.11.02-19.15.50:820][  0]LogConfig: Setting CVar [[r.SkyAtmosphere.SampleCountMin:4.0]]
[2022.11.02-19.15.50:820][  0]LogConfig: Setting CVar [[r.SkyAtmosphere.SampleCountMax:128.0]]
[2022.11.02-19.15.50:820][  0]LogConfig: Setting CVar [[r.SkyAtmosphere.TransmittanceLUT.UseSmallFormat:0]]
[2022.11.02-19.15.50:821][  0]LogConfig: Setting CVar [[r.SkyAtmosphere.TransmittanceLUT.SampleCount:10.0]]
[2022.11.02-19.15.50:821][  0]LogConfig: Setting CVar [[r.SkyAtmosphere.MultiScatteringLUT.SampleCount:15.0]]
[2022.11.02-19.15.50:821][  0]LogConfig: Setting CVar [[r.SkyLight.RealTimeReflectionCapture:1]]
[2022.11.02-19.15.50:821][  0]LogConfig: Applying CVar settings from Section [FoliageQuality@3] File [C:/Users/gosorio/Documents/Unreal Projects/midterm/Saved/Config/Windows/Scalability.ini]
[2022.11.02-19.15.50:821][  0]LogConfig: Setting CVar [[foliage.DensityScale:1.0]]
[2022.11.02-19.15.50:821][  0]LogConfig: Setting CVar [[grass.DensityScale:1.0]]
[2022.11.02-19.15.50:821][  0]LogConfig: Applying CVar settings from Section [ShadingQuality@3] File [C:/Users/gosorio/Documents/Unreal Projects/midterm/Saved/Config/Windows/Scalability.ini]
[2022.11.02-19.15.50:821][  0]LogConfig: Setting CVar [[r.HairStrands.SkyLighting.IntegrationType:2]]
[2022.11.02-19.15.50:821][  0]LogConfig: Setting CVar [[r.HairStrands.SkyAO.SampleCount:4]]
[2022.11.02-19.15.50:821][  0]LogConfig: Setting CVar [[r.HairStrands.Visibility.MSAA.SamplePerPixel:4]]
[2022.11.02-19.15.50:821][  0]LogInit: Selected Device Profile: [Windows]
[2022.11.02-19.15.50:821][  0]LogInit: Applying CVar settings loaded from the selected device profile: [Windows]
[2022.11.02-19.15.50:821][  0]LogHAL: Display: Platform has ~ 16 GB [17018806272 / 17179869184 / 16], which maps to Larger [LargestMinGB=32, LargerMinGB=12, DefaultMinGB=8, SmallerMinGB=6, SmallestMinGB=0)
[2022.11.02-19.15.50:821][  0]LogInit: Going up to parent DeviceProfile []
[2022.11.02-19.15.50:821][  0]LogConfig: Applying CVar settings from Section [ViewDistanceQuality@3] File [C:/Users/gosorio/Documents/Unreal Projects/midterm/Saved/Config/Windows/Scalability.ini]
[2022.11.02-19.15.50:821][  0]LogConfig: Setting CVar [[r.SkeletalMeshLODBias:0]]
[2022.11.02-19.15.50:821][  0]LogConfig: Setting CVar [[r.ViewDistanceScale:1.0]]
[2022.11.02-19.15.50:821][  0]LogConfig: Applying CVar settings from Section [AntiAliasingQuality@3] File [C:/Users/gosorio/Documents/Unreal Projects/midterm/Saved/Config/Windows/Scalability.ini]
[2022.11.02-19.15.50:821][  0]LogConfig: Setting CVar [[r.PostProcessAAQuality:4]]
[2022.11.02-19.15.50:821][  0]LogConfig: Applying CVar settings from Section [ShadowQuality@3] File [C:/Users/gosorio/Documents/Unreal Projects/midterm/Saved/Config/Windows/Scalability.ini]
[2022.11.02-19.15.50:821][  0]LogConfig: Setting CVar [[r.LightFunctionQuality:1]]
[2022.11.02-19.15.50:821][  0]LogConfig: Setting CVar [[r.ShadowQuality:5]]
[2022.11.02-19.15.50:821][  0]LogConfig: Setting CVar [[r.Shadow.CSM.MaxCascades:10]]
[2022.11.02-19.15.50:821][  0]LogConfig: Setting CVar [[r.Shadow.MaxResolution:2048]]
[2022.11.02-19.15.50:821][  0]LogConfig: Setting CVar [[r.Shadow.MaxCSMResolution:2048]]
[2022.11.02-19.15.50:821][  0]LogConfig: Setting CVar [[r.Shadow.RadiusThreshold:0.01]]
[2022.11.02-19.15.50:821][  0]LogConfig: Setting CVar [[r.Shadow.DistanceScale:1.0]]
[2022.11.02-19.15.50:821][  0]LogConfig: Setting CVar [[r.Shadow.CSM.TransitionScale:1.0]]
[2022.11.02-19.15.50:821][  0]LogConfig: Setting CVar [[r.Shadow.PreShadowResolutionFactor:1.0]]
[2022.11.02-19.15.50:821][  0]LogConfig: Setting CVar [[r.DistanceFieldShadowing:1]]
[2022.11.02-19.15.50:821][  0]LogConfig: Setting CVar [[r.DistanceFieldAO:1]]
[2022.11.02-19.15.50:821][  0]LogConfig: Setting CVar [[r.AOQuality:2]]
[2022.11.02-19.15.50:821][  0]LogConfig: Setting CVar [[r.VolumetricFog:1]]
[2022.11.02-19.15.50:821][  0]LogConfig: Setting CVar [[r.VolumetricFog.GridPixelSize:8]]
[2022.11.02-19.15.50:821][  0]LogConfig: Setting CVar [[r.VolumetricFog.GridSizeZ:128]]
[2022.11.02-19.15.50:821][  0]LogConfig: Setting CVar [[r.VolumetricFog.HistoryMissSupersampleCount:4]]
[2022.11.02-19.15.50:821][  0]LogConfig: Setting CVar [[r.LightMaxDrawDistanceScale:1]]
[2022.11.02-19.15.50:822][  0]LogConfig: Setting CVar [[r.CapsuleShadows:1]]
[2022.11.02-19.15.50:822][  0]LogConfig: Applying CVar settings from Section [PostProcessQuality@3] File [C:/Users/gosorio/Documents/Unreal Projects/midterm/Saved/Config/Windows/Scalability.ini]
[2022.11.02-19.15.50:822][  0]LogConfig: Setting CVar [[r.MotionBlurQuality:4]]
[2022.11.02-19.15.50:822][  0]LogConfig: Setting CVar [[r.AmbientOcclusionMipLevelFactor:0.4]]
[2022.11.02-19.15.50:822][  0]LogConfig: Setting CVar [[r.AmbientOcclusionMaxQuality:100]]
[2022.11.02-19.15.50:822][  0]LogConfig: Setting CVar [[r.AmbientOcclusionLevels:-1]]
[2022.11.02-19.15.50:822][  0]LogConfig: Setting CVar [[r.AmbientOcclusionRadiusScale:1.0]]
[2022.11.02-19.15.50:822][  0]LogConfig: Setting CVar [[r.DepthOfFieldQuality:2]]
[2022.11.02-19.15.50:822][  0]LogConfig: Setting CVar [[r.RenderTargetPoolMin:400]]
[2022.11.02-19.15.50:822][  0]LogConfig: Setting CVar [[r.LensFlareQuality:2]]
[2022.11.02-19.15.50:822][  0]LogConfig: Setting CVar [[r.SceneColorFringeQuality:1]]
[2022.11.02-19.15.50:822][  0]LogConfig: Setting CVar [[r.EyeAdaptationQuality:2]]
[2022.11.02-19.15.50:822][  0]LogConfig: Setting CVar [[r.BloomQuality:5]]
[2022.11.02-19.15.50:822][  0]LogConfig: Setting CVar [[r.FastBlurThreshold:100]]
[2022.11.02-19.15.50:822][  0]LogConfig: Setting CVar [[r.Upscale.Quality:3]]
[2022.11.02-19.15.50:822][  0]LogConfig: Setting CVar [[r.Tonemapper.GrainQuantization:1]]
[2022.11.02-19.15.50:822][  0]LogConfig: Setting CVar [[r.LightShaftQuality:1]]
[2022.11.02-19.15.50:822][  0]LogConfig: Setting CVar [[r.Filter.SizeScale:1]]
[2022.11.02-19.15.50:822][  0]LogConfig: Setting CVar [[r.Tonemapper.Quality:5]]
[2022.11.02-19.15.50:822][  0]LogConfig: Setting CVar [[r.DOF.Gather.AccumulatorQuality:1        ; higher gathering accumulator quality]]
[2022.11.02-19.15.50:822][  0]LogConfig: Setting CVar [[r.DOF.Gather.PostfilterMethod:1          ; Median3x3 postfilering method]]
[2022.11.02-19.15.50:822][  0]LogConfig: Setting CVar [[r.DOF.Gather.EnableBokehSettings:0       ; no bokeh simulation when gathering]]
[2022.11.02-19.15.50:822][  0]LogConfig: Setting CVar [[r.DOF.Gather.RingCount:4                 ; medium number of samples when gathering]]
[2022.11.02-19.15.50:822][  0]LogConfig: Setting CVar [[r.DOF.Scatter.ForegroundCompositing:1    ; additive foreground scattering]]
[2022.11.02-19.15.50:822][  0]LogConfig: Setting CVar [[r.DOF.Scatter.BackgroundCompositing:2    ; additive background scattering]]
[2022.11.02-19.15.50:822][  0]LogConfig: Setting CVar [[r.DOF.Scatter.EnableBokehSettings:1      ; bokeh simulation when scattering]]
[2022.11.02-19.15.50:822][  0]LogConfig: Setting CVar [[r.DOF.Scatter.MaxSpriteRatio:0.1         ; only a maximum of 10% of scattered bokeh]]
[2022.11.02-19.15.50:822][  0]LogConfig: Setting CVar [[r.DOF.Recombine.Quality:1                ; cheap slight out of focus]]
[2022.11.02-19.15.50:822][  0]LogConfig: Setting CVar [[r.DOF.Recombine.EnableBokehSettings:0    ; no bokeh simulation on slight out of focus]]
[2022.11.02-19.15.50:822][  0]LogConfig: Setting CVar [[r.DOF.TemporalAAQuality:1                ; more stable temporal accumulation]]
[2022.11.02-19.15.50:822][  0]LogConfig: Setting CVar [[r.DOF.Kernel.MaxForegroundRadius:0.025]]
[2022.11.02-19.15.50:822][  0]LogConfig: Setting CVar [[r.DOF.Kernel.MaxBackgroundRadius:0.025]]
[2022.11.02-19.15.50:822][  0]LogConfig: Applying CVar settings from Section [TextureQuality@3] File [C:/Users/gosorio/Documents/Unreal Projects/midterm/Saved/Config/Windows/Scalability.ini]
[2022.11.02-19.15.50:822][  0]LogConfig: Setting CVar [[r.Streaming.MipBias:0]]
[2022.11.02-19.15.50:822][  0]LogConfig: Setting CVar [[r.Streaming.AmortizeCPUToGPUCopy:0]]
[2022.11.02-19.15.50:822][  0]LogConfig: Setting CVar [[r.Streaming.MaxNumTexturesToStreamPerFrame:0]]
[2022.11.02-19.15.50:822][  0]LogConfig: Setting CVar [[r.Streaming.Boost:1]]
[2022.11.02-19.15.50:822][  0]LogConfig: Setting CVar [[r.MaxAnisotropy:8]]
[2022.11.02-19.15.50:822][  0]LogConfig: Setting CVar [[r.VT.MaxAnisotropy:8]]
[2022.11.02-19.15.50:822][  0]LogConfig: Setting CVar [[r.Streaming.LimitPoolSizeToVRAM:0]]
[2022.11.02-19.15.50:822][  0]LogConfig: Setting CVar [[r.Streaming.PoolSize:1000]]
[2022.11.02-19.15.50:822][  0]LogConfig: Setting CVar [[r.Streaming.MaxEffectiveScreenSize:0]]
[2022.11.02-19.15.50:822][  0]LogConfig: Applying CVar settings from Section [EffectsQuality@3] File [C:/Users/gosorio/Documents/Unreal Projects/midterm/Saved/Config/Windows/Scalability.ini]
[2022.11.02-19.15.50:822][  0]LogConfig: Setting CVar [[r.TranslucencyLightingVolumeDim:64]]
[2022.11.02-19.15.50:823][  0]LogConfig: Setting CVar [[r.RefractionQuality:2]]
[2022.11.02-19.15.50:823][  0]LogConfig: Setting CVar [[r.SSR.Quality:3]]
[2022.11.02-19.15.50:823][  0]LogConfig: Setting CVar [[r.SSR.HalfResSceneColor:0]]
[2022.11.02-19.15.50:823][  0]LogConfig: Setting CVar [[r.SceneColorFormat:4]]
[2022.11.02-19.15.50:823][  0]LogConfig: Setting CVar [[r.DetailMode:2]]
[2022.11.02-19.15.50:823][  0]LogConfig: Setting CVar [[r.TranslucencyVolumeBlur:1]]
[2022.11.02-19.15.50:823][  0]LogConfig: Setting CVar [[r.MaterialQualityLevel:1 ; High quality]]
[2022.11.02-19.15.50:823][  0]LogConfig: Setting CVar [[r.AnisotropicMaterials:1]]
[2022.11.02-19.15.50:823][  0]LogConfig: Setting CVar [[r.SSS.Scale:1]]
[2022.11.02-19.15.50:823][  0]LogConfig: Setting CVar [[r.SSS.SampleSet:2]]
[2022.11.02-19.15.50:823][  0]LogConfig: Setting CVar [[r.SSS.Quality:1]]
[2022.11.02-19.15.50:823][  0]LogConfig: Setting CVar [[r.SSS.HalfRes:0]]
[2022.11.02-19.15.50:823][  0]LogConfig: Setting CVar [[r.SSGI.Quality:3]]
[2022.11.02-19.15.50:823][  0]LogConfig: Setting CVar [[r.EmitterSpawnRateScale:1.0]]
[2022.11.02-19.15.50:823][  0]LogConfig: Setting CVar [[r.ParticleLightQuality:2]]
[2022.11.02-19.15.50:823][  0]LogConfig: Setting CVar [[r.SkyAtmosphere.AerialPerspectiveLUT.FastApplyOnOpaque:1 ; Always have FastSkyLUT 1 in this case to avoid wrong sky]]
[2022.11.02-19.15.50:823][  0]LogConfig: Setting CVar [[r.SkyAtmosphere.AerialPerspectiveLUT.SampleCountMaxPerSlice:4]]
[2022.11.02-19.15.50:823][  0]LogConfig: Setting CVar [[r.SkyAtmosphere.AerialPerspectiveLUT.DepthResolution:16.0]]
[2022.11.02-19.15.50:823][  0]LogConfig: Setting CVar [[r.SkyAtmosphere.FastSkyLUT:1]]
[2022.11.02-19.15.50:823][  0]LogConfig: Setting CVar [[r.SkyAtmosphere.FastSkyLUT.SampleCountMin:4.0]]
[2022.11.02-19.15.50:823][  0]LogConfig: Setting CVar [[r.SkyAtmosphere.FastSkyLUT.SampleCountMax:128.0]]
[2022.11.02-19.15.50:823][  0]LogConfig: Setting CVar [[r.SkyAtmosphere.SampleCountMin:4.0]]
[2022.11.02-19.15.50:823][  0]LogConfig: Setting CVar [[r.SkyAtmosphere.SampleCountMax:128.0]]
[2022.11.02-19.15.50:823][  0]LogConfig: Setting CVar [[r.SkyAtmosphere.TransmittanceLUT.UseSmallFormat:0]]
[2022.11.02-19.15.50:823][  0]LogConfig: Setting CVar [[r.SkyAtmosphere.TransmittanceLUT.SampleCount:10.0]]
[2022.11.02-19.15.50:823][  0]LogConfig: Setting CVar [[r.SkyAtmosphere.MultiScatteringLUT.SampleCount:15.0]]
[2022.11.02-19.15.50:823][  0]LogConfig: Setting CVar [[r.SkyLight.RealTimeReflectionCapture:1]]
[2022.11.02-19.15.50:823][  0]LogConfig: Applying CVar settings from Section [FoliageQuality@3] File [C:/Users/gosorio/Documents/Unreal Projects/midterm/Saved/Config/Windows/Scalability.ini]
[2022.11.02-19.15.50:823][  0]LogConfig: Setting CVar [[foliage.DensityScale:1.0]]
[2022.11.02-19.15.50:823][  0]LogConfig: Setting CVar [[grass.DensityScale:1.0]]
[2022.11.02-19.15.50:823][  0]LogConfig: Applying CVar settings from Section [ShadingQuality@3] File [C:/Users/gosorio/Documents/Unreal Projects/midterm/Saved/Config/Windows/Scalability.ini]
[2022.11.02-19.15.50:823][  0]LogConfig: Setting CVar [[r.HairStrands.SkyLighting.IntegrationType:2]]
[2022.11.02-19.15.50:823][  0]LogConfig: Setting CVar [[r.HairStrands.SkyAO.SampleCount:4]]
[2022.11.02-19.15.50:823][  0]LogConfig: Setting CVar [[r.HairStrands.Visibility.MSAA.SamplePerPixel:4]]
[2022.11.02-19.15.50:823][  0]LogConfig: Applying CVar settings from Section [Startup] File [../../../Engine/Config/ConsoleVariables.ini]
[2022.11.02-19.15.50:824][  0]LogConfig: Setting CVar [[net.UseAdaptiveNetUpdateFrequency:0]]
[2022.11.02-19.15.50:824][  0]LogConfig: Setting CVar [[p.chaos.AllowCreatePhysxBodies:1]]
[2022.11.02-19.15.50:824][  0]LogConfig: Setting CVar [[fx.SkipVectorVMBackendOptimizations:1]]
[2022.11.02-19.15.50:824][  0]LogConfig: Applying CVar settings from Section [ConsoleVariables] File [C:/Users/gosorio/Documents/Unreal Projects/midterm/Saved/Config/Windows/Engine.ini]
[2022.11.02-19.15.50:824][  0]LogConfig: Applying CVar settings from Section [ConsoleVariables] File [C:/Users/gosorio/Documents/Unreal Projects/midterm/Saved/Config/Windows/Editor.ini]
[2022.11.02-19.15.50:824][  0]LogInit: Computer: 5CD911CWQ8
[2022.11.02-19.15.50:824][  0]LogInit: User: gosorio
[2022.11.02-19.15.50:824][  0]LogInit: CPU Page size=4096, Cores=6
[2022.11.02-19.15.50:824][  0]LogInit: High frequency timer resolution =10.000000 MHz
[2022.11.02-19.15.50:824][  0]LogMemory: Memory total: Physical=15.8GB (16GB approx)
[2022.11.02-19.15.50:824][  0]LogMemory: Platform Memory Stats for Windows
[2022.11.02-19.15.50:824][  0]LogMemory: Process Physical Memory: 144.74 MB used, 144.74 MB peak
[2022.11.02-19.15.50:824][  0]LogMemory: Process Virtual Memory: 130.44 MB used, 130.44 MB peak
[2022.11.02-19.15.50:824][  0]LogMemory: Physical Memory: 8392.90 MB used,  7837.50 MB free, 16230.40 MB total
[2022.11.02-19.15.50:824][  0]LogMemory: Virtual Memory: 134212288.00 MB used,  5442.37 MB free, 134217728.00 MB total
[2022.11.02-19.15.50:840][  0]LogWindows: WindowsPlatformFeatures enabled
[2022.11.02-19.15.50:910][  0]LogInit: Physics initialised using underlying interface: PhysX
[2022.11.02-19.15.50:910][  0]LogInit: Using OS detected language (en-US).
[2022.11.02-19.15.50:910][  0]LogInit: Using OS detected locale (en-US).
[2022.11.02-19.15.50:916][  0]LogTextLocalizationManager: No specific localization for 'en-US' exists, so the 'en' localization will be used.
[2022.11.02-19.15.51:332][  0]LogWindowsTextInputMethodSystem: Display: IME system deactivated.
[2022.11.02-19.15.51:379][  0]LogSlate: New Slate User Created.  User Index 0, Is Virtual User: 0
[2022.11.02-19.15.51:379][  0]LogSlate: Slate User Registered.  User Index 0, Is Virtual User: 0
[2022.11.02-19.15.51:413][  0]LogD3D11RHI: Loaded GFSDK_Aftermath_Lib.x64.dll
[2022.11.02-19.15.51:426][  0]LogHMD: Failed to initialize OpenVR with code 110
[2022.11.02-19.15.51:426][  0]LogD3D11RHI: D3D11 min allowed feature level: 11_0
[2022.11.02-19.15.51:426][  0]LogD3D11RHI: D3D11 max allowed feature level: 11_0
[2022.11.02-19.15.51:426][  0]LogD3D11RHI: D3D11 adapters:
[2022.11.02-19.15.51:599][  0]LogD3D11RHI:    0. 'NVIDIA Quadro P2000' (Feature Level 11_0)
[2022.11.02-19.15.51:599][  0]LogD3D11RHI:       4019/0/8115 MB DedicatedVideo/DedicatedSystem/SharedSystem, Outputs:1, VendorId:0x10de
[2022.11.02-19.15.51:605][  0]LogD3D11RHI:    1. 'Microsoft Basic Render Driver' (Feature Level 11_0)
[2022.11.02-19.15.51:605][  0]LogD3D11RHI:       0/0/8115 MB DedicatedVideo/DedicatedSystem/SharedSystem, Outputs:0, VendorId:0x1414
[2022.11.02-19.15.51:605][  0]LogD3D11RHI: Chosen D3D11 Adapter:
[2022.11.02-19.15.51:605][  0]LogD3D11RHI:     Description : NVIDIA Quadro P2000
[2022.11.02-19.15.51:605][  0]LogD3D11RHI:     VendorId    : 10de
[2022.11.02-19.15.51:605][  0]LogD3D11RHI:     DeviceId    : 1cba
[2022.11.02-19.15.51:605][  0]LogD3D11RHI:     SubSysId    : 8451103c
[2022.11.02-19.15.51:605][  0]LogD3D11RHI:     Revision    : 00a1
[2022.11.02-19.15.51:605][  0]LogD3D11RHI:     DedicatedVideoMemory : 4214226944 bytes
[2022.11.02-19.15.51:605][  0]LogD3D11RHI:     DedicatedSystemMemory : 0 bytes
[2022.11.02-19.15.51:605][  0]LogD3D11RHI:     SharedSystemMemory : 8509403136 bytes
[2022.11.02-19.15.51:605][  0]LogD3D11RHI:     AdapterLuid : 0 186481
[2022.11.02-19.15.51:619][  0]LogD3D11RHI: Creating new Direct3DDevice
[2022.11.02-19.15.51:619][  0]LogD3D11RHI:     GPU DeviceId: 0x1cba (for the marketing name, search the web for "GPU Device Id")
[2022.11.02-19.15.51:619][  0]LogWindows: EnumDisplayDevices:
[2022.11.02-19.15.51:619][  0]LogWindows:    0. 'NVIDIA Quadro P2000' (P:1 D:1)
[2022.11.02-19.15.51:620][  0]LogWindows:    1. 'NVIDIA Quadro P2000' (P:0 D:0)
[2022.11.02-19.15.51:621][  0]LogWindows:    2. 'NVIDIA Quadro P2000' (P:0 D:0)
[2022.11.02-19.15.51:622][  0]LogWindows:    3. 'NVIDIA Quadro P2000' (P:0 D:0)
[2022.11.02-19.15.51:623][  0]LogWindows: DebugString: FoundDriverCount:4 
[2022.11.02-19.15.51:623][  0]LogD3D11RHI:     Adapter Name: NVIDIA Quadro P2000
[2022.11.02-19.15.51:623][  0]LogD3D11RHI:   Driver Version: 473.34 (internal:30.0.14.7334, unified:473.34)
[2022.11.02-19.15.51:623][  0]LogD3D11RHI:      Driver Date: 4-4-2022
[2022.11.02-19.15.51:623][  0]LogRHI: Texture pool is 2813 MB (70% of 4019 MB)
[2022.11.02-19.15.51:623][  0]LogD3D11RHI: Creating D3DDevice using adapter:
[2022.11.02-19.15.51:623][  0]LogD3D11RHI:     Description : NVIDIA Quadro P2000
[2022.11.02-19.15.51:623][  0]LogD3D11RHI:     VendorId    : 10de
[2022.11.02-19.15.51:623][  0]LogD3D11RHI:     DeviceId    : 1cba
[2022.11.02-19.15.51:623][  0]LogD3D11RHI:     SubSysId    : 8451103c
[2022.11.02-19.15.51:623][  0]LogD3D11RHI:     Revision    : 00a1
[2022.11.02-19.15.51:623][  0]LogD3D11RHI:     DedicatedVideoMemory : 4214226944 bytes
[2022.11.02-19.15.51:623][  0]LogD3D11RHI:     DedicatedSystemMemory : 0 bytes
[2022.11.02-19.15.51:623][  0]LogD3D11RHI:     SharedSystemMemory : 8509403136 bytes
[2022.11.02-19.15.51:623][  0]LogD3D11RHI:     AdapterLuid : 0 186481
[2022.11.02-19.15.51:732][  0]LogD3D11RHI: RHI has support for 64 bit atomics
[2022.11.02-19.15.51:733][  0]LogD3D11RHI: Async texture creation enabled
[2022.11.02-19.15.51:733][  0]LogD3D11RHI: Array index from any shader is supported
[2022.11.02-19.15.51:760][  0]LogD3D11RHI: GPU Timing Frequency: 1000.000000 (Debug: 2 1)
[2022.11.02-19.15.51:893][  0]LogRHI: GeForceNow SDK initialized: 1
[2022.11.02-19.15.52:733][  0]LogTargetPlatformManager: Display: Loaded TargetPlatform 'WindowsNoEditor'
[2022.11.02-19.15.52:745][  0]LogTargetPlatformManager: Display: Loaded TargetPlatform 'Windows'
[2022.11.02-19.15.52:757][  0]LogTargetPlatformManager: Display: Loaded TargetPlatform 'WindowsClient'
[2022.11.02-19.15.52:769][  0]LogTargetPlatformManager: Display: Loaded TargetPlatform 'WindowsServer'
[2022.11.02-19.15.52:769][  0]LogTargetPlatformManager: Display: Building Assets For Windows
[2022.11.02-19.15.52:794][  0]LogAudioDebug: Display: Lib vorbis DLL was dynamically loaded.
[2022.11.02-19.15.52:882][  0]LogTextureFormatOodle: Display: Oodle Texture 2.9.0 init RDO Off
[2022.11.02-19.15.52:968][  0]LogRendererCore: Ray tracing is disabled. Reason: r.RayTracing=0.
[2022.11.02-19.15.52:969][  0]LogShaderCompilers: Guid format shader working directory is -18 characters bigger than the processId version (../../../../../../Users/gosorio/Documents/Unreal Projects/midterm/Intermediate/Shaders/WorkingDirectory/41992/).
[2022.11.02-19.15.52:969][  0]LogShaderCompilers: Cleaned the shader compiler working directory 'C:/Users/gosorio/AppData/Local/Temp/UnrealShaderWorkingDir/CE31D2A9407299D348D03B95E6407D6B/'.
[2022.11.02-19.15.52:969][  0]LogXGEController: Cannot use XGE Controller as Incredibuild is not installed on this machine.
[2022.11.02-19.15.52:969][  0]LogShaderCompilers: Cannot use XGE Shader Compiler as Incredibuild is not installed on this machine.
[2022.11.02-19.15.52:969][  0]LogShaderCompilers: Display: Using Local Shader Compiler.
[2022.11.02-19.15.54:295][  0]LogDerivedDataCache: Display: Max Cache Size: 512 MB
[2022.11.02-19.15.54:387][  0]LogDerivedDataCache: Loaded boot cache 0.09s 94MB C:/Users/gosorio/AppData/Local/UnrealEngine/4.27/DerivedDataCache/Boot.ddc.
[2022.11.02-19.15.54:387][  0]LogDerivedDataCache: Display: Loaded Boot cache: C:/Users/gosorio/AppData/Local/UnrealEngine/4.27/DerivedDataCache/Boot.ddc
[2022.11.02-19.15.54:387][  0]LogDerivedDataCache: FDerivedDataBackendGraph:  Pak pak cache file ../../../../../../Users/gosorio/Documents/Unreal Projects/midterm/DerivedDataCache/DDC.ddp not found, will not use a pak cache.
[2022.11.02-19.15.54:387][  0]LogDerivedDataCache: Unable to find inner node Pak for hierarchical cache Hierarchy.
[2022.11.02-19.15.54:387][  0]LogDerivedDataCache: FDerivedDataBackendGraph:  CompressedPak pak cache file ../../../../../../Users/gosorio/Documents/Unreal Projects/midterm/DerivedDataCache/Compressed.ddp not found, will not use a pak cache.
[2022.11.02-19.15.54:387][  0]LogDerivedDataCache: Unable to find inner node CompressedPak for hierarchical cache Hierarchy.
[2022.11.02-19.15.54:421][  0]LogDerivedDataCache: Display: Pak cache opened for reading ../../../Engine/DerivedDataCache/Compressed.ddp.
[2022.11.02-19.15.54:422][  0]LogDerivedDataCache: FDerivedDataBackendGraph:  EnterprisePak pak cache file ../../../Enterprise/DerivedDataCache/Compressed.ddp not found, will not use a pak cache.
[2022.11.02-19.15.54:422][  0]LogDerivedDataCache: Unable to find inner node EnterprisePak for hierarchical cache Hierarchy.
[2022.11.02-19.15.54:444][  0]LogDerivedDataCache: Speed tests for C:/Users/gosorio/AppData/Local/UnrealEngine/Common/DerivedDataCache took 0.02 seconds
[2022.11.02-19.15.54:444][  0]LogDerivedDataCache: Display: Performance to C:/Users/gosorio/AppData/Local/UnrealEngine/Common/DerivedDataCache: Latency=0.05ms. RandomReadSpeed=344.70MBs, RandomWriteSpeed=48.58MBs. Assigned SpeedClass 'Local'
[2022.11.02-19.15.54:446][  0]LogDerivedDataCache: Using Local data cache path C:/Users/gosorio/AppData/Local/UnrealEngine/Common/DerivedDataCache: Writable
[2022.11.02-19.15.54:446][  0]LogDerivedDataCache: Shared data cache path not found in *engine.ini, will not use an Shared cache.
[2022.11.02-19.15.54:446][  0]LogDerivedDataCache: Unable to find inner node Shared for hierarchical cache Hierarchy.
[2022.11.02-19.15.54:536][  0]LogSlate: Using FreeType 2.10.0
[2022.11.02-19.15.54:537][  0]LogSlate: SlateFontServices - WITH_FREETYPE: 1, WITH_HARFBUZZ: 1
[2022.11.02-19.15.54:712][  0]LogInit: Using OS detected language (en-US).
[2022.11.02-19.15.54:712][  0]LogInit: Using OS detected locale (en-US).
[2022.11.02-19.15.54:712][  0]LogTextLocalizationManager: No localization for 'en-US' exists, so 'en' will be used for the language.
[2022.11.02-19.15.54:712][  0]LogTextLocalizationManager: No localization for 'en-US' exists, so 'en' will be used for the locale.
[2022.11.02-19.15.54:712][  0]LogSlate: FontCache flush requested. Reason: Culture for localization was changed
[2022.11.02-19.15.54:712][  0]LogSlate: FontCache flush requested. Reason: Culture for localization was changed
[2022.11.02-19.15.54:717][  0]LogTextLocalizationManager: Compacting localization data took   0.01ms
[2022.11.02-19.15.54:717][  0]LogAssetRegistry: FAssetRegistry took 0.0031 seconds to start up
[2022.11.02-19.15.55:020][  0]LogPackageLocalizationCache: Processed 27 localized package path(s) for 1 prioritized culture(s) in 0.002031 seconds
[2022.11.02-19.15.55:173][  0]LogInit: Selected Device Profile: [Windows]
[2022.11.02-19.15.55:173][  0]LogInit: Active device profile: [0000019A7D007500][0000019A754ACD00 49] Windows
[2022.11.02-19.15.55:173][  0]LogInit: Profiles: [0000019A7D007500][0000019A754ACD00 49] Windows, [0000019A7DFB4C00][0000019A74F22E80 49] WindowsNoEditor, [0000019A7D004C00][0000019A74F27000 49] WindowsServer, [0000019A7DFB6A00][0000019A74F2B180 49] WindowsClient, [0000019A7D006900][0000019A7CECB300 49] IOS, [0000019A7DFB7000][0000019A7CECF480 49] iPadAir, [0000019A7D005500][0000019A7CED3600 49] iPadAir2, [0000019A7DF62C00][0000019A7CED7840 49] IPadPro, [0000019A7DF62D00][0000019A74F1F880 49] iPadAir3, [0000019A7D005000][0000019A7CEDB9C0 49] iPadAir4, [0000019A7DF63600][0000019A7CEDFB00 49] iPadMini2, [0000019A7D007800][0000019A7CEE6100 49] iPadMini3, [0000019A7DF60600][0000019A7CEEA280 49] iPadMini4, [0000019A7D004B00][0000019A7CEEE400 49] iPadMini5, [0000019A7DFAE500][0000019A7CEF66C0 49] iPhone6, [0000019A7DFAE600][0000019A7CEF2700 49] iPodTouch6, [0000019A7DF61400][0000019A7CEFE9C0 49] iPhone7, [0000019A7DF61700][0000019A7CEFAA00 49] iPodTouch7, [0000019A7DFAD000][0000019A7CF02B80 49] iPhone5S, [0000019A7DF62200][0000019A7CF06D00 49] iPhone6Plus, [0000019A7DFAC600][0000019A7CF0AE80 49] iPhone6S, [0000019A7DF62800][0000019A7CF0F000 49] iPhone6SPlus, [0000019A7DFAD400][0000019A7CF13180 49] iPhone7Plus, [0000019A7DF60B00][0000019A7CF17300 49] iPhoneSE, [0000019A7DFAE200][0000019A7CF1B480 49] iPhone8, [0000019A7DF62700][0000019A7CF1F600 49] iPhone8Plus, [0000019A7DFAE900][0000019A7CF23780 49] iPhoneX, [0000019A7DF63900][0000019A7CEE38C0 49] iPhoneXS, [0000019A7DFAC400][0000019A7CF27A00 49] iPhoneXSMax, [0000019A7DF61F00][0000019A7CF2BB40 49] iPhoneXR, [0000019A7DFAEF00][0000019A7CF2E100 49] iPhone11, [0000019A7DF62E00][0000019A7CF36280 49] iPhone11Pro, [0000019A7DFAFA00][0000019A7CF3A400 49] iPhone11ProMax, [0000019A7DF61A00][0000019A7CF3E580 49] iPhoneSE2, [0000019A7DFAF700][0000019A7CF42700 49] iPhone12Mini, [0000019A7DF62100][0000019A7CF46880 49] iPhone12, [0000019A7DFAEB00][0000019A7CF4AA00 49] iPhone12Pro, [0000019A7DF60D00][0000019A7CF4EB80 49] iPhone12ProMax, [0000019A7DFAFD00][0000019A7CF52D00 49] iPadPro105, [0000019A7DF62B00][0000019A7CF56E80 49] iPadPro129, [0000019A7DFADE00][0000019A7CF5B000 49] iPadPro97, [0000019A7DF61800][0000019A7CF5F180 49] iPadPro2_129, [0000019A7DFADA00][0000019A7CF63300 49] iPad5, [0000019A7DF60900][0000019A7CF67480 49] iPad6, [0000019A7DFAD500][0000019A7CF6B600 49] iPad7, [0000019A7DF61B00][0000019A7CF6F780 49] iPad8, [0000019A7DFAE800][0000019A7CF73900 49] iPadPro11, [0000019A7DF60A00][0000019A7CF77A80 49] iPadPro2_11, [0000019A7DFAC200][0000019A7CF33BC0 49] iPadPro3_129, [0000019A7DF62400][0000019A7CF7A180 49] iPadPro4_129, [0000019A7DFADF00][0000019A7CF7E2C0 49] AppleTV, [0000019A7DF63000][0000019A7CF86440 49] AppleTV4K, [0000019A7DFB5000][0000019A7CF8A5C0 49] TVOS, [0000019A7D03DE00][0000019A7CF8E740 49] Mac, [0000019A7DFB6C00][0000019A7CF928C0 49] MacClient, [0000019A7D03DF00][0000019A7CF96A40 49] MacNoEditor, [0000019A7DFB7200][0000019A7CF9ABC0 49] MacServer, [0000019A7D03D600][0000019A7CF9ED40 49] Linux, [0000019A7DFB4D00][0000019A7CFA2EC0 49] LinuxAArch64, [0000019A7D03D300][0000019A7CFA7040 49] LinuxNoEditor, [0000019A7DFB7F00][0000019A7CFAB1C0 49] LinuxAArch64NoEditor, [0000019A7D03D700][0000019A7CFAF340 49] LinuxClient, [0000019A7DFB6300][0000019A7CFB34C0 49] LinuxAArch64Client, [0000019A7D03D500][0000019A7CFB7640 49] LinuxServer, [0000019A7DFB6400][0000019A7CFBB7C0 49] LinuxAArch64Server, [0000019A7D03E800][0000019A7CFBF940 49] Android, [0000019A7DFB6000][0000019A7CFC3AC0 49] Android_Low, [0000019A7D03C200][0000019A7CFC60C0 49] Android_Mid, [0000019A7DFB5900][0000019A7CF82200 49] Android_High, [0000019A7D03E000][0000019A7CFCA340 49] Android_Default, [0000019A7DFB4800][0000019A7CFCE480 49] Android_Adreno4xx, [0000019A7D03E700][0000019A7CFD25C0 49] Android_Adreno5xx_Low, [0000019A7DFB5800][0000019A7CFDA740 49] Android_Adreno5xx, [0000019A7D03D400][0000019A7CFDE8C0 49] Android_Adreno6xx, [0000019A7DF62600][0000019A7CFE2A40 49] Android_Adreno6xx_Vulkan, [0000019A7D03C500][0000019A7CFE6BC0 49] Android_Mali_T6xx, [0000019A7DF62300][0000019A7CFEAD40 49] Android_Mali_T7xx, [0000019A7D03CB00][0000019A7528AEC0 49] Android_Mali_T8xx, [0000019A7DF60200][0000019A7528F040 49] Android_Mali_G71, [0000019A7D03DD00][0000019A752931C0 49] Android_Mali_G72, [0000019A7DF60800][0000019A75297340 49] Android_Mali_G72_Vulkan, [0000019A7D03EC00][0000019A7529B4C0 49] Android_Mali_G76, [0000019A7DF60500][0000019A7529F640 49] Android_Mali_G76_Vulkan, [0000019A7D03EB00][0000019A752A37C0 49] Android_Mali_G77, [0000019A7DF63100][0000019A752A7940 49] Android_Mali_G77_Vulkan, [0000019A7D03C400][0000019A752ABAC0 49] Android_Mali_G78, [0000019A7DF61300][0000019A60AC40C0 49] Android_Mali_G78_Vulkan, [0000019A7D03E900][0000019A60AC8240 49] Android_Mali_G710, [0000019A7DF62A00][0000019A7CFD6380 49] Android_Mali_G710_Vulkan, [0000019A7D03E300][0000019A60ACC4C0 49] Android_Vulkan_SM5, [0000019A7DF63200][0000019A60AD0600 49] Android_PowerVR_G6xxx, [0000019A7D03C600][0000019A60AD4740 49] Android_PowerVR_GT7xxx, [0000019A7DF61200][0000019A60ADC8C0 49] Android_PowerVR_GE8xxx, [0000019A7D03DC00][0000019A60AE0A40 49] Android_PowerVR_GM9xxx, [0000019A7DF60700][0000019A60AE4BC0 49] Android_PowerVR_GM9xxx_Vulkan, [0000019A7D03E400][0000019A60AE8D40 49] Android_TegraK1, [0000019A7DF63400][0000019A60AECEC0 49] Android_Unknown_Vulkan, [0000019A7D03C100][0000019A60AF1040 49] Lumin, [0000019A7DF61900][0000019A7E0011C0 49] Lumin_Desktop, [0000019A7DFADC00][0000019A7E005340 49] HoloLens, 
[2022.11.02-19.15.55:278][  0]LogMeshReduction: Using QuadricMeshReduction for automatic static mesh reduction
[2022.11.02-19.15.55:278][  0]LogMeshReduction: Using SimplygonMeshReduction for automatic skeletal mesh reduction
[2022.11.02-19.15.55:278][  0]LogMeshReduction: Using ProxyLODMeshReduction for automatic mesh merging
[2022.11.02-19.15.55:278][  0]LogMeshReduction: No distributed automatic mesh merging module available
[2022.11.02-19.15.55:278][  0]LogMeshMerging: No distributed automatic mesh merging module available
[2022.11.02-19.15.55:479][  0]LogNetVersion: midterm 1.0.0, NetCL: 17155196, EngineNetVer: 17, GameNetVer: 0 (Checksum: 1341048358)
[2022.11.02-19.15.55:977][  0]LogTexture: Default maximum texture size for cubemaps generated from long-lat sources has been changed from 512 to unlimited. In order to preserve old behaiour for '/Engine/MapTemplates/Sky/DaylightAmbientCubemap.DaylightAmbientCubemap', its maximum texture size has been explicitly set to 512.
[2022.11.02-19.15.56:073][  0]LogHMD: PokeAHoleMaterial loaded successfully
[2022.11.02-19.15.56:574][  0]LogMoviePlayer: Initializing movie player
[2022.11.02-19.15.56:893][  0]LogNiagaraDebuggerClient: Niagara Debugger Client Initialized | Session: CBA982B941DE796426CD379897581BCF | Instance: C1B7DE6A46EFC7C7812B3EA52969639F (5CD911CWQ8-41992).
[2022.11.02-19.15.56:965][  0]LogCollectionManager: Loaded 0 collections in 0.004200 seconds
[2022.11.02-19.15.56:973][  0]LogFileCache: Scanning file cache for directory 'C:/Users/gosorio/Documents/Unreal Projects/midterm/Saved/Collections/' took 0.00s
[2022.11.02-19.15.56:973][  0]LogFileCache: Scanning file cache for directory 'C:/Users/gosorio/Documents/Unreal Projects/midterm/Content/Developers/gosorio/Collections/' took 0.00s
[2022.11.02-19.15.56:973][  0]LogCollectionManager: Fixed up redirectors for 0 collections in 0.000004 seconds (updated 0 objects)
[2022.11.02-19.15.57:035][  0]LogFileCache: Scanning file cache for directory 'C:/Users/gosorio/Documents/Unreal Projects/midterm/Content/Collections/' took 0.00s
[2022.11.02-19.15.57:035][  0]LogPython: Using Python 3.7.7
[2022.11.02-19.15.59:733][  0]LogTcpMessaging: Initializing TcpMessaging bridge
[2022.11.02-19.15.59:745][  0]LogUdpMessaging: Initializing bridge on interface 0.0.0.0:0 to multicast group 230.0.0.1:6666.
[2022.11.02-19.16.00:174][  0]SourceControl: Source control is disabled
[2022.11.02-19.16.00:174][  0]SourceControl: Source control is disabled
[2022.11.02-19.16.00:203][  0]SourceControl: Source control is disabled
[2022.11.02-19.16.00:285][  0]LogUProjectInfo: Found projects:
[2022.11.02-19.16.00:709][  0]LogOpenImageDenoise: OIDN starting up
[2022.11.02-19.16.00:897][  0]LogAndroidPermission: UAndroidPermissionCallbackProxy::GetInstance
[2022.11.02-19.16.00:983][  0]LogAudioCaptureCore: Display: No Audio Capture implementations found. Audio input will be silent.
[2022.11.02-19.16.00:983][  0]LogAudioCaptureCore: Display: No Audio Capture implementations found. Audio input will be silent.
[2022.11.02-19.16.01:189][  0]LogOcInput: OculusInput pre-init called
[2022.11.02-19.16.01:205][  0]LogUObjectArray: 22121 objects as part of root set at end of initial load.
[2022.11.02-19.16.01:205][  0]LogUObjectAllocator: 5975632 out of 0 bytes used by permanent object pool.
[2022.11.02-19.16.01:205][  0]LogUObjectArray: CloseDisregardForGC: 0/0 objects in disregard for GC pool
[2022.11.02-19.16.01:326][  0]LogEngine: Initializing Engine...
[2022.11.02-19.16.01:332][  0]LogHMD: Failed to enumerate extensions. Please check that you have a valid OpenXR runtime installed.
[2022.11.02-19.16.01:333][  0]LogHMD: Failed to initialize OpenVR with code 110
[2022.11.02-19.16.01:333][  0]LogMagicLeap: Warning: VR disabled because ZI is not enabled.  To enable, in the editor, Edit -> Project Settings -> Plugins -> Magic Leap Plugin -> Enable Zero Iteration
[2022.11.02-19.16.01:337][  0]LogStats: UGameplayTagsManager::InitializeManager -  0.001 s
[2022.11.02-19.16.01:568][  0]LogInit: Initializing FReadOnlyCVARCache
[2022.11.02-19.16.01:569][  0]LogAudio: Display: Initializing Audio Device Manager...
[2022.11.02-19.16.01:597][  0]LogAudio: Display: Loading Default Audio Settings Objects...
[2022.11.02-19.16.01:601][  0]LogAudio: Display: No default SoundConcurrencyObject specified (or failed to load).
[2022.11.02-19.16.01:602][  0]LogAudio: Display: Audio Device Manager Initialized
[2022.11.02-19.16.01:602][  0]LogAudio: Display: Creating Audio Device:                 Id: 1, Scope: Shared, Realtime: True
[2022.11.02-19.16.01:604][  0]LogAudioMixer: Display: Audio Mixer Platform Settings:
[2022.11.02-19.16.01:604][  0]LogAudioMixer: Display: 	Sample Rate:						  48000
[2022.11.02-19.16.01:604][  0]LogAudioMixer: Display: 	Callback Buffer Frame Size Requested: 1024
[2022.11.02-19.16.01:604][  0]LogAudioMixer: Display: 	Callback Buffer Frame Size To Use:	  1024
[2022.11.02-19.16.01:604][  0]LogAudioMixer: Display: 	Number of buffers to queue:			  2
[2022.11.02-19.16.01:604][  0]LogAudioMixer: Display: 	Max Channels (voices):				  32
[2022.11.02-19.16.01:604][  0]LogAudioMixer: Display: 	Number of Async Source Workers:		  0
[2022.11.02-19.16.01:604][  0]LogAudio: Display: AudioDevice MaxSources: 32
[2022.11.02-19.16.01:605][  0]LogAudio: Display: Audio Spatialization Plugin: None (built-in).
[2022.11.02-19.16.01:605][  0]LogAudio: Display: Audio Reverb Plugin: None (built-in).
[2022.11.02-19.16.01:605][  0]LogAudio: Display: Audio Occlusion Plugin: None (built-in).
[2022.11.02-19.16.01:605][  0]LogAudioMixer: Display: Initializing audio mixer.
[2022.11.02-19.16.01:700][  0]LogAudioMixer: Display: 0: FrontLeft
[2022.11.02-19.16.01:700][  0]LogAudioMixer: Display: 1: FrontRight
[2022.11.02-19.16.01:818][  0]LogAudioMixer: Display: Using Audio Device Speakers (Conexant ISST Audio)
[2022.11.02-19.16.01:841][  0]LogAudioMixer: Display: Initializing Sound Submixes...
[2022.11.02-19.16.01:859][  0]LogAudioMixer: Display: Creating Master Submix 'MasterSubmixDefault'
[2022.11.02-19.16.01:859][  0]LogAudioMixer: Display: Creating Master Submix 'MasterReverbSubmixDefault'
[2022.11.02-19.16.01:866][  0]LogAudioMixer: Display: Creating Master Submix 'MasterEQSubmixDefault'
[2022.11.02-19.16.01:866][  0]LogAudioMixer: FMixerPlatformXAudio2::StartAudioStream() called
[2022.11.02-19.16.01:866][  0]LogAudioMixer: Display: Output buffers initialized: Frames=1024, Channels=2, Samples=2048
[2022.11.02-19.16.01:871][  0]LogAudioMixer: Display: Starting AudioMixerPlatformInterface::RunInternal()
[2022.11.02-19.16.01:871][  0]LogAudioMixer: Display: FMixerPlatformXAudio2::SubmitBuffer() called for the first time
[2022.11.02-19.16.01:871][  0]LogInit: FAudioDevice initialized.
[2022.11.02-19.16.01:878][  0]LogNetVersion: Set ProjectVersion to 1.0.0.0. Version Checksum will be recalculated on next use.
[2022.11.02-19.16.01:882][  0]LogInit: Texture streaming: Enabled
