Log file open, 11/02/22 13:44:56
LogWindows: Failed to load 'aqProf.dll' (GetLastError=126)
LogWindows: File 'aqProf.dll' does not exist
LogWindows: Failed to load 'VtuneApi.dll' (GetLastError=126)
LogWindows: File 'VtuneApi.dll' does not exist
LogWindows: Failed to load 'VtuneApi32e.dll' (GetLastError=126)
LogWindows: File 'VtuneApi32e.dll' does not exist
LogConsoleResponse: Display: Failed to find resolution value strings in scalability ini. Falling back to default.
LogConsoleResponse: Display: Failed to find resolution value strings in scalability ini. Falling back to default.
LogInit: Display: Running engine for game: midterm
LogPlatformFile: Not using cached read wrapper
LogTaskGraph: Started task graph with 5 named threads and 35 total threads with 3 sets of task threads.
LogStats: Stats thread started at 0.593516
LogICUInternationalization: ICU TimeZone Detection - Raw Offset: -5:00, Platform Override: ''
LogInit: Display: Loading text-based GConfig....
LogPluginManager: Mounting plugin MeshPainting
LogPluginManager: Mounting plugin XGEController
LogPluginManager: Mounting plugin Paper2D
LogPluginManager: Mounting plugin AISupport
LogPluginManager: Mounting plugin LiveLink
LogPluginManager: Mounting plugin LightPropagationVolume
LogPluginManager: Mounting plugin EnvironmentQueryEditor
LogPluginManager: Mounting plugin CameraShakePreviewer
LogPluginManager: Mounting plugin GameplayCameras
LogPluginManager: Mounting plugin OodleData
LogPluginManager: Mounting plugin OodleNetwork
LogPluginManager: Mounting plugin AssetManagerEditor
LogPluginManager: Mounting plugin CryptoKeys
LogPluginManager: Mounting plugin DataValidation
LogPluginManager: Mounting plugin CurveEditorTools
LogPluginManager: Mounting plugin GameplayTagsEditor
LogPluginManager: Mounting plugin MacGraphicsSwitching
LogPluginManager: Mounting plugin MaterialAnalyzer
LogPluginManager: Mounting plugin MobileLauncherProfileWizard
LogPluginManager: Mounting plugin PluginBrowser
LogPluginManager: Mounting plugin SpeedTreeImporter
LogPluginManager: Mounting plugin DatasmithContent
LogPluginManager: Mounting plugin VariantManagerContent
LogPluginManager: Mounting plugin AnimationSharing
LogPluginManager: Mounting plugin AlembicImporter
LogPluginManager: Mounting plugin AutomationUtils
LogPluginManager: Mounting plugin BackChannel
LogPluginManager: Mounting plugin ChaosCloth
LogPluginManager: Mounting plugin CLionSourceCodeAccess
LogPluginManager: Mounting plugin ChaosEditor
LogPluginManager: Mounting plugin ChaosClothEditor
LogPluginManager: Mounting plugin FacialAnimation
LogPluginManager: Mounting plugin ChaosNiagara
LogPluginManager: Mounting plugin ChaosSolverPlugin
LogPluginManager: Mounting plugin GeometryMode
LogPluginManager: Mounting plugin CharacterAI
LogPluginManager: Mounting plugin GitSourceControl
LogPluginManager: Mounting plugin NullSourceCodeAccess
LogPluginManager: Mounting plugin KDevelopSourceCodeAccess
LogPluginManager: Mounting plugin PerforceSourceControl
LogPluginManager: Mounting plugin Niagara
LogPluginManager: Mounting plugin PixWinPlugin
LogPluginManager: Mounting plugin PluginUtils
LogPluginManager: Mounting plugin RiderSourceCodeAccess
LogPluginManager: Mounting plugin PropertyAccessNode
LogPluginManager: Mounting plugin SubversionSourceControl
LogPluginManager: Mounting plugin TextureFormatOodle
LogPluginManager: Mounting plugin GeometryCache
LogPluginManager: Mounting plugin GeometryCollectionPlugin
LogPluginManager: Mounting plugin UObjectPlugin
LogPluginManager: Mounting plugin VisualStudioSourceCodeAccess
LogPluginManager: Mounting plugin CodeLiteSourceCodeAccess
LogPluginManager: Mounting plugin VisualStudioCodeSourceCodeAccess
LogPluginManager: Mounting plugin LuminPlatformFeatures
LogPluginManager: Mounting plugin XCodeSourceCodeAccess
LogPluginManager: Mounting plugin PlasticSourceControl
LogPluginManager: Mounting plugin MagicLeap
LogPluginManager: Mounting plugin MagicLeapLightEstimation
LogPluginManager: Mounting plugin MagicLeapMedia
LogPluginManager: Mounting plugin MagicLeapPassableWorld
LogPluginManager: Mounting plugin MLSDK
LogPluginManager: Mounting plugin GeometryProcessing
LogPluginManager: Mounting plugin MotoSynth
LogPluginManager: Mounting plugin PlatformCrypto
LogPluginManager: Mounting plugin PlanarCut
LogPluginManager: Mounting plugin PythonScriptPlugin
LogPluginManager: Mounting plugin OpenImageDenoise
LogPluginManager: Mounting plugin ProxyLODPlugin
LogPluginManager: Mounting plugin SkeletalReduction
LogPluginManager: Mounting plugin AndroidMedia
LogPluginManager: Mounting plugin AvfMedia
LogPluginManager: Mounting plugin ImgMedia
LogPluginManager: Mounting plugin MediaCompositing
LogPluginManager: Mounting plugin MediaPlayerEditor
LogPluginManager: Mounting plugin WmfMedia
LogPluginManager: Mounting plugin WebMMedia
LogPluginManager: Mounting plugin ActorSequence
LogPluginManager: Mounting plugin MatineeToLevelSequence
LogPluginManager: Mounting plugin LevelSequenceEditor
LogPluginManager: Mounting plugin LauncherChunkInstaller
LogPluginManager: Mounting plugin ActorLayerUtilities
LogPluginManager: Mounting plugin TemplateSequence
LogPluginManager: Mounting plugin ScreenshotTools
LogPluginManager: Mounting plugin AndroidDeviceProfileSelector
LogPluginManager: Mounting plugin AppleImageUtils
LogPluginManager: Mounting plugin AppleMoviePlayer
LogPluginManager: Mounting plugin AndroidMoviePlayer
LogPluginManager: Mounting plugin AndroidPermission
LogPluginManager: Mounting plugin ArchVisCharacter
LogPluginManager: Mounting plugin AssetTags
LogPluginManager: Mounting plugin AudioCapture
LogPluginManager: Mounting plugin AudioSynesthesia
LogPluginManager: Mounting plugin CableComponent
LogPluginManager: Mounting plugin ChunkDownloader
LogPluginManager: Mounting plugin CustomMeshComponent
LogPluginManager: Mounting plugin EditableMesh
LogPluginManager: Mounting plugin GoogleCloudMessaging
LogPluginManager: Mounting plugin GooglePAD
LogPluginManager: Mounting plugin TcpMessaging
LogPluginManager: Mounting plugin ExampleDeviceProfileSelector
LogPluginManager: Mounting plugin UdpMessaging
LogPluginManager: Mounting plugin IOSDeviceProfileSelector
LogPluginManager: Mounting plugin LocationServicesBPLibrary
LogPluginManager: Mounting plugin LinuxDeviceProfileSelector
LogPluginManager: Mounting plugin MobilePatchingUtils
LogPluginManager: Mounting plugin OpenXR
LogPluginManager: Mounting plugin OpenXREyeTracker
LogPluginManager: Mounting plugin OpenXRHandTracking
LogPluginManager: Mounting plugin PostSplashScreen
LogPluginManager: Mounting plugin ProceduralMeshComponent
LogPluginManager: Mounting plugin PropertyAccessEditor
LogPluginManager: Mounting plugin RuntimePhysXCooking
LogPluginManager: Mounting plugin SignificanceManager
LogPluginManager: Mounting plugin SoundFields
LogPluginManager: Mounting plugin PhysXVehicles
LogPluginManager: Mounting plugin Synthesis
LogPluginManager: Mounting plugin WebMMoviePlayer
LogPluginManager: Mounting plugin WindowsMoviePlayer
LogPluginManager: Mounting plugin Takes
LogPluginManager: Mounting plugin OnlineSubsystem
LogPluginManager: Mounting plugin OnlineSubsystemNull
LogPluginManager: Mounting plugin OnlineSubsystemUtils
LogPluginManager: Mounting plugin ContentBrowserClassDataSource
LogPluginManager: Mounting plugin ContentBrowserFileDataSource
LogPluginManager: Mounting plugin ContentBrowserAssetDataSource
LogPluginManager: Mounting plugin OculusVR
LogPluginManager: Mounting plugin SteamVR
LogPluginManager: Mounting plugin OnlineSubsystemGooglePlay
LogPluginManager: Mounting plugin OnlineSubsystemIOS
PixWinPlugin: PIX capture plugin failed to initialize! Check that the process is launched from PIX.
LogInit: Using libcurl 7.55.1-DEV
LogInit:  - built for x86_64-pc-win32
LogInit:  - supports SSL with OpenSSL/1.1.1
LogInit:  - supports HTTP deflate (compression) using libz 1.2.8
LogInit:  - other features:
LogInit:      CURL_VERSION_SSL
LogInit:      CURL_VERSION_LIBZ
LogInit:      CURL_VERSION_IPV6
LogInit:      CURL_VERSION_ASYNCHDNS
LogInit:      CURL_VERSION_LARGEFILE
LogInit:      CURL_VERSION_IDN
LogInit:  CurlRequestOptions (configurable via config and command line):
LogInit:  - bVerifyPeer = true  - Libcurl will verify peer certificate
LogInit:  - bUseHttpProxy = false  - Libcurl will NOT use HTTP proxy
LogInit:  - bDontReuseConnections = false  - Libcurl will reuse connections
LogInit:  - MaxHostConnections = 16  - Libcurl will limit the number of connections to a host
LogInit:  - LocalHostAddr = Default
LogInit:  - BufferSize = 65536
LogOnline: OSS: Creating online subsystem instance for: NULL
LogInit: WinSock: version 1.1 (2.2), MaxSocks=32767, MaxUdp=65467
LogOnline: OSS: TryLoadSubsystemAndSetDefault: Loaded subsystem for module [NULL]
LogOculusPluginWrapper: OculusPlugin initialized successfully
LogHMD: Failed initializing OVRPlugin 1.59.0
LogInit: Build: ++UE4+Release-4.27-CL-18319896
LogInit: Engine Version: 4.27.2-18319896+++UE4+Release-4.27
LogInit: Compatible Engine Version: 4.27.0-17155196+++UE4+Release-4.27
LogInit: Net CL: 17155196
LogInit: OS: Windows 10 (Release 2009) (), CPU: Intel(R) Core(TM) i7-8750H CPU @ 2.20GHz, GPU: NVIDIA Quadro P2000
LogInit: Compiled (64-bit): Nov 30 2021 07:12:08
LogInit: Compiled with Visual C++: 19.24.28315.00
LogInit: Build Configuration: Development
LogInit: Branch Name: ++UE4+Release-4.27
LogInit: Command Line:  /Game/Levels/SnakeRetro -game -PIEVIACONSOLE -Multiprocess "GameUserSettingsINI=C:/Users/gosorio/Documents/Unreal Projects/midterm/Saved/Config/Windows/PIEGameUserSettings0.ini" -MultiprocessSaveConfig -forcepassthrough -messaging -SessionName="Play in Standalone Game" -windowed -ResX=1280 -ResY=720
LogInit: Base Directory: C:/Program Files/Epic Games/UE_4.27/Engine/Binaries/Win64/
LogInit: Allocator: TBB
LogInit: Installed Engine Build: 1
LogDevObjectVersion: Number of dev versions registered: 29
LogDevObjectVersion:   Dev-Blueprints (B0D832E4-1F89-4F0D-ACCF-7EB736FD4AA2): 10
LogDevObjectVersion:   Dev-Build (E1C64328-A22C-4D53-A36C-8E866417BD8C): 0
LogDevObjectVersion:   Dev-Core (375EC13C-06E4-48FB-B500-84F0262A717E): 4
LogDevObjectVersion:   Dev-Editor (E4B068ED-F494-42E9-A231-DA0B2E46BB41): 40
LogDevObjectVersion:   Dev-Framework (CFFC743F-43B0-4480-9391-14DF171D2073): 37
LogDevObjectVersion:   Dev-Mobile (B02B49B5-BB20-44E9-A304-32B752E40360): 3
LogDevObjectVersion:   Dev-Networking (A4E4105C-59A1-49B5-A7C5-40C4547EDFEE): 0
LogDevObjectVersion:   Dev-Online (39C831C9-5AE6-47DC-9A44-9C173E1C8E7C): 0
LogDevObjectVersion:   Dev-Physics (78F01B33-EBEA-4F98-B9B4-84EACCB95AA2): 14
LogDevObjectVersion:   Dev-Platform (6631380F-2D4D-43E0-8009-CF276956A95A): 0
LogDevObjectVersion:   Dev-Rendering (12F88B9F-8875-4AFC-A67C-D90C383ABD29): 45
LogDevObjectVersion:   Dev-Sequencer (7B5AE74C-D270-4C10-A958-57980B212A5A): 13
LogDevObjectVersion:   Dev-VR (D7296918-1DD6-4BDD-9DE2-64A83CC13884): 3
LogDevObjectVersion:   Dev-LoadTimes (C2A15278-BFE7-4AFE-6C17-90FF531DF755): 1
LogDevObjectVersion:   Private-Geometry (6EACA3D4-40EC-4CC1-B786-8BED09428FC5): 3
LogDevObjectVersion:   Dev-AnimPhys (29E575DD-E0A3-4627-9D10-D276232CDCEA): 17
LogDevObjectVersion:   Dev-Anim (AF43A65D-7FD3-4947-9873-3E8ED9C1BB05): 15
LogDevObjectVersion:   Dev-ReflectionCapture (6B266CEC-1EC7-4B8F-A30B-E4D90942FC07): 1
LogDevObjectVersion:   Dev-Automation (0DF73D61-A23F-47EA-B727-89E90C41499A): 1
LogDevObjectVersion:   FortniteMain (601D1886-AC64-4F84-AA16-D3DE0DEAC7D6): 47
LogDevObjectVersion:   FortniteRelease (E7086368-6B23-4C58-8439-1B7016265E91): 1
LogDevObjectVersion:   Dev-Enterprise (9DFFBCD6-494F-0158-E221-12823C92A888): 10
LogDevObjectVersion:   Dev-Niagara (F2AED0AC-9AFE-416F-8664-AA7FFA26D6FC): 1
LogDevObjectVersion:   Dev-Destruction (174F1F0B-B4C6-45A5-B13F-2EE8D0FB917D): 10
LogDevObjectVersion:   Dev-Physics-Ext (35F94A83-E258-406C-A318-09F59610247C): 41
LogDevObjectVersion:   Dev-PhysicsMaterial-Chaos (B68FC16E-8B1B-42E2-B453-215C058844FE): 1
LogDevObjectVersion:   Dev-CineCamera (B2E18506-4273-CFC2-A54E-F4BB758BBA07): 1
LogDevObjectVersion:   Dev-VirtualProduction (64F58936-FD1B-42BA-BA96-7289D5D0FA4E): 1
LogDevObjectVersion:   Dev-MediaFramework (6F0ED827-A609-4895-9C91-998D90180EA4): 2
LogInit: Presizing for max 25165824 objects, including 0 objects not considered by GC, pre-allocating 0 bytes for permanent pool.
LogConfig: Applying CVar settings from Section [/Script/Engine.StreamingSettings] File [C:/Users/gosorio/Documents/Unreal Projects/midterm/Saved/Config/Windows/Engine.ini]
LogConfig: Setting CVar [[s.MinBulkDataSizeForAsyncLoading:131072]]
LogConfig: Setting CVar [[s.AsyncLoadingThreadEnabled:0]]
LogConfig: Setting CVar [[s.EventDrivenLoaderEnabled:1]]
LogConfig: Setting CVar [[s.WarnIfTimeLimitExceeded:0]]
LogConfig: Setting CVar [[s.TimeLimitExceededMultiplier:1.5]]
LogConfig: Setting CVar [[s.TimeLimitExceededMinTime:0.005]]
LogConfig: Setting CVar [[s.UseBackgroundLevelStreaming:1]]
LogConfig: Setting CVar [[s.PriorityAsyncLoadingExtraTime:15.0]]
LogConfig: Setting CVar [[s.LevelStreamingActorsUpdateTimeLimit:5.0]]
LogConfig: Setting CVar [[s.PriorityLevelStreamingActorsUpdateExtraTime:5.0]]
LogConfig: Setting CVar [[s.LevelStreamingComponentsRegistrationGranularity:10]]
LogConfig: Setting CVar [[s.UnregisterComponentsTimeLimit:1.0]]
LogConfig: Setting CVar [[s.LevelStreamingComponentsUnregistrationGranularity:5]]
LogConfig: Setting CVar [[s.FlushStreamingOnExit:1]]
LogInit: Object subsystem initialized
LogConfig: Setting CVar [[con.DebugEarlyDefault:1]]
LogConfig: Setting CVar [[r.setres:1280x720]]
[2022.11.02-17.44.57:611][  0]LogConfig: Setting CVar [[con.DebugEarlyDefault:1]]
[2022.11.02-17.44.57:611][  0]LogConfig: Setting CVar [[r.setres:1280x720]]
[2022.11.02-17.44.57:611][  0]LogConfig: Applying CVar settings from Section [/Script/Engine.RendererSettings] File [C:/Users/gosorio/Documents/Unreal Projects/midterm/Saved/Config/Windows/Engine.ini]
[2022.11.02-17.44.57:611][  0]LogConfig: Setting CVar [[r.GPUCrashDebugging:0]]
[2022.11.02-17.44.57:611][  0]LogConfig: Setting CVar [[r.DefaultFeature.MotionBlur:0]]
[2022.11.02-17.44.57:611][  0]LogConfig: Applying CVar settings from Section [/Script/Engine.RendererOverrideSettings] File [C:/Users/gosorio/Documents/Unreal Projects/midterm/Saved/Config/Windows/Engine.ini]
[2022.11.02-17.44.57:611][  0]LogConfig: Applying CVar settings from Section [/Script/Engine.StreamingSettings] File [C:/Users/gosorio/Documents/Unreal Projects/midterm/Saved/Config/Windows/Engine.ini]
[2022.11.02-17.44.57:611][  0]LogConfig: Setting CVar [[s.MinBulkDataSizeForAsyncLoading:131072]]
[2022.11.02-17.44.57:611][  0]LogConfig: Setting CVar [[s.AsyncLoadingThreadEnabled:0]]
[2022.11.02-17.44.57:611][  0]LogConfig: Setting CVar [[s.EventDrivenLoaderEnabled:1]]
[2022.11.02-17.44.57:611][  0]LogConfig: Setting CVar [[s.WarnIfTimeLimitExceeded:0]]
[2022.11.02-17.44.57:611][  0]LogConfig: Setting CVar [[s.TimeLimitExceededMultiplier:1.5]]
[2022.11.02-17.44.57:611][  0]LogConfig: Setting CVar [[s.TimeLimitExceededMinTime:0.005]]
[2022.11.02-17.44.57:611][  0]LogConfig: Setting CVar [[s.UseBackgroundLevelStreaming:1]]
[2022.11.02-17.44.57:611][  0]LogConfig: Setting CVar [[s.PriorityAsyncLoadingExtraTime:15.0]]
[2022.11.02-17.44.57:611][  0]LogConfig: Setting CVar [[s.LevelStreamingActorsUpdateTimeLimit:5.0]]
[2022.11.02-17.44.57:611][  0]LogConfig: Setting CVar [[s.PriorityLevelStreamingActorsUpdateExtraTime:5.0]]
[2022.11.02-17.44.57:611][  0]LogConfig: Setting CVar [[s.LevelStreamingComponentsRegistrationGranularity:10]]
[2022.11.02-17.44.57:611][  0]LogConfig: Setting CVar [[s.UnregisterComponentsTimeLimit:1.0]]
[2022.11.02-17.44.57:611][  0]LogConfig: Setting CVar [[s.LevelStreamingComponentsUnregistrationGranularity:5]]
[2022.11.02-17.44.57:612][  0]LogConfig: Setting CVar [[s.FlushStreamingOnExit:1]]
[2022.11.02-17.44.57:612][  0]LogConfig: Applying CVar settings from Section [/Script/Engine.GarbageCollectionSettings] File [C:/Users/gosorio/Documents/Unreal Projects/midterm/Saved/Config/Windows/Engine.ini]
[2022.11.02-17.44.57:612][  0]LogConfig: Setting CVar [[gc.MaxObjectsNotConsideredByGC:1]]
[2022.11.02-17.44.57:612][  0]LogConfig: Setting CVar [[gc.SizeOfPermanentObjectPool:0]]
[2022.11.02-17.44.57:612][  0]LogConfig: Setting CVar [[gc.FlushStreamingOnGC:0]]
[2022.11.02-17.44.57:612][  0]LogConfig: Setting CVar [[gc.NumRetriesBeforeForcingGC:10]]
[2022.11.02-17.44.57:612][  0]LogConfig: Setting CVar [[gc.AllowParallelGC:1]]
[2022.11.02-17.44.57:612][  0]LogConfig: Setting CVar [[gc.TimeBetweenPurgingPendingKillObjects:61.1]]
[2022.11.02-17.44.57:612][  0]LogConfig: Setting CVar [[gc.MaxObjectsInEditor:25165824]]
[2022.11.02-17.44.57:612][  0]LogConfig: Setting CVar [[gc.IncrementalBeginDestroyEnabled:1]]
[2022.11.02-17.44.57:612][  0]LogConfig: Setting CVar [[gc.CreateGCClusters:1]]
[2022.11.02-17.44.57:612][  0]LogConfig: Setting CVar [[gc.MinGCClusterSize:5]]
[2022.11.02-17.44.57:612][  0]LogConfig: Setting CVar [[gc.ActorClusteringEnabled:0]]
[2022.11.02-17.44.57:612][  0]LogConfig: Setting CVar [[gc.BlueprintClusteringEnabled:0]]
[2022.11.02-17.44.57:612][  0]LogConfig: Setting CVar [[gc.UseDisregardForGCOnDedicatedServers:0]]
[2022.11.02-17.44.57:612][  0]LogConfig: Setting CVar [[gc.MultithreadedDestructionEnabled:1]]
[2022.11.02-17.44.57:612][  0]LogConfig: Applying CVar settings from Section [/Script/Engine.NetworkSettings] File [C:/Users/gosorio/Documents/Unreal Projects/midterm/Saved/Config/Windows/Engine.ini]
[2022.11.02-17.44.57:612][  0]LogConfig: Applying CVar settings from Section [/Script/UnrealEd.CookerSettings] File [C:/Users/gosorio/Documents/Unreal Projects/midterm/Saved/Config/Windows/Engine.ini]
[2022.11.02-17.44.57:629][  0]LogConfig: Applying CVar settings from Section [ViewDistanceQuality@3] File [C:/Users/gosorio/Documents/Unreal Projects/midterm/Saved/Config/Windows/Scalability.ini]
[2022.11.02-17.44.57:629][  0]LogConfig: Setting CVar [[r.SkeletalMeshLODBias:0]]
[2022.11.02-17.44.57:629][  0]LogConfig: Setting CVar [[r.ViewDistanceScale:1.0]]
[2022.11.02-17.44.57:629][  0]LogConfig: Applying CVar settings from Section [AntiAliasingQuality@3] File [C:/Users/gosorio/Documents/Unreal Projects/midterm/Saved/Config/Windows/Scalability.ini]
[2022.11.02-17.44.57:629][  0]LogConfig: Setting CVar [[r.PostProcessAAQuality:4]]
[2022.11.02-17.44.57:629][  0]LogConfig: Applying CVar settings from Section [ShadowQuality@3] File [C:/Users/gosorio/Documents/Unreal Projects/midterm/Saved/Config/Windows/Scalability.ini]
[2022.11.02-17.44.57:629][  0]LogConfig: Setting CVar [[r.LightFunctionQuality:1]]
[2022.11.02-17.44.57:629][  0]LogConfig: Setting CVar [[r.ShadowQuality:5]]
[2022.11.02-17.44.57:629][  0]LogConfig: Setting CVar [[r.Shadow.CSM.MaxCascades:10]]
[2022.11.02-17.44.57:629][  0]LogConfig: Setting CVar [[r.Shadow.MaxResolution:2048]]
[2022.11.02-17.44.57:629][  0]LogConfig: Setting CVar [[r.Shadow.MaxCSMResolution:2048]]
[2022.11.02-17.44.57:629][  0]LogConfig: Setting CVar [[r.Shadow.RadiusThreshold:0.01]]
[2022.11.02-17.44.57:629][  0]LogConfig: Setting CVar [[r.Shadow.DistanceScale:1.0]]
[2022.11.02-17.44.57:629][  0]LogConfig: Setting CVar [[r.Shadow.CSM.TransitionScale:1.0]]
[2022.11.02-17.44.57:629][  0]LogConfig: Setting CVar [[r.Shadow.PreShadowResolutionFactor:1.0]]
[2022.11.02-17.44.57:629][  0]LogConfig: Setting CVar [[r.DistanceFieldShadowing:1]]
[2022.11.02-17.44.57:629][  0]LogConfig: Setting CVar [[r.DistanceFieldAO:1]]
[2022.11.02-17.44.57:629][  0]LogConfig: Setting CVar [[r.AOQuality:2]]
[2022.11.02-17.44.57:629][  0]LogConfig: Setting CVar [[r.VolumetricFog:1]]
[2022.11.02-17.44.57:629][  0]LogConfig: Setting CVar [[r.VolumetricFog.GridPixelSize:8]]
[2022.11.02-17.44.57:629][  0]LogConfig: Setting CVar [[r.VolumetricFog.GridSizeZ:128]]
[2022.11.02-17.44.57:629][  0]LogConfig: Setting CVar [[r.VolumetricFog.HistoryMissSupersampleCount:4]]
[2022.11.02-17.44.57:629][  0]LogConfig: Setting CVar [[r.LightMaxDrawDistanceScale:1]]
[2022.11.02-17.44.57:629][  0]LogConfig: Setting CVar [[r.CapsuleShadows:1]]
[2022.11.02-17.44.57:629][  0]LogConfig: Applying CVar settings from Section [PostProcessQuality@3] File [C:/Users/gosorio/Documents/Unreal Projects/midterm/Saved/Config/Windows/Scalability.ini]
[2022.11.02-17.44.57:629][  0]LogConfig: Setting CVar [[r.MotionBlurQuality:4]]
[2022.11.02-17.44.57:630][  0]LogConfig: Setting CVar [[r.AmbientOcclusionMipLevelFactor:0.4]]
[2022.11.02-17.44.57:630][  0]LogConfig: Setting CVar [[r.AmbientOcclusionMaxQuality:100]]
[2022.11.02-17.44.57:630][  0]LogConfig: Setting CVar [[r.AmbientOcclusionLevels:-1]]
[2022.11.02-17.44.57:630][  0]LogConfig: Setting CVar [[r.AmbientOcclusionRadiusScale:1.0]]
[2022.11.02-17.44.57:630][  0]LogConfig: Setting CVar [[r.DepthOfFieldQuality:2]]
[2022.11.02-17.44.57:630][  0]LogConfig: Setting CVar [[r.RenderTargetPoolMin:400]]
[2022.11.02-17.44.57:630][  0]LogConfig: Setting CVar [[r.LensFlareQuality:2]]
[2022.11.02-17.44.57:630][  0]LogConfig: Setting CVar [[r.SceneColorFringeQuality:1]]
[2022.11.02-17.44.57:630][  0]LogConfig: Setting CVar [[r.EyeAdaptationQuality:2]]
[2022.11.02-17.44.57:630][  0]LogConfig: Setting CVar [[r.BloomQuality:5]]
[2022.11.02-17.44.57:630][  0]LogConfig: Setting CVar [[r.FastBlurThreshold:100]]
[2022.11.02-17.44.57:630][  0]LogConfig: Setting CVar [[r.Upscale.Quality:3]]
[2022.11.02-17.44.57:630][  0]LogConfig: Setting CVar [[r.Tonemapper.GrainQuantization:1]]
[2022.11.02-17.44.57:630][  0]LogConfig: Setting CVar [[r.LightShaftQuality:1]]
[2022.11.02-17.44.57:630][  0]LogConfig: Setting CVar [[r.Filter.SizeScale:1]]
[2022.11.02-17.44.57:630][  0]LogConfig: Setting CVar [[r.Tonemapper.Quality:5]]
[2022.11.02-17.44.57:630][  0]LogConfig: Setting CVar [[r.DOF.Gather.AccumulatorQuality:1        ; higher gathering accumulator quality]]
[2022.11.02-17.44.57:630][  0]LogConfig: Setting CVar [[r.DOF.Gather.PostfilterMethod:1          ; Median3x3 postfilering method]]
[2022.11.02-17.44.57:630][  0]LogConfig: Setting CVar [[r.DOF.Gather.EnableBokehSettings:0       ; no bokeh simulation when gathering]]
[2022.11.02-17.44.57:630][  0]LogConfig: Setting CVar [[r.DOF.Gather.RingCount:4                 ; medium number of samples when gathering]]
[2022.11.02-17.44.57:630][  0]LogConfig: Setting CVar [[r.DOF.Scatter.ForegroundCompositing:1    ; additive foreground scattering]]
[2022.11.02-17.44.57:630][  0]LogConfig: Setting CVar [[r.DOF.Scatter.BackgroundCompositing:2    ; additive background scattering]]
[2022.11.02-17.44.57:630][  0]LogConfig: Setting CVar [[r.DOF.Scatter.EnableBokehSettings:1      ; bokeh simulation when scattering]]
[2022.11.02-17.44.57:630][  0]LogConfig: Setting CVar [[r.DOF.Scatter.MaxSpriteRatio:0.1         ; only a maximum of 10% of scattered bokeh]]
[2022.11.02-17.44.57:630][  0]LogConfig: Setting CVar [[r.DOF.Recombine.Quality:1                ; cheap slight out of focus]]
[2022.11.02-17.44.57:630][  0]LogConfig: Setting CVar [[r.DOF.Recombine.EnableBokehSettings:0    ; no bokeh simulation on slight out of focus]]
[2022.11.02-17.44.57:631][  0]LogConfig: Setting CVar [[r.DOF.TemporalAAQuality:1                ; more stable temporal accumulation]]
[2022.11.02-17.44.57:631][  0]LogConfig: Setting CVar [[r.DOF.Kernel.MaxForegroundRadius:0.025]]
[2022.11.02-17.44.57:631][  0]LogConfig: Setting CVar [[r.DOF.Kernel.MaxBackgroundRadius:0.025]]
[2022.11.02-17.44.57:631][  0]LogConfig: Applying CVar settings from Section [TextureQuality@3] File [C:/Users/gosorio/Documents/Unreal Projects/midterm/Saved/Config/Windows/Scalability.ini]
[2022.11.02-17.44.57:631][  0]LogConfig: Setting CVar [[r.Streaming.MipBias:0]]
[2022.11.02-17.44.57:631][  0]LogConfig: Setting CVar [[r.Streaming.AmortizeCPUToGPUCopy:0]]
[2022.11.02-17.44.57:631][  0]LogConfig: Setting CVar [[r.Streaming.MaxNumTexturesToStreamPerFrame:0]]
[2022.11.02-17.44.57:631][  0]LogConfig: Setting CVar [[r.Streaming.Boost:1]]
[2022.11.02-17.44.57:631][  0]LogConfig: Setting CVar [[r.MaxAnisotropy:8]]
[2022.11.02-17.44.57:631][  0]LogConfig: Setting CVar [[r.VT.MaxAnisotropy:8]]
[2022.11.02-17.44.57:631][  0]LogConfig: Setting CVar [[r.Streaming.LimitPoolSizeToVRAM:0]]
[2022.11.02-17.44.57:631][  0]LogConfig: Setting CVar [[r.Streaming.PoolSize:1000]]
[2022.11.02-17.44.57:631][  0]LogConfig: Setting CVar [[r.Streaming.MaxEffectiveScreenSize:0]]
[2022.11.02-17.44.57:631][  0]LogConfig: Applying CVar settings from Section [EffectsQuality@3] File [C:/Users/gosorio/Documents/Unreal Projects/midterm/Saved/Config/Windows/Scalability.ini]
[2022.11.02-17.44.57:631][  0]LogConfig: Setting CVar [[r.TranslucencyLightingVolumeDim:64]]
[2022.11.02-17.44.57:631][  0]LogConfig: Setting CVar [[r.RefractionQuality:2]]
[2022.11.02-17.44.57:631][  0]LogConfig: Setting CVar [[r.SSR.Quality:3]]
[2022.11.02-17.44.57:631][  0]LogConfig: Setting CVar [[r.SSR.HalfResSceneColor:0]]
[2022.11.02-17.44.57:631][  0]LogConfig: Setting CVar [[r.SceneColorFormat:4]]
[2022.11.02-17.44.57:631][  0]LogConfig: Setting CVar [[r.DetailMode:2]]
[2022.11.02-17.44.57:631][  0]LogConfig: Setting CVar [[r.TranslucencyVolumeBlur:1]]
[2022.11.02-17.44.57:631][  0]LogConfig: Setting CVar [[r.MaterialQualityLevel:1 ; High quality]]
[2022.11.02-17.44.57:631][  0]LogConfig: Setting CVar [[r.AnisotropicMaterials:1]]
[2022.11.02-17.44.57:631][  0]LogConfig: Setting CVar [[r.SSS.Scale:1]]
[2022.11.02-17.44.57:632][  0]LogConfig: Setting CVar [[r.SSS.SampleSet:2]]
[2022.11.02-17.44.57:632][  0]LogConfig: Setting CVar [[r.SSS.Quality:1]]
[2022.11.02-17.44.57:632][  0]LogConfig: Setting CVar [[r.SSS.HalfRes:0]]
[2022.11.02-17.44.57:632][  0]LogConfig: Setting CVar [[r.SSGI.Quality:3]]
[2022.11.02-17.44.57:632][  0]LogConfig: Setting CVar [[r.EmitterSpawnRateScale:1.0]]
[2022.11.02-17.44.57:632][  0]LogConfig: Setting CVar [[r.ParticleLightQuality:2]]
[2022.11.02-17.44.57:632][  0]LogConfig: Setting CVar [[r.SkyAtmosphere.AerialPerspectiveLUT.FastApplyOnOpaque:1 ; Always have FastSkyLUT 1 in this case to avoid wrong sky]]
[2022.11.02-17.44.57:632][  0]LogConfig: Setting CVar [[r.SkyAtmosphere.AerialPerspectiveLUT.SampleCountMaxPerSlice:4]]
[2022.11.02-17.44.57:632][  0]LogConfig: Setting CVar [[r.SkyAtmosphere.AerialPerspectiveLUT.DepthResolution:16.0]]
[2022.11.02-17.44.57:632][  0]LogConfig: Setting CVar [[r.SkyAtmosphere.FastSkyLUT:1]]
[2022.11.02-17.44.57:632][  0]LogConfig: Setting CVar [[r.SkyAtmosphere.FastSkyLUT.SampleCountMin:4.0]]
[2022.11.02-17.44.57:632][  0]LogConfig: Setting CVar [[r.SkyAtmosphere.FastSkyLUT.SampleCountMax:128.0]]
[2022.11.02-17.44.57:632][  0]LogConfig: Setting CVar [[r.SkyAtmosphere.SampleCountMin:4.0]]
[2022.11.02-17.44.57:632][  0]LogConfig: Setting CVar [[r.SkyAtmosphere.SampleCountMax:128.0]]
[2022.11.02-17.44.57:632][  0]LogConfig: Setting CVar [[r.SkyAtmosphere.TransmittanceLUT.UseSmallFormat:0]]
[2022.11.02-17.44.57:632][  0]LogConfig: Setting CVar [[r.SkyAtmosphere.TransmittanceLUT.SampleCount:10.0]]
[2022.11.02-17.44.57:632][  0]LogConfig: Setting CVar [[r.SkyAtmosphere.MultiScatteringLUT.SampleCount:15.0]]
[2022.11.02-17.44.57:632][  0]LogConfig: Setting CVar [[r.SkyLight.RealTimeReflectionCapture:1]]
[2022.11.02-17.44.57:632][  0]LogConfig: Applying CVar settings from Section [FoliageQuality@3] File [C:/Users/gosorio/Documents/Unreal Projects/midterm/Saved/Config/Windows/Scalability.ini]
[2022.11.02-17.44.57:632][  0]LogConfig: Setting CVar [[foliage.DensityScale:1.0]]
[2022.11.02-17.44.57:632][  0]LogConfig: Setting CVar [[grass.DensityScale:1.0]]
[2022.11.02-17.44.57:632][  0]LogConfig: Applying CVar settings from Section [ShadingQuality@3] File [C:/Users/gosorio/Documents/Unreal Projects/midterm/Saved/Config/Windows/Scalability.ini]
[2022.11.02-17.44.57:632][  0]LogConfig: Setting CVar [[r.HairStrands.SkyLighting.IntegrationType:2]]
[2022.11.02-17.44.57:633][  0]LogConfig: Setting CVar [[r.HairStrands.SkyAO.SampleCount:4]]
[2022.11.02-17.44.57:633][  0]LogConfig: Setting CVar [[r.HairStrands.Visibility.MSAA.SamplePerPixel:4]]
[2022.11.02-17.44.57:633][  0]LogInit: Selected Device Profile: [Windows]
[2022.11.02-17.44.57:633][  0]LogInit: Applying CVar settings loaded from the selected device profile: [Windows]
[2022.11.02-17.44.57:633][  0]LogHAL: Display: Platform has ~ 16 GB [17018806272 / 17179869184 / 16], which maps to Larger [LargestMinGB=32, LargerMinGB=12, DefaultMinGB=8, SmallerMinGB=6, SmallestMinGB=0)
[2022.11.02-17.44.57:633][  0]LogInit: Going up to parent DeviceProfile []
[2022.11.02-17.44.57:633][  0]LogConfig: Applying CVar settings from Section [ViewDistanceQuality@3] File [C:/Users/gosorio/Documents/Unreal Projects/midterm/Saved/Config/Windows/Scalability.ini]
[2022.11.02-17.44.57:633][  0]LogConfig: Setting CVar [[r.SkeletalMeshLODBias:0]]
[2022.11.02-17.44.57:633][  0]LogConfig: Setting CVar [[r.ViewDistanceScale:1.0]]
[2022.11.02-17.44.57:633][  0]LogConfig: Applying CVar settings from Section [AntiAliasingQuality@3] File [C:/Users/gosorio/Documents/Unreal Projects/midterm/Saved/Config/Windows/Scalability.ini]
[2022.11.02-17.44.57:633][  0]LogConfig: Setting CVar [[r.PostProcessAAQuality:4]]
[2022.11.02-17.44.57:633][  0]LogConfig: Applying CVar settings from Section [ShadowQuality@3] File [C:/Users/gosorio/Documents/Unreal Projects/midterm/Saved/Config/Windows/Scalability.ini]
[2022.11.02-17.44.57:633][  0]LogConfig: Setting CVar [[r.LightFunctionQuality:1]]
[2022.11.02-17.44.57:633][  0]LogConfig: Setting CVar [[r.ShadowQuality:5]]
[2022.11.02-17.44.57:633][  0]LogConfig: Setting CVar [[r.Shadow.CSM.MaxCascades:10]]
[2022.11.02-17.44.57:634][  0]LogConfig: Setting CVar [[r.Shadow.MaxResolution:2048]]
[2022.11.02-17.44.57:634][  0]LogConfig: Setting CVar [[r.Shadow.MaxCSMResolution:2048]]
[2022.11.02-17.44.57:634][  0]LogConfig: Setting CVar [[r.Shadow.RadiusThreshold:0.01]]
[2022.11.02-17.44.57:634][  0]LogConfig: Setting CVar [[r.Shadow.DistanceScale:1.0]]
[2022.11.02-17.44.57:634][  0]LogConfig: Setting CVar [[r.Shadow.CSM.TransitionScale:1.0]]
[2022.11.02-17.44.57:634][  0]LogConfig: Setting CVar [[r.Shadow.PreShadowResolutionFactor:1.0]]
[2022.11.02-17.44.57:634][  0]LogConfig: Setting CVar [[r.DistanceFieldShadowing:1]]
[2022.11.02-17.44.57:634][  0]LogConfig: Setting CVar [[r.DistanceFieldAO:1]]
[2022.11.02-17.44.57:634][  0]LogConfig: Setting CVar [[r.AOQuality:2]]
[2022.11.02-17.44.57:634][  0]LogConfig: Setting CVar [[r.VolumetricFog:1]]
[2022.11.02-17.44.57:634][  0]LogConfig: Setting CVar [[r.VolumetricFog.GridPixelSize:8]]
[2022.11.02-17.44.57:634][  0]LogConfig: Setting CVar [[r.VolumetricFog.GridSizeZ:128]]
[2022.11.02-17.44.57:634][  0]LogConfig: Setting CVar [[r.VolumetricFog.HistoryMissSupersampleCount:4]]
[2022.11.02-17.44.57:634][  0]LogConfig: Setting CVar [[r.LightMaxDrawDistanceScale:1]]
[2022.11.02-17.44.57:634][  0]LogConfig: Setting CVar [[r.CapsuleShadows:1]]
[2022.11.02-17.44.57:634][  0]LogConfig: Applying CVar settings from Section [PostProcessQuality@3] File [C:/Users/gosorio/Documents/Unreal Projects/midterm/Saved/Config/Windows/Scalability.ini]
[2022.11.02-17.44.57:634][  0]LogConfig: Setting CVar [[r.MotionBlurQuality:4]]
[2022.11.02-17.44.57:634][  0]LogConfig: Setting CVar [[r.AmbientOcclusionMipLevelFactor:0.4]]
[2022.11.02-17.44.57:635][  0]LogConfig: Setting CVar [[r.AmbientOcclusionMaxQuality:100]]
[2022.11.02-17.44.57:635][  0]LogConfig: Setting CVar [[r.AmbientOcclusionLevels:-1]]
[2022.11.02-17.44.57:635][  0]LogConfig: Setting CVar [[r.AmbientOcclusionRadiusScale:1.0]]
[2022.11.02-17.44.57:635][  0]LogConfig: Setting CVar [[r.DepthOfFieldQuality:2]]
[2022.11.02-17.44.57:635][  0]LogConfig: Setting CVar [[r.RenderTargetPoolMin:400]]
[2022.11.02-17.44.57:635][  0]LogConfig: Setting CVar [[r.LensFlareQuality:2]]
[2022.11.02-17.44.57:635][  0]LogConfig: Setting CVar [[r.SceneColorFringeQuality:1]]
[2022.11.02-17.44.57:635][  0]LogConfig: Setting CVar [[r.EyeAdaptationQuality:2]]
[2022.11.02-17.44.57:635][  0]LogConfig: Setting CVar [[r.BloomQuality:5]]
[2022.11.02-17.44.57:635][  0]LogConfig: Setting CVar [[r.FastBlurThreshold:100]]
[2022.11.02-17.44.57:635][  0]LogConfig: Setting CVar [[r.Upscale.Quality:3]]
[2022.11.02-17.44.57:635][  0]LogConfig: Setting CVar [[r.Tonemapper.GrainQuantization:1]]
[2022.11.02-17.44.57:635][  0]LogConfig: Setting CVar [[r.LightShaftQuality:1]]
[2022.11.02-17.44.57:635][  0]LogConfig: Setting CVar [[r.Filter.SizeScale:1]]
[2022.11.02-17.44.57:635][  0]LogConfig: Setting CVar [[r.Tonemapper.Quality:5]]
[2022.11.02-17.44.57:635][  0]LogConfig: Setting CVar [[r.DOF.Gather.AccumulatorQuality:1        ; higher gathering accumulator quality]]
[2022.11.02-17.44.57:635][  0]LogConfig: Setting CVar [[r.DOF.Gather.PostfilterMethod:1          ; Median3x3 postfilering method]]
[2022.11.02-17.44.57:635][  0]LogConfig: Setting CVar [[r.DOF.Gather.EnableBokehSettings:0       ; no bokeh simulation when gathering]]
[2022.11.02-17.44.57:635][  0]LogConfig: Setting CVar [[r.DOF.Gather.RingCount:4                 ; medium number of samples when gathering]]
[2022.11.02-17.44.57:635][  0]LogConfig: Setting CVar [[r.DOF.Scatter.ForegroundCompositing:1    ; additive foreground scattering]]
[2022.11.02-17.44.57:635][  0]LogConfig: Setting CVar [[r.DOF.Scatter.BackgroundCompositing:2    ; additive background scattering]]
[2022.11.02-17.44.57:635][  0]LogConfig: Setting CVar [[r.DOF.Scatter.EnableBokehSettings:1      ; bokeh simulation when scattering]]
[2022.11.02-17.44.57:635][  0]LogConfig: Setting CVar [[r.DOF.Scatter.MaxSpriteRatio:0.1         ; only a maximum of 10% of scattered bokeh]]
[2022.11.02-17.44.57:635][  0]LogConfig: Setting CVar [[r.DOF.Recombine.Quality:1                ; cheap slight out of focus]]
[2022.11.02-17.44.57:636][  0]LogConfig: Setting CVar [[r.DOF.Recombine.EnableBokehSettings:0    ; no bokeh simulation on slight out of focus]]
[2022.11.02-17.44.57:636][  0]LogConfig: Setting CVar [[r.DOF.TemporalAAQuality:1                ; more stable temporal accumulation]]
[2022.11.02-17.44.57:636][  0]LogConfig: Setting CVar [[r.DOF.Kernel.MaxForegroundRadius:0.025]]
[2022.11.02-17.44.57:636][  0]LogConfig: Setting CVar [[r.DOF.Kernel.MaxBackgroundRadius:0.025]]
[2022.11.02-17.44.57:636][  0]LogConfig: Applying CVar settings from Section [TextureQuality@3] File [C:/Users/gosorio/Documents/Unreal Projects/midterm/Saved/Config/Windows/Scalability.ini]
[2022.11.02-17.44.57:636][  0]LogConfig: Setting CVar [[r.Streaming.MipBias:0]]
[2022.11.02-17.44.57:636][  0]LogConfig: Setting CVar [[r.Streaming.AmortizeCPUToGPUCopy:0]]
[2022.11.02-17.44.57:636][  0]LogConfig: Setting CVar [[r.Streaming.MaxNumTexturesToStreamPerFrame:0]]
[2022.11.02-17.44.57:636][  0]LogConfig: Setting CVar [[r.Streaming.Boost:1]]
[2022.11.02-17.44.57:636][  0]LogConfig: Setting CVar [[r.MaxAnisotropy:8]]
[2022.11.02-17.44.57:636][  0]LogConfig: Setting CVar [[r.VT.MaxAnisotropy:8]]
[2022.11.02-17.44.57:636][  0]LogConfig: Setting CVar [[r.Streaming.LimitPoolSizeToVRAM:0]]
[2022.11.02-17.44.57:636][  0]LogConfig: Setting CVar [[r.Streaming.PoolSize:1000]]
[2022.11.02-17.44.57:636][  0]LogConfig: Setting CVar [[r.Streaming.MaxEffectiveScreenSize:0]]
[2022.11.02-17.44.57:636][  0]LogConfig: Applying CVar settings from Section [EffectsQuality@3] File [C:/Users/gosorio/Documents/Unreal Projects/midterm/Saved/Config/Windows/Scalability.ini]
[2022.11.02-17.44.57:636][  0]LogConfig: Setting CVar [[r.TranslucencyLightingVolumeDim:64]]
[2022.11.02-17.44.57:636][  0]LogConfig: Setting CVar [[r.RefractionQuality:2]]
[2022.11.02-17.44.57:636][  0]LogConfig: Setting CVar [[r.SSR.Quality:3]]
[2022.11.02-17.44.57:636][  0]LogConfig: Setting CVar [[r.SSR.HalfResSceneColor:0]]
[2022.11.02-17.44.57:636][  0]LogConfig: Setting CVar [[r.SceneColorFormat:4]]
[2022.11.02-17.44.57:636][  0]LogConfig: Setting CVar [[r.DetailMode:2]]
[2022.11.02-17.44.57:636][  0]LogConfig: Setting CVar [[r.TranslucencyVolumeBlur:1]]
[2022.11.02-17.44.57:636][  0]LogConfig: Setting CVar [[r.MaterialQualityLevel:1 ; High quality]]
[2022.11.02-17.44.57:636][  0]LogConfig: Setting CVar [[r.AnisotropicMaterials:1]]
[2022.11.02-17.44.57:636][  0]LogConfig: Setting CVar [[r.SSS.Scale:1]]
[2022.11.02-17.44.57:636][  0]LogConfig: Setting CVar [[r.SSS.SampleSet:2]]
[2022.11.02-17.44.57:636][  0]LogConfig: Setting CVar [[r.SSS.Quality:1]]
[2022.11.02-17.44.57:636][  0]LogConfig: Setting CVar [[r.SSS.HalfRes:0]]
[2022.11.02-17.44.57:636][  0]LogConfig: Setting CVar [[r.SSGI.Quality:3]]
[2022.11.02-17.44.57:636][  0]LogConfig: Setting CVar [[r.EmitterSpawnRateScale:1.0]]
[2022.11.02-17.44.57:636][  0]LogConfig: Setting CVar [[r.ParticleLightQuality:2]]
[2022.11.02-17.44.57:636][  0]LogConfig: Setting CVar [[r.SkyAtmosphere.AerialPerspectiveLUT.FastApplyOnOpaque:1 ; Always have FastSkyLUT 1 in this case to avoid wrong sky]]
[2022.11.02-17.44.57:636][  0]LogConfig: Setting CVar [[r.SkyAtmosphere.AerialPerspectiveLUT.SampleCountMaxPerSlice:4]]
[2022.11.02-17.44.57:636][  0]LogConfig: Setting CVar [[r.SkyAtmosphere.AerialPerspectiveLUT.DepthResolution:16.0]]
[2022.11.02-17.44.57:636][  0]LogConfig: Setting CVar [[r.SkyAtmosphere.FastSkyLUT:1]]
[2022.11.02-17.44.57:636][  0]LogConfig: Setting CVar [[r.SkyAtmosphere.FastSkyLUT.SampleCountMin:4.0]]
[2022.11.02-17.44.57:636][  0]LogConfig: Setting CVar [[r.SkyAtmosphere.FastSkyLUT.SampleCountMax:128.0]]
[2022.11.02-17.44.57:636][  0]LogConfig: Setting CVar [[r.SkyAtmosphere.SampleCountMin:4.0]]
[2022.11.02-17.44.57:636][  0]LogConfig: Setting CVar [[r.SkyAtmosphere.SampleCountMax:128.0]]
[2022.11.02-17.44.57:636][  0]LogConfig: Setting CVar [[r.SkyAtmosphere.TransmittanceLUT.UseSmallFormat:0]]
[2022.11.02-17.44.57:636][  0]LogConfig: Setting CVar [[r.SkyAtmosphere.TransmittanceLUT.SampleCount:10.0]]
[2022.11.02-17.44.57:636][  0]LogConfig: Setting CVar [[r.SkyAtmosphere.MultiScatteringLUT.SampleCount:15.0]]
[2022.11.02-17.44.57:637][  0]LogConfig: Setting CVar [[r.SkyLight.RealTimeReflectionCapture:1]]
[2022.11.02-17.44.57:637][  0]LogConfig: Applying CVar settings from Section [FoliageQuality@3] File [C:/Users/gosorio/Documents/Unreal Projects/midterm/Saved/Config/Windows/Scalability.ini]
[2022.11.02-17.44.57:637][  0]LogConfig: Setting CVar [[foliage.DensityScale:1.0]]
[2022.11.02-17.44.57:637][  0]LogConfig: Setting CVar [[grass.DensityScale:1.0]]
[2022.11.02-17.44.57:637][  0]LogConfig: Applying CVar settings from Section [ShadingQuality@3] File [C:/Users/gosorio/Documents/Unreal Projects/midterm/Saved/Config/Windows/Scalability.ini]
[2022.11.02-17.44.57:637][  0]LogConfig: Setting CVar [[r.HairStrands.SkyLighting.IntegrationType:2]]
[2022.11.02-17.44.57:637][  0]LogConfig: Setting CVar [[r.HairStrands.SkyAO.SampleCount:4]]
[2022.11.02-17.44.57:637][  0]LogConfig: Setting CVar [[r.HairStrands.Visibility.MSAA.SamplePerPixel:4]]
[2022.11.02-17.44.57:637][  0]LogConfig: Applying CVar settings from Section [Startup] File [../../../Engine/Config/ConsoleVariables.ini]
[2022.11.02-17.44.57:637][  0]LogConfig: Setting CVar [[net.UseAdaptiveNetUpdateFrequency:0]]
[2022.11.02-17.44.57:637][  0]LogConfig: Setting CVar [[p.chaos.AllowCreatePhysxBodies:1]]
[2022.11.02-17.44.57:637][  0]LogConfig: Setting CVar [[fx.SkipVectorVMBackendOptimizations:1]]
[2022.11.02-17.44.57:637][  0]LogConfig: Applying CVar settings from Section [ConsoleVariables] File [C:/Users/gosorio/Documents/Unreal Projects/midterm/Saved/Config/Windows/Engine.ini]
[2022.11.02-17.44.57:637][  0]LogConfig: Applying CVar settings from Section [ConsoleVariables] File [C:/Users/gosorio/Documents/Unreal Projects/midterm/Saved/Config/Windows/Editor.ini]
[2022.11.02-17.44.57:638][  0]LogInit: Computer: 5CD911CWQ8
[2022.11.02-17.44.57:638][  0]LogInit: User: gosorio
[2022.11.02-17.44.57:638][  0]LogInit: CPU Page size=4096, Cores=6
[2022.11.02-17.44.57:638][  0]LogInit: High frequency timer resolution =10.000000 MHz
[2022.11.02-17.44.57:638][  0]LogMemory: Memory total: Physical=15.8GB (16GB approx)
[2022.11.02-17.44.57:638][  0]LogMemory: Platform Memory Stats for Windows
[2022.11.02-17.44.57:638][  0]LogMemory: Process Physical Memory: 144.58 MB used, 144.58 MB peak
[2022.11.02-17.44.57:638][  0]LogMemory: Process Virtual Memory: 130.34 MB used, 130.34 MB peak
[2022.11.02-17.44.57:638][  0]LogMemory: Physical Memory: 8367.83 MB used,  7862.57 MB free, 16230.40 MB total
[2022.11.02-17.44.57:638][  0]LogMemory: Virtual Memory: 134214816.00 MB used,  2910.71 MB free, 134217728.00 MB total
[2022.11.02-17.44.57:652][  0]LogWindows: WindowsPlatformFeatures enabled
[2022.11.02-17.44.57:722][  0]LogInit: Physics initialised using underlying interface: PhysX
[2022.11.02-17.44.57:723][  0]LogInit: Using OS detected language (en-US).
[2022.11.02-17.44.57:723][  0]LogInit: Using OS detected locale (en-US).
[2022.11.02-17.44.57:735][  0]LogTextLocalizationManager: No specific localization for 'en-US' exists, so the 'en' localization will be used.
[2022.11.02-17.44.58:102][  0]LogWindowsTextInputMethodSystem: Display: IME system deactivated.
[2022.11.02-17.44.58:141][  0]LogSlate: New Slate User Created.  User Index 0, Is Virtual User: 0
[2022.11.02-17.44.58:141][  0]LogSlate: Slate User Registered.  User Index 0, Is Virtual User: 0
[2022.11.02-17.44.58:168][  0]LogD3D11RHI: Loaded GFSDK_Aftermath_Lib.x64.dll
[2022.11.02-17.44.58:179][  0]LogHMD: Failed to initialize OpenVR with code 110
[2022.11.02-17.44.58:179][  0]LogD3D11RHI: D3D11 min allowed feature level: 11_0
[2022.11.02-17.44.58:179][  0]LogD3D11RHI: D3D11 max allowed feature level: 11_0
[2022.11.02-17.44.58:179][  0]LogD3D11RHI: D3D11 adapters:
[2022.11.02-17.44.58:341][  0]LogD3D11RHI:    0. 'NVIDIA Quadro P2000' (Feature Level 11_0)
[2022.11.02-17.44.58:341][  0]LogD3D11RHI:       4019/0/8115 MB DedicatedVideo/DedicatedSystem/SharedSystem, Outputs:1, VendorId:0x10de
[2022.11.02-17.44.58:346][  0]LogD3D11RHI:    1. 'Microsoft Basic Render Driver' (Feature Level 11_0)
[2022.11.02-17.44.58:346][  0]LogD3D11RHI:       0/0/8115 MB DedicatedVideo/DedicatedSystem/SharedSystem, Outputs:0, VendorId:0x1414
[2022.11.02-17.44.58:346][  0]LogD3D11RHI: Chosen D3D11 Adapter:
[2022.11.02-17.44.58:346][  0]LogD3D11RHI:     Description : NVIDIA Quadro P2000
[2022.11.02-17.44.58:346][  0]LogD3D11RHI:     VendorId    : 10de
[2022.11.02-17.44.58:346][  0]LogD3D11RHI:     DeviceId    : 1cba
[2022.11.02-17.44.58:346][  0]LogD3D11RHI:     SubSysId    : 8451103c
[2022.11.02-17.44.58:346][  0]LogD3D11RHI:     Revision    : 00a1
[2022.11.02-17.44.58:346][  0]LogD3D11RHI:     DedicatedVideoMemory : 4214226944 bytes
[2022.11.02-17.44.58:346][  0]LogD3D11RHI:     DedicatedSystemMemory : 0 bytes
[2022.11.02-17.44.58:346][  0]LogD3D11RHI:     SharedSystemMemory : 8509403136 bytes
[2022.11.02-17.44.58:346][  0]LogD3D11RHI:     AdapterLuid : 0 186481
[2022.11.02-17.44.58:362][  0]LogD3D11RHI: Creating new Direct3DDevice
[2022.11.02-17.44.58:362][  0]LogD3D11RHI:     GPU DeviceId: 0x1cba (for the marketing name, search the web for "GPU Device Id")
[2022.11.02-17.44.58:362][  0]LogWindows: EnumDisplayDevices:
[2022.11.02-17.44.58:362][  0]LogWindows:    0. 'NVIDIA Quadro P2000' (P:1 D:1)
[2022.11.02-17.44.58:363][  0]LogWindows:    1. 'NVIDIA Quadro P2000' (P:0 D:0)
[2022.11.02-17.44.58:364][  0]LogWindows:    2. 'NVIDIA Quadro P2000' (P:0 D:0)
[2022.11.02-17.44.58:365][  0]LogWindows:    3. 'NVIDIA Quadro P2000' (P:0 D:0)
[2022.11.02-17.44.58:366][  0]LogWindows: DebugString: FoundDriverCount:4 
[2022.11.02-17.44.58:366][  0]LogD3D11RHI:     Adapter Name: NVIDIA Quadro P2000
[2022.11.02-17.44.58:366][  0]LogD3D11RHI:   Driver Version: 473.34 (internal:30.0.14.7334, unified:473.34)
[2022.11.02-17.44.58:366][  0]LogD3D11RHI:      Driver Date: 4-4-2022
[2022.11.02-17.44.58:366][  0]LogRHI: Texture pool is 2813 MB (70% of 4019 MB)
[2022.11.02-17.44.58:366][  0]LogD3D11RHI: Creating D3DDevice using adapter:
[2022.11.02-17.44.58:366][  0]LogD3D11RHI:     Description : NVIDIA Quadro P2000
[2022.11.02-17.44.58:366][  0]LogD3D11RHI:     VendorId    : 10de
[2022.11.02-17.44.58:366][  0]LogD3D11RHI:     DeviceId    : 1cba
[2022.11.02-17.44.58:366][  0]LogD3D11RHI:     SubSysId    : 8451103c
[2022.11.02-17.44.58:366][  0]LogD3D11RHI:     Revision    : 00a1
[2022.11.02-17.44.58:366][  0]LogD3D11RHI:     DedicatedVideoMemory : 4214226944 bytes
[2022.11.02-17.44.58:366][  0]LogD3D11RHI:     DedicatedSystemMemory : 0 bytes
[2022.11.02-17.44.58:366][  0]LogD3D11RHI:     SharedSystemMemory : 8509403136 bytes
[2022.11.02-17.44.58:366][  0]LogD3D11RHI:     AdapterLuid : 0 186481
[2022.11.02-17.44.58:482][  0]LogD3D11RHI: RHI has support for 64 bit atomics
[2022.11.02-17.44.58:483][  0]LogD3D11RHI: Async texture creation enabled
[2022.11.02-17.44.58:483][  0]LogD3D11RHI: Array index from any shader is supported
[2022.11.02-17.44.58:512][  0]LogD3D11RHI: GPU Timing Frequency: 1000.000000 (Debug: 2 1)
[2022.11.02-17.44.58:643][  0]LogRHI: GeForceNow SDK initialized: 1
[2022.11.02-17.44.59:565][  0]LogTargetPlatformManager: Display: Loaded TargetPlatform 'WindowsNoEditor'
[2022.11.02-17.44.59:577][  0]LogTargetPlatformManager: Display: Loaded TargetPlatform 'Windows'
[2022.11.02-17.44.59:589][  0]LogTargetPlatformManager: Display: Loaded TargetPlatform 'WindowsClient'
[2022.11.02-17.44.59:601][  0]LogTargetPlatformManager: Display: Loaded TargetPlatform 'WindowsServer'
[2022.11.02-17.44.59:601][  0]LogTargetPlatformManager: Display: Building Assets For Windows
[2022.11.02-17.44.59:630][  0]LogAudioDebug: Display: Lib vorbis DLL was dynamically loaded.
[2022.11.02-17.44.59:736][  0]LogTextureFormatOodle: Display: Oodle Texture 2.9.0 init RDO Off
[2022.11.02-17.44.59:837][  0]LogRendererCore: Ray tracing is disabled. Reason: r.RayTracing=0.
[2022.11.02-17.44.59:837][  0]LogShaderCompilers: Guid format shader working directory is -18 characters bigger than the processId version (../../../../../../Users/gosorio/Documents/Unreal Projects/midterm/Intermediate/Shaders/WorkingDirectory/36448/).
[2022.11.02-17.44.59:837][  0]LogShaderCompilers: Cleaned the shader compiler working directory 'C:/Users/gosorio/AppData/Local/Temp/UnrealShaderWorkingDir/8632D4674634B3E66B6875B54AE6C5CA/'.
[2022.11.02-17.44.59:838][  0]LogXGEController: Cannot use XGE Controller as Incredibuild is not installed on this machine.
[2022.11.02-17.44.59:838][  0]LogShaderCompilers: Cannot use XGE Shader Compiler as Incredibuild is not installed on this machine.
[2022.11.02-17.44.59:838][  0]LogShaderCompilers: Display: Using Local Shader Compiler.
[2022.11.02-17.45.01:460][  0]LogDerivedDataCache: Display: Max Cache Size: 512 MB
[2022.11.02-17.45.01:580][  0]LogDerivedDataCache: Loaded boot cache 0.12s 94MB C:/Users/gosorio/AppData/Local/UnrealEngine/4.27/DerivedDataCache/Boot.ddc.
[2022.11.02-17.45.01:580][  0]LogDerivedDataCache: Display: Loaded Boot cache: C:/Users/gosorio/AppData/Local/UnrealEngine/4.27/DerivedDataCache/Boot.ddc
[2022.11.02-17.45.01:581][  0]LogDerivedDataCache: FDerivedDataBackendGraph:  Pak pak cache file ../../../../../../Users/gosorio/Documents/Unreal Projects/midterm/DerivedDataCache/DDC.ddp not found, will not use a pak cache.
[2022.11.02-17.45.01:581][  0]LogDerivedDataCache: Unable to find inner node Pak for hierarchical cache Hierarchy.
[2022.11.02-17.45.01:581][  0]LogDerivedDataCache: FDerivedDataBackendGraph:  CompressedPak pak cache file ../../../../../../Users/gosorio/Documents/Unreal Projects/midterm/DerivedDataCache/Compressed.ddp not found, will not use a pak cache.
[2022.11.02-17.45.01:581][  0]LogDerivedDataCache: Unable to find inner node CompressedPak for hierarchical cache Hierarchy.
[2022.11.02-17.45.01:610][  0]LogDerivedDataCache: Display: Pak cache opened for reading ../../../Engine/DerivedDataCache/Compressed.ddp.
[2022.11.02-17.45.01:610][  0]LogDerivedDataCache: FDerivedDataBackendGraph:  EnterprisePak pak cache file ../../../Enterprise/DerivedDataCache/Compressed.ddp not found, will not use a pak cache.
[2022.11.02-17.45.01:610][  0]LogDerivedDataCache: Unable to find inner node EnterprisePak for hierarchical cache Hierarchy.
[2022.11.02-17.45.01:631][  0]LogDerivedDataCache: Speed tests for C:/Users/gosorio/AppData/Local/UnrealEngine/Common/DerivedDataCache took 0.02 seconds
[2022.11.02-17.45.01:631][  0]LogDerivedDataCache: Display: Performance to C:/Users/gosorio/AppData/Local/UnrealEngine/Common/DerivedDataCache: Latency=0.05ms. RandomReadSpeed=329.61MBs, RandomWriteSpeed=54.88MBs. Assigned SpeedClass 'Local'
[2022.11.02-17.45.01:632][  0]LogDerivedDataCache: Using Local data cache path C:/Users/gosorio/AppData/Local/UnrealEngine/Common/DerivedDataCache: Writable
[2022.11.02-17.45.01:632][  0]LogDerivedDataCache: Shared data cache path not found in *engine.ini, will not use an Shared cache.
[2022.11.02-17.45.01:632][  0]LogDerivedDataCache: Unable to find inner node Shared for hierarchical cache Hierarchy.
[2022.11.02-17.45.01:702][  0]LogSlate: Using FreeType 2.10.0
[2022.11.02-17.45.01:703][  0]LogSlate: SlateFontServices - WITH_FREETYPE: 1, WITH_HARFBUZZ: 1
[2022.11.02-17.45.01:862][  0]LogInit: Using OS detected language (en-US).
[2022.11.02-17.45.01:862][  0]LogInit: Using OS detected locale (en-US).
[2022.11.02-17.45.01:862][  0]LogTextLocalizationManager: No localization for 'en-US' exists, so 'en' will be used for the language.
[2022.11.02-17.45.01:862][  0]LogTextLocalizationManager: No localization for 'en-US' exists, so 'en' will be used for the locale.
[2022.11.02-17.45.01:862][  0]LogSlate: FontCache flush requested. Reason: Culture for localization was changed
[2022.11.02-17.45.01:862][  0]LogSlate: FontCache flush requested. Reason: Culture for localization was changed
[2022.11.02-17.45.01:867][  0]LogTextLocalizationManager: Compacting localization data took   0.01ms
[2022.11.02-17.45.01:867][  0]LogAssetRegistry: FAssetRegistry took 0.0029 seconds to start up
[2022.11.02-17.45.02:122][  0]LogPackageLocalizationCache: Processed 27 localized package path(s) for 1 prioritized culture(s) in 0.001444 seconds
[2022.11.02-17.45.02:240][  0]LogInit: Selected Device Profile: [Windows]
[2022.11.02-17.45.02:240][  0]LogInit: Active device profile: [000001ED1B6DB500][000001ED10DE3040 49] Windows
[2022.11.02-17.45.02:241][  0]LogInit: Profiles: [000001ED1B6DB500][000001ED10DE3040 49] Windows, [000001ED1B68CC00][000001ED10DEB1C0 49] WindowsNoEditor, [000001ED1B6D8C00][000001ED10DEF340 49] WindowsServer, [000001ED1B68EA00][000001ED10DF34C0 49] WindowsClient, [000001ED1B6DA900][000001ED10DF7640 49] IOS, [000001ED1B68F000][000001ED10DE7780 49] iPadAir, [000001ED1B6D9500][000001ED118218C0 49] iPadAir2, [000001ED1B636C00][000001ED11829B00 49] IPadPro, [000001ED1B636D00][000001ED11825B40 49] iPadAir3, [000001ED1B6D9000][000001ED11830140 49] iPadAir4, [000001ED1B637600][000001ED118342C0 49] iPadMini2, [000001ED1B6DB800][000001ED11838440 49] iPadMini3, [000001ED1B634600][000001ED1183C5C0 49] iPadMini4, [000001ED1B6D8B00][000001ED11840740 49] iPadMini5, [000001ED1B68A500][000001ED11848A00 49] iPhone6, [000001ED1B68A600][000001ED11844A40 49] iPodTouch6, [000001ED1B635400][000001ED11850D00 49] iPhone7, [000001ED1B635700][000001ED1184CD40 49] iPodTouch7, [000001ED1B689000][000001ED11854EC0 49] iPhone5S, [000001ED1B636200][000001ED11859040 49] iPhone6Plus, [000001ED1B688600][000001ED1185D1C0 49] iPhone6S, [000001ED1B636800][000001ED11861340 49] iPhone6SPlus, [000001ED1B689400][000001ED118654C0 49] iPhone7Plus, [000001ED1B634B00][000001ED11869640 49] iPhoneSE, [000001ED1B68A200][000001ED116097C0 49] iPhone8, [000001ED1B636700][000001ED1182D900 49] iPhone8Plus, [000001ED1B68A900][000001ED1160DA40 49] iPhoneX, [000001ED1B637900][000001ED11611B80 49] iPhoneXS, [000001ED1B688400][000001ED11614140 49] iPhoneXSMax, [000001ED1B635F00][000001ED1161C2C0 49] iPhoneXR, [000001ED1B68AF00][000001ED11620440 49] iPhone11, [000001ED1B636E00][000001ED116245C0 49] iPhone11Pro, [000001ED1B68BA00][000001ED11628740 49] iPhone11ProMax, [000001ED1B635A00][000001ED1162C8C0 49] iPhoneSE2, [000001ED1B68B700][000001ED11630A40 49] iPhone12Mini, [000001ED1B636100][000001ED11634BC0 49] iPhone12, [000001ED1B68AB00][000001ED11638D40 49] iPhone12Pro, [000001ED1B634D00][000001ED1163CEC0 49] iPhone12ProMax, [000001ED1B68BD00][000001ED11641040 49] iPadPro105, [000001ED1B636B00][000001ED116451C0 49] iPadPro129, [000001ED1B689E00][000001ED11649340 49] iPadPro97, [000001ED1B635800][000001ED1164D4C0 49] iPadPro2_129, [000001ED1B689A00][000001ED11651640 49] iPad5, [000001ED1B634900][000001ED116557C0 49] iPad6, [000001ED1B689500][000001ED11659940 49] iPad7, [000001ED1B635B00][000001ED1165DAC0 49] iPad8, [000001ED1B68A800][000001ED11619C00 49] iPadPro11, [000001ED1B634A00][000001ED116601C0 49] iPadPro2_11, [000001ED1B688200][000001ED11664300 49] iPadPro3_129, [000001ED1B636400][000001ED1166C480 49] iPadPro4_129, [000001ED1B689F00][000001ED11670600 49] AppleTV, [000001ED1B637000][000001ED11674780 49] AppleTV4K, [000001ED1B68D000][000001ED11678900 49] TVOS, [000001ED1B719E00][000001ED1167CA80 49] Mac, [000001ED1B68EC00][000001ED11680C00 49] MacClient, [000001ED1B719F00][000001ED11684D80 49] MacNoEditor, [000001ED1B68F200][000001ED11688F00 49] MacServer, [000001ED1B719600][000001ED1168D080 49] Linux, [000001ED1B68CD00][000001ED11691200 49] LinuxAArch64, [000001ED1B719300][000001ED11695380 49] LinuxNoEditor, [000001ED1B68FF00][000001ED11699500 49] LinuxAArch64NoEditor, [000001ED1B719700][000001ED1169D680 49] LinuxClient, [000001ED1B68E300][000001ED116A1800 49] LinuxAArch64Client, [000001ED1B719500][000001ED116A5980 49] LinuxServer, [000001ED1B68E400][000001ED116A9B00 49] LinuxAArch64Server, [000001ED1B71A800][000001ED116AC100 49] Android, [000001ED1B68E000][000001ED11668240 49] Android_Low, [000001ED1B718200][000001ED116B0380 49] Android_Mid, [000001ED1B68D900][000001ED116B44C0 49] Android_High, [000001ED1B71A000][000001ED116BC640 49] Android_Default, [000001ED1B68C800][000001ED116C07C0 49] Android_Adreno4xx, [000001ED1B71A700][000001ED116C4940 49] Android_Adreno5xx_Low, [000001ED1B68D800][000001ED116C8AC0 49] Android_Adreno5xx, [000001ED1B719400][000001ED116CCC40 49] Android_Adreno6xx, [000001ED1B636600][000001ED10FC2DC0 49] Android_Adreno6xx_Vulkan, [000001ED1B718500][000001ED10FC6F40 49] Android_Mali_T6xx, [000001ED1B636300][000001ED10FCB0C0 49] Android_Mali_T7xx, [000001ED1B718B00][000001ED10FCF240 49] Android_Mali_T8xx, [000001ED1B634200][000001ED10FD33C0 49] Android_Mali_G71, [000001ED1B719D00][000001ED10FD7540 49] Android_Mali_G72, [000001ED1B634800][000001ED10FDB6C0 49] Android_Mali_G72_Vulkan, [000001ED1B71AC00][000001ED10FDF840 49] Android_Mali_G76, [000001ED1B634500][000001ED10FE39C0 49] Android_Mali_G76_Vulkan, [000001ED1B71AB00][000001ED10FE7B40 49] Android_Mali_G77, [000001ED1B637100][000001ED10FEA140 49] Android_Mali_G77_Vulkan, [000001ED1B718400][000001ED10FEE2C0 49] Android_Mali_G78, [000001ED1B635300][000001ED116B8400 49] Android_Mali_G78_Vulkan, [000001ED1B71A900][000001ED10FF2540 49] Android_Mali_G710, [000001ED1B636A00][000001ED10FF6680 49] Android_Mali_G710_Vulkan, [000001ED1B71A300][000001ED10FFA7C0 49] Android_Vulkan_SM5, [000001ED1B637200][000001ED11002940 49] Android_PowerVR_G6xxx, [000001ED1B718600][000001ED11006AC0 49] Android_PowerVR_GT7xxx, [000001ED1B635200][000001ED1100AC40 49] Android_PowerVR_GE8xxx, [000001ED1B719C00][000001ED1100EDC0 49] Android_PowerVR_GM9xxx, [000001ED1B634700][000001ED11012F40 49] Android_PowerVR_GM9xxx_Vulkan, [000001ED1B71A400][000001ED110170C0 49] Android_TegraK1, [000001ED1B637400][000001ED1101B240 49] Android_Unknown_Vulkan, [000001ED1B718100][000001ED1101F3C0 49] Lumin, [000001ED1B635900][000001ED11023540 49] Lumin_Desktop, [000001ED1B689C00][000001ED110276C0 49] HoloLens, 
[2022.11.02-17.45.02:328][  0]LogMeshReduction: Using QuadricMeshReduction for automatic static mesh reduction
[2022.11.02-17.45.02:328][  0]LogMeshReduction: Using SimplygonMeshReduction for automatic skeletal mesh reduction
[2022.11.02-17.45.02:328][  0]LogMeshReduction: Using ProxyLODMeshReduction for automatic mesh merging
[2022.11.02-17.45.02:328][  0]LogMeshReduction: No distributed automatic mesh merging module available
[2022.11.02-17.45.02:328][  0]LogMeshMerging: No distributed automatic mesh merging module available
[2022.11.02-17.45.02:485][  0]LogNetVersion: midterm 1.0.0, NetCL: 17155196, EngineNetVer: 17, GameNetVer: 0 (Checksum: 1341048358)
