Log file open, 11/02/22 15:54:38
LogWindows: Failed to load 'aqProf.dll' (GetLastError=126)
LogWindows: File 'aqProf.dll' does not exist
LogWindows: Failed to load 'VtuneApi.dll' (GetLastError=126)
LogWindows: File 'VtuneApi.dll' does not exist
LogWindows: Failed to load 'VtuneApi32e.dll' (GetLastError=126)
LogWindows: File 'VtuneApi32e.dll' does not exist
LogConsoleResponse: Display: Failed to find resolution value strings in scalability ini. Falling back to default.
LogConsoleResponse: Display: Failed to find resolution value strings in scalability ini. Falling back to default.
LogInit: Display: Running engine for game: midterm
LogPlatformFile: Not using cached read wrapper
LogTaskGraph: Started task graph with 5 named threads and 35 total threads with 3 sets of task threads.
LogStats: Stats thread started at 0.528309
LogICUInternationalization: ICU TimeZone Detection - Raw Offset: -5:00, Platform Override: ''
LogInit: Display: Loading text-based GConfig....
LogPluginManager: Mounting plugin MeshPainting
LogPluginManager: Mounting plugin XGEController
LogPluginManager: Mounting plugin EnvironmentQueryEditor
LogPluginManager: Mounting plugin Paper2D
LogPluginManager: Mounting plugin LightPropagationVolume
LogPluginManager: Mounting plugin LiveLink
LogPluginManager: Mounting plugin AnimationSharing
LogPluginManager: Mounting plugin CLionSourceCodeAccess
LogPluginManager: Mounting plugin CodeLiteSourceCodeAccess
LogPluginManager: Mounting plugin KDevelopSourceCodeAccess
LogPluginManager: Mounting plugin NullSourceCodeAccess
LogPluginManager: Mounting plugin PlasticSourceControl
LogPluginManager: Mounting plugin PixWinPlugin
LogPluginManager: Mounting plugin PropertyAccessNode
LogPluginManager: Mounting plugin RiderSourceCodeAccess
LogPluginManager: Mounting plugin SubversionSourceControl
LogPluginManager: Mounting plugin PerforceSourceControl
LogPluginManager: Mounting plugin TextureFormatOodle
LogPluginManager: Mounting plugin VisualStudioCodeSourceCodeAccess
LogPluginManager: Mounting plugin UObjectPlugin
LogPluginManager: Mounting plugin VisualStudioSourceCodeAccess
LogPluginManager: Mounting plugin XCodeSourceCodeAccess
LogPluginManager: Mounting plugin PluginUtils
LogPluginManager: Mounting plugin OodleData
LogPluginManager: Mounting plugin OodleNetwork
LogPluginManager: Mounting plugin Niagara
LogPluginManager: Mounting plugin AISupport
LogPluginManager: Mounting plugin AssetManagerEditor
LogPluginManager: Mounting plugin CryptoKeys
LogPluginManager: Mounting plugin CurveEditorTools
LogPluginManager: Mounting plugin GitSourceControl
LogPluginManager: Mounting plugin DataValidation
LogPluginManager: Mounting plugin FacialAnimation
LogPluginManager: Mounting plugin GameplayTagsEditor
LogPluginManager: Mounting plugin GeometryMode
LogPluginManager: Mounting plugin MaterialAnalyzer
LogPluginManager: Mounting plugin MobileLauncherProfileWizard
LogPluginManager: Mounting plugin PluginBrowser
LogPluginManager: Mounting plugin SpeedTreeImporter
LogPluginManager: Mounting plugin MacGraphicsSwitching
LogPluginManager: Mounting plugin LuminPlatformFeatures
LogPluginManager: Mounting plugin MagicLeap
LogPluginManager: Mounting plugin MagicLeapLightEstimation
LogPluginManager: Mounting plugin AlembicImporter
LogPluginManager: Mounting plugin BackChannel
LogPluginManager: Mounting plugin MagicLeapMedia
LogPluginManager: Mounting plugin ChaosCloth
LogPluginManager: Mounting plugin ChaosEditor
LogPluginManager: Mounting plugin ChaosClothEditor
LogPluginManager: Mounting plugin ChaosNiagara
LogPluginManager: Mounting plugin MagicLeapPassableWorld
LogPluginManager: Mounting plugin ChaosSolverPlugin
LogPluginManager: Mounting plugin CharacterAI
LogPluginManager: Mounting plugin MLSDK
LogPluginManager: Mounting plugin GeometryCache
LogPluginManager: Mounting plugin GeometryCollectionPlugin
LogPluginManager: Mounting plugin DatasmithContent
LogPluginManager: Mounting plugin AndroidMedia
LogPluginManager: Mounting plugin AvfMedia
LogPluginManager: Mounting plugin ImgMedia
LogPluginManager: Mounting plugin MediaCompositing
LogPluginManager: Mounting plugin VariantManagerContent
LogPluginManager: Mounting plugin AutomationUtils
LogPluginManager: Mounting plugin MediaPlayerEditor
LogPluginManager: Mounting plugin WmfMedia
LogPluginManager: Mounting plugin GeometryProcessing
LogPluginManager: Mounting plugin MotoSynth
LogPluginManager: Mounting plugin OpenImageDenoise
LogPluginManager: Mounting plugin PlatformCrypto
LogPluginManager: Mounting plugin WebMMedia
LogPluginManager: Mounting plugin PlanarCut
LogPluginManager: Mounting plugin ProxyLODPlugin
LogPluginManager: Mounting plugin PythonScriptPlugin
LogPluginManager: Mounting plugin SkeletalReduction
LogPluginManager: Mounting plugin TcpMessaging
LogPluginManager: Mounting plugin UdpMessaging
LogPluginManager: Mounting plugin LevelSequenceEditor
LogPluginManager: Mounting plugin ActorSequence
LogPluginManager: Mounting plugin MatineeToLevelSequence
LogPluginManager: Mounting plugin TemplateSequence
LogPluginManager: Mounting plugin LauncherChunkInstaller
LogPluginManager: Mounting plugin ScreenshotTools
LogPluginManager: Mounting plugin ActorLayerUtilities
LogPluginManager: Mounting plugin AndroidMoviePlayer
LogPluginManager: Mounting plugin AndroidPermission
LogPluginManager: Mounting plugin AndroidDeviceProfileSelector
LogPluginManager: Mounting plugin AppleImageUtils
LogPluginManager: Mounting plugin AppleMoviePlayer
LogPluginManager: Mounting plugin ArchVisCharacter
LogPluginManager: Mounting plugin AssetTags
LogPluginManager: Mounting plugin AudioCapture
LogPluginManager: Mounting plugin AudioSynesthesia
LogPluginManager: Mounting plugin ChunkDownloader
LogPluginManager: Mounting plugin CableComponent
LogPluginManager: Mounting plugin CustomMeshComponent
LogPluginManager: Mounting plugin EditableMesh
LogPluginManager: Mounting plugin ExampleDeviceProfileSelector
LogPluginManager: Mounting plugin GoogleCloudMessaging
LogPluginManager: Mounting plugin GooglePAD
LogPluginManager: Mounting plugin Takes
LogPluginManager: Mounting plugin IOSDeviceProfileSelector
LogPluginManager: Mounting plugin LinuxDeviceProfileSelector
LogPluginManager: Mounting plugin LocationServicesBPLibrary
LogPluginManager: Mounting plugin MobilePatchingUtils
LogPluginManager: Mounting plugin OpenXR
LogPluginManager: Mounting plugin OpenXREyeTracker
LogPluginManager: Mounting plugin PhysXVehicles
LogPluginManager: Mounting plugin PostSplashScreen
LogPluginManager: Mounting plugin ProceduralMeshComponent
LogPluginManager: Mounting plugin PropertyAccessEditor
LogPluginManager: Mounting plugin OpenXRHandTracking
LogPluginManager: Mounting plugin RuntimePhysXCooking
LogPluginManager: Mounting plugin SignificanceManager
LogPluginManager: Mounting plugin Synthesis
LogPluginManager: Mounting plugin WebMMoviePlayer
LogPluginManager: Mounting plugin SoundFields
LogPluginManager: Mounting plugin WindowsMoviePlayer
LogPluginManager: Mounting plugin CameraShakePreviewer
LogPluginManager: Mounting plugin GameplayCameras
LogPluginManager: Mounting plugin OnlineSubsystem
LogPluginManager: Mounting plugin OnlineSubsystemNull
LogPluginManager: Mounting plugin OnlineSubsystemUtils
LogPluginManager: Mounting plugin ContentBrowserAssetDataSource
LogPluginManager: Mounting plugin ContentBrowserFileDataSource
LogPluginManager: Mounting plugin ContentBrowserClassDataSource
LogPluginManager: Mounting plugin OculusVR
LogPluginManager: Mounting plugin SteamVR
LogPluginManager: Mounting plugin OnlineSubsystemGooglePlay
LogPluginManager: Mounting plugin OnlineSubsystemIOS
PixWinPlugin: PIX capture plugin failed to initialize! Check that the process is launched from PIX.
LogInit: Using libcurl 7.55.1-DEV
LogInit:  - built for x86_64-pc-win32
LogInit:  - supports SSL with OpenSSL/1.1.1
LogInit:  - supports HTTP deflate (compression) using libz 1.2.8
LogInit:  - other features:
LogInit:      CURL_VERSION_SSL
LogInit:      CURL_VERSION_LIBZ
LogInit:      CURL_VERSION_IPV6
LogInit:      CURL_VERSION_ASYNCHDNS
LogInit:      CURL_VERSION_LARGEFILE
LogInit:      CURL_VERSION_IDN
LogInit:  CurlRequestOptions (configurable via config and command line):
LogInit:  - bVerifyPeer = true  - Libcurl will verify peer certificate
LogInit:  - bUseHttpProxy = false  - Libcurl will NOT use HTTP proxy
LogInit:  - bDontReuseConnections = false  - Libcurl will reuse connections
LogInit:  - MaxHostConnections = 16  - Libcurl will limit the number of connections to a host
LogInit:  - LocalHostAddr = Default
LogInit:  - BufferSize = 65536
LogOnline: OSS: Creating online subsystem instance for: NULL
LogInit: WinSock: version 1.1 (2.2), MaxSocks=32767, MaxUdp=65467
LogOnline: OSS: TryLoadSubsystemAndSetDefault: Loaded subsystem for module [NULL]
LogOculusPluginWrapper: OculusPlugin initialized successfully
LogHMD: Failed initializing OVRPlugin 1.59.0
LogInit: Build: ++UE4+Release-4.27-CL-18319896
LogInit: Engine Version: 4.27.2-18319896+++UE4+Release-4.27
LogInit: Compatible Engine Version: 4.27.0-17155196+++UE4+Release-4.27
LogInit: Net CL: 17155196
LogInit: OS: Windows 10 (Release 2009) (), CPU: Intel(R) Core(TM) i7-8750H CPU @ 2.20GHz, GPU: NVIDIA Quadro P2000
LogInit: Compiled (64-bit): Nov 30 2021 07:12:08
LogInit: Compiled with Visual C++: 19.24.28315.00
LogInit: Build Configuration: Development
LogInit: Branch Name: ++UE4+Release-4.27
LogInit: Command Line:  /Game/Levels/SnakeRetro -game -PIEVIACONSOLE -Multiprocess "GameUserSettingsINI=C:/Users/gosorio/Documents/Unreal Projects/midterm/Saved/Config/Windows/PIEGameUserSettings0.ini" -MultiprocessSaveConfig -forcepassthrough -messaging -SessionName="Play in Standalone Game" -windowed -ResX=1280 -ResY=720
LogInit: Base Directory: C:/Program Files/Epic Games/UE_4.27/Engine/Binaries/Win64/
LogInit: Allocator: TBB
LogInit: Installed Engine Build: 1
LogDevObjectVersion: Number of dev versions registered: 29
LogDevObjectVersion:   Dev-Blueprints (B0D832E4-1F89-4F0D-ACCF-7EB736FD4AA2): 10
LogDevObjectVersion:   Dev-Build (E1C64328-A22C-4D53-A36C-8E866417BD8C): 0
LogDevObjectVersion:   Dev-Core (375EC13C-06E4-48FB-B500-84F0262A717E): 4
LogDevObjectVersion:   Dev-Editor (E4B068ED-F494-42E9-A231-DA0B2E46BB41): 40
LogDevObjectVersion:   Dev-Framework (CFFC743F-43B0-4480-9391-14DF171D2073): 37
LogDevObjectVersion:   Dev-Mobile (B02B49B5-BB20-44E9-A304-32B752E40360): 3
LogDevObjectVersion:   Dev-Networking (A4E4105C-59A1-49B5-A7C5-40C4547EDFEE): 0
LogDevObjectVersion:   Dev-Online (39C831C9-5AE6-47DC-9A44-9C173E1C8E7C): 0
LogDevObjectVersion:   Dev-Physics (78F01B33-EBEA-4F98-B9B4-84EACCB95AA2): 14
LogDevObjectVersion:   Dev-Platform (6631380F-2D4D-43E0-8009-CF276956A95A): 0
LogDevObjectVersion:   Dev-Rendering (12F88B9F-8875-4AFC-A67C-D90C383ABD29): 45
LogDevObjectVersion:   Dev-Sequencer (7B5AE74C-D270-4C10-A958-57980B212A5A): 13
LogDevObjectVersion:   Dev-VR (D7296918-1DD6-4BDD-9DE2-64A83CC13884): 3
LogDevObjectVersion:   Dev-LoadTimes (C2A15278-BFE7-4AFE-6C17-90FF531DF755): 1
LogDevObjectVersion:   Private-Geometry (6EACA3D4-40EC-4CC1-B786-8BED09428FC5): 3
LogDevObjectVersion:   Dev-AnimPhys (29E575DD-E0A3-4627-9D10-D276232CDCEA): 17
LogDevObjectVersion:   Dev-Anim (AF43A65D-7FD3-4947-9873-3E8ED9C1BB05): 15
LogDevObjectVersion:   Dev-ReflectionCapture (6B266CEC-1EC7-4B8F-A30B-E4D90942FC07): 1
LogDevObjectVersion:   Dev-Automation (0DF73D61-A23F-47EA-B727-89E90C41499A): 1
LogDevObjectVersion:   FortniteMain (601D1886-AC64-4F84-AA16-D3DE0DEAC7D6): 47
LogDevObjectVersion:   FortniteRelease (E7086368-6B23-4C58-8439-1B7016265E91): 1
LogDevObjectVersion:   Dev-Enterprise (9DFFBCD6-494F-0158-E221-12823C92A888): 10
LogDevObjectVersion:   Dev-Niagara (F2AED0AC-9AFE-416F-8664-AA7FFA26D6FC): 1
LogDevObjectVersion:   Dev-Destruction (174F1F0B-B4C6-45A5-B13F-2EE8D0FB917D): 10
LogDevObjectVersion:   Dev-Physics-Ext (35F94A83-E258-406C-A318-09F59610247C): 41
LogDevObjectVersion:   Dev-PhysicsMaterial-Chaos (B68FC16E-8B1B-42E2-B453-215C058844FE): 1
LogDevObjectVersion:   Dev-CineCamera (B2E18506-4273-CFC2-A54E-F4BB758BBA07): 1
LogDevObjectVersion:   Dev-VirtualProduction (64F58936-FD1B-42BA-BA96-7289D5D0FA4E): 1
LogDevObjectVersion:   Dev-MediaFramework (6F0ED827-A609-4895-9C91-998D90180EA4): 2
LogInit: Presizing for max 25165824 objects, including 0 objects not considered by GC, pre-allocating 0 bytes for permanent pool.
LogConfig: Applying CVar settings from Section [/Script/Engine.StreamingSettings] File [C:/Users/gosorio/Documents/Unreal Projects/midterm/Saved/Config/Windows/Engine.ini]
LogConfig: Setting CVar [[s.MinBulkDataSizeForAsyncLoading:131072]]
LogConfig: Setting CVar [[s.AsyncLoadingThreadEnabled:0]]
LogConfig: Setting CVar [[s.EventDrivenLoaderEnabled:1]]
LogConfig: Setting CVar [[s.WarnIfTimeLimitExceeded:0]]
LogConfig: Setting CVar [[s.TimeLimitExceededMultiplier:1.5]]
LogConfig: Setting CVar [[s.TimeLimitExceededMinTime:0.005]]
LogConfig: Setting CVar [[s.UseBackgroundLevelStreaming:1]]
LogConfig: Setting CVar [[s.PriorityAsyncLoadingExtraTime:15.0]]
LogConfig: Setting CVar [[s.LevelStreamingActorsUpdateTimeLimit:5.0]]
LogConfig: Setting CVar [[s.PriorityLevelStreamingActorsUpdateExtraTime:5.0]]
LogConfig: Setting CVar [[s.LevelStreamingComponentsRegistrationGranularity:10]]
LogConfig: Setting CVar [[s.UnregisterComponentsTimeLimit:1.0]]
LogConfig: Setting CVar [[s.LevelStreamingComponentsUnregistrationGranularity:5]]
LogConfig: Setting CVar [[s.FlushStreamingOnExit:1]]
LogInit: Object subsystem initialized
LogConfig: Setting CVar [[con.DebugEarlyDefault:1]]
LogConfig: Setting CVar [[r.setres:1280x720]]
[2022.11.02-19.54.40:238][  0]LogConfig: Setting CVar [[con.DebugEarlyDefault:1]]
[2022.11.02-19.54.40:238][  0]LogConfig: Setting CVar [[r.setres:1280x720]]
[2022.11.02-19.54.40:238][  0]LogConfig: Applying CVar settings from Section [/Script/Engine.RendererSettings] File [C:/Users/gosorio/Documents/Unreal Projects/midterm/Saved/Config/Windows/Engine.ini]
[2022.11.02-19.54.40:238][  0]LogConfig: Setting CVar [[r.GPUCrashDebugging:0]]
[2022.11.02-19.54.40:238][  0]LogConfig: Setting CVar [[r.DefaultFeature.MotionBlur:0]]
[2022.11.02-19.54.40:238][  0]LogConfig: Applying CVar settings from Section [/Script/Engine.RendererOverrideSettings] File [C:/Users/gosorio/Documents/Unreal Projects/midterm/Saved/Config/Windows/Engine.ini]
[2022.11.02-19.54.40:238][  0]LogConfig: Applying CVar settings from Section [/Script/Engine.StreamingSettings] File [C:/Users/gosorio/Documents/Unreal Projects/midterm/Saved/Config/Windows/Engine.ini]
[2022.11.02-19.54.40:238][  0]LogConfig: Setting CVar [[s.MinBulkDataSizeForAsyncLoading:131072]]
[2022.11.02-19.54.40:238][  0]LogConfig: Setting CVar [[s.AsyncLoadingThreadEnabled:0]]
[2022.11.02-19.54.40:238][  0]LogConfig: Setting CVar [[s.EventDrivenLoaderEnabled:1]]
[2022.11.02-19.54.40:238][  0]LogConfig: Setting CVar [[s.WarnIfTimeLimitExceeded:0]]
[2022.11.02-19.54.40:238][  0]LogConfig: Setting CVar [[s.TimeLimitExceededMultiplier:1.5]]
[2022.11.02-19.54.40:238][  0]LogConfig: Setting CVar [[s.TimeLimitExceededMinTime:0.005]]
[2022.11.02-19.54.40:238][  0]LogConfig: Setting CVar [[s.UseBackgroundLevelStreaming:1]]
[2022.11.02-19.54.40:238][  0]LogConfig: Setting CVar [[s.PriorityAsyncLoadingExtraTime:15.0]]
[2022.11.02-19.54.40:238][  0]LogConfig: Setting CVar [[s.LevelStreamingActorsUpdateTimeLimit:5.0]]
[2022.11.02-19.54.40:238][  0]LogConfig: Setting CVar [[s.PriorityLevelStreamingActorsUpdateExtraTime:5.0]]
[2022.11.02-19.54.40:238][  0]LogConfig: Setting CVar [[s.LevelStreamingComponentsRegistrationGranularity:10]]
[2022.11.02-19.54.40:239][  0]LogConfig: Setting CVar [[s.UnregisterComponentsTimeLimit:1.0]]
[2022.11.02-19.54.40:239][  0]LogConfig: Setting CVar [[s.LevelStreamingComponentsUnregistrationGranularity:5]]
[2022.11.02-19.54.40:239][  0]LogConfig: Setting CVar [[s.FlushStreamingOnExit:1]]
[2022.11.02-19.54.40:239][  0]LogConfig: Applying CVar settings from Section [/Script/Engine.GarbageCollectionSettings] File [C:/Users/gosorio/Documents/Unreal Projects/midterm/Saved/Config/Windows/Engine.ini]
[2022.11.02-19.54.40:239][  0]LogConfig: Setting CVar [[gc.MaxObjectsNotConsideredByGC:1]]
[2022.11.02-19.54.40:239][  0]LogConfig: Setting CVar [[gc.SizeOfPermanentObjectPool:0]]
[2022.11.02-19.54.40:239][  0]LogConfig: Setting CVar [[gc.FlushStreamingOnGC:0]]
[2022.11.02-19.54.40:239][  0]LogConfig: Setting CVar [[gc.NumRetriesBeforeForcingGC:10]]
[2022.11.02-19.54.40:239][  0]LogConfig: Setting CVar [[gc.AllowParallelGC:1]]
[2022.11.02-19.54.40:239][  0]LogConfig: Setting CVar [[gc.TimeBetweenPurgingPendingKillObjects:61.1]]
[2022.11.02-19.54.40:239][  0]LogConfig: Setting CVar [[gc.MaxObjectsInEditor:25165824]]
[2022.11.02-19.54.40:239][  0]LogConfig: Setting CVar [[gc.IncrementalBeginDestroyEnabled:1]]
[2022.11.02-19.54.40:239][  0]LogConfig: Setting CVar [[gc.CreateGCClusters:1]]
[2022.11.02-19.54.40:239][  0]LogConfig: Setting CVar [[gc.MinGCClusterSize:5]]
[2022.11.02-19.54.40:239][  0]LogConfig: Setting CVar [[gc.ActorClusteringEnabled:0]]
[2022.11.02-19.54.40:239][  0]LogConfig: Setting CVar [[gc.BlueprintClusteringEnabled:0]]
[2022.11.02-19.54.40:239][  0]LogConfig: Setting CVar [[gc.UseDisregardForGCOnDedicatedServers:0]]
[2022.11.02-19.54.40:239][  0]LogConfig: Setting CVar [[gc.MultithreadedDestructionEnabled:1]]
[2022.11.02-19.54.40:239][  0]LogConfig: Applying CVar settings from Section [/Script/Engine.NetworkSettings] File [C:/Users/gosorio/Documents/Unreal Projects/midterm/Saved/Config/Windows/Engine.ini]
[2022.11.02-19.54.40:239][  0]LogConfig: Applying CVar settings from Section [/Script/UnrealEd.CookerSettings] File [C:/Users/gosorio/Documents/Unreal Projects/midterm/Saved/Config/Windows/Engine.ini]
[2022.11.02-19.54.40:256][  0]LogConfig: Applying CVar settings from Section [ViewDistanceQuality@3] File [C:/Users/gosorio/Documents/Unreal Projects/midterm/Saved/Config/Windows/Scalability.ini]
[2022.11.02-19.54.40:256][  0]LogConfig: Setting CVar [[r.SkeletalMeshLODBias:0]]
[2022.11.02-19.54.40:256][  0]LogConfig: Setting CVar [[r.ViewDistanceScale:1.0]]
[2022.11.02-19.54.40:256][  0]LogConfig: Applying CVar settings from Section [AntiAliasingQuality@3] File [C:/Users/gosorio/Documents/Unreal Projects/midterm/Saved/Config/Windows/Scalability.ini]
[2022.11.02-19.54.40:256][  0]LogConfig: Setting CVar [[r.PostProcessAAQuality:4]]
[2022.11.02-19.54.40:256][  0]LogConfig: Applying CVar settings from Section [ShadowQuality@3] File [C:/Users/gosorio/Documents/Unreal Projects/midterm/Saved/Config/Windows/Scalability.ini]
[2022.11.02-19.54.40:256][  0]LogConfig: Setting CVar [[r.LightFunctionQuality:1]]
[2022.11.02-19.54.40:256][  0]LogConfig: Setting CVar [[r.ShadowQuality:5]]
[2022.11.02-19.54.40:256][  0]LogConfig: Setting CVar [[r.Shadow.CSM.MaxCascades:10]]
[2022.11.02-19.54.40:256][  0]LogConfig: Setting CVar [[r.Shadow.MaxResolution:2048]]
[2022.11.02-19.54.40:256][  0]LogConfig: Setting CVar [[r.Shadow.MaxCSMResolution:2048]]
[2022.11.02-19.54.40:256][  0]LogConfig: Setting CVar [[r.Shadow.RadiusThreshold:0.01]]
[2022.11.02-19.54.40:256][  0]LogConfig: Setting CVar [[r.Shadow.DistanceScale:1.0]]
[2022.11.02-19.54.40:256][  0]LogConfig: Setting CVar [[r.Shadow.CSM.TransitionScale:1.0]]
[2022.11.02-19.54.40:256][  0]LogConfig: Setting CVar [[r.Shadow.PreShadowResolutionFactor:1.0]]
[2022.11.02-19.54.40:256][  0]LogConfig: Setting CVar [[r.DistanceFieldShadowing:1]]
[2022.11.02-19.54.40:256][  0]LogConfig: Setting CVar [[r.DistanceFieldAO:1]]
[2022.11.02-19.54.40:256][  0]LogConfig: Setting CVar [[r.AOQuality:2]]
[2022.11.02-19.54.40:256][  0]LogConfig: Setting CVar [[r.VolumetricFog:1]]
[2022.11.02-19.54.40:257][  0]LogConfig: Setting CVar [[r.VolumetricFog.GridPixelSize:8]]
[2022.11.02-19.54.40:257][  0]LogConfig: Setting CVar [[r.VolumetricFog.GridSizeZ:128]]
[2022.11.02-19.54.40:257][  0]LogConfig: Setting CVar [[r.VolumetricFog.HistoryMissSupersampleCount:4]]
[2022.11.02-19.54.40:257][  0]LogConfig: Setting CVar [[r.LightMaxDrawDistanceScale:1]]
[2022.11.02-19.54.40:257][  0]LogConfig: Setting CVar [[r.CapsuleShadows:1]]
[2022.11.02-19.54.40:257][  0]LogConfig: Applying CVar settings from Section [PostProcessQuality@3] File [C:/Users/gosorio/Documents/Unreal Projects/midterm/Saved/Config/Windows/Scalability.ini]
[2022.11.02-19.54.40:257][  0]LogConfig: Setting CVar [[r.MotionBlurQuality:4]]
[2022.11.02-19.54.40:257][  0]LogConfig: Setting CVar [[r.AmbientOcclusionMipLevelFactor:0.4]]
[2022.11.02-19.54.40:257][  0]LogConfig: Setting CVar [[r.AmbientOcclusionMaxQuality:100]]
[2022.11.02-19.54.40:257][  0]LogConfig: Setting CVar [[r.AmbientOcclusionLevels:-1]]
[2022.11.02-19.54.40:257][  0]LogConfig: Setting CVar [[r.AmbientOcclusionRadiusScale:1.0]]
[2022.11.02-19.54.40:257][  0]LogConfig: Setting CVar [[r.DepthOfFieldQuality:2]]
[2022.11.02-19.54.40:257][  0]LogConfig: Setting CVar [[r.RenderTargetPoolMin:400]]
[2022.11.02-19.54.40:257][  0]LogConfig: Setting CVar [[r.LensFlareQuality:2]]
[2022.11.02-19.54.40:257][  0]LogConfig: Setting CVar [[r.SceneColorFringeQuality:1]]
[2022.11.02-19.54.40:257][  0]LogConfig: Setting CVar [[r.EyeAdaptationQuality:2]]
[2022.11.02-19.54.40:257][  0]LogConfig: Setting CVar [[r.BloomQuality:5]]
[2022.11.02-19.54.40:257][  0]LogConfig: Setting CVar [[r.FastBlurThreshold:100]]
[2022.11.02-19.54.40:257][  0]LogConfig: Setting CVar [[r.Upscale.Quality:3]]
[2022.11.02-19.54.40:257][  0]LogConfig: Setting CVar [[r.Tonemapper.GrainQuantization:1]]
[2022.11.02-19.54.40:257][  0]LogConfig: Setting CVar [[r.LightShaftQuality:1]]
[2022.11.02-19.54.40:257][  0]LogConfig: Setting CVar [[r.Filter.SizeScale:1]]
[2022.11.02-19.54.40:257][  0]LogConfig: Setting CVar [[r.Tonemapper.Quality:5]]
[2022.11.02-19.54.40:257][  0]LogConfig: Setting CVar [[r.DOF.Gather.AccumulatorQuality:1        ; higher gathering accumulator quality]]
[2022.11.02-19.54.40:257][  0]LogConfig: Setting CVar [[r.DOF.Gather.PostfilterMethod:1          ; Median3x3 postfilering method]]
[2022.11.02-19.54.40:257][  0]LogConfig: Setting CVar [[r.DOF.Gather.EnableBokehSettings:0       ; no bokeh simulation when gathering]]
[2022.11.02-19.54.40:257][  0]LogConfig: Setting CVar [[r.DOF.Gather.RingCount:4                 ; medium number of samples when gathering]]
[2022.11.02-19.54.40:257][  0]LogConfig: Setting CVar [[r.DOF.Scatter.ForegroundCompositing:1    ; additive foreground scattering]]
[2022.11.02-19.54.40:257][  0]LogConfig: Setting CVar [[r.DOF.Scatter.BackgroundCompositing:2    ; additive background scattering]]
[2022.11.02-19.54.40:257][  0]LogConfig: Setting CVar [[r.DOF.Scatter.EnableBokehSettings:1      ; bokeh simulation when scattering]]
[2022.11.02-19.54.40:257][  0]LogConfig: Setting CVar [[r.DOF.Scatter.MaxSpriteRatio:0.1         ; only a maximum of 10% of scattered bokeh]]
[2022.11.02-19.54.40:257][  0]LogConfig: Setting CVar [[r.DOF.Recombine.Quality:1                ; cheap slight out of focus]]
[2022.11.02-19.54.40:257][  0]LogConfig: Setting CVar [[r.DOF.Recombine.EnableBokehSettings:0    ; no bokeh simulation on slight out of focus]]
[2022.11.02-19.54.40:257][  0]LogConfig: Setting CVar [[r.DOF.TemporalAAQuality:1                ; more stable temporal accumulation]]
[2022.11.02-19.54.40:257][  0]LogConfig: Setting CVar [[r.DOF.Kernel.MaxForegroundRadius:0.025]]
[2022.11.02-19.54.40:257][  0]LogConfig: Setting CVar [[r.DOF.Kernel.MaxBackgroundRadius:0.025]]
[2022.11.02-19.54.40:257][  0]LogConfig: Applying CVar settings from Section [TextureQuality@3] File [C:/Users/gosorio/Documents/Unreal Projects/midterm/Saved/Config/Windows/Scalability.ini]
[2022.11.02-19.54.40:257][  0]LogConfig: Setting CVar [[r.Streaming.MipBias:0]]
[2022.11.02-19.54.40:257][  0]LogConfig: Setting CVar [[r.Streaming.AmortizeCPUToGPUCopy:0]]
[2022.11.02-19.54.40:257][  0]LogConfig: Setting CVar [[r.Streaming.MaxNumTexturesToStreamPerFrame:0]]
[2022.11.02-19.54.40:257][  0]LogConfig: Setting CVar [[r.Streaming.Boost:1]]
[2022.11.02-19.54.40:258][  0]LogConfig: Setting CVar [[r.MaxAnisotropy:8]]
[2022.11.02-19.54.40:258][  0]LogConfig: Setting CVar [[r.VT.MaxAnisotropy:8]]
[2022.11.02-19.54.40:258][  0]LogConfig: Setting CVar [[r.Streaming.LimitPoolSizeToVRAM:0]]
[2022.11.02-19.54.40:258][  0]LogConfig: Setting CVar [[r.Streaming.PoolSize:1000]]
[2022.11.02-19.54.40:258][  0]LogConfig: Setting CVar [[r.Streaming.MaxEffectiveScreenSize:0]]
[2022.11.02-19.54.40:258][  0]LogConfig: Applying CVar settings from Section [EffectsQuality@3] File [C:/Users/gosorio/Documents/Unreal Projects/midterm/Saved/Config/Windows/Scalability.ini]
[2022.11.02-19.54.40:258][  0]LogConfig: Setting CVar [[r.TranslucencyLightingVolumeDim:64]]
[2022.11.02-19.54.40:258][  0]LogConfig: Setting CVar [[r.RefractionQuality:2]]
[2022.11.02-19.54.40:258][  0]LogConfig: Setting CVar [[r.SSR.Quality:3]]
[2022.11.02-19.54.40:258][  0]LogConfig: Setting CVar [[r.SSR.HalfResSceneColor:0]]
[2022.11.02-19.54.40:258][  0]LogConfig: Setting CVar [[r.SceneColorFormat:4]]
[2022.11.02-19.54.40:258][  0]LogConfig: Setting CVar [[r.DetailMode:2]]
[2022.11.02-19.54.40:258][  0]LogConfig: Setting CVar [[r.TranslucencyVolumeBlur:1]]
[2022.11.02-19.54.40:258][  0]LogConfig: Setting CVar [[r.MaterialQualityLevel:1 ; High quality]]
[2022.11.02-19.54.40:258][  0]LogConfig: Setting CVar [[r.AnisotropicMaterials:1]]
[2022.11.02-19.54.40:258][  0]LogConfig: Setting CVar [[r.SSS.Scale:1]]
[2022.11.02-19.54.40:258][  0]LogConfig: Setting CVar [[r.SSS.SampleSet:2]]
[2022.11.02-19.54.40:258][  0]LogConfig: Setting CVar [[r.SSS.Quality:1]]
[2022.11.02-19.54.40:258][  0]LogConfig: Setting CVar [[r.SSS.HalfRes:0]]
[2022.11.02-19.54.40:258][  0]LogConfig: Setting CVar [[r.SSGI.Quality:3]]
[2022.11.02-19.54.40:258][  0]LogConfig: Setting CVar [[r.EmitterSpawnRateScale:1.0]]
[2022.11.02-19.54.40:258][  0]LogConfig: Setting CVar [[r.ParticleLightQuality:2]]
[2022.11.02-19.54.40:258][  0]LogConfig: Setting CVar [[r.SkyAtmosphere.AerialPerspectiveLUT.FastApplyOnOpaque:1 ; Always have FastSkyLUT 1 in this case to avoid wrong sky]]
[2022.11.02-19.54.40:258][  0]LogConfig: Setting CVar [[r.SkyAtmosphere.AerialPerspectiveLUT.SampleCountMaxPerSlice:4]]
[2022.11.02-19.54.40:258][  0]LogConfig: Setting CVar [[r.SkyAtmosphere.AerialPerspectiveLUT.DepthResolution:16.0]]
[2022.11.02-19.54.40:258][  0]LogConfig: Setting CVar [[r.SkyAtmosphere.FastSkyLUT:1]]
[2022.11.02-19.54.40:258][  0]LogConfig: Setting CVar [[r.SkyAtmosphere.FastSkyLUT.SampleCountMin:4.0]]
[2022.11.02-19.54.40:258][  0]LogConfig: Setting CVar [[r.SkyAtmosphere.FastSkyLUT.SampleCountMax:128.0]]
[2022.11.02-19.54.40:258][  0]LogConfig: Setting CVar [[r.SkyAtmosphere.SampleCountMin:4.0]]
[2022.11.02-19.54.40:258][  0]LogConfig: Setting CVar [[r.SkyAtmosphere.SampleCountMax:128.0]]
[2022.11.02-19.54.40:258][  0]LogConfig: Setting CVar [[r.SkyAtmosphere.TransmittanceLUT.UseSmallFormat:0]]
[2022.11.02-19.54.40:258][  0]LogConfig: Setting CVar [[r.SkyAtmosphere.TransmittanceLUT.SampleCount:10.0]]
[2022.11.02-19.54.40:258][  0]LogConfig: Setting CVar [[r.SkyAtmosphere.MultiScatteringLUT.SampleCount:15.0]]
[2022.11.02-19.54.40:258][  0]LogConfig: Setting CVar [[r.SkyLight.RealTimeReflectionCapture:1]]
[2022.11.02-19.54.40:258][  0]LogConfig: Applying CVar settings from Section [FoliageQuality@3] File [C:/Users/gosorio/Documents/Unreal Projects/midterm/Saved/Config/Windows/Scalability.ini]
[2022.11.02-19.54.40:258][  0]LogConfig: Setting CVar [[foliage.DensityScale:1.0]]
[2022.11.02-19.54.40:258][  0]LogConfig: Setting CVar [[grass.DensityScale:1.0]]
[2022.11.02-19.54.40:258][  0]LogConfig: Applying CVar settings from Section [ShadingQuality@3] File [C:/Users/gosorio/Documents/Unreal Projects/midterm/Saved/Config/Windows/Scalability.ini]
[2022.11.02-19.54.40:258][  0]LogConfig: Setting CVar [[r.HairStrands.SkyLighting.IntegrationType:2]]
[2022.11.02-19.54.40:258][  0]LogConfig: Setting CVar [[r.HairStrands.SkyAO.SampleCount:4]]
[2022.11.02-19.54.40:258][  0]LogConfig: Setting CVar [[r.HairStrands.Visibility.MSAA.SamplePerPixel:4]]
[2022.11.02-19.54.40:259][  0]LogInit: Selected Device Profile: [Windows]
[2022.11.02-19.54.40:259][  0]LogInit: Applying CVar settings loaded from the selected device profile: [Windows]
[2022.11.02-19.54.40:259][  0]LogHAL: Display: Platform has ~ 16 GB [17018806272 / 17179869184 / 16], which maps to Larger [LargestMinGB=32, LargerMinGB=12, DefaultMinGB=8, SmallerMinGB=6, SmallestMinGB=0)
[2022.11.02-19.54.40:259][  0]LogInit: Going up to parent DeviceProfile []
[2022.11.02-19.54.40:259][  0]LogConfig: Applying CVar settings from Section [ViewDistanceQuality@3] File [C:/Users/gosorio/Documents/Unreal Projects/midterm/Saved/Config/Windows/Scalability.ini]
[2022.11.02-19.54.40:259][  0]LogConfig: Setting CVar [[r.SkeletalMeshLODBias:0]]
[2022.11.02-19.54.40:259][  0]LogConfig: Setting CVar [[r.ViewDistanceScale:1.0]]
[2022.11.02-19.54.40:259][  0]LogConfig: Applying CVar settings from Section [AntiAliasingQuality@3] File [C:/Users/gosorio/Documents/Unreal Projects/midterm/Saved/Config/Windows/Scalability.ini]
[2022.11.02-19.54.40:259][  0]LogConfig: Setting CVar [[r.PostProcessAAQuality:4]]
[2022.11.02-19.54.40:259][  0]LogConfig: Applying CVar settings from Section [ShadowQuality@3] File [C:/Users/gosorio/Documents/Unreal Projects/midterm/Saved/Config/Windows/Scalability.ini]
[2022.11.02-19.54.40:259][  0]LogConfig: Setting CVar [[r.LightFunctionQuality:1]]
[2022.11.02-19.54.40:259][  0]LogConfig: Setting CVar [[r.ShadowQuality:5]]
[2022.11.02-19.54.40:259][  0]LogConfig: Setting CVar [[r.Shadow.CSM.MaxCascades:10]]
[2022.11.02-19.54.40:259][  0]LogConfig: Setting CVar [[r.Shadow.MaxResolution:2048]]
[2022.11.02-19.54.40:259][  0]LogConfig: Setting CVar [[r.Shadow.MaxCSMResolution:2048]]
[2022.11.02-19.54.40:259][  0]LogConfig: Setting CVar [[r.Shadow.RadiusThreshold:0.01]]
[2022.11.02-19.54.40:259][  0]LogConfig: Setting CVar [[r.Shadow.DistanceScale:1.0]]
[2022.11.02-19.54.40:259][  0]LogConfig: Setting CVar [[r.Shadow.CSM.TransitionScale:1.0]]
[2022.11.02-19.54.40:259][  0]LogConfig: Setting CVar [[r.Shadow.PreShadowResolutionFactor:1.0]]
[2022.11.02-19.54.40:259][  0]LogConfig: Setting CVar [[r.DistanceFieldShadowing:1]]
[2022.11.02-19.54.40:259][  0]LogConfig: Setting CVar [[r.DistanceFieldAO:1]]
[2022.11.02-19.54.40:259][  0]LogConfig: Setting CVar [[r.AOQuality:2]]
[2022.11.02-19.54.40:259][  0]LogConfig: Setting CVar [[r.VolumetricFog:1]]
[2022.11.02-19.54.40:259][  0]LogConfig: Setting CVar [[r.VolumetricFog.GridPixelSize:8]]
[2022.11.02-19.54.40:259][  0]LogConfig: Setting CVar [[r.VolumetricFog.GridSizeZ:128]]
[2022.11.02-19.54.40:259][  0]LogConfig: Setting CVar [[r.VolumetricFog.HistoryMissSupersampleCount:4]]
[2022.11.02-19.54.40:259][  0]LogConfig: Setting CVar [[r.LightMaxDrawDistanceScale:1]]
[2022.11.02-19.54.40:259][  0]LogConfig: Setting CVar [[r.CapsuleShadows:1]]
[2022.11.02-19.54.40:259][  0]LogConfig: Applying CVar settings from Section [PostProcessQuality@3] File [C:/Users/gosorio/Documents/Unreal Projects/midterm/Saved/Config/Windows/Scalability.ini]
[2022.11.02-19.54.40:259][  0]LogConfig: Setting CVar [[r.MotionBlurQuality:4]]
[2022.11.02-19.54.40:259][  0]LogConfig: Setting CVar [[r.AmbientOcclusionMipLevelFactor:0.4]]
[2022.11.02-19.54.40:259][  0]LogConfig: Setting CVar [[r.AmbientOcclusionMaxQuality:100]]
[2022.11.02-19.54.40:259][  0]LogConfig: Setting CVar [[r.AmbientOcclusionLevels:-1]]
[2022.11.02-19.54.40:259][  0]LogConfig: Setting CVar [[r.AmbientOcclusionRadiusScale:1.0]]
[2022.11.02-19.54.40:260][  0]LogConfig: Setting CVar [[r.DepthOfFieldQuality:2]]
[2022.11.02-19.54.40:260][  0]LogConfig: Setting CVar [[r.RenderTargetPoolMin:400]]
[2022.11.02-19.54.40:260][  0]LogConfig: Setting CVar [[r.LensFlareQuality:2]]
[2022.11.02-19.54.40:260][  0]LogConfig: Setting CVar [[r.SceneColorFringeQuality:1]]
[2022.11.02-19.54.40:260][  0]LogConfig: Setting CVar [[r.EyeAdaptationQuality:2]]
[2022.11.02-19.54.40:260][  0]LogConfig: Setting CVar [[r.BloomQuality:5]]
[2022.11.02-19.54.40:260][  0]LogConfig: Setting CVar [[r.FastBlurThreshold:100]]
[2022.11.02-19.54.40:260][  0]LogConfig: Setting CVar [[r.Upscale.Quality:3]]
[2022.11.02-19.54.40:260][  0]LogConfig: Setting CVar [[r.Tonemapper.GrainQuantization:1]]
[2022.11.02-19.54.40:260][  0]LogConfig: Setting CVar [[r.LightShaftQuality:1]]
[2022.11.02-19.54.40:260][  0]LogConfig: Setting CVar [[r.Filter.SizeScale:1]]
[2022.11.02-19.54.40:260][  0]LogConfig: Setting CVar [[r.Tonemapper.Quality:5]]
[2022.11.02-19.54.40:260][  0]LogConfig: Setting CVar [[r.DOF.Gather.AccumulatorQuality:1        ; higher gathering accumulator quality]]
[2022.11.02-19.54.40:260][  0]LogConfig: Setting CVar [[r.DOF.Gather.PostfilterMethod:1          ; Median3x3 postfilering method]]
[2022.11.02-19.54.40:260][  0]LogConfig: Setting CVar [[r.DOF.Gather.EnableBokehSettings:0       ; no bokeh simulation when gathering]]
[2022.11.02-19.54.40:260][  0]LogConfig: Setting CVar [[r.DOF.Gather.RingCount:4                 ; medium number of samples when gathering]]
[2022.11.02-19.54.40:260][  0]LogConfig: Setting CVar [[r.DOF.Scatter.ForegroundCompositing:1    ; additive foreground scattering]]
[2022.11.02-19.54.40:260][  0]LogConfig: Setting CVar [[r.DOF.Scatter.BackgroundCompositing:2    ; additive background scattering]]
[2022.11.02-19.54.40:260][  0]LogConfig: Setting CVar [[r.DOF.Scatter.EnableBokehSettings:1      ; bokeh simulation when scattering]]
[2022.11.02-19.54.40:260][  0]LogConfig: Setting CVar [[r.DOF.Scatter.MaxSpriteRatio:0.1         ; only a maximum of 10% of scattered bokeh]]
[2022.11.02-19.54.40:260][  0]LogConfig: Setting CVar [[r.DOF.Recombine.Quality:1                ; cheap slight out of focus]]
[2022.11.02-19.54.40:260][  0]LogConfig: Setting CVar [[r.DOF.Recombine.EnableBokehSettings:0    ; no bokeh simulation on slight out of focus]]
[2022.11.02-19.54.40:260][  0]LogConfig: Setting CVar [[r.DOF.TemporalAAQuality:1                ; more stable temporal accumulation]]
[2022.11.02-19.54.40:260][  0]LogConfig: Setting CVar [[r.DOF.Kernel.MaxForegroundRadius:0.025]]
[2022.11.02-19.54.40:260][  0]LogConfig: Setting CVar [[r.DOF.Kernel.MaxBackgroundRadius:0.025]]
[2022.11.02-19.54.40:260][  0]LogConfig: Applying CVar settings from Section [TextureQuality@3] File [C:/Users/gosorio/Documents/Unreal Projects/midterm/Saved/Config/Windows/Scalability.ini]
[2022.11.02-19.54.40:260][  0]LogConfig: Setting CVar [[r.Streaming.MipBias:0]]
[2022.11.02-19.54.40:260][  0]LogConfig: Setting CVar [[r.Streaming.AmortizeCPUToGPUCopy:0]]
[2022.11.02-19.54.40:260][  0]LogConfig: Setting CVar [[r.Streaming.MaxNumTexturesToStreamPerFrame:0]]
[2022.11.02-19.54.40:260][  0]LogConfig: Setting CVar [[r.Streaming.Boost:1]]
[2022.11.02-19.54.40:261][  0]LogConfig: Setting CVar [[r.MaxAnisotropy:8]]
[2022.11.02-19.54.40:261][  0]LogConfig: Setting CVar [[r.VT.MaxAnisotropy:8]]
[2022.11.02-19.54.40:261][  0]LogConfig: Setting CVar [[r.Streaming.LimitPoolSizeToVRAM:0]]
[2022.11.02-19.54.40:261][  0]LogConfig: Setting CVar [[r.Streaming.PoolSize:1000]]
[2022.11.02-19.54.40:261][  0]LogConfig: Setting CVar [[r.Streaming.MaxEffectiveScreenSize:0]]
[2022.11.02-19.54.40:261][  0]LogConfig: Applying CVar settings from Section [EffectsQuality@3] File [C:/Users/gosorio/Documents/Unreal Projects/midterm/Saved/Config/Windows/Scalability.ini]
[2022.11.02-19.54.40:261][  0]LogConfig: Setting CVar [[r.TranslucencyLightingVolumeDim:64]]
[2022.11.02-19.54.40:261][  0]LogConfig: Setting CVar [[r.RefractionQuality:2]]
[2022.11.02-19.54.40:261][  0]LogConfig: Setting CVar [[r.SSR.Quality:3]]
[2022.11.02-19.54.40:261][  0]LogConfig: Setting CVar [[r.SSR.HalfResSceneColor:0]]
[2022.11.02-19.54.40:261][  0]LogConfig: Setting CVar [[r.SceneColorFormat:4]]
[2022.11.02-19.54.40:261][  0]LogConfig: Setting CVar [[r.DetailMode:2]]
[2022.11.02-19.54.40:261][  0]LogConfig: Setting CVar [[r.TranslucencyVolumeBlur:1]]
[2022.11.02-19.54.40:261][  0]LogConfig: Setting CVar [[r.MaterialQualityLevel:1 ; High quality]]
[2022.11.02-19.54.40:261][  0]LogConfig: Setting CVar [[r.AnisotropicMaterials:1]]
[2022.11.02-19.54.40:261][  0]LogConfig: Setting CVar [[r.SSS.Scale:1]]
[2022.11.02-19.54.40:261][  0]LogConfig: Setting CVar [[r.SSS.SampleSet:2]]
[2022.11.02-19.54.40:261][  0]LogConfig: Setting CVar [[r.SSS.Quality:1]]
[2022.11.02-19.54.40:261][  0]LogConfig: Setting CVar [[r.SSS.HalfRes:0]]
[2022.11.02-19.54.40:261][  0]LogConfig: Setting CVar [[r.SSGI.Quality:3]]
[2022.11.02-19.54.40:261][  0]LogConfig: Setting CVar [[r.EmitterSpawnRateScale:1.0]]
[2022.11.02-19.54.40:261][  0]LogConfig: Setting CVar [[r.ParticleLightQuality:2]]
[2022.11.02-19.54.40:261][  0]LogConfig: Setting CVar [[r.SkyAtmosphere.AerialPerspectiveLUT.FastApplyOnOpaque:1 ; Always have FastSkyLUT 1 in this case to avoid wrong sky]]
[2022.11.02-19.54.40:261][  0]LogConfig: Setting CVar [[r.SkyAtmosphere.AerialPerspectiveLUT.SampleCountMaxPerSlice:4]]
[2022.11.02-19.54.40:261][  0]LogConfig: Setting CVar [[r.SkyAtmosphere.AerialPerspectiveLUT.DepthResolution:16.0]]
[2022.11.02-19.54.40:261][  0]LogConfig: Setting CVar [[r.SkyAtmosphere.FastSkyLUT:1]]
[2022.11.02-19.54.40:262][  0]LogConfig: Setting CVar [[r.SkyAtmosphere.FastSkyLUT.SampleCountMin:4.0]]
[2022.11.02-19.54.40:262][  0]LogConfig: Setting CVar [[r.SkyAtmosphere.FastSkyLUT.SampleCountMax:128.0]]
[2022.11.02-19.54.40:262][  0]LogConfig: Setting CVar [[r.SkyAtmosphere.SampleCountMin:4.0]]
[2022.11.02-19.54.40:262][  0]LogConfig: Setting CVar [[r.SkyAtmosphere.SampleCountMax:128.0]]
[2022.11.02-19.54.40:262][  0]LogConfig: Setting CVar [[r.SkyAtmosphere.TransmittanceLUT.UseSmallFormat:0]]
[2022.11.02-19.54.40:262][  0]LogConfig: Setting CVar [[r.SkyAtmosphere.TransmittanceLUT.SampleCount:10.0]]
[2022.11.02-19.54.40:262][  0]LogConfig: Setting CVar [[r.SkyAtmosphere.MultiScatteringLUT.SampleCount:15.0]]
[2022.11.02-19.54.40:262][  0]LogConfig: Setting CVar [[r.SkyLight.RealTimeReflectionCapture:1]]
[2022.11.02-19.54.40:262][  0]LogConfig: Applying CVar settings from Section [FoliageQuality@3] File [C:/Users/gosorio/Documents/Unreal Projects/midterm/Saved/Config/Windows/Scalability.ini]
[2022.11.02-19.54.40:262][  0]LogConfig: Setting CVar [[foliage.DensityScale:1.0]]
[2022.11.02-19.54.40:262][  0]LogConfig: Setting CVar [[grass.DensityScale:1.0]]
[2022.11.02-19.54.40:262][  0]LogConfig: Applying CVar settings from Section [ShadingQuality@3] File [C:/Users/gosorio/Documents/Unreal Projects/midterm/Saved/Config/Windows/Scalability.ini]
[2022.11.02-19.54.40:262][  0]LogConfig: Setting CVar [[r.HairStrands.SkyLighting.IntegrationType:2]]
[2022.11.02-19.54.40:262][  0]LogConfig: Setting CVar [[r.HairStrands.SkyAO.SampleCount:4]]
[2022.11.02-19.54.40:262][  0]LogConfig: Setting CVar [[r.HairStrands.Visibility.MSAA.SamplePerPixel:4]]
[2022.11.02-19.54.40:262][  0]LogConfig: Applying CVar settings from Section [Startup] File [../../../Engine/Config/ConsoleVariables.ini]
[2022.11.02-19.54.40:263][  0]LogConfig: Setting CVar [[net.UseAdaptiveNetUpdateFrequency:0]]
[2022.11.02-19.54.40:263][  0]LogConfig: Setting CVar [[p.chaos.AllowCreatePhysxBodies:1]]
[2022.11.02-19.54.40:263][  0]LogConfig: Setting CVar [[fx.SkipVectorVMBackendOptimizations:1]]
[2022.11.02-19.54.40:263][  0]LogConfig: Applying CVar settings from Section [ConsoleVariables] File [C:/Users/gosorio/Documents/Unreal Projects/midterm/Saved/Config/Windows/Engine.ini]
[2022.11.02-19.54.40:263][  0]LogConfig: Applying CVar settings from Section [ConsoleVariables] File [C:/Users/gosorio/Documents/Unreal Projects/midterm/Saved/Config/Windows/Editor.ini]
[2022.11.02-19.54.40:263][  0]LogInit: Computer: 5CD911CWQ8
[2022.11.02-19.54.40:263][  0]LogInit: User: gosorio
[2022.11.02-19.54.40:263][  0]LogInit: CPU Page size=4096, Cores=6
[2022.11.02-19.54.40:263][  0]LogInit: High frequency timer resolution =10.000000 MHz
[2022.11.02-19.54.40:264][  0]LogMemory: Memory total: Physical=15.8GB (16GB approx)
[2022.11.02-19.54.40:264][  0]LogMemory: Platform Memory Stats for Windows
[2022.11.02-19.54.40:264][  0]LogMemory: Process Physical Memory: 145.27 MB used, 145.27 MB peak
[2022.11.02-19.54.40:264][  0]LogMemory: Process Virtual Memory: 122.29 MB used, 122.29 MB peak
[2022.11.02-19.54.40:264][  0]LogMemory: Physical Memory: 9666.68 MB used,  6563.72 MB free, 16230.40 MB total
[2022.11.02-19.54.40:264][  0]LogMemory: Virtual Memory: 134213984.00 MB used,  3741.08 MB free, 134217728.00 MB total
[2022.11.02-19.54.40:281][  0]LogWindows: WindowsPlatformFeatures enabled
[2022.11.02-19.54.40:360][  0]LogInit: Physics initialised using underlying interface: PhysX
[2022.11.02-19.54.40:361][  0]LogInit: Using OS detected language (en-US).
[2022.11.02-19.54.40:361][  0]LogInit: Using OS detected locale (en-US).
[2022.11.02-19.54.40:375][  0]LogTextLocalizationManager: No specific localization for 'en-US' exists, so the 'en' localization will be used.
[2022.11.02-19.54.40:782][  0]LogWindowsTextInputMethodSystem: Display: IME system deactivated.
[2022.11.02-19.54.40:822][  0]LogSlate: New Slate User Created.  User Index 0, Is Virtual User: 0
[2022.11.02-19.54.40:822][  0]LogSlate: Slate User Registered.  User Index 0, Is Virtual User: 0
[2022.11.02-19.54.40:854][  0]LogD3D11RHI: Loaded GFSDK_Aftermath_Lib.x64.dll
[2022.11.02-19.54.40:864][  0]LogHMD: Failed to initialize OpenVR with code 110
[2022.11.02-19.54.40:865][  0]LogD3D11RHI: D3D11 min allowed feature level: 11_0
[2022.11.02-19.54.40:865][  0]LogD3D11RHI: D3D11 max allowed feature level: 11_0
[2022.11.02-19.54.40:865][  0]LogD3D11RHI: D3D11 adapters:
[2022.11.02-19.54.41:018][  0]LogD3D11RHI:    0. 'NVIDIA Quadro P2000' (Feature Level 11_0)
[2022.11.02-19.54.41:018][  0]LogD3D11RHI:       4019/0/8115 MB DedicatedVideo/DedicatedSystem/SharedSystem, Outputs:1, VendorId:0x10de
[2022.11.02-19.54.41:022][  0]LogD3D11RHI:    1. 'Microsoft Basic Render Driver' (Feature Level 11_0)
[2022.11.02-19.54.41:022][  0]LogD3D11RHI:       0/0/8115 MB DedicatedVideo/DedicatedSystem/SharedSystem, Outputs:0, VendorId:0x1414
[2022.11.02-19.54.41:022][  0]LogD3D11RHI: Chosen D3D11 Adapter:
[2022.11.02-19.54.41:022][  0]LogD3D11RHI:     Description : NVIDIA Quadro P2000
[2022.11.02-19.54.41:022][  0]LogD3D11RHI:     VendorId    : 10de
[2022.11.02-19.54.41:022][  0]LogD3D11RHI:     DeviceId    : 1cba
[2022.11.02-19.54.41:022][  0]LogD3D11RHI:     SubSysId    : 8451103c
[2022.11.02-19.54.41:022][  0]LogD3D11RHI:     Revision    : 00a1
[2022.11.02-19.54.41:022][  0]LogD3D11RHI:     DedicatedVideoMemory : 4214226944 bytes
[2022.11.02-19.54.41:022][  0]LogD3D11RHI:     DedicatedSystemMemory : 0 bytes
[2022.11.02-19.54.41:022][  0]LogD3D11RHI:     SharedSystemMemory : 8509403136 bytes
[2022.11.02-19.54.41:022][  0]LogD3D11RHI:     AdapterLuid : 0 186481
[2022.11.02-19.54.41:037][  0]LogD3D11RHI: Creating new Direct3DDevice
[2022.11.02-19.54.41:037][  0]LogD3D11RHI:     GPU DeviceId: 0x1cba (for the marketing name, search the web for "GPU Device Id")
[2022.11.02-19.54.41:037][  0]LogWindows: EnumDisplayDevices:
[2022.11.02-19.54.41:037][  0]LogWindows:    0. 'NVIDIA Quadro P2000' (P:1 D:1)
[2022.11.02-19.54.41:038][  0]LogWindows:    1. 'NVIDIA Quadro P2000' (P:0 D:0)
[2022.11.02-19.54.41:039][  0]LogWindows:    2. 'NVIDIA Quadro P2000' (P:0 D:0)
[2022.11.02-19.54.41:041][  0]LogWindows:    3. 'NVIDIA Quadro P2000' (P:0 D:0)
[2022.11.02-19.54.41:042][  0]LogWindows: DebugString: FoundDriverCount:4 
[2022.11.02-19.54.41:042][  0]LogD3D11RHI:     Adapter Name: NVIDIA Quadro P2000
[2022.11.02-19.54.41:042][  0]LogD3D11RHI:   Driver Version: 473.34 (internal:30.0.14.7334, unified:473.34)
[2022.11.02-19.54.41:042][  0]LogD3D11RHI:      Driver Date: 4-4-2022
[2022.11.02-19.54.41:042][  0]LogRHI: Texture pool is 2813 MB (70% of 4019 MB)
[2022.11.02-19.54.41:042][  0]LogD3D11RHI: Creating D3DDevice using adapter:
[2022.11.02-19.54.41:042][  0]LogD3D11RHI:     Description : NVIDIA Quadro P2000
[2022.11.02-19.54.41:042][  0]LogD3D11RHI:     VendorId    : 10de
[2022.11.02-19.54.41:042][  0]LogD3D11RHI:     DeviceId    : 1cba
[2022.11.02-19.54.41:042][  0]LogD3D11RHI:     SubSysId    : 8451103c
[2022.11.02-19.54.41:042][  0]LogD3D11RHI:     Revision    : 00a1
[2022.11.02-19.54.41:042][  0]LogD3D11RHI:     DedicatedVideoMemory : 4214226944 bytes
[2022.11.02-19.54.41:042][  0]LogD3D11RHI:     DedicatedSystemMemory : 0 bytes
[2022.11.02-19.54.41:042][  0]LogD3D11RHI:     SharedSystemMemory : 8509403136 bytes
[2022.11.02-19.54.41:042][  0]LogD3D11RHI:     AdapterLuid : 0 186481
[2022.11.02-19.54.41:163][  0]LogD3D11RHI: RHI has support for 64 bit atomics
[2022.11.02-19.54.41:163][  0]LogD3D11RHI: Async texture creation enabled
[2022.11.02-19.54.41:163][  0]LogD3D11RHI: Array index from any shader is supported
[2022.11.02-19.54.41:197][  0]LogD3D11RHI: GPU Timing Frequency: 1000.000000 (Debug: 2 1)
[2022.11.02-19.54.41:316][  0]LogRHI: GeForceNow SDK initialized: 1
[2022.11.02-19.54.41:936][  0]LogTargetPlatformManager: Display: Loaded TargetPlatform 'WindowsNoEditor'
[2022.11.02-19.54.41:946][  0]LogTargetPlatformManager: Display: Loaded TargetPlatform 'Windows'
[2022.11.02-19.54.41:956][  0]LogTargetPlatformManager: Display: Loaded TargetPlatform 'WindowsClient'
[2022.11.02-19.54.41:965][  0]LogTargetPlatformManager: Display: Loaded TargetPlatform 'WindowsServer'
[2022.11.02-19.54.41:966][  0]LogTargetPlatformManager: Display: Building Assets For Windows
[2022.11.02-19.54.41:986][  0]LogAudioDebug: Display: Lib vorbis DLL was dynamically loaded.
[2022.11.02-19.54.42:059][  0]LogTextureFormatOodle: Display: Oodle Texture 2.9.0 init RDO Off
[2022.11.02-19.54.42:134][  0]LogRendererCore: Ray tracing is disabled. Reason: r.RayTracing=0.
[2022.11.02-19.54.42:134][  0]LogShaderCompilers: Guid format shader working directory is -18 characters bigger than the processId version (../../../../../../Users/gosorio/Documents/Unreal Projects/midterm/Intermediate/Shaders/WorkingDirectory/30712/).
[2022.11.02-19.54.42:135][  0]LogShaderCompilers: Cleaned the shader compiler working directory 'C:/Users/gosorio/AppData/Local/Temp/UnrealShaderWorkingDir/BC3A57CD4F64A5E77BDAC8B4C2FE0C0C/'.
[2022.11.02-19.54.42:135][  0]LogXGEController: Cannot use XGE Controller as Incredibuild is not installed on this machine.
[2022.11.02-19.54.42:135][  0]LogShaderCompilers: Cannot use XGE Shader Compiler as Incredibuild is not installed on this machine.
[2022.11.02-19.54.42:135][  0]LogShaderCompilers: Display: Using Local Shader Compiler.
[2022.11.02-19.54.43:285][  0]LogDerivedDataCache: Display: Max Cache Size: 512 MB
[2022.11.02-19.54.43:365][  0]LogDerivedDataCache: Loaded boot cache 0.08s 94MB C:/Users/gosorio/AppData/Local/UnrealEngine/4.27/DerivedDataCache/Boot.ddc.
[2022.11.02-19.54.43:365][  0]LogDerivedDataCache: Display: Loaded Boot cache: C:/Users/gosorio/AppData/Local/UnrealEngine/4.27/DerivedDataCache/Boot.ddc
[2022.11.02-19.54.43:366][  0]LogDerivedDataCache: FDerivedDataBackendGraph:  Pak pak cache file ../../../../../../Users/gosorio/Documents/Unreal Projects/midterm/DerivedDataCache/DDC.ddp not found, will not use a pak cache.
[2022.11.02-19.54.43:366][  0]LogDerivedDataCache: Unable to find inner node Pak for hierarchical cache Hierarchy.
[2022.11.02-19.54.43:366][  0]LogDerivedDataCache: FDerivedDataBackendGraph:  CompressedPak pak cache file ../../../../../../Users/gosorio/Documents/Unreal Projects/midterm/DerivedDataCache/Compressed.ddp not found, will not use a pak cache.
[2022.11.02-19.54.43:366][  0]LogDerivedDataCache: Unable to find inner node CompressedPak for hierarchical cache Hierarchy.
[2022.11.02-19.54.43:393][  0]LogDerivedDataCache: Display: Pak cache opened for reading ../../../Engine/DerivedDataCache/Compressed.ddp.
[2022.11.02-19.54.43:393][  0]LogDerivedDataCache: FDerivedDataBackendGraph:  EnterprisePak pak cache file ../../../Enterprise/DerivedDataCache/Compressed.ddp not found, will not use a pak cache.
[2022.11.02-19.54.43:393][  0]LogDerivedDataCache: Unable to find inner node EnterprisePak for hierarchical cache Hierarchy.
[2022.11.02-19.54.43:415][  0]LogDerivedDataCache: Speed tests for C:/Users/gosorio/AppData/Local/UnrealEngine/Common/DerivedDataCache took 0.02 seconds
[2022.11.02-19.54.43:415][  0]LogDerivedDataCache: Display: Performance to C:/Users/gosorio/AppData/Local/UnrealEngine/Common/DerivedDataCache: Latency=0.05ms. RandomReadSpeed=352.21MBs, RandomWriteSpeed=49.37MBs. Assigned SpeedClass 'Local'
[2022.11.02-19.54.43:416][  0]LogDerivedDataCache: Using Local data cache path C:/Users/gosorio/AppData/Local/UnrealEngine/Common/DerivedDataCache: Writable
[2022.11.02-19.54.43:417][  0]LogDerivedDataCache: Shared data cache path not found in *engine.ini, will not use an Shared cache.
[2022.11.02-19.54.43:417][  0]LogDerivedDataCache: Unable to find inner node Shared for hierarchical cache Hierarchy.
[2022.11.02-19.54.43:481][  0]LogSlate: Using FreeType 2.10.0
[2022.11.02-19.54.43:482][  0]LogSlate: SlateFontServices - WITH_FREETYPE: 1, WITH_HARFBUZZ: 1
[2022.11.02-19.54.43:635][  0]LogInit: Using OS detected language (en-US).
[2022.11.02-19.54.43:635][  0]LogInit: Using OS detected locale (en-US).
[2022.11.02-19.54.43:636][  0]LogTextLocalizationManager: No localization for 'en-US' exists, so 'en' will be used for the language.
[2022.11.02-19.54.43:636][  0]LogTextLocalizationManager: No localization for 'en-US' exists, so 'en' will be used for the locale.
[2022.11.02-19.54.43:636][  0]LogSlate: FontCache flush requested. Reason: Culture for localization was changed
[2022.11.02-19.54.43:636][  0]LogSlate: FontCache flush requested. Reason: Culture for localization was changed
[2022.11.02-19.54.43:640][  0]LogTextLocalizationManager: Compacting localization data took   0.01ms
[2022.11.02-19.54.43:640][  0]LogAssetRegistry: FAssetRegistry took 0.0028 seconds to start up
[2022.11.02-19.54.43:920][  0]LogPackageLocalizationCache: Processed 27 localized package path(s) for 1 prioritized culture(s) in 0.001502 seconds
[2022.11.02-19.54.44:040][  0]LogInit: Selected Device Profile: [Windows]
[2022.11.02-19.54.44:040][  0]LogInit: Active device profile: [000001EF43C4F500][000001EF3DC7ED00 49] Windows
[2022.11.02-19.54.44:040][  0]LogInit: Profiles: [000001EF43C4F500][000001EF3DC7ED00 49] Windows, [000001EF43C18C00][000001EF3DC86E80 49] WindowsNoEditor, [000001EF43C4CC00][000001EF3DC8B000 49] WindowsServer, [000001EF43C1AA00][000001EF3DB61180 49] WindowsClient, [000001EF43C4E900][000001EF3DB65300 49] IOS, [000001EF43C1B000][000001EF3DB69480 49] iPadAir, [000001EF43C4D500][000001EF3DB6D600 49] iPadAir2, [000001EF43BBAC00][000001EF3DB71840 49] IPadPro, [000001EF43BBAD00][000001EF3DC83880 49] iPadAir3, [000001EF43C4D000][000001EF3DB759C0 49] iPadAir4, [000001EF43BBB600][000001EF3DB79B00 49] iPadMini2, [000001EF43C4F800][000001EF3DB80100 49] iPadMini3, [000001EF43BB8600][000001EF3DB84280 49] iPadMini4, [000001EF43C4CB00][000001EF3DB88400 49] iPadMini5, [000001EF43BFE500][000001EF3DB906C0 49] iPhone6, [000001EF43BFE600][000001EF3DB8C700 49] iPodTouch6, [000001EF43BB9400][000001EF3DB989C0 49] iPhone7, [000001EF43BB9700][000001EF3DB94A00 49] iPodTouch7, [000001EF43BFD000][000001EF3D5F2B80 49] iPhone5S, [000001EF43BBA200][000001EF3D5F6D00 49] iPhone6Plus, [000001EF43BFC600][000001EF3D5FAE80 49] iPhone6S, [000001EF43BBA800][000001EF3D5FF000 49] iPhone6SPlus, [000001EF43BFD400][000001EF3D603180 49] iPhone7Plus, [000001EF43BB8B00][000001EF3D607300 49] iPhoneSE, [000001EF43BFE200][000001EF3D60B480 49] iPhone8, [000001EF43BBA700][000001EF3D60F600 49] iPhone8Plus, [000001EF43BFE900][000001EF3D613780 49] iPhoneX, [000001EF43BBB900][000001EF3DB7D8C0 49] iPhoneXS, [000001EF43BFC400][000001EF3D617A00 49] iPhoneXSMax, [000001EF43BB9F00][000001EF3D61BB40 49] iPhoneXR, [000001EF43BFEF00][000001EF3D61E100 49] iPhone11, [000001EF43BBAE00][000001EF3D626280 49] iPhone11Pro, [000001EF43BFFA00][000001EF3D62A400 49] iPhone11ProMax, [000001EF43BB9A00][000001EF3D62E580 49] iPhoneSE2, [000001EF43BFF700][000001EF3D632700 49] iPhone12Mini, [000001EF43BBA100][000001EF3D636880 49] iPhone12, [000001EF43BFEB00][000001EF3D63AA00 49] iPhone12Pro, [000001EF43BB8D00][000001EF44824B80 49] iPhone12ProMax, [000001EF43BFFD00][000001EF44828D00 49] iPadPro105, [000001EF43BBAB00][000001EF4482CE80 49] iPadPro129, [000001EF43BFDE00][000001EF44831000 49] iPadPro97, [000001EF43BB9800][000001EF44835180 49] iPadPro2_129, [000001EF43BFDA00][000001EF44839300 49] iPad5, [000001EF43BB8900][000001EF4483D480 49] iPad6, [000001EF43BFD500][000001EF44841600 49] iPad7, [000001EF43BB9B00][000001EF44845780 49] iPad8, [000001EF43BFE800][000001EF44849900 49] iPadPro11, [000001EF43BB8A00][000001EF4484DA80 49] iPadPro2_11, [000001EF43BFC200][000001EF3D623BC0 49] iPadPro3_129, [000001EF43BBA400][000001EF44850180 49] iPadPro4_129, [000001EF43BFDF00][000001EF448542C0 49] AppleTV, [000001EF43BBB000][000001EF4485C440 49] AppleTV4K, [000001EF43C19000][000001EF448605C0 49] TVOS, [000001EF43C99E00][000001EF44864740 49] Mac, [000001EF43C1AC00][000001EF448688C0 49] MacClient, [000001EF43C99F00][000001EF4486CA40 49] MacNoEditor, [000001EF43C1B200][000001EF44870BC0 49] MacServer, [000001EF43C99600][000001EF44874D40 49] Linux, [000001EF43C18D00][000001EF44878EC0 49] LinuxAArch64, [000001EF43C99300][000001EF4487D040 49] LinuxNoEditor, [000001EF43C1BF00][000001EF448811C0 49] LinuxAArch64NoEditor, [000001EF43C99700][000001EF44885340 49] LinuxClient, [000001EF43C1A300][000001EF448894C0 49] LinuxAArch64Client, [000001EF43C99500][000001EF4488D640 49] LinuxServer, [000001EF43C1A400][000001EF448917C0 49] LinuxAArch64Server, [000001EF43C9A800][000001EF44895940 49] Android, [000001EF43C1A000][000001EF44899AC0 49] Android_Low, [000001EF43C98200][000001EF4489C0C0 49] Android_Mid, [000001EF43C19900][000001EF44858200 49] Android_High, [000001EF43C9A000][000001EF448A0340 49] Android_Default, [000001EF43C18800][000001EF448A4480 49] Android_Adreno4xx, [000001EF43C9A700][000001EF448A85C0 49] Android_Adreno5xx_Low, [000001EF43C19800][000001EF448B0740 49] Android_Adreno5xx, [000001EF43C99400][000001EF448B48C0 49] Android_Adreno6xx, [000001EF43BBA600][000001EF448B8A40 49] Android_Adreno6xx_Vulkan, [000001EF43C98500][000001EF448BCBC0 49] Android_Mali_T6xx, [000001EF43BBA300][000001EF448C0D40 49] Android_Mali_T7xx, [000001EF43C98B00][000001EF448C4EC0 49] Android_Mali_T8xx, [000001EF43BB8200][000001EF448C9040 49] Android_Mali_G71, [000001EF43C99D00][000001EF448CD1C0 49] Android_Mali_G72, [000001EF43BB8800][000001EF448D1340 49] Android_Mali_G72_Vulkan, [000001EF43C9AC00][000001EF448D54C0 49] Android_Mali_G76, [000001EF43BB8500][000001EF448D9640 49] Android_Mali_G76_Vulkan, [000001EF43C9AB00][000001EF448DD7C0 49] Android_Mali_G77, [000001EF43BBB100][000001EF448E1940 49] Android_Mali_G77_Vulkan, [000001EF43C98400][000001EF448E5AC0 49] Android_Mali_G78, [000001EF43BB9300][000001EF448E80C0 49] Android_Mali_G78_Vulkan, [000001EF43C9A900][000001EF448EC240 49] Android_Mali_G710, [000001EF43BBAA00][000001EF448AC380 49] Android_Mali_G710_Vulkan, [000001EF43C9A300][000001EF3D63E4C0 49] Android_Vulkan_SM5, [000001EF43BBB200][000001EF3D642600 49] Android_PowerVR_G6xxx, [000001EF43C98600][000001EF3D646740 49] Android_PowerVR_GT7xxx, [000001EF43BB9200][000001EF3D64E8C0 49] Android_PowerVR_GE8xxx, [000001EF43C99C00][000001EF3D652A40 49] Android_PowerVR_GM9xxx, [000001EF43BB8700][000001EF3D656BC0 49] Android_PowerVR_GM9xxx_Vulkan, [000001EF43C9A400][000001EF3D65AD40 49] Android_TegraK1, [000001EF43BBB400][000001EF3D65EEC0 49] Android_Unknown_Vulkan, [000001EF43C98100][000001EF3D663040 49] Lumin, [000001EF43BB9900][000001EF283771C0 49] Lumin_Desktop, [000001EF43BFDC00][000001EF2837B340 49] HoloLens, 
[2022.11.02-19.54.44:129][  0]LogMeshReduction: Using QuadricMeshReduction for automatic static mesh reduction
[2022.11.02-19.54.44:129][  0]LogMeshReduction: Using SimplygonMeshReduction for automatic skeletal mesh reduction
[2022.11.02-19.54.44:129][  0]LogMeshReduction: Using ProxyLODMeshReduction for automatic mesh merging
[2022.11.02-19.54.44:129][  0]LogMeshReduction: No distributed automatic mesh merging module available
[2022.11.02-19.54.44:130][  0]LogMeshMerging: No distributed automatic mesh merging module available
[2022.11.02-19.54.44:296][  0]LogNetVersion: midterm 1.0.0, NetCL: 17155196, EngineNetVer: 17, GameNetVer: 0 (Checksum: 1341048358)
[2022.11.02-19.54.44:658][  0]LogTexture: Default maximum texture size for cubemaps generated from long-lat sources has been changed from 512 to unlimited. In order to preserve old behaiour for '/Engine/MapTemplates/Sky/DaylightAmbientCubemap.DaylightAmbientCubemap', its maximum texture size has been explicitly set to 512.
[2022.11.02-19.54.44:737][  0]LogHMD: PokeAHoleMaterial loaded successfully
[2022.11.02-19.54.44:956][  0]LogMoviePlayer: Initializing movie player
[2022.11.02-19.54.45:094][  0]LogNiagaraDebuggerClient: Niagara Debugger Client Initialized | Session: DC48DEA6417AC00F1741ACBD533FF796 | Instance: 557E021140757521AFF2DDB1DDA36D33 (5CD911CWQ8-30712).
[2022.11.02-19.54.45:128][  0]LogCollectionManager: Loaded 0 collections in 0.002507 seconds
[2022.11.02-19.54.45:131][  0]LogFileCache: Scanning file cache for directory 'C:/Users/gosorio/Documents/Unreal Projects/midterm/Saved/Collections/' took 0.00s
[2022.11.02-19.54.45:131][  0]LogFileCache: Scanning file cache for directory 'C:/Users/gosorio/Documents/Unreal Projects/midterm/Content/Developers/gosorio/Collections/' took 0.00s
[2022.11.02-19.54.45:131][  0]LogCollectionManager: Fixed up redirectors for 0 collections in 0.000003 seconds (updated 0 objects)
[2022.11.02-19.54.45:320][  0]LogFileCache: Scanning file cache for directory 'C:/Users/gosorio/Documents/Unreal Projects/midterm/Content/Collections/' took 0.00s
[2022.11.02-19.54.45:320][  0]LogPython: Using Python 3.7.7
[2022.11.02-19.54.45:880][  0]LogTcpMessaging: Initializing TcpMessaging bridge
[2022.11.02-19.54.45:887][  0]LogUdpMessaging: Initializing bridge on interface 0.0.0.0:0 to multicast group 230.0.0.1:6666.
[2022.11.02-19.54.46:038][  0]SourceControl: Source control is disabled
[2022.11.02-19.54.46:038][  0]SourceControl: Source control is disabled
[2022.11.02-19.54.46:045][  0]SourceControl: Source control is disabled
[2022.11.02-19.54.46:050][  0]LogUProjectInfo: Found projects:
[2022.11.02-19.54.46:258][  0]LogOpenImageDenoise: OIDN starting up
[2022.11.02-19.54.46:272][  0]LogAndroidPermission: UAndroidPermissionCallbackProxy::GetInstance
[2022.11.02-19.54.46:310][  0]LogAudioCaptureCore: Display: No Audio Capture implementations found. Audio input will be silent.
[2022.11.02-19.54.46:310][  0]LogAudioCaptureCore: Display: No Audio Capture implementations found. Audio input will be silent.
[2022.11.02-19.54.46:410][  0]LogOcInput: OculusInput pre-init called
[2022.11.02-19.54.46:419][  0]LogUObjectArray: 22121 objects as part of root set at end of initial load.
[2022.11.02-19.54.46:419][  0]LogUObjectAllocator: 5975632 out of 0 bytes used by permanent object pool.
[2022.11.02-19.54.46:419][  0]LogUObjectArray: CloseDisregardForGC: 0/0 objects in disregard for GC pool
[2022.11.02-19.54.46:482][  0]LogEngine: Initializing Engine...
[2022.11.02-19.54.46:486][  0]LogHMD: Failed to enumerate extensions. Please check that you have a valid OpenXR runtime installed.
[2022.11.02-19.54.46:486][  0]LogHMD: Failed to initialize OpenVR with code 110
[2022.11.02-19.54.46:486][  0]LogMagicLeap: Warning: VR disabled because ZI is not enabled.  To enable, in the editor, Edit -> Project Settings -> Plugins -> Magic Leap Plugin -> Enable Zero Iteration
[2022.11.02-19.54.46:488][  0]LogStats: UGameplayTagsManager::InitializeManager -  0.000 s
[2022.11.02-19.54.46:624][  0]LogInit: Initializing FReadOnlyCVARCache
[2022.11.02-19.54.46:624][  0]LogAudio: Display: Initializing Audio Device Manager...
[2022.11.02-19.54.46:633][  0]LogAudio: Display: Loading Default Audio Settings Objects...
[2022.11.02-19.54.46:634][  0]LogAudio: Display: No default SoundConcurrencyObject specified (or failed to load).
[2022.11.02-19.54.46:635][  0]LogAudio: Display: Audio Device Manager Initialized
[2022.11.02-19.54.46:635][  0]LogAudio: Display: Creating Audio Device:                 Id: 1, Scope: Shared, Realtime: True
[2022.11.02-19.54.46:635][  0]LogAudioMixer: Display: Audio Mixer Platform Settings:
[2022.11.02-19.54.46:635][  0]LogAudioMixer: Display: 	Sample Rate:						  48000
[2022.11.02-19.54.46:635][  0]LogAudioMixer: Display: 	Callback Buffer Frame Size Requested: 1024
[2022.11.02-19.54.46:635][  0]LogAudioMixer: Display: 	Callback Buffer Frame Size To Use:	  1024
[2022.11.02-19.54.46:635][  0]LogAudioMixer: Display: 	Number of buffers to queue:			  2
[2022.11.02-19.54.46:635][  0]LogAudioMixer: Display: 	Max Channels (voices):				  32
[2022.11.02-19.54.46:635][  0]LogAudioMixer: Display: 	Number of Async Source Workers:		  0
[2022.11.02-19.54.46:635][  0]LogAudio: Display: AudioDevice MaxSources: 32
[2022.11.02-19.54.46:636][  0]LogAudio: Display: Audio Spatialization Plugin: None (built-in).
[2022.11.02-19.54.46:636][  0]LogAudio: Display: Audio Reverb Plugin: None (built-in).
[2022.11.02-19.54.46:636][  0]LogAudio: Display: Audio Occlusion Plugin: None (built-in).
[2022.11.02-19.54.46:636][  0]LogAudioMixer: Display: Initializing audio mixer.
[2022.11.02-19.54.46:663][  0]LogAudioMixer: Display: 0: FrontLeft
[2022.11.02-19.54.46:664][  0]LogAudioMixer: Display: 1: FrontRight
[2022.11.02-19.54.46:696][  0]LogAudioMixer: Display: Using Audio Device Speakers (Conexant ISST Audio)
[2022.11.02-19.54.46:703][  0]LogAudioMixer: Display: Initializing Sound Submixes...
[2022.11.02-19.54.46:706][  0]LogAudioMixer: Display: Creating Master Submix 'MasterSubmixDefault'
[2022.11.02-19.54.46:706][  0]LogAudioMixer: Display: Creating Master Submix 'MasterReverbSubmixDefault'
[2022.11.02-19.54.46:708][  0]LogAudioMixer: Display: Creating Master Submix 'MasterEQSubmixDefault'
[2022.11.02-19.54.46:708][  0]LogAudioMixer: FMixerPlatformXAudio2::StartAudioStream() called
[2022.11.02-19.54.46:708][  0]LogAudioMixer: Display: Output buffers initialized: Frames=1024, Channels=2, Samples=2048
[2022.11.02-19.54.46:710][  0]LogAudioMixer: Display: Starting AudioMixerPlatformInterface::RunInternal()
[2022.11.02-19.54.46:710][  0]LogAudioMixer: Display: FMixerPlatformXAudio2::SubmitBuffer() called for the first time
[2022.11.02-19.54.46:710][  0]LogInit: FAudioDevice initialized.
[2022.11.02-19.54.46:712][  0]LogNetVersion: Set ProjectVersion to 1.0.0.0. Version Checksum will be recalculated on next use.
[2022.11.02-19.54.46:713][  0]LogInit: Texture streaming: Enabled
[2022.11.02-19.54.46:834][  0]LogAudio: Display: Audio Device (ID: 1) registered with world 'Untitled'.
[2022.11.02-19.54.46:835][  0]LogSlate: Updating window title bar state: overlay mode, drag disabled, window buttons hidden, title bar hidden
[2022.11.02-19.54.46:835][  0]LogInit: Display: Game Engine Initialized.
[2022.11.02-19.54.46:836][  0]LogNiagaraEditor: GEditor isn't valid! Particle reset commands will not work for Niagara components!
[2022.11.02-19.54.47:034][  0]LogInit: Display: Starting Game.
[2022.11.02-19.54.47:034][  0]LogNet: Browse: /Game/Levels/SnakeRetro?Name=Player
[2022.11.02-19.54.47:034][  0]LogLoad: LoadMap: /Game/Levels/SnakeRetro?Name=Player
[2022.11.02-19.54.47:034][  0]LogWorld: BeginTearingDown for /Temp/Untitled_0
[2022.11.02-19.54.47:036][  0]LogWorld: UWorld::CleanupWorld for Untitled, bSessionEnded=true, bCleanupResources=true
[2022.11.02-19.54.47:036][  0]LogSlate: InvalidateAllWidgets triggered.  All widgets were invalidated
[2022.11.02-19.54.47:042][  0]LogAudio: Display: Audio Device unregistered from world 'None'.
[2022.11.02-19.54.47:045][  0]LogUObjectHash: Compacting FUObjectHashTables data took   1.14ms
[2022.11.02-19.54.47:152][  0]LogBlueprint: Warning: [AssetLog] C:\Users\gosorio\Documents\Unreal Projects\midterm\Content\blueprints\BP_snake.uasset: [Compiler] Input Axis Event references unknown Axis 'Right/Left' for  InputAxis Right/Left
[2022.11.02-19.54.47:153][  0]LogBlueprint: Warning: [AssetLog] C:\Users\gosorio\Documents\Unreal Projects\midterm\Content\blueprints\BP_snake.uasset: [Compiler] Input Axis Event references unknown Axis 'Forward/backward ' for  InputAxis Forward/backward 
[2022.11.02-19.54.47:282][  0]LogAudio: Display: Audio Device (ID: 1) registered with world 'SnakeRetro'.
[2022.11.02-19.54.47:294][  0]LogAIModule: Creating AISystem for world SnakeRetro
[2022.11.02-19.54.47:295][  0]LogLoad: Game class is 'SnakeGameMode_C'
[2022.11.02-19.54.47:300][  0]LogWorld: Bringing World /Game/Levels/SnakeRetro.SnakeRetro up for play (max tick rate 0) at 2022.11.02-15.54.47
[2022.11.02-19.54.47:300][  0]LogWorld: Bringing up level for play took: 0.004322
[2022.11.02-19.54.47:301][  0]LogGameMode: FindPlayerStart: PATHS NOT DEFINED or NO PLAYERSTART with positive rating
[2022.11.02-19.54.47:304][  0]LogLoad: Took 0.269277 seconds to LoadMap(/Game/Levels/SnakeRetro)
[2022.11.02-19.54.47:353][  0]LogSlate: Took 0.000332 seconds to synchronously load lazily loaded font '../../../Engine/Content/Slate/Fonts/Roboto-Regular.ttf' (155K)
[2022.11.02-19.54.47:401][  0]LogRenderer: Reallocating scene render targets to support 1280x720 Format 10 NumSamples 1 (Frame:1).
[2022.11.02-19.54.47:401][  0]LogInit: Display: Engine is initialized. Leaving FEngineLoop::Init()
[2022.11.02-19.54.47:401][  0]LogLoad: (Engine Initialization) Total time: 10.70 seconds
[2022.11.02-19.54.47:401][  0]LogLoad: (Engine Initialization) Total Blueprint compile time: 0.00 seconds
[2022.11.02-19.54.47:406][  0]LogContentStreaming: Texture pool size now 1000 MB
[2022.11.02-19.54.47:409][  0]LogSlate: InvalidateAllWidgets triggered.  All widgets were invalidated
[2022.11.02-19.54.47:449][  0]LogRenderer: Reallocating scene render targets to support 128x128 Format 10 NumSamples 1 (Frame:1).
[2022.11.02-19.54.47:494][  0]LogRenderer: Reallocating scene render targets to support 1280x720 Format 10 NumSamples 1 (Frame:2).
[2022.11.02-19.54.47:512][  1]LogSlate: Took 0.000307 seconds to synchronously load lazily loaded font '../../../Engine/Content/Slate/Fonts/Roboto-Regular.ttf' (155K)
[2022.11.02-19.55.06:359][657]Closing by request
[2022.11.02-19.55.06:359][657]LogWindows: FPlatformMisc::RequestExit(0)
[2022.11.02-19.55.06:359][657]LogWindows: FPlatformMisc::RequestExitWithStatus(0, 0)
[2022.11.02-19.55.06:359][657]LogCore: Engine exit requested (reason: Win RequestExit)
[2022.11.02-19.55.06:366][658]LogCore: Engine exit requested (reason: EngineExit() was called; note: exit was already requested)
[2022.11.02-19.55.06:366][658]LogInit: Display: PreExit Game.
[2022.11.02-19.55.06:386][658]LogWorld: BeginTearingDown for /Game/Levels/SnakeRetro
[2022.11.02-19.55.06:386][658]LogWorld: UWorld::CleanupWorld for SnakeRetro, bSessionEnded=true, bCleanupResources=true
[2022.11.02-19.55.06:387][658]LogSlate: InvalidateAllWidgets triggered.  All widgets were invalidated
[2022.11.02-19.55.06:505][658]LogAudio: Display: Beginning Audio Device Manager Shutdown (Module: AudioMixerXAudio2)...
[2022.11.02-19.55.06:505][658]LogAudio: Display: Destroying 1 Remaining Audio Device(s)...
[2022.11.02-19.55.06:505][658]LogAudio: Display: Audio Device unregistered from world 'SnakeRetro'.
[2022.11.02-19.55.06:540][658]LogAudioMixer: FMixerPlatformXAudio2::StopAudioStream() called
[2022.11.02-19.55.06:541][658]LogAudioMixer: FMixerPlatformXAudio2::StopAudioStream() called
[2022.11.02-19.55.06:543][658]LogAudio: Display: Audio Device Manager Shutdown
[2022.11.02-19.55.06:548][658]LogSlate: Window 'midterm (64-bit Development PCD3D_SM5) ' being destroyed
[2022.11.02-19.55.06:548][658]LogWindowsTextInputMethodSystem: Display: IME system deactivated.
[2022.11.02-19.55.06:556][658]LogWindowsTextInputMethodSystem: Display: IME system deactivated.
[2022.11.02-19.55.06:563][658]LogExit: Preparing to exit.
[2022.11.02-19.55.06:909][658]LogUObjectHash: Compacting FUObjectHashTables data took   1.02ms
[2022.11.02-19.55.06:937][658]LogMoviePlayer: Shutting down movie player
[2022.11.02-19.55.07:038][658]LogSlate: Updating window title bar state: overlay mode, drag disabled, window buttons hidden, title bar hidden
[2022.11.02-19.55.07:048][658]LogDemo: Cleaned up 0 splitscreen connections with owner deletion
[2022.11.02-19.55.07:052][658]LogExit: Game engine shut down
[2022.11.02-19.55.07:090][658]LogExit: Object subsystem successfully closed.
[2022.11.02-19.55.07:104][658]LogShaderCompilers: Display: === FShaderJobCache stats ===
[2022.11.02-19.55.07:104][658]LogShaderCompilers: Display: Total job queries 0, among them cache hits 0 (0.00%)
[2022.11.02-19.55.07:104][658]LogShaderCompilers: Display: Tracking 0 distinct input hashes that result in 0 distinct outputs (0.00%)
[2022.11.02-19.55.07:104][658]LogShaderCompilers: Display: RAM used: 0.00 MB (0.00 GB) of 819.20 MB (0.80 GB) budget. Usage: 0.00%
[2022.11.02-19.55.07:105][658]LogShaderCompilers: Display: ================================================
[2022.11.02-19.55.07:109][658]LogShaderCompilers: Display: Shaders left to compile 0
[2022.11.02-19.55.07:129][658]LogModuleManager: Shutting down and abandoning module SequenceRecorderSections (558)
[2022.11.02-19.55.07:129][658]LogModuleManager: Shutting down and abandoning module SequenceRecorder (556)
[2022.11.02-19.55.07:129][658]LogModuleManager: Shutting down and abandoning module AutomationController (554)
[2022.11.02-19.55.07:129][658]LogModuleManager: Shutting down and abandoning module AutomationWorker (552)
[2022.11.02-19.55.07:129][658]LogModuleManager: Shutting down and abandoning module Voice (550)
[2022.11.02-19.55.07:129][658]LogModuleManager: Shutting down and abandoning module AIModule (548)
[2022.11.02-19.55.07:129][658]LogModuleManager: Shutting down and abandoning module GameplayDebugger (547)
[2022.11.02-19.55.07:129][658]LogModuleManager: Shutting down and abandoning module AITestSuite (545)
[2022.11.02-19.55.07:129][658]LogModuleManager: Shutting down and abandoning module NavigationSystem (543)
[2022.11.02-19.55.07:129][658]LogModuleManager: Shutting down and abandoning module SteamVREditor (540)
[2022.11.02-19.55.07:129][658]LogModuleManager: Shutting down and abandoning module ToolMenus (539)
[2022.11.02-19.55.07:129][658]LogModuleManager: Shutting down and abandoning module OculusMR (536)
[2022.11.02-19.55.07:129][658]LogModuleManager: Shutting down and abandoning module OpenXRInput (534)
[2022.11.02-19.55.07:129][658]LogModuleManager: Shutting down and abandoning module TakeRecorderSources (532)
[2022.11.02-19.55.07:129][658]LogModuleManager: Shutting down and abandoning module TakeRecorder (531)
[2022.11.02-19.55.07:129][658]LogModuleManager: Shutting down and abandoning module TakeTrackRecorders (528)
[2022.11.02-19.55.07:129][658]LogModuleManager: Shutting down and abandoning module TakesCore (526)
[2022.11.02-19.55.07:129][658]LogModuleManager: Shutting down and abandoning module PlanarCut (524)
[2022.11.02-19.55.07:129][658]LogModuleManager: Shutting down and abandoning module WebMMediaFactory (522)
[2022.11.02-19.55.07:129][658]LogModuleManager: Shutting down and abandoning module WebMMedia (520)
[2022.11.02-19.55.07:129][658]LogModuleManager: Shutting down and abandoning module WmfMediaFactory (518)
[2022.11.02-19.55.07:129][658]LogModuleManager: Shutting down and abandoning module OpenExrWrapper (516)
[2022.11.02-19.55.07:129][658]LogModuleManager: Shutting down and abandoning module ImgMediaFactory (514)
[2022.11.02-19.55.07:129][658]LogModuleManager: Shutting down and abandoning module AvfMediaFactory (512)
[2022.11.02-19.55.07:129][658]LogModuleManager: Shutting down and abandoning module CharacterAI (510)
[2022.11.02-19.55.07:129][658]LogModuleManager: Shutting down and abandoning module MagicLeapMediaCodecFactory (508)
[2022.11.02-19.55.07:129][658]LogModuleManager: Shutting down and abandoning module MagicLeapMediaFactory (506)
[2022.11.02-19.55.07:129][658]LogModuleManager: Shutting down and abandoning module SessionServices (504)
[2022.11.02-19.55.07:129][658]LogModuleManager: Shutting down and abandoning module MovieSceneCapture (502)
[2022.11.02-19.55.07:129][658]LogModuleManager: Shutting down and abandoning module LiveCoding (500)
[2022.11.02-19.55.07:130][658]LogModuleManager: Shutting down and abandoning module LevelSequence (498)
[2022.11.02-19.55.07:130][658]LogModuleManager: Shutting down and abandoning module MovieSceneTracks (496)
[2022.11.02-19.55.07:130][658]LogModuleManager: Shutting down and abandoning module MovieScene (494)
[2022.11.02-19.55.07:130][658]LogModuleManager: Shutting down and abandoning module StreamingPauseRendering (492)
[2022.11.02-19.55.07:130][658]LogModuleManager: Shutting down and abandoning module PortalServices (490)
[2022.11.02-19.55.07:130][658]LogModuleManager: Shutting down and abandoning module PortalRpc (488)
[2022.11.02-19.55.07:130][658]LogModuleManager: Shutting down and abandoning module MessagingRpc (486)
[2022.11.02-19.55.07:130][658]LogModuleManager: Shutting down and abandoning module AudioMixerXAudio2 (484)
[2022.11.02-19.55.07:130][658]LogModuleManager: Shutting down and abandoning module AudioMixerCore (483)
[2022.11.02-19.55.07:130][658]LogModuleManager: Shutting down and abandoning module ImageWriteQueue (480)
[2022.11.02-19.55.07:132][658]LogModuleManager: Shutting down and abandoning module ProfilerService (478)
[2022.11.02-19.55.07:230][658]LogModuleManager: Shutting down and abandoning module TaskGraph (476)
[2022.11.02-19.55.07:230][658]LogModuleManager: Shutting down and abandoning module OculusInput (474)
[2022.11.02-19.55.07:230][658]LogModuleManager: Shutting down and abandoning module Synthesis (472)
[2022.11.02-19.55.07:230][658]LogModuleManager: Shutting down and abandoning module ProceduralMeshComponent (470)
[2022.11.02-19.55.07:230][658]LogModuleManager: Shutting down and abandoning module MobilePatchingUtils (468)
[2022.11.02-19.55.07:230][658]LogModuleManager: Shutting down and abandoning module TakeMovieScene (466)
[2022.11.02-19.55.07:230][658]LogModuleManager: Shutting down and abandoning module GooglePAD (464)
[2022.11.02-19.55.07:230][658]LogModuleManager: Shutting down and abandoning module EditableMesh (462)
[2022.11.02-19.55.07:230][658]LogModuleManager: Shutting down and abandoning module CustomMeshComponent (460)
[2022.11.02-19.55.07:230][658]LogModuleManager: Shutting down and abandoning module CableComponent (458)
[2022.11.02-19.55.07:230][658]LogModuleManager: Shutting down and abandoning module AudioCapture (456)
[2022.11.02-19.55.07:230][658]LogModuleManager: Shutting down and abandoning module AudioCaptureRtAudio (455)
[2022.11.02-19.55.07:230][658]LogModuleManager: Shutting down and abandoning module AssetTags (452)
[2022.11.02-19.55.07:230][658]LogModuleManager: Shutting down and abandoning module ArchVisCharacter (450)
[2022.11.02-19.55.07:230][658]LogModuleManager: Shutting down and abandoning module AppleImageUtilsBlueprintSupport (448)
[2022.11.02-19.55.07:230][658]LogModuleManager: Shutting down and abandoning module AppleImageUtils (446)
[2022.11.02-19.55.07:231][658]LogModuleManager: Shutting down and abandoning module AndroidPermission (444)
[2022.11.02-19.55.07:231][658]LogModuleManager: Shutting down and abandoning module ActorLayerUtilities (442)
[2022.11.02-19.55.07:231][658]LogModuleManager: Shutting down and abandoning module TemplateSequence (440)
[2022.11.02-19.55.07:231][658]LogModuleManager: Shutting down and abandoning module OpenImageDenoise (438)
[2022.11.02-19.55.07:231][658]LogOpenImageDenoise: OIDN shutting down
[2022.11.02-19.55.07:231][658]LogModuleManager: Shutting down and abandoning module MotoSynth (436)
[2022.11.02-19.55.07:231][658]LogModuleManager: Shutting down and abandoning module MeshConversion (434)
[2022.11.02-19.55.07:231][658]LogModuleManager: Shutting down and abandoning module DynamicMesh (432)
[2022.11.02-19.55.07:231][658]LogModuleManager: Shutting down and abandoning module GeometryAlgorithms (430)
[2022.11.02-19.55.07:231][658]LogModuleManager: Shutting down and abandoning module GeometricObjects (428)
[2022.11.02-19.55.07:231][658]LogModuleManager: Shutting down and abandoning module AutomationUtils (426)
[2022.11.02-19.55.07:231][658]LogModuleManager: Shutting down and abandoning module MediaCompositing (424)
[2022.11.02-19.55.07:231][658]LogModuleManager: Shutting down and abandoning module ImgMedia (422)
[2022.11.02-19.55.07:231][658]LogModuleManager: Shutting down and abandoning module GeometryCollectionTracks (420)
[2022.11.02-19.55.07:231][658]LogModuleManager: Shutting down and abandoning module GeometryCollectionSequencer (419)
[2022.11.02-19.55.07:231][658]LogModuleManager: Shutting down and abandoning module GeometryCacheTracks (416)
[2022.11.02-19.55.07:231][658]LogModuleManager: Shutting down and abandoning module GeometryCacheSequencer (415)
[2022.11.02-19.55.07:231][658]LogModuleManager: Shutting down and abandoning module GeometryCache (412)
[2022.11.02-19.55.07:231][658]LogModuleManager: Shutting down and abandoning module GeometryCacheEd (411)
[2022.11.02-19.55.07:232][658]LogModuleManager: Shutting down and abandoning module MagicLeapSharedWorld (408)
[2022.11.02-19.55.07:232][658]LogModuleManager: Shutting down and abandoning module ChaosNiagara (406)
[2022.11.02-19.55.07:232][658]LogModuleManager: Shutting down and abandoning module FieldSystemEngine (405)
[2022.11.02-19.55.07:232][658]LogModuleManager: Shutting down and abandoning module BackChannel (402)
[2022.11.02-19.55.07:232][658]LogModuleManager: Shutting down and abandoning module MagicLeapLightEstimation (400)
[2022.11.02-19.55.07:232][658]LogModuleManager: Shutting down and abandoning module MagicLeapHelperVulkan (398)
[2022.11.02-19.55.07:232][658]LogModuleManager: Shutting down and abandoning module MagicLeapHelperOpenGL (396)
[2022.11.02-19.55.07:232][658]LogModuleManager: Shutting down and abandoning module MagicLeapAudio (394)
[2022.11.02-19.55.07:232][658]LogModuleManager: Shutting down and abandoning module OodleNetworkHandlerComponent (392)
[2022.11.02-19.55.07:232][658]LogModuleManager: Shutting down and abandoning module VisualStudioSourceCodeAccess (390)
[2022.11.02-19.55.07:232][658]LogModuleManager: Shutting down and abandoning module HotReload (389)
[2022.11.02-19.55.07:232][658]LogModuleManager: Shutting down and abandoning module UObjectPlugin (386)
[2022.11.02-19.55.07:232][658]LogModuleManager: Shutting down and abandoning module VisualStudioCodeSourceCodeAccess (384)
[2022.11.02-19.55.07:232][658]LogModuleManager: Shutting down and abandoning module PerforceSourceControl (382)
[2022.11.02-19.55.07:233][658]LogModuleManager: Shutting down and abandoning module SubversionSourceControl (380)
[2022.11.02-19.55.07:233][658]LogModuleManager: Shutting down and abandoning module SourceControl (379)
[2022.11.02-19.55.07:233][658]LogModuleManager: Shutting down and abandoning module CLionSourceCodeAccess (376)
[2022.11.02-19.55.07:233][658]LogModuleManager: Shutting down and abandoning module LiveLinkSequencer (374)
[2022.11.02-19.55.07:233][658]LogModuleManager: Shutting down and abandoning module LiveLinkMovieScene (372)
[2022.11.02-19.55.07:233][658]LogModuleManager: Shutting down and abandoning module LiveLinkGraphNode (370)
[2022.11.02-19.55.07:233][658]LogModuleManager: Shutting down and abandoning module LiveLinkComponents (368)
[2022.11.02-19.55.07:233][658]LogModuleManager: Shutting down and abandoning module LiveLink (366)
[2022.11.02-19.55.07:983][658]LogModuleManager: Shutting down and abandoning module GameplayCameras (364)
[2022.11.02-19.55.07:983][658]LogModuleManager: Shutting down and abandoning module SoundFields (362)
[2022.11.02-19.55.07:983][658]LogModuleManager: Shutting down and abandoning module SignificanceManager (360)
[2022.11.02-19.55.07:983][658]LogModuleManager: Shutting down and abandoning module RuntimePhysXCooking (358)
[2022.11.02-19.55.07:983][658]LogModuleManager: Shutting down and abandoning module PropertyAccessEditor (356)
[2022.11.02-19.55.07:983][658]LogModuleManager: Shutting down and abandoning module PhysXVehiclesEditor (354)
[2022.11.02-19.55.07:983][658]LogModuleManager: Shutting down and abandoning module LocationServicesBPLibrary (350)
[2022.11.02-19.55.07:983][658]LogModuleManager: Shutting down and abandoning module AudioSynesthesia (348)
[2022.11.02-19.55.07:983][658]LogModuleManager: Shutting down and abandoning module AudioSynesthesiaCore (346)
[2022.11.02-19.55.07:983][658]LogModuleManager: Shutting down and abandoning module ActorSequence (344)
[2022.11.02-19.55.07:983][658]LogModuleManager: Shutting down and abandoning module UdpMessaging (342)
[2022.11.02-19.55.08:084][658]LogModuleManager: Shutting down and abandoning module TcpMessaging (340)
[2022.11.02-19.55.08:185][658]LogModuleManager: Shutting down and abandoning module PythonScriptPlugin (338)
[2022.11.02-19.55.08:185][658]LogModuleManager: Shutting down and abandoning module ImgMediaEngine (336)
[2022.11.02-19.55.08:185][658]LogModuleManager: Shutting down and abandoning module MagicLeapARPin (334)
[2022.11.02-19.55.08:185][658]LogModuleManager: Shutting down and abandoning module MagicLeapHandMeshing (332)
[2022.11.02-19.55.08:185][658]LogModuleManager: Shutting down and abandoning module MagicLeapSecureStorage (330)
[2022.11.02-19.55.08:185][658]LogModuleManager: Shutting down and abandoning module MagicLeapPrivileges (328)
[2022.11.02-19.55.08:185][658]LogModuleManager: Shutting down and abandoning module MagicLeapPlanes (326)
[2022.11.02-19.55.08:185][658]LogMagicLeapPlanes: Planes tracker already destroyed.
[2022.11.02-19.55.08:185][658]LogModuleManager: Shutting down and abandoning module MagicLeapImageTracker (324)
[2022.11.02-19.55.08:185][658]LogModuleManager: Shutting down and abandoning module MagicLeapIdentity (322)
[2022.11.02-19.55.08:185][658]LogModuleManager: Shutting down and abandoning module MagicLeapHandTracking (320)
[2022.11.02-19.55.08:185][658]LogModuleManager: Shutting down and abandoning module MagicLeapEyeTracker (318)
[2022.11.02-19.55.08:185][658]LogModuleManager: Shutting down and abandoning module MagicLeapController (316)
[2022.11.02-19.55.08:185][658]LogModuleManager: Shutting down and abandoning module MagicLeapARPinImpl (314)
[2022.11.02-19.55.08:185][658]LogModuleManager: Shutting down and abandoning module MagicLeapAR (312)
[2022.11.02-19.55.08:185][658]LogModuleManager: Shutting down and abandoning module GameplayTagsEditor (310)
[2022.11.02-19.55.08:185][658]LogModuleManager: Shutting down and abandoning module FacialAnimation (308)
[2022.11.02-19.55.08:185][658]LogModuleManager: Shutting down and abandoning module AssetManagerEditor (306)
[2022.11.02-19.55.08:185][658]LogModuleManager: Shutting down and abandoning module TreeMap (305)
[2022.11.02-19.55.08:185][658]LogModuleManager: Shutting down and abandoning module NiagaraAnimNotifies (302)
[2022.11.02-19.55.08:185][658]LogModuleManager: Shutting down and abandoning module Niagara (300)
[2022.11.02-19.55.08:185][658]LogModuleManager: Shutting down and abandoning module SignalProcessing (299)
[2022.11.02-19.55.08:185][658]LogModuleManager: Shutting down and abandoning module NiagaraEditor (297)
[2022.11.02-19.55.08:185][658]LogModuleManager: Shutting down and abandoning module ContentBrowser (296)
[2022.11.02-19.55.08:185][658]LogModuleManager: Shutting down and abandoning module CollectionManager (295)
[2022.11.02-19.55.08:185][658]LogModuleManager: Shutting down and abandoning module DirectoryWatcher (294)
[2022.11.02-19.55.08:185][658]LogModuleManager: Shutting down and abandoning module ContentBrowserData (291)
[2022.11.02-19.55.08:185][658]LogModuleManager: Shutting down and abandoning module NiagaraCore (286)
[2022.11.02-19.55.08:185][658]LogModuleManager: Shutting down and abandoning module PropertyAccessNode (284)
[2022.11.02-19.55.08:185][658]LogModuleManager: Shutting down and abandoning module AnimationSharing (282)
[2022.11.02-19.55.08:185][658]LogModuleManager: Shutting down and abandoning module LightPropagationVolumeRuntime (280)
[2022.11.02-19.55.08:185][658]LogModuleManager: Shutting down and abandoning module Paper2D (278)
[2022.11.02-19.55.08:185][658]LogModuleManager: Shutting down and abandoning module EnvironmentQueryEditor (276)
[2022.11.02-19.55.08:185][658]LogModuleManager: Shutting down and abandoning module WindowsMoviePlayer (274)
[2022.11.02-19.55.08:185][658]LogModuleManager: Shutting down and abandoning module WebMMoviePlayer (272)
[2022.11.02-19.55.08:185][658]LogModuleManager: Shutting down and abandoning module NetworkReplayStreaming (270)
[2022.11.02-19.55.08:185][658]LogModuleManager: Shutting down and abandoning module PacketHandler (268)
[2022.11.02-19.55.08:185][658]LogModuleManager: Shutting down and abandoning module ClothingSystemEditor (266)
[2022.11.02-19.55.08:185][658]LogModuleManager: Shutting down and abandoning module ClothingSystemRuntimeNv (264)
[2022.11.02-19.55.08:186][658]LogModuleManager: Shutting down and abandoning module MediaAssets (262)
[2022.11.02-19.55.08:186][658]LogModuleManager: Shutting down and abandoning module Overlay (260)
[2022.11.02-19.55.08:186][658]LogModuleManager: Shutting down and abandoning module OverlayEditor (259)
[2022.11.02-19.55.08:186][658]LogModuleManager: Shutting down and abandoning module VREditor (256)
[2022.11.02-19.55.08:186][658]LogModuleManager: Shutting down and abandoning module StringTableEditor (254)
[2022.11.02-19.55.08:186][658]LogModuleManager: Shutting down and abandoning module GameplayTasksEditor (252)
[2022.11.02-19.55.08:186][658]LogModuleManager: Shutting down and abandoning module BehaviorTreeEditor (250)
[2022.11.02-19.55.08:186][658]LogModuleManager: Shutting down and abandoning module FunctionalTesting (248)
[2022.11.02-19.55.08:186][658]LogModuleManager: Shutting down and abandoning module CollisionAnalyzer (246)
[2022.11.02-19.55.08:186][658]LogModuleManager: Shutting down and abandoning module WorkspaceMenuStructure (245)
[2022.11.02-19.55.08:186][658]LogModuleManager: Shutting down and abandoning module UMG (242)
[2022.11.02-19.55.08:186][658]LogModuleManager: Shutting down and abandoning module UMGEditor (241)
[2022.11.02-19.55.08:186][658]LogModuleManager: Shutting down and abandoning module Sequencer (240)
[2022.11.02-19.55.08:186][658]LogModuleManager: Shutting down and abandoning module MessageLog (237)
[2022.11.02-19.55.08:186][658]LogModuleManager: Shutting down and abandoning module SlateReflector (232)
[2022.11.02-19.55.08:186][658]LogModuleManager: Shutting down and abandoning module Slate (230)
[2022.11.02-19.55.08:186][658]LogModuleManager: Shutting down and abandoning module SlateCore (228)
[2022.11.02-19.55.08:187][658]LogModuleManager: Shutting down and abandoning module LandscapeEditorUtilities (226)
[2022.11.02-19.55.08:187][658]LogModuleManager: Shutting down and abandoning module UnrealEd (224)
[2022.11.02-19.55.08:187][658]LogModuleManager: Shutting down and abandoning module MRMesh (222)
[2022.11.02-19.55.08:187][658]LogModuleManager: Shutting down and abandoning module Messaging (220)
[2022.11.02-19.55.08:187][658]LogModuleManager: Shutting down and abandoning module SourceCodeAccess (218)
[2022.11.02-19.55.08:187][658]LogModuleManager: Shutting down and abandoning module HeadMountedDisplay (216)
[2022.11.02-19.55.08:187][658]LogModuleManager: Shutting down and abandoning module XAudio2 (214)
[2022.11.02-19.55.08:187][658]LogModuleManager: Shutting down and abandoning module Networking (212)
[2022.11.02-19.55.08:187][658]LogModuleManager: Shutting down and abandoning module Core (210)
[2022.11.02-19.55.08:187][658]LogModuleManager: Shutting down and abandoning module MaterialEditor (208)
[2022.11.02-19.55.08:187][658]LogModuleManager: Shutting down and abandoning module MovieSceneTools (206)
[2022.11.02-19.55.08:187][658]LogModuleManager: Shutting down and abandoning module EditorStyle (205)
[2022.11.02-19.55.08:188][658]LogModuleManager: Shutting down and abandoning module KismetCompiler (202)
[2022.11.02-19.55.08:188][658]LogModuleManager: Shutting down and abandoning module MeshBuilder (200)
[2022.11.02-19.55.08:188][658]LogModuleManager: Shutting down and abandoning module MeshUtilities (198)
[2022.11.02-19.55.08:188][658]LogModuleManager: Shutting down and abandoning module MeshMergeUtilities (197)
[2022.11.02-19.55.08:188][658]LogModuleManager: Shutting down and abandoning module MeshReductionInterface (196)
[2022.11.02-19.55.08:188][658]LogModuleManager: Shutting down and abandoning module MeshBoneReduction (195)
[2022.11.02-19.55.08:188][658]LogModuleManager: Shutting down and abandoning module SkeletalMeshReduction (193)
[2022.11.02-19.55.08:188][658]LogModuleManager: Shutting down and abandoning module ProxyLODMeshReduction (191)
[2022.11.02-19.55.08:188][658]LogModuleManager: Shutting down and abandoning module QuadricMeshReduction (189)
[2022.11.02-19.55.08:188][658]LogModuleManager: Shutting down and abandoning module MaterialBaking (185)
[2022.11.02-19.55.08:188][658]LogModuleManager: Shutting down and abandoning module NullInstallBundleManager (180)
[2022.11.02-19.55.08:188][658]LogModuleManager: Shutting down and abandoning module PIEPreviewDeviceProfileSelector (178)
[2022.11.02-19.55.08:188][658]LogModuleManager: Shutting down and abandoning module DerivedDataCache (176)
[2022.11.02-19.55.08:188][658]LogModuleManager: Shutting down and abandoning module TargetPlatform (174)
[2022.11.02-19.55.08:188][658]LogModuleManager: Shutting down and abandoning module VulkanShaderFormat (173)
[2022.11.02-19.55.08:188][658]LogModuleManager: Shutting down and abandoning module ShaderFormatVectorVM (171)
[2022.11.02-19.55.08:188][658]LogModuleManager: Shutting down and abandoning module ShaderFormatOpenGL (169)
[2022.11.02-19.55.08:188][658]LogModuleManager: Shutting down and abandoning module ShaderFormatD3D (167)
[2022.11.02-19.55.08:188][658]LogModuleManager: Shutting down and abandoning module MetalShaderFormat (165)
[2022.11.02-19.55.08:188][658]LogModuleManager: Shutting down and abandoning module TextureFormatOodle (163)
[2022.11.02-19.55.08:188][658]LogModuleManager: Shutting down and abandoning module TextureFormatUncompressed (161)
[2022.11.02-19.55.08:188][658]LogModuleManager: Shutting down and abandoning module TextureFormatPVR (159)
[2022.11.02-19.55.08:188][658]LogModuleManager: Shutting down and abandoning module TextureFormatETC2 (157)
[2022.11.02-19.55.08:188][658]LogModuleManager: Shutting down and abandoning module TextureFormatDXT (155)
[2022.11.02-19.55.08:188][658]LogModuleManager: Shutting down and abandoning module TextureFormatIntelISPCTexComp (153)
[2022.11.02-19.55.08:188][658]LogModuleManager: Shutting down and abandoning module TextureFormatASTC (151)
[2022.11.02-19.55.08:188][658]LogModuleManager: Shutting down and abandoning module ImageWrapper (150)
[2022.11.02-19.55.08:188][658]LogModuleManager: Shutting down and abandoning module AudioFormatOpus (147)
[2022.11.02-19.55.08:188][658]LogModuleManager: Shutting down and abandoning module AudioFormatOgg (145)
[2022.11.02-19.55.08:188][658]LogModuleManager: Shutting down and abandoning module AudioFormatADPCM (143)
[2022.11.02-19.55.08:188][658]LogModuleManager: Shutting down and abandoning module WindowsServerTargetPlatform (141)
[2022.11.02-19.55.08:188][658]LogModuleManager: Shutting down and abandoning module WindowsClientTargetPlatform (139)
[2022.11.02-19.55.08:188][658]LogModuleManager: Shutting down and abandoning module WindowsTargetPlatform (137)
[2022.11.02-19.55.08:188][658]LogModuleManager: Shutting down and abandoning module WindowsNoEditorTargetPlatform (135)
[2022.11.02-19.55.08:188][658]LogModuleManager: Shutting down and abandoning module D3D11RHI (132)
[2022.11.02-19.55.08:188][658]LogModuleManager: Shutting down and abandoning module InputCore (130)
[2022.11.02-19.55.08:188][658]LogModuleManager: Shutting down and abandoning module Settings (128)
[2022.11.02-19.55.08:188][658]LogModuleManager: Shutting down and abandoning module PhysXCooking (126)
[2022.11.02-19.55.08:188][658]LogModuleManager: Shutting down and abandoning module Chaos (124)
[2022.11.02-19.55.08:188][658]LogModuleManager: Shutting down and abandoning module WindowsPlatformFeatures (122)
[2022.11.02-19.55.08:188][658]LogModuleManager: Shutting down and abandoning module GameplayMediaEncoder (121)
[2022.11.02-19.55.08:188][658]LogModuleManager: Shutting down and abandoning module AVEncoder (120)
[2022.11.02-19.55.08:189][658]LogModuleManager: Shutting down and abandoning module SteamVRInputDevice (116)
[2022.11.02-19.55.08:189][658]LogModuleManager: Shutting down and abandoning module SteamVRInput (114)
[2022.11.02-19.55.08:189][658]LogModuleManager: Shutting down and abandoning module SteamVR (112)
[2022.11.02-19.55.08:189][658]LogHMD: Freeing OpenVRDLLHandle.
[2022.11.02-19.55.08:189][658]LogModuleManager: Shutting down and abandoning module OculusHMD (110)
[2022.11.02-19.55.08:189][658]LogModuleManager: Shutting down and abandoning module OnlineBlueprintSupport (108)
[2022.11.02-19.55.08:189][658]LogModuleManager: Shutting down and abandoning module OnlineSubsystem (104)
[2022.11.02-19.55.08:189][658]LogModuleManager: Shutting down and abandoning module XMPP (99)
[2022.11.02-19.55.08:189][658]LogModuleManager: Shutting down and abandoning module WebSockets (98)
[2022.11.02-19.55.08:208][658]LogModuleManager: Shutting down and abandoning module HTTP (95)
[2022.11.02-19.55.08:208][658]LogHttp: Display: cleaning up 0 outstanding Http requests.
[2022.11.02-19.55.08:223][658]LogModuleManager: Shutting down and abandoning module SSL (94)
[2022.11.02-19.55.08:225][658]LogModuleManager: Shutting down and abandoning module OpenXRHandTracking (90)
[2022.11.02-19.55.08:225][658]LogSlate: Slate User Destroyed.  User Index 0, Is Virtual User: 0
[2022.11.02-19.55.08:225][658]LogModuleManager: Shutting down and abandoning module OpenXREyeTracker (88)
[2022.11.02-19.55.08:225][658]LogModuleManager: Shutting down and abandoning module OpenXRAR (86)
[2022.11.02-19.55.08:225][658]LogModuleManager: Shutting down and abandoning module AugmentedReality (85)
[2022.11.02-19.55.08:225][658]LogModuleManager: Shutting down and abandoning module OpenXRHMD (82)
[2022.11.02-19.55.08:226][658]LogModuleManager: Shutting down and abandoning module ExampleDeviceProfileSelector (80)
[2022.11.02-19.55.08:226][658]LogModuleManager: Shutting down and abandoning module ChunkDownloader (78)
[2022.11.02-19.55.08:226][658]LogModuleManager: Shutting down and abandoning module LauncherChunkInstaller (76)
[2022.11.02-19.55.08:226][658]LogModuleManager: Shutting down and abandoning module WmfMedia (74)
[2022.11.02-19.55.08:226][658]LogModuleManager: Shutting down and abandoning module Media (73)
[2022.11.02-19.55.08:226][658]LogModuleManager: Shutting down and abandoning module MediaInfo (72)
[2022.11.02-19.55.08:226][658]LogModuleManager: Shutting down and abandoning module VariantManagerContent (68)
[2022.11.02-19.55.08:226][658]LogModuleManager: Shutting down and abandoning module ExrReaderGpu (66)
[2022.11.02-19.55.08:226][658]LogModuleManager: Shutting down and abandoning module DatasmithContent (64)
[2022.11.02-19.55.08:228][658]LogModuleManager: Shutting down and abandoning module MLSDK (62)
[2022.11.02-19.55.08:228][658]LogModuleManager: Shutting down and abandoning module ChaosCloth (60)
[2022.11.02-19.55.08:228][658]LogModuleManager: Shutting down and abandoning module MagicLeap (58)
[2022.11.02-19.55.08:228][658]LogModuleManager: Shutting down and abandoning module AISupportModule (56)
[2022.11.02-19.55.08:228][658]LogModuleManager: Shutting down and abandoning module NiagaraVertexFactories (54)
[2022.11.02-19.55.08:228][658]LogModuleManager: Shutting down and abandoning module NiagaraShader (52)
[2022.11.02-19.55.08:228][658]LogModuleManager: Shutting down and abandoning module PixWinPlugin (50)
[2022.11.02-19.55.08:228][658]LogModuleManager: Shutting down and abandoning module DesktopPlatform (48)
[2022.11.02-19.55.08:228][658]LogModuleManager: Shutting down and abandoning module PythonScriptPluginPreload (46)
[2022.11.02-19.55.08:228][658]LogModuleManager: Shutting down and abandoning module PlatformCryptoOpenSSL (44)
[2022.11.02-19.55.08:228][658]LogModuleManager: Shutting down and abandoning module PlatformCryptoTypes (42)
[2022.11.02-19.55.08:228][658]LogModuleManager: Shutting down and abandoning module PlatformCrypto (40)
[2022.11.02-19.55.08:228][658]LogModuleManager: Shutting down and abandoning module OodleDataCompressionFormat (38)
[2022.11.02-19.55.08:228][658]LogModuleManager: Shutting down and abandoning module XGEController (36)
[2022.11.02-19.55.08:228][658]LogModuleManager: Shutting down and abandoning module AnimationModifiers (34)
[2022.11.02-19.55.08:228][658]LogModuleManager: Shutting down and abandoning module AudioEditor (32)
[2022.11.02-19.55.08:228][658]LogModuleManager: Shutting down and abandoning module PropertyEditor (31)
[2022.11.02-19.55.08:228][658]LogModuleManager: Shutting down and abandoning module TextureCompressor (28)
[2022.11.02-19.55.08:228][658]LogModuleManager: Shutting down and abandoning module RenderCore (26)
[2022.11.02-19.55.08:228][658]LogModuleManager: Shutting down and abandoning module Landscape (24)
[2022.11.02-19.55.08:228][658]LogModuleManager: Shutting down and abandoning module SlateRHIRenderer (22)
[2022.11.02-19.55.08:228][658]LogModuleManager: Shutting down and abandoning module AnimGraphRuntime (20)
[2022.11.02-19.55.08:228][658]LogModuleManager: Shutting down and abandoning module Renderer (18)
[2022.11.02-19.55.08:228][658]LogModuleManager: Shutting down and abandoning module Engine (16)
[2022.11.02-19.55.08:228][658]LogModuleManager: Shutting down and abandoning module CoreUObject (14)
[2022.11.02-19.55.08:228][658]LogModuleManager: Shutting down and abandoning module NetworkFile (12)
[2022.11.02-19.55.08:228][658]LogModuleManager: Shutting down and abandoning module CookedIterativeFile (10)
[2022.11.02-19.55.08:228][658]LogModuleManager: Shutting down and abandoning module StreamingFile (8)
[2022.11.02-19.55.08:228][658]LogModuleManager: Shutting down and abandoning module SandboxFile (6)
[2022.11.02-19.55.08:228][658]LogModuleManager: Shutting down and abandoning module PakFile (4)
[2022.11.02-19.55.08:228][658]LogModuleManager: Shutting down and abandoning module RSA (3)
[2022.11.02-19.55.08:574][658]LogContentStreaming: Display: There are 1 unreleased StreamingManagers
[2022.11.02-19.55.08:584][658]LogD3D11RHI: Shutdown
[2022.11.02-19.55.08:584][658]LogD3D11RHI: CleanupD3DDevice
[2022.11.02-19.55.08:585][658]LogExit: Exiting.
[2022.11.02-19.55.08:593][658]Log file closed, 11/02/22 15:55:08
