Log file open, 11/02/22 16:08:55
LogWindows: Failed to load 'aqProf.dll' (GetLastError=126)
LogWindows: File 'aqProf.dll' does not exist
LogWindows: Failed to load 'VtuneApi.dll' (GetLastError=126)
LogWindows: File 'VtuneApi.dll' does not exist
LogWindows: Failed to load 'VtuneApi32e.dll' (GetLastError=126)
LogWindows: File 'VtuneApi32e.dll' does not exist
LogConsoleResponse: Display: Failed to find resolution value strings in scalability ini. Falling back to default.
LogConsoleResponse: Display: Failed to find resolution value strings in scalability ini. Falling back to default.
LogInit: Display: Running engine for game: midterm
LogPlatformFile: Not using cached read wrapper
LogTaskGraph: Started task graph with 5 named threads and 35 total threads with 3 sets of task threads.
LogStats: Stats thread started at 0.635357
LogICUInternationalization: ICU TimeZone Detection - Raw Offset: -5:00, Platform Override: ''
LogInit: Display: Loading text-based GConfig....
LogPluginManager: Mounting plugin MeshPainting
LogPluginManager: Mounting plugin XGEController
LogPluginManager: Mounting plugin Paper2D
LogPluginManager: Mounting plugin EnvironmentQueryEditor
LogPluginManager: Mounting plugin AISupport
LogPluginManager: Mounting plugin LiveLink
LogPluginManager: Mounting plugin LightPropagationVolume
LogPluginManager: Mounting plugin CameraShakePreviewer
LogPluginManager: Mounting plugin GameplayCameras
LogPluginManager: Mounting plugin OodleData
LogPluginManager: Mounting plugin OodleNetwork
LogPluginManager: Mounting plugin DatasmithContent
LogPluginManager: Mounting plugin VariantManagerContent
LogPluginManager: Mounting plugin AssetManagerEditor
LogPluginManager: Mounting plugin DataValidation
LogPluginManager: Mounting plugin FacialAnimation
LogPluginManager: Mounting plugin GameplayTagsEditor
LogPluginManager: Mounting plugin CurveEditorTools
LogPluginManager: Mounting plugin GeometryMode
LogPluginManager: Mounting plugin CryptoKeys
LogPluginManager: Mounting plugin MaterialAnalyzer
LogPluginManager: Mounting plugin MobileLauncherProfileWizard
LogPluginManager: Mounting plugin PluginBrowser
LogPluginManager: Mounting plugin MacGraphicsSwitching
LogPluginManager: Mounting plugin SpeedTreeImporter
LogPluginManager: Mounting plugin AnimationSharing
LogPluginManager: Mounting plugin Niagara
LogPluginManager: Mounting plugin CLionSourceCodeAccess
LogPluginManager: Mounting plugin CodeLiteSourceCodeAccess
LogPluginManager: Mounting plugin KDevelopSourceCodeAccess
LogPluginManager: Mounting plugin NullSourceCodeAccess
LogPluginManager: Mounting plugin GitSourceControl
LogPluginManager: Mounting plugin PerforceSourceControl
LogPluginManager: Mounting plugin PixWinPlugin
LogPluginManager: Mounting plugin PlasticSourceControl
LogPluginManager: Mounting plugin PropertyAccessNode
LogPluginManager: Mounting plugin PluginUtils
LogPluginManager: Mounting plugin RiderSourceCodeAccess
LogPluginManager: Mounting plugin TextureFormatOodle
LogPluginManager: Mounting plugin SubversionSourceControl
LogPluginManager: Mounting plugin UObjectPlugin
LogPluginManager: Mounting plugin VisualStudioCodeSourceCodeAccess
LogPluginManager: Mounting plugin XCodeSourceCodeAccess
LogPluginManager: Mounting plugin VisualStudioSourceCodeAccess
LogPluginManager: Mounting plugin LuminPlatformFeatures
LogPluginManager: Mounting plugin MagicLeap
LogPluginManager: Mounting plugin MagicLeapLightEstimation
LogPluginManager: Mounting plugin MagicLeapMedia
LogPluginManager: Mounting plugin MagicLeapPassableWorld
LogPluginManager: Mounting plugin MLSDK
LogPluginManager: Mounting plugin AndroidMedia
LogPluginManager: Mounting plugin AvfMedia
LogPluginManager: Mounting plugin ImgMedia
LogPluginManager: Mounting plugin MediaPlayerEditor
LogPluginManager: Mounting plugin WebMMedia
LogPluginManager: Mounting plugin ActorSequence
LogPluginManager: Mounting plugin MatineeToLevelSequence
LogPluginManager: Mounting plugin LevelSequenceEditor
LogPluginManager: Mounting plugin TemplateSequence
LogPluginManager: Mounting plugin TcpMessaging
LogPluginManager: Mounting plugin UdpMessaging
LogPluginManager: Mounting plugin OnlineSubsystem
LogPluginManager: Mounting plugin OnlineSubsystemNull
LogPluginManager: Mounting plugin OnlineSubsystemUtils
LogPluginManager: Mounting plugin ActorLayerUtilities
LogPluginManager: Mounting plugin AndroidDeviceProfileSelector
LogPluginManager: Mounting plugin AndroidPermission
LogPluginManager: Mounting plugin AndroidMoviePlayer
LogPluginManager: Mounting plugin AppleImageUtils
LogPluginManager: Mounting plugin AppleMoviePlayer
LogPluginManager: Mounting plugin ArchVisCharacter
LogPluginManager: Mounting plugin AssetTags
LogPluginManager: Mounting plugin AudioCapture
LogPluginManager: Mounting plugin AudioSynesthesia
LogPluginManager: Mounting plugin CableComponent
LogPluginManager: Mounting plugin ChunkDownloader
LogPluginManager: Mounting plugin CustomMeshComponent
LogPluginManager: Mounting plugin ExampleDeviceProfileSelector
LogPluginManager: Mounting plugin EditableMesh
LogPluginManager: Mounting plugin GoogleCloudMessaging
LogPluginManager: Mounting plugin GooglePAD
LogPluginManager: Mounting plugin LinuxDeviceProfileSelector
LogPluginManager: Mounting plugin LocationServicesBPLibrary
LogPluginManager: Mounting plugin IOSDeviceProfileSelector
LogPluginManager: Mounting plugin MobilePatchingUtils
LogPluginManager: Mounting plugin OpenXR
LogPluginManager: Mounting plugin OpenXREyeTracker
LogPluginManager: Mounting plugin OpenXRHandTracking
LogPluginManager: Mounting plugin PhysXVehicles
LogPluginManager: Mounting plugin ScreenshotTools
LogPluginManager: Mounting plugin PostSplashScreen
LogPluginManager: Mounting plugin ProceduralMeshComponent
LogPluginManager: Mounting plugin PropertyAccessEditor
LogPluginManager: Mounting plugin RuntimePhysXCooking
LogPluginManager: Mounting plugin SignificanceManager
LogPluginManager: Mounting plugin SoundFields
LogPluginManager: Mounting plugin Synthesis
LogPluginManager: Mounting plugin WebMMoviePlayer
LogPluginManager: Mounting plugin WindowsMoviePlayer
LogPluginManager: Mounting plugin MediaCompositing
LogPluginManager: Mounting plugin LauncherChunkInstaller
LogPluginManager: Mounting plugin WmfMedia
LogPluginManager: Mounting plugin Takes
LogPluginManager: Mounting plugin AlembicImporter
LogPluginManager: Mounting plugin AutomationUtils
LogPluginManager: Mounting plugin ChaosCloth
LogPluginManager: Mounting plugin ChaosClothEditor
LogPluginManager: Mounting plugin ChaosEditor
LogPluginManager: Mounting plugin ChaosSolverPlugin
LogPluginManager: Mounting plugin ChaosNiagara
LogPluginManager: Mounting plugin CharacterAI
LogPluginManager: Mounting plugin GeometryCache
LogPluginManager: Mounting plugin GeometryCollectionPlugin
LogPluginManager: Mounting plugin GeometryProcessing
LogPluginManager: Mounting plugin BackChannel
LogPluginManager: Mounting plugin MotoSynth
LogPluginManager: Mounting plugin OpenImageDenoise
LogPluginManager: Mounting plugin PlanarCut
LogPluginManager: Mounting plugin PlatformCrypto
LogPluginManager: Mounting plugin PythonScriptPlugin
LogPluginManager: Mounting plugin ProxyLODPlugin
LogPluginManager: Mounting plugin SkeletalReduction
LogPluginManager: Mounting plugin ContentBrowserAssetDataSource
LogPluginManager: Mounting plugin ContentBrowserClassDataSource
LogPluginManager: Mounting plugin ContentBrowserFileDataSource
LogPluginManager: Mounting plugin OnlineSubsystemGooglePlay
LogPluginManager: Mounting plugin OnlineSubsystemIOS
LogPluginManager: Mounting plugin OculusVR
LogPluginManager: Mounting plugin SteamVR
PixWinPlugin: PIX capture plugin failed to initialize! Check that the process is launched from PIX.
LogInit: Using libcurl 7.55.1-DEV
LogInit:  - built for x86_64-pc-win32
LogInit:  - supports SSL with OpenSSL/1.1.1
LogInit:  - supports HTTP deflate (compression) using libz 1.2.8
LogInit:  - other features:
LogInit:      CURL_VERSION_SSL
LogInit:      CURL_VERSION_LIBZ
LogInit:      CURL_VERSION_IPV6
LogInit:      CURL_VERSION_ASYNCHDNS
LogInit:      CURL_VERSION_LARGEFILE
LogInit:      CURL_VERSION_IDN
LogInit:  CurlRequestOptions (configurable via config and command line):
LogInit:  - bVerifyPeer = true  - Libcurl will verify peer certificate
LogInit:  - bUseHttpProxy = false  - Libcurl will NOT use HTTP proxy
LogInit:  - bDontReuseConnections = false  - Libcurl will reuse connections
LogInit:  - MaxHostConnections = 16  - Libcurl will limit the number of connections to a host
LogInit:  - LocalHostAddr = Default
LogInit:  - BufferSize = 65536
LogOnline: OSS: Creating online subsystem instance for: NULL
LogInit: WinSock: version 1.1 (2.2), MaxSocks=32767, MaxUdp=65467
LogOnline: OSS: TryLoadSubsystemAndSetDefault: Loaded subsystem for module [NULL]
LogOculusPluginWrapper: OculusPlugin initialized successfully
LogHMD: Failed initializing OVRPlugin 1.59.0
LogInit: Build: ++UE4+Release-4.27-CL-18319896
LogInit: Engine Version: 4.27.2-18319896+++UE4+Release-4.27
LogInit: Compatible Engine Version: 4.27.0-17155196+++UE4+Release-4.27
LogInit: Net CL: 17155196
LogInit: OS: Windows 10 (Release 2009) (), CPU: Intel(R) Core(TM) i7-8750H CPU @ 2.20GHz, GPU: NVIDIA Quadro P2000
LogInit: Compiled (64-bit): Nov 30 2021 07:12:08
LogInit: Compiled with Visual C++: 19.24.28315.00
LogInit: Build Configuration: Development
LogInit: Branch Name: ++UE4+Release-4.27
LogInit: Command Line:  /Game/Levels/SnakeRetro -game -PIEVIACONSOLE -Multiprocess "GameUserSettingsINI=C:/Users/gosorio/Documents/Unreal Projects/midterm/Saved/Config/Windows/PIEGameUserSettings0.ini" -MultiprocessSaveConfig -forcepassthrough -messaging -SessionName="Play in Standalone Game" -windowed -ResX=1280 -ResY=720
LogInit: Base Directory: C:/Program Files/Epic Games/UE_4.27/Engine/Binaries/Win64/
LogInit: Allocator: TBB
LogInit: Installed Engine Build: 1
LogDevObjectVersion: Number of dev versions registered: 29
LogDevObjectVersion:   Dev-Blueprints (B0D832E4-1F89-4F0D-ACCF-7EB736FD4AA2): 10
LogDevObjectVersion:   Dev-Build (E1C64328-A22C-4D53-A36C-8E866417BD8C): 0
LogDevObjectVersion:   Dev-Core (375EC13C-06E4-48FB-B500-84F0262A717E): 4
LogDevObjectVersion:   Dev-Editor (E4B068ED-F494-42E9-A231-DA0B2E46BB41): 40
LogDevObjectVersion:   Dev-Framework (CFFC743F-43B0-4480-9391-14DF171D2073): 37
LogDevObjectVersion:   Dev-Mobile (B02B49B5-BB20-44E9-A304-32B752E40360): 3
LogDevObjectVersion:   Dev-Networking (A4E4105C-59A1-49B5-A7C5-40C4547EDFEE): 0
LogDevObjectVersion:   Dev-Online (39C831C9-5AE6-47DC-9A44-9C173E1C8E7C): 0
LogDevObjectVersion:   Dev-Physics (78F01B33-EBEA-4F98-B9B4-84EACCB95AA2): 14
LogDevObjectVersion:   Dev-Platform (6631380F-2D4D-43E0-8009-CF276956A95A): 0
LogDevObjectVersion:   Dev-Rendering (12F88B9F-8875-4AFC-A67C-D90C383ABD29): 45
LogDevObjectVersion:   Dev-Sequencer (7B5AE74C-D270-4C10-A958-57980B212A5A): 13
LogDevObjectVersion:   Dev-VR (D7296918-1DD6-4BDD-9DE2-64A83CC13884): 3
LogDevObjectVersion:   Dev-LoadTimes (C2A15278-BFE7-4AFE-6C17-90FF531DF755): 1
LogDevObjectVersion:   Private-Geometry (6EACA3D4-40EC-4CC1-B786-8BED09428FC5): 3
LogDevObjectVersion:   Dev-AnimPhys (29E575DD-E0A3-4627-9D10-D276232CDCEA): 17
LogDevObjectVersion:   Dev-Anim (AF43A65D-7FD3-4947-9873-3E8ED9C1BB05): 15
LogDevObjectVersion:   Dev-ReflectionCapture (6B266CEC-1EC7-4B8F-A30B-E4D90942FC07): 1
LogDevObjectVersion:   Dev-Automation (0DF73D61-A23F-47EA-B727-89E90C41499A): 1
LogDevObjectVersion:   FortniteMain (601D1886-AC64-4F84-AA16-D3DE0DEAC7D6): 47
LogDevObjectVersion:   FortniteRelease (E7086368-6B23-4C58-8439-1B7016265E91): 1
LogDevObjectVersion:   Dev-Enterprise (9DFFBCD6-494F-0158-E221-12823C92A888): 10
LogDevObjectVersion:   Dev-Niagara (F2AED0AC-9AFE-416F-8664-AA7FFA26D6FC): 1
LogDevObjectVersion:   Dev-Destruction (174F1F0B-B4C6-45A5-B13F-2EE8D0FB917D): 10
LogDevObjectVersion:   Dev-Physics-Ext (35F94A83-E258-406C-A318-09F59610247C): 41
LogDevObjectVersion:   Dev-PhysicsMaterial-Chaos (B68FC16E-8B1B-42E2-B453-215C058844FE): 1
LogDevObjectVersion:   Dev-CineCamera (B2E18506-4273-CFC2-A54E-F4BB758BBA07): 1
LogDevObjectVersion:   Dev-VirtualProduction (64F58936-FD1B-42BA-BA96-7289D5D0FA4E): 1
LogDevObjectVersion:   Dev-MediaFramework (6F0ED827-A609-4895-9C91-998D90180EA4): 2
LogInit: Presizing for max 25165824 objects, including 0 objects not considered by GC, pre-allocating 0 bytes for permanent pool.
LogConfig: Applying CVar settings from Section [/Script/Engine.StreamingSettings] File [C:/Users/gosorio/Documents/Unreal Projects/midterm/Saved/Config/Windows/Engine.ini]
LogConfig: Setting CVar [[s.MinBulkDataSizeForAsyncLoading:131072]]
LogConfig: Setting CVar [[s.AsyncLoadingThreadEnabled:0]]
LogConfig: Setting CVar [[s.EventDrivenLoaderEnabled:1]]
LogConfig: Setting CVar [[s.WarnIfTimeLimitExceeded:0]]
LogConfig: Setting CVar [[s.TimeLimitExceededMultiplier:1.5]]
LogConfig: Setting CVar [[s.TimeLimitExceededMinTime:0.005]]
LogConfig: Setting CVar [[s.UseBackgroundLevelStreaming:1]]
LogConfig: Setting CVar [[s.PriorityAsyncLoadingExtraTime:15.0]]
LogConfig: Setting CVar [[s.LevelStreamingActorsUpdateTimeLimit:5.0]]
LogConfig: Setting CVar [[s.PriorityLevelStreamingActorsUpdateExtraTime:5.0]]
LogConfig: Setting CVar [[s.LevelStreamingComponentsRegistrationGranularity:10]]
LogConfig: Setting CVar [[s.UnregisterComponentsTimeLimit:1.0]]
LogConfig: Setting CVar [[s.LevelStreamingComponentsUnregistrationGranularity:5]]
LogConfig: Setting CVar [[s.FlushStreamingOnExit:1]]
LogInit: Object subsystem initialized
LogConfig: Setting CVar [[con.DebugEarlyDefault:1]]
LogConfig: Setting CVar [[r.setres:1280x720]]
[2022.11.02-20.08.57:139][  0]LogConfig: Setting CVar [[con.DebugEarlyDefault:1]]
[2022.11.02-20.08.57:139][  0]LogConfig: Setting CVar [[r.setres:1280x720]]
[2022.11.02-20.08.57:139][  0]LogConfig: Applying CVar settings from Section [/Script/Engine.RendererSettings] File [C:/Users/gosorio/Documents/Unreal Projects/midterm/Saved/Config/Windows/Engine.ini]
[2022.11.02-20.08.57:139][  0]LogConfig: Setting CVar [[r.GPUCrashDebugging:0]]
[2022.11.02-20.08.57:139][  0]LogConfig: Setting CVar [[r.DefaultFeature.MotionBlur:0]]
[2022.11.02-20.08.57:139][  0]LogConfig: Applying CVar settings from Section [/Script/Engine.RendererOverrideSettings] File [C:/Users/gosorio/Documents/Unreal Projects/midterm/Saved/Config/Windows/Engine.ini]
[2022.11.02-20.08.57:139][  0]LogConfig: Applying CVar settings from Section [/Script/Engine.StreamingSettings] File [C:/Users/gosorio/Documents/Unreal Projects/midterm/Saved/Config/Windows/Engine.ini]
[2022.11.02-20.08.57:139][  0]LogConfig: Setting CVar [[s.MinBulkDataSizeForAsyncLoading:131072]]
[2022.11.02-20.08.57:139][  0]LogConfig: Setting CVar [[s.AsyncLoadingThreadEnabled:0]]
[2022.11.02-20.08.57:139][  0]LogConfig: Setting CVar [[s.EventDrivenLoaderEnabled:1]]
[2022.11.02-20.08.57:139][  0]LogConfig: Setting CVar [[s.WarnIfTimeLimitExceeded:0]]
[2022.11.02-20.08.57:139][  0]LogConfig: Setting CVar [[s.TimeLimitExceededMultiplier:1.5]]
[2022.11.02-20.08.57:139][  0]LogConfig: Setting CVar [[s.TimeLimitExceededMinTime:0.005]]
[2022.11.02-20.08.57:139][  0]LogConfig: Setting CVar [[s.UseBackgroundLevelStreaming:1]]
[2022.11.02-20.08.57:139][  0]LogConfig: Setting CVar [[s.PriorityAsyncLoadingExtraTime:15.0]]
[2022.11.02-20.08.57:139][  0]LogConfig: Setting CVar [[s.LevelStreamingActorsUpdateTimeLimit:5.0]]
[2022.11.02-20.08.57:139][  0]LogConfig: Setting CVar [[s.PriorityLevelStreamingActorsUpdateExtraTime:5.0]]
[2022.11.02-20.08.57:139][  0]LogConfig: Setting CVar [[s.LevelStreamingComponentsRegistrationGranularity:10]]
[2022.11.02-20.08.57:139][  0]LogConfig: Setting CVar [[s.UnregisterComponentsTimeLimit:1.0]]
[2022.11.02-20.08.57:139][  0]LogConfig: Setting CVar [[s.LevelStreamingComponentsUnregistrationGranularity:5]]
[2022.11.02-20.08.57:139][  0]LogConfig: Setting CVar [[s.FlushStreamingOnExit:1]]
[2022.11.02-20.08.57:140][  0]LogConfig: Applying CVar settings from Section [/Script/Engine.GarbageCollectionSettings] File [C:/Users/gosorio/Documents/Unreal Projects/midterm/Saved/Config/Windows/Engine.ini]
[2022.11.02-20.08.57:140][  0]LogConfig: Setting CVar [[gc.MaxObjectsNotConsideredByGC:1]]
[2022.11.02-20.08.57:140][  0]LogConfig: Setting CVar [[gc.SizeOfPermanentObjectPool:0]]
[2022.11.02-20.08.57:140][  0]LogConfig: Setting CVar [[gc.FlushStreamingOnGC:0]]
[2022.11.02-20.08.57:140][  0]LogConfig: Setting CVar [[gc.NumRetriesBeforeForcingGC:10]]
[2022.11.02-20.08.57:140][  0]LogConfig: Setting CVar [[gc.AllowParallelGC:1]]
[2022.11.02-20.08.57:140][  0]LogConfig: Setting CVar [[gc.TimeBetweenPurgingPendingKillObjects:61.1]]
[2022.11.02-20.08.57:140][  0]LogConfig: Setting CVar [[gc.MaxObjectsInEditor:25165824]]
[2022.11.02-20.08.57:140][  0]LogConfig: Setting CVar [[gc.IncrementalBeginDestroyEnabled:1]]
[2022.11.02-20.08.57:140][  0]LogConfig: Setting CVar [[gc.CreateGCClusters:1]]
[2022.11.02-20.08.57:140][  0]LogConfig: Setting CVar [[gc.MinGCClusterSize:5]]
[2022.11.02-20.08.57:140][  0]LogConfig: Setting CVar [[gc.ActorClusteringEnabled:0]]
[2022.11.02-20.08.57:140][  0]LogConfig: Setting CVar [[gc.BlueprintClusteringEnabled:0]]
[2022.11.02-20.08.57:140][  0]LogConfig: Setting CVar [[gc.UseDisregardForGCOnDedicatedServers:0]]
[2022.11.02-20.08.57:140][  0]LogConfig: Setting CVar [[gc.MultithreadedDestructionEnabled:1]]
[2022.11.02-20.08.57:140][  0]LogConfig: Applying CVar settings from Section [/Script/Engine.NetworkSettings] File [C:/Users/gosorio/Documents/Unreal Projects/midterm/Saved/Config/Windows/Engine.ini]
[2022.11.02-20.08.57:140][  0]LogConfig: Applying CVar settings from Section [/Script/UnrealEd.CookerSettings] File [C:/Users/gosorio/Documents/Unreal Projects/midterm/Saved/Config/Windows/Engine.ini]
[2022.11.02-20.08.57:156][  0]LogConfig: Applying CVar settings from Section [ViewDistanceQuality@3] File [C:/Users/gosorio/Documents/Unreal Projects/midterm/Saved/Config/Windows/Scalability.ini]
[2022.11.02-20.08.57:156][  0]LogConfig: Setting CVar [[r.SkeletalMeshLODBias:0]]
[2022.11.02-20.08.57:156][  0]LogConfig: Setting CVar [[r.ViewDistanceScale:1.0]]
[2022.11.02-20.08.57:156][  0]LogConfig: Applying CVar settings from Section [AntiAliasingQuality@3] File [C:/Users/gosorio/Documents/Unreal Projects/midterm/Saved/Config/Windows/Scalability.ini]
[2022.11.02-20.08.57:156][  0]LogConfig: Setting CVar [[r.PostProcessAAQuality:4]]
[2022.11.02-20.08.57:156][  0]LogConfig: Applying CVar settings from Section [ShadowQuality@3] File [C:/Users/gosorio/Documents/Unreal Projects/midterm/Saved/Config/Windows/Scalability.ini]
[2022.11.02-20.08.57:156][  0]LogConfig: Setting CVar [[r.LightFunctionQuality:1]]
[2022.11.02-20.08.57:156][  0]LogConfig: Setting CVar [[r.ShadowQuality:5]]
[2022.11.02-20.08.57:157][  0]LogConfig: Setting CVar [[r.Shadow.CSM.MaxCascades:10]]
[2022.11.02-20.08.57:157][  0]LogConfig: Setting CVar [[r.Shadow.MaxResolution:2048]]
[2022.11.02-20.08.57:157][  0]LogConfig: Setting CVar [[r.Shadow.MaxCSMResolution:2048]]
[2022.11.02-20.08.57:157][  0]LogConfig: Setting CVar [[r.Shadow.RadiusThreshold:0.01]]
[2022.11.02-20.08.57:157][  0]LogConfig: Setting CVar [[r.Shadow.DistanceScale:1.0]]
[2022.11.02-20.08.57:157][  0]LogConfig: Setting CVar [[r.Shadow.CSM.TransitionScale:1.0]]
[2022.11.02-20.08.57:157][  0]LogConfig: Setting CVar [[r.Shadow.PreShadowResolutionFactor:1.0]]
[2022.11.02-20.08.57:157][  0]LogConfig: Setting CVar [[r.DistanceFieldShadowing:1]]
[2022.11.02-20.08.57:157][  0]LogConfig: Setting CVar [[r.DistanceFieldAO:1]]
[2022.11.02-20.08.57:157][  0]LogConfig: Setting CVar [[r.AOQuality:2]]
[2022.11.02-20.08.57:157][  0]LogConfig: Setting CVar [[r.VolumetricFog:1]]
[2022.11.02-20.08.57:157][  0]LogConfig: Setting CVar [[r.VolumetricFog.GridPixelSize:8]]
[2022.11.02-20.08.57:157][  0]LogConfig: Setting CVar [[r.VolumetricFog.GridSizeZ:128]]
[2022.11.02-20.08.57:157][  0]LogConfig: Setting CVar [[r.VolumetricFog.HistoryMissSupersampleCount:4]]
[2022.11.02-20.08.57:157][  0]LogConfig: Setting CVar [[r.LightMaxDrawDistanceScale:1]]
[2022.11.02-20.08.57:157][  0]LogConfig: Setting CVar [[r.CapsuleShadows:1]]
[2022.11.02-20.08.57:157][  0]LogConfig: Applying CVar settings from Section [PostProcessQuality@3] File [C:/Users/gosorio/Documents/Unreal Projects/midterm/Saved/Config/Windows/Scalability.ini]
[2022.11.02-20.08.57:157][  0]LogConfig: Setting CVar [[r.MotionBlurQuality:4]]
[2022.11.02-20.08.57:157][  0]LogConfig: Setting CVar [[r.AmbientOcclusionMipLevelFactor:0.4]]
[2022.11.02-20.08.57:157][  0]LogConfig: Setting CVar [[r.AmbientOcclusionMaxQuality:100]]
[2022.11.02-20.08.57:157][  0]LogConfig: Setting CVar [[r.AmbientOcclusionLevels:-1]]
[2022.11.02-20.08.57:157][  0]LogConfig: Setting CVar [[r.AmbientOcclusionRadiusScale:1.0]]
[2022.11.02-20.08.57:157][  0]LogConfig: Setting CVar [[r.DepthOfFieldQuality:2]]
[2022.11.02-20.08.57:157][  0]LogConfig: Setting CVar [[r.RenderTargetPoolMin:400]]
[2022.11.02-20.08.57:157][  0]LogConfig: Setting CVar [[r.LensFlareQuality:2]]
[2022.11.02-20.08.57:157][  0]LogConfig: Setting CVar [[r.SceneColorFringeQuality:1]]
[2022.11.02-20.08.57:158][  0]LogConfig: Setting CVar [[r.EyeAdaptationQuality:2]]
[2022.11.02-20.08.57:158][  0]LogConfig: Setting CVar [[r.BloomQuality:5]]
[2022.11.02-20.08.57:158][  0]LogConfig: Setting CVar [[r.FastBlurThreshold:100]]
[2022.11.02-20.08.57:158][  0]LogConfig: Setting CVar [[r.Upscale.Quality:3]]
[2022.11.02-20.08.57:158][  0]LogConfig: Setting CVar [[r.Tonemapper.GrainQuantization:1]]
[2022.11.02-20.08.57:158][  0]LogConfig: Setting CVar [[r.LightShaftQuality:1]]
[2022.11.02-20.08.57:158][  0]LogConfig: Setting CVar [[r.Filter.SizeScale:1]]
[2022.11.02-20.08.57:158][  0]LogConfig: Setting CVar [[r.Tonemapper.Quality:5]]
[2022.11.02-20.08.57:158][  0]LogConfig: Setting CVar [[r.DOF.Gather.AccumulatorQuality:1        ; higher gathering accumulator quality]]
[2022.11.02-20.08.57:158][  0]LogConfig: Setting CVar [[r.DOF.Gather.PostfilterMethod:1          ; Median3x3 postfilering method]]
[2022.11.02-20.08.57:158][  0]LogConfig: Setting CVar [[r.DOF.Gather.EnableBokehSettings:0       ; no bokeh simulation when gathering]]
[2022.11.02-20.08.57:158][  0]LogConfig: Setting CVar [[r.DOF.Gather.RingCount:4                 ; medium number of samples when gathering]]
[2022.11.02-20.08.57:158][  0]LogConfig: Setting CVar [[r.DOF.Scatter.ForegroundCompositing:1    ; additive foreground scattering]]
[2022.11.02-20.08.57:158][  0]LogConfig: Setting CVar [[r.DOF.Scatter.BackgroundCompositing:2    ; additive background scattering]]
[2022.11.02-20.08.57:158][  0]LogConfig: Setting CVar [[r.DOF.Scatter.EnableBokehSettings:1      ; bokeh simulation when scattering]]
[2022.11.02-20.08.57:158][  0]LogConfig: Setting CVar [[r.DOF.Scatter.MaxSpriteRatio:0.1         ; only a maximum of 10% of scattered bokeh]]
[2022.11.02-20.08.57:158][  0]LogConfig: Setting CVar [[r.DOF.Recombine.Quality:1                ; cheap slight out of focus]]
[2022.11.02-20.08.57:158][  0]LogConfig: Setting CVar [[r.DOF.Recombine.EnableBokehSettings:0    ; no bokeh simulation on slight out of focus]]
[2022.11.02-20.08.57:158][  0]LogConfig: Setting CVar [[r.DOF.TemporalAAQuality:1                ; more stable temporal accumulation]]
[2022.11.02-20.08.57:158][  0]LogConfig: Setting CVar [[r.DOF.Kernel.MaxForegroundRadius:0.025]]
[2022.11.02-20.08.57:158][  0]LogConfig: Setting CVar [[r.DOF.Kernel.MaxBackgroundRadius:0.025]]
[2022.11.02-20.08.57:158][  0]LogConfig: Applying CVar settings from Section [TextureQuality@3] File [C:/Users/gosorio/Documents/Unreal Projects/midterm/Saved/Config/Windows/Scalability.ini]
[2022.11.02-20.08.57:158][  0]LogConfig: Setting CVar [[r.Streaming.MipBias:0]]
[2022.11.02-20.08.57:158][  0]LogConfig: Setting CVar [[r.Streaming.AmortizeCPUToGPUCopy:0]]
[2022.11.02-20.08.57:158][  0]LogConfig: Setting CVar [[r.Streaming.MaxNumTexturesToStreamPerFrame:0]]
[2022.11.02-20.08.57:158][  0]LogConfig: Setting CVar [[r.Streaming.Boost:1]]
[2022.11.02-20.08.57:158][  0]LogConfig: Setting CVar [[r.MaxAnisotropy:8]]
[2022.11.02-20.08.57:158][  0]LogConfig: Setting CVar [[r.VT.MaxAnisotropy:8]]
[2022.11.02-20.08.57:158][  0]LogConfig: Setting CVar [[r.Streaming.LimitPoolSizeToVRAM:0]]
[2022.11.02-20.08.57:158][  0]LogConfig: Setting CVar [[r.Streaming.PoolSize:1000]]
[2022.11.02-20.08.57:158][  0]LogConfig: Setting CVar [[r.Streaming.MaxEffectiveScreenSize:0]]
[2022.11.02-20.08.57:158][  0]LogConfig: Applying CVar settings from Section [EffectsQuality@3] File [C:/Users/gosorio/Documents/Unreal Projects/midterm/Saved/Config/Windows/Scalability.ini]
[2022.11.02-20.08.57:158][  0]LogConfig: Setting CVar [[r.TranslucencyLightingVolumeDim:64]]
[2022.11.02-20.08.57:158][  0]LogConfig: Setting CVar [[r.RefractionQuality:2]]
[2022.11.02-20.08.57:158][  0]LogConfig: Setting CVar [[r.SSR.Quality:3]]
[2022.11.02-20.08.57:158][  0]LogConfig: Setting CVar [[r.SSR.HalfResSceneColor:0]]
[2022.11.02-20.08.57:158][  0]LogConfig: Setting CVar [[r.SceneColorFormat:4]]
[2022.11.02-20.08.57:158][  0]LogConfig: Setting CVar [[r.DetailMode:2]]
[2022.11.02-20.08.57:158][  0]LogConfig: Setting CVar [[r.TranslucencyVolumeBlur:1]]
[2022.11.02-20.08.57:159][  0]LogConfig: Setting CVar [[r.MaterialQualityLevel:1 ; High quality]]
[2022.11.02-20.08.57:159][  0]LogConfig: Setting CVar [[r.AnisotropicMaterials:1]]
[2022.11.02-20.08.57:159][  0]LogConfig: Setting CVar [[r.SSS.Scale:1]]
[2022.11.02-20.08.57:159][  0]LogConfig: Setting CVar [[r.SSS.SampleSet:2]]
[2022.11.02-20.08.57:159][  0]LogConfig: Setting CVar [[r.SSS.Quality:1]]
[2022.11.02-20.08.57:159][  0]LogConfig: Setting CVar [[r.SSS.HalfRes:0]]
[2022.11.02-20.08.57:159][  0]LogConfig: Setting CVar [[r.SSGI.Quality:3]]
[2022.11.02-20.08.57:159][  0]LogConfig: Setting CVar [[r.EmitterSpawnRateScale:1.0]]
[2022.11.02-20.08.57:159][  0]LogConfig: Setting CVar [[r.ParticleLightQuality:2]]
[2022.11.02-20.08.57:159][  0]LogConfig: Setting CVar [[r.SkyAtmosphere.AerialPerspectiveLUT.FastApplyOnOpaque:1 ; Always have FastSkyLUT 1 in this case to avoid wrong sky]]
[2022.11.02-20.08.57:159][  0]LogConfig: Setting CVar [[r.SkyAtmosphere.AerialPerspectiveLUT.SampleCountMaxPerSlice:4]]
[2022.11.02-20.08.57:159][  0]LogConfig: Setting CVar [[r.SkyAtmosphere.AerialPerspectiveLUT.DepthResolution:16.0]]
[2022.11.02-20.08.57:159][  0]LogConfig: Setting CVar [[r.SkyAtmosphere.FastSkyLUT:1]]
[2022.11.02-20.08.57:159][  0]LogConfig: Setting CVar [[r.SkyAtmosphere.FastSkyLUT.SampleCountMin:4.0]]
[2022.11.02-20.08.57:159][  0]LogConfig: Setting CVar [[r.SkyAtmosphere.FastSkyLUT.SampleCountMax:128.0]]
[2022.11.02-20.08.57:159][  0]LogConfig: Setting CVar [[r.SkyAtmosphere.SampleCountMin:4.0]]
[2022.11.02-20.08.57:159][  0]LogConfig: Setting CVar [[r.SkyAtmosphere.SampleCountMax:128.0]]
[2022.11.02-20.08.57:159][  0]LogConfig: Setting CVar [[r.SkyAtmosphere.TransmittanceLUT.UseSmallFormat:0]]
[2022.11.02-20.08.57:159][  0]LogConfig: Setting CVar [[r.SkyAtmosphere.TransmittanceLUT.SampleCount:10.0]]
[2022.11.02-20.08.57:159][  0]LogConfig: Setting CVar [[r.SkyAtmosphere.MultiScatteringLUT.SampleCount:15.0]]
[2022.11.02-20.08.57:159][  0]LogConfig: Setting CVar [[r.SkyLight.RealTimeReflectionCapture:1]]
[2022.11.02-20.08.57:159][  0]LogConfig: Applying CVar settings from Section [FoliageQuality@3] File [C:/Users/gosorio/Documents/Unreal Projects/midterm/Saved/Config/Windows/Scalability.ini]
[2022.11.02-20.08.57:159][  0]LogConfig: Setting CVar [[foliage.DensityScale:1.0]]
[2022.11.02-20.08.57:159][  0]LogConfig: Setting CVar [[grass.DensityScale:1.0]]
[2022.11.02-20.08.57:159][  0]LogConfig: Applying CVar settings from Section [ShadingQuality@3] File [C:/Users/gosorio/Documents/Unreal Projects/midterm/Saved/Config/Windows/Scalability.ini]
[2022.11.02-20.08.57:159][  0]LogConfig: Setting CVar [[r.HairStrands.SkyLighting.IntegrationType:2]]
[2022.11.02-20.08.57:159][  0]LogConfig: Setting CVar [[r.HairStrands.SkyAO.SampleCount:4]]
[2022.11.02-20.08.57:159][  0]LogConfig: Setting CVar [[r.HairStrands.Visibility.MSAA.SamplePerPixel:4]]
[2022.11.02-20.08.57:159][  0]LogInit: Selected Device Profile: [Windows]
[2022.11.02-20.08.57:159][  0]LogInit: Applying CVar settings loaded from the selected device profile: [Windows]
[2022.11.02-20.08.57:159][  0]LogHAL: Display: Platform has ~ 16 GB [17018806272 / 17179869184 / 16], which maps to Larger [LargestMinGB=32, LargerMinGB=12, DefaultMinGB=8, SmallerMinGB=6, SmallestMinGB=0)
[2022.11.02-20.08.57:159][  0]LogInit: Going up to parent DeviceProfile []
[2022.11.02-20.08.57:159][  0]LogConfig: Applying CVar settings from Section [ViewDistanceQuality@3] File [C:/Users/gosorio/Documents/Unreal Projects/midterm/Saved/Config/Windows/Scalability.ini]
[2022.11.02-20.08.57:160][  0]LogConfig: Setting CVar [[r.SkeletalMeshLODBias:0]]
[2022.11.02-20.08.57:160][  0]LogConfig: Setting CVar [[r.ViewDistanceScale:1.0]]
[2022.11.02-20.08.57:160][  0]LogConfig: Applying CVar settings from Section [AntiAliasingQuality@3] File [C:/Users/gosorio/Documents/Unreal Projects/midterm/Saved/Config/Windows/Scalability.ini]
[2022.11.02-20.08.57:160][  0]LogConfig: Setting CVar [[r.PostProcessAAQuality:4]]
[2022.11.02-20.08.57:160][  0]LogConfig: Applying CVar settings from Section [ShadowQuality@3] File [C:/Users/gosorio/Documents/Unreal Projects/midterm/Saved/Config/Windows/Scalability.ini]
[2022.11.02-20.08.57:160][  0]LogConfig: Setting CVar [[r.LightFunctionQuality:1]]
[2022.11.02-20.08.57:160][  0]LogConfig: Setting CVar [[r.ShadowQuality:5]]
[2022.11.02-20.08.57:160][  0]LogConfig: Setting CVar [[r.Shadow.CSM.MaxCascades:10]]
[2022.11.02-20.08.57:160][  0]LogConfig: Setting CVar [[r.Shadow.MaxResolution:2048]]
[2022.11.02-20.08.57:160][  0]LogConfig: Setting CVar [[r.Shadow.MaxCSMResolution:2048]]
[2022.11.02-20.08.57:160][  0]LogConfig: Setting CVar [[r.Shadow.RadiusThreshold:0.01]]
[2022.11.02-20.08.57:160][  0]LogConfig: Setting CVar [[r.Shadow.DistanceScale:1.0]]
[2022.11.02-20.08.57:160][  0]LogConfig: Setting CVar [[r.Shadow.CSM.TransitionScale:1.0]]
[2022.11.02-20.08.57:160][  0]LogConfig: Setting CVar [[r.Shadow.PreShadowResolutionFactor:1.0]]
[2022.11.02-20.08.57:160][  0]LogConfig: Setting CVar [[r.DistanceFieldShadowing:1]]
[2022.11.02-20.08.57:160][  0]LogConfig: Setting CVar [[r.DistanceFieldAO:1]]
[2022.11.02-20.08.57:160][  0]LogConfig: Setting CVar [[r.AOQuality:2]]
[2022.11.02-20.08.57:160][  0]LogConfig: Setting CVar [[r.VolumetricFog:1]]
[2022.11.02-20.08.57:160][  0]LogConfig: Setting CVar [[r.VolumetricFog.GridPixelSize:8]]
[2022.11.02-20.08.57:160][  0]LogConfig: Setting CVar [[r.VolumetricFog.GridSizeZ:128]]
[2022.11.02-20.08.57:160][  0]LogConfig: Setting CVar [[r.VolumetricFog.HistoryMissSupersampleCount:4]]
[2022.11.02-20.08.57:160][  0]LogConfig: Setting CVar [[r.LightMaxDrawDistanceScale:1]]
[2022.11.02-20.08.57:160][  0]LogConfig: Setting CVar [[r.CapsuleShadows:1]]
[2022.11.02-20.08.57:160][  0]LogConfig: Applying CVar settings from Section [PostProcessQuality@3] File [C:/Users/gosorio/Documents/Unreal Projects/midterm/Saved/Config/Windows/Scalability.ini]
[2022.11.02-20.08.57:160][  0]LogConfig: Setting CVar [[r.MotionBlurQuality:4]]
[2022.11.02-20.08.57:160][  0]LogConfig: Setting CVar [[r.AmbientOcclusionMipLevelFactor:0.4]]
[2022.11.02-20.08.57:160][  0]LogConfig: Setting CVar [[r.AmbientOcclusionMaxQuality:100]]
[2022.11.02-20.08.57:160][  0]LogConfig: Setting CVar [[r.AmbientOcclusionLevels:-1]]
[2022.11.02-20.08.57:160][  0]LogConfig: Setting CVar [[r.AmbientOcclusionRadiusScale:1.0]]
[2022.11.02-20.08.57:160][  0]LogConfig: Setting CVar [[r.DepthOfFieldQuality:2]]
[2022.11.02-20.08.57:160][  0]LogConfig: Setting CVar [[r.RenderTargetPoolMin:400]]
[2022.11.02-20.08.57:160][  0]LogConfig: Setting CVar [[r.LensFlareQuality:2]]
[2022.11.02-20.08.57:160][  0]LogConfig: Setting CVar [[r.SceneColorFringeQuality:1]]
[2022.11.02-20.08.57:160][  0]LogConfig: Setting CVar [[r.EyeAdaptationQuality:2]]
[2022.11.02-20.08.57:160][  0]LogConfig: Setting CVar [[r.BloomQuality:5]]
[2022.11.02-20.08.57:160][  0]LogConfig: Setting CVar [[r.FastBlurThreshold:100]]
[2022.11.02-20.08.57:160][  0]LogConfig: Setting CVar [[r.Upscale.Quality:3]]
[2022.11.02-20.08.57:160][  0]LogConfig: Setting CVar [[r.Tonemapper.GrainQuantization:1]]
[2022.11.02-20.08.57:160][  0]LogConfig: Setting CVar [[r.LightShaftQuality:1]]
[2022.11.02-20.08.57:160][  0]LogConfig: Setting CVar [[r.Filter.SizeScale:1]]
[2022.11.02-20.08.57:161][  0]LogConfig: Setting CVar [[r.Tonemapper.Quality:5]]
[2022.11.02-20.08.57:161][  0]LogConfig: Setting CVar [[r.DOF.Gather.AccumulatorQuality:1        ; higher gathering accumulator quality]]
[2022.11.02-20.08.57:161][  0]LogConfig: Setting CVar [[r.DOF.Gather.PostfilterMethod:1          ; Median3x3 postfilering method]]
[2022.11.02-20.08.57:161][  0]LogConfig: Setting CVar [[r.DOF.Gather.EnableBokehSettings:0       ; no bokeh simulation when gathering]]
[2022.11.02-20.08.57:161][  0]LogConfig: Setting CVar [[r.DOF.Gather.RingCount:4                 ; medium number of samples when gathering]]
[2022.11.02-20.08.57:161][  0]LogConfig: Setting CVar [[r.DOF.Scatter.ForegroundCompositing:1    ; additive foreground scattering]]
[2022.11.02-20.08.57:161][  0]LogConfig: Setting CVar [[r.DOF.Scatter.BackgroundCompositing:2    ; additive background scattering]]
[2022.11.02-20.08.57:161][  0]LogConfig: Setting CVar [[r.DOF.Scatter.EnableBokehSettings:1      ; bokeh simulation when scattering]]
[2022.11.02-20.08.57:161][  0]LogConfig: Setting CVar [[r.DOF.Scatter.MaxSpriteRatio:0.1         ; only a maximum of 10% of scattered bokeh]]
[2022.11.02-20.08.57:161][  0]LogConfig: Setting CVar [[r.DOF.Recombine.Quality:1                ; cheap slight out of focus]]
[2022.11.02-20.08.57:161][  0]LogConfig: Setting CVar [[r.DOF.Recombine.EnableBokehSettings:0    ; no bokeh simulation on slight out of focus]]
[2022.11.02-20.08.57:161][  0]LogConfig: Setting CVar [[r.DOF.TemporalAAQuality:1                ; more stable temporal accumulation]]
[2022.11.02-20.08.57:161][  0]LogConfig: Setting CVar [[r.DOF.Kernel.MaxForegroundRadius:0.025]]
[2022.11.02-20.08.57:161][  0]LogConfig: Setting CVar [[r.DOF.Kernel.MaxBackgroundRadius:0.025]]
[2022.11.02-20.08.57:161][  0]LogConfig: Applying CVar settings from Section [TextureQuality@3] File [C:/Users/gosorio/Documents/Unreal Projects/midterm/Saved/Config/Windows/Scalability.ini]
[2022.11.02-20.08.57:161][  0]LogConfig: Setting CVar [[r.Streaming.MipBias:0]]
[2022.11.02-20.08.57:161][  0]LogConfig: Setting CVar [[r.Streaming.AmortizeCPUToGPUCopy:0]]
[2022.11.02-20.08.57:161][  0]LogConfig: Setting CVar [[r.Streaming.MaxNumTexturesToStreamPerFrame:0]]
[2022.11.02-20.08.57:161][  0]LogConfig: Setting CVar [[r.Streaming.Boost:1]]
[2022.11.02-20.08.57:161][  0]LogConfig: Setting CVar [[r.MaxAnisotropy:8]]
[2022.11.02-20.08.57:161][  0]LogConfig: Setting CVar [[r.VT.MaxAnisotropy:8]]
[2022.11.02-20.08.57:161][  0]LogConfig: Setting CVar [[r.Streaming.LimitPoolSizeToVRAM:0]]
[2022.11.02-20.08.57:161][  0]LogConfig: Setting CVar [[r.Streaming.PoolSize:1000]]
[2022.11.02-20.08.57:161][  0]LogConfig: Setting CVar [[r.Streaming.MaxEffectiveScreenSize:0]]
[2022.11.02-20.08.57:161][  0]LogConfig: Applying CVar settings from Section [EffectsQuality@3] File [C:/Users/gosorio/Documents/Unreal Projects/midterm/Saved/Config/Windows/Scalability.ini]
[2022.11.02-20.08.57:161][  0]LogConfig: Setting CVar [[r.TranslucencyLightingVolumeDim:64]]
[2022.11.02-20.08.57:161][  0]LogConfig: Setting CVar [[r.RefractionQuality:2]]
[2022.11.02-20.08.57:161][  0]LogConfig: Setting CVar [[r.SSR.Quality:3]]
[2022.11.02-20.08.57:161][  0]LogConfig: Setting CVar [[r.SSR.HalfResSceneColor:0]]
[2022.11.02-20.08.57:161][  0]LogConfig: Setting CVar [[r.SceneColorFormat:4]]
[2022.11.02-20.08.57:161][  0]LogConfig: Setting CVar [[r.DetailMode:2]]
[2022.11.02-20.08.57:161][  0]LogConfig: Setting CVar [[r.TranslucencyVolumeBlur:1]]
[2022.11.02-20.08.57:161][  0]LogConfig: Setting CVar [[r.MaterialQualityLevel:1 ; High quality]]
[2022.11.02-20.08.57:161][  0]LogConfig: Setting CVar [[r.AnisotropicMaterials:1]]
[2022.11.02-20.08.57:161][  0]LogConfig: Setting CVar [[r.SSS.Scale:1]]
[2022.11.02-20.08.57:161][  0]LogConfig: Setting CVar [[r.SSS.SampleSet:2]]
[2022.11.02-20.08.57:161][  0]LogConfig: Setting CVar [[r.SSS.Quality:1]]
[2022.11.02-20.08.57:162][  0]LogConfig: Setting CVar [[r.SSS.HalfRes:0]]
[2022.11.02-20.08.57:162][  0]LogConfig: Setting CVar [[r.SSGI.Quality:3]]
[2022.11.02-20.08.57:162][  0]LogConfig: Setting CVar [[r.EmitterSpawnRateScale:1.0]]
[2022.11.02-20.08.57:162][  0]LogConfig: Setting CVar [[r.ParticleLightQuality:2]]
[2022.11.02-20.08.57:162][  0]LogConfig: Setting CVar [[r.SkyAtmosphere.AerialPerspectiveLUT.FastApplyOnOpaque:1 ; Always have FastSkyLUT 1 in this case to avoid wrong sky]]
[2022.11.02-20.08.57:162][  0]LogConfig: Setting CVar [[r.SkyAtmosphere.AerialPerspectiveLUT.SampleCountMaxPerSlice:4]]
[2022.11.02-20.08.57:162][  0]LogConfig: Setting CVar [[r.SkyAtmosphere.AerialPerspectiveLUT.DepthResolution:16.0]]
[2022.11.02-20.08.57:162][  0]LogConfig: Setting CVar [[r.SkyAtmosphere.FastSkyLUT:1]]
[2022.11.02-20.08.57:162][  0]LogConfig: Setting CVar [[r.SkyAtmosphere.FastSkyLUT.SampleCountMin:4.0]]
[2022.11.02-20.08.57:162][  0]LogConfig: Setting CVar [[r.SkyAtmosphere.FastSkyLUT.SampleCountMax:128.0]]
[2022.11.02-20.08.57:162][  0]LogConfig: Setting CVar [[r.SkyAtmosphere.SampleCountMin:4.0]]
[2022.11.02-20.08.57:162][  0]LogConfig: Setting CVar [[r.SkyAtmosphere.SampleCountMax:128.0]]
[2022.11.02-20.08.57:162][  0]LogConfig: Setting CVar [[r.SkyAtmosphere.TransmittanceLUT.UseSmallFormat:0]]
[2022.11.02-20.08.57:162][  0]LogConfig: Setting CVar [[r.SkyAtmosphere.TransmittanceLUT.SampleCount:10.0]]
[2022.11.02-20.08.57:162][  0]LogConfig: Setting CVar [[r.SkyAtmosphere.MultiScatteringLUT.SampleCount:15.0]]
[2022.11.02-20.08.57:162][  0]LogConfig: Setting CVar [[r.SkyLight.RealTimeReflectionCapture:1]]
[2022.11.02-20.08.57:162][  0]LogConfig: Applying CVar settings from Section [FoliageQuality@3] File [C:/Users/gosorio/Documents/Unreal Projects/midterm/Saved/Config/Windows/Scalability.ini]
[2022.11.02-20.08.57:162][  0]LogConfig: Setting CVar [[foliage.DensityScale:1.0]]
[2022.11.02-20.08.57:162][  0]LogConfig: Setting CVar [[grass.DensityScale:1.0]]
[2022.11.02-20.08.57:162][  0]LogConfig: Applying CVar settings from Section [ShadingQuality@3] File [C:/Users/gosorio/Documents/Unreal Projects/midterm/Saved/Config/Windows/Scalability.ini]
[2022.11.02-20.08.57:162][  0]LogConfig: Setting CVar [[r.HairStrands.SkyLighting.IntegrationType:2]]
[2022.11.02-20.08.57:162][  0]LogConfig: Setting CVar [[r.HairStrands.SkyAO.SampleCount:4]]
[2022.11.02-20.08.57:162][  0]LogConfig: Setting CVar [[r.HairStrands.Visibility.MSAA.SamplePerPixel:4]]
[2022.11.02-20.08.57:162][  0]LogConfig: Applying CVar settings from Section [Startup] File [../../../Engine/Config/ConsoleVariables.ini]
[2022.11.02-20.08.57:163][  0]LogConfig: Setting CVar [[net.UseAdaptiveNetUpdateFrequency:0]]
[2022.11.02-20.08.57:163][  0]LogConfig: Setting CVar [[p.chaos.AllowCreatePhysxBodies:1]]
[2022.11.02-20.08.57:163][  0]LogConfig: Setting CVar [[fx.SkipVectorVMBackendOptimizations:1]]
[2022.11.02-20.08.57:163][  0]LogConfig: Applying CVar settings from Section [ConsoleVariables] File [C:/Users/gosorio/Documents/Unreal Projects/midterm/Saved/Config/Windows/Engine.ini]
[2022.11.02-20.08.57:163][  0]LogConfig: Applying CVar settings from Section [ConsoleVariables] File [C:/Users/gosorio/Documents/Unreal Projects/midterm/Saved/Config/Windows/Editor.ini]
[2022.11.02-20.08.57:163][  0]LogInit: Computer: 5CD911CWQ8
[2022.11.02-20.08.57:163][  0]LogInit: User: gosorio
[2022.11.02-20.08.57:163][  0]LogInit: CPU Page size=4096, Cores=6
[2022.11.02-20.08.57:163][  0]LogInit: High frequency timer resolution =10.000000 MHz
[2022.11.02-20.08.57:163][  0]LogMemory: Memory total: Physical=15.8GB (16GB approx)
[2022.11.02-20.08.57:163][  0]LogMemory: Platform Memory Stats for Windows
[2022.11.02-20.08.57:163][  0]LogMemory: Process Physical Memory: 145.04 MB used, 145.04 MB peak
[2022.11.02-20.08.57:163][  0]LogMemory: Process Virtual Memory: 122.67 MB used, 122.67 MB peak
[2022.11.02-20.08.57:163][  0]LogMemory: Physical Memory: 10098.02 MB used,  6132.38 MB free, 16230.40 MB total
[2022.11.02-20.08.57:163][  0]LogMemory: Virtual Memory: 134213944.00 MB used,  3781.04 MB free, 134217728.00 MB total
[2022.11.02-20.08.57:177][  0]LogWindows: WindowsPlatformFeatures enabled
[2022.11.02-20.08.57:248][  0]LogInit: Physics initialised using underlying interface: PhysX
[2022.11.02-20.08.57:248][  0]LogInit: Using OS detected language (en-US).
[2022.11.02-20.08.57:248][  0]LogInit: Using OS detected locale (en-US).
[2022.11.02-20.08.57:255][  0]LogTextLocalizationManager: No specific localization for 'en-US' exists, so the 'en' localization will be used.
[2022.11.02-20.08.57:632][  0]LogWindowsTextInputMethodSystem: Display: IME system deactivated.
[2022.11.02-20.08.57:670][  0]LogSlate: New Slate User Created.  User Index 0, Is Virtual User: 0
[2022.11.02-20.08.57:670][  0]LogSlate: Slate User Registered.  User Index 0, Is Virtual User: 0
[2022.11.02-20.08.57:707][  0]LogD3D11RHI: Loaded GFSDK_Aftermath_Lib.x64.dll
[2022.11.02-20.08.57:717][  0]LogHMD: Failed to initialize OpenVR with code 110
[2022.11.02-20.08.57:717][  0]LogD3D11RHI: D3D11 min allowed feature level: 11_0
[2022.11.02-20.08.57:717][  0]LogD3D11RHI: D3D11 max allowed feature level: 11_0
[2022.11.02-20.08.57:717][  0]LogD3D11RHI: D3D11 adapters:
[2022.11.02-20.08.57:884][  0]LogD3D11RHI:    0. 'NVIDIA Quadro P2000' (Feature Level 11_0)
[2022.11.02-20.08.57:884][  0]LogD3D11RHI:       4019/0/8115 MB DedicatedVideo/DedicatedSystem/SharedSystem, Outputs:1, VendorId:0x10de
[2022.11.02-20.08.57:889][  0]LogD3D11RHI:    1. 'Microsoft Basic Render Driver' (Feature Level 11_0)
[2022.11.02-20.08.57:889][  0]LogD3D11RHI:       0/0/8115 MB DedicatedVideo/DedicatedSystem/SharedSystem, Outputs:0, VendorId:0x1414
[2022.11.02-20.08.57:889][  0]LogD3D11RHI: Chosen D3D11 Adapter:
[2022.11.02-20.08.57:889][  0]LogD3D11RHI:     Description : NVIDIA Quadro P2000
[2022.11.02-20.08.57:889][  0]LogD3D11RHI:     VendorId    : 10de
[2022.11.02-20.08.57:889][  0]LogD3D11RHI:     DeviceId    : 1cba
[2022.11.02-20.08.57:890][  0]LogD3D11RHI:     SubSysId    : 8451103c
[2022.11.02-20.08.57:890][  0]LogD3D11RHI:     Revision    : 00a1
[2022.11.02-20.08.57:890][  0]LogD3D11RHI:     DedicatedVideoMemory : 4214226944 bytes
[2022.11.02-20.08.57:890][  0]LogD3D11RHI:     DedicatedSystemMemory : 0 bytes
[2022.11.02-20.08.57:890][  0]LogD3D11RHI:     SharedSystemMemory : 8509403136 bytes
[2022.11.02-20.08.57:890][  0]LogD3D11RHI:     AdapterLuid : 0 186481
[2022.11.02-20.08.57:903][  0]LogD3D11RHI: Creating new Direct3DDevice
[2022.11.02-20.08.57:904][  0]LogD3D11RHI:     GPU DeviceId: 0x1cba (for the marketing name, search the web for "GPU Device Id")
[2022.11.02-20.08.57:904][  0]LogWindows: EnumDisplayDevices:
[2022.11.02-20.08.57:904][  0]LogWindows:    0. 'NVIDIA Quadro P2000' (P:1 D:1)
[2022.11.02-20.08.57:905][  0]LogWindows:    1. 'NVIDIA Quadro P2000' (P:0 D:0)
[2022.11.02-20.08.57:906][  0]LogWindows:    2. 'NVIDIA Quadro P2000' (P:0 D:0)
[2022.11.02-20.08.57:907][  0]LogWindows:    3. 'NVIDIA Quadro P2000' (P:0 D:0)
[2022.11.02-20.08.57:908][  0]LogWindows: DebugString: FoundDriverCount:4 
[2022.11.02-20.08.57:908][  0]LogD3D11RHI:     Adapter Name: NVIDIA Quadro P2000
[2022.11.02-20.08.57:908][  0]LogD3D11RHI:   Driver Version: 473.34 (internal:30.0.14.7334, unified:473.34)
[2022.11.02-20.08.57:908][  0]LogD3D11RHI:      Driver Date: 4-4-2022
[2022.11.02-20.08.57:908][  0]LogRHI: Texture pool is 2813 MB (70% of 4019 MB)
[2022.11.02-20.08.57:908][  0]LogD3D11RHI: Creating D3DDevice using adapter:
[2022.11.02-20.08.57:908][  0]LogD3D11RHI:     Description : NVIDIA Quadro P2000
[2022.11.02-20.08.57:908][  0]LogD3D11RHI:     VendorId    : 10de
[2022.11.02-20.08.57:908][  0]LogD3D11RHI:     DeviceId    : 1cba
[2022.11.02-20.08.57:908][  0]LogD3D11RHI:     SubSysId    : 8451103c
[2022.11.02-20.08.57:908][  0]LogD3D11RHI:     Revision    : 00a1
[2022.11.02-20.08.57:908][  0]LogD3D11RHI:     DedicatedVideoMemory : 4214226944 bytes
[2022.11.02-20.08.57:908][  0]LogD3D11RHI:     DedicatedSystemMemory : 0 bytes
[2022.11.02-20.08.57:908][  0]LogD3D11RHI:     SharedSystemMemory : 8509403136 bytes
[2022.11.02-20.08.57:908][  0]LogD3D11RHI:     AdapterLuid : 0 186481
[2022.11.02-20.08.58:026][  0]LogD3D11RHI: RHI has support for 64 bit atomics
[2022.11.02-20.08.58:027][  0]LogD3D11RHI: Async texture creation enabled
[2022.11.02-20.08.58:027][  0]LogD3D11RHI: Array index from any shader is supported
[2022.11.02-20.08.58:051][  0]LogD3D11RHI: GPU Timing Frequency: 1000.000000 (Debug: 2 1)
[2022.11.02-20.08.58:170][  0]LogRHI: GeForceNow SDK initialized: 1
[2022.11.02-20.08.58:754][  0]LogTargetPlatformManager: Display: Loaded TargetPlatform 'WindowsNoEditor'
[2022.11.02-20.08.58:763][  0]LogTargetPlatformManager: Display: Loaded TargetPlatform 'Windows'
[2022.11.02-20.08.58:771][  0]LogTargetPlatformManager: Display: Loaded TargetPlatform 'WindowsClient'
[2022.11.02-20.08.58:780][  0]LogTargetPlatformManager: Display: Loaded TargetPlatform 'WindowsServer'
[2022.11.02-20.08.58:780][  0]LogTargetPlatformManager: Display: Building Assets For Windows
[2022.11.02-20.08.58:799][  0]LogAudioDebug: Display: Lib vorbis DLL was dynamically loaded.
[2022.11.02-20.08.58:865][  0]LogTextureFormatOodle: Display: Oodle Texture 2.9.0 init RDO Off
[2022.11.02-20.08.58:932][  0]LogRendererCore: Ray tracing is disabled. Reason: r.RayTracing=0.
[2022.11.02-20.08.58:932][  0]LogShaderCompilers: Guid format shader working directory is -18 characters bigger than the processId version (../../../../../../Users/gosorio/Documents/Unreal Projects/midterm/Intermediate/Shaders/WorkingDirectory/23496/).
[2022.11.02-20.08.58:933][  0]LogShaderCompilers: Cleaned the shader compiler working directory 'C:/Users/gosorio/AppData/Local/Temp/UnrealShaderWorkingDir/37B4EDF5462EC182AB9CE49F8F8A8496/'.
[2022.11.02-20.08.58:933][  0]LogXGEController: Cannot use XGE Controller as Incredibuild is not installed on this machine.
[2022.11.02-20.08.58:933][  0]LogShaderCompilers: Cannot use XGE Shader Compiler as Incredibuild is not installed on this machine.
[2022.11.02-20.08.58:933][  0]LogShaderCompilers: Display: Using Local Shader Compiler.
[2022.11.02-20.09.00:044][  0]LogDerivedDataCache: Display: Max Cache Size: 512 MB
[2022.11.02-20.09.00:117][  0]LogDerivedDataCache: Loaded boot cache 0.07s 94MB C:/Users/gosorio/AppData/Local/UnrealEngine/4.27/DerivedDataCache/Boot.ddc.
[2022.11.02-20.09.00:117][  0]LogDerivedDataCache: Display: Loaded Boot cache: C:/Users/gosorio/AppData/Local/UnrealEngine/4.27/DerivedDataCache/Boot.ddc
[2022.11.02-20.09.00:117][  0]LogDerivedDataCache: FDerivedDataBackendGraph:  Pak pak cache file ../../../../../../Users/gosorio/Documents/Unreal Projects/midterm/DerivedDataCache/DDC.ddp not found, will not use a pak cache.
[2022.11.02-20.09.00:117][  0]LogDerivedDataCache: Unable to find inner node Pak for hierarchical cache Hierarchy.
[2022.11.02-20.09.00:117][  0]LogDerivedDataCache: FDerivedDataBackendGraph:  CompressedPak pak cache file ../../../../../../Users/gosorio/Documents/Unreal Projects/midterm/DerivedDataCache/Compressed.ddp not found, will not use a pak cache.
[2022.11.02-20.09.00:117][  0]LogDerivedDataCache: Unable to find inner node CompressedPak for hierarchical cache Hierarchy.
[2022.11.02-20.09.00:139][  0]LogDerivedDataCache: Display: Pak cache opened for reading ../../../Engine/DerivedDataCache/Compressed.ddp.
[2022.11.02-20.09.00:139][  0]LogDerivedDataCache: FDerivedDataBackendGraph:  EnterprisePak pak cache file ../../../Enterprise/DerivedDataCache/Compressed.ddp not found, will not use a pak cache.
[2022.11.02-20.09.00:139][  0]LogDerivedDataCache: Unable to find inner node EnterprisePak for hierarchical cache Hierarchy.
[2022.11.02-20.09.00:154][  0]LogDerivedDataCache: Speed tests for C:/Users/gosorio/AppData/Local/UnrealEngine/Common/DerivedDataCache took 0.02 seconds
[2022.11.02-20.09.00:154][  0]LogDerivedDataCache: Display: Performance to C:/Users/gosorio/AppData/Local/UnrealEngine/Common/DerivedDataCache: Latency=0.03ms. RandomReadSpeed=478.46MBs, RandomWriteSpeed=73.14MBs. Assigned SpeedClass 'Local'
[2022.11.02-20.09.00:155][  0]LogDerivedDataCache: Using Local data cache path C:/Users/gosorio/AppData/Local/UnrealEngine/Common/DerivedDataCache: Writable
[2022.11.02-20.09.00:155][  0]LogDerivedDataCache: Shared data cache path not found in *engine.ini, will not use an Shared cache.
[2022.11.02-20.09.00:155][  0]LogDerivedDataCache: Unable to find inner node Shared for hierarchical cache Hierarchy.
[2022.11.02-20.09.00:203][  0]LogSlate: Using FreeType 2.10.0
[2022.11.02-20.09.00:203][  0]LogSlate: SlateFontServices - WITH_FREETYPE: 1, WITH_HARFBUZZ: 1
[2022.11.02-20.09.00:341][  0]LogInit: Using OS detected language (en-US).
[2022.11.02-20.09.00:341][  0]LogInit: Using OS detected locale (en-US).
[2022.11.02-20.09.00:341][  0]LogTextLocalizationManager: No localization for 'en-US' exists, so 'en' will be used for the language.
[2022.11.02-20.09.00:341][  0]LogTextLocalizationManager: No localization for 'en-US' exists, so 'en' will be used for the locale.
[2022.11.02-20.09.00:341][  0]LogSlate: FontCache flush requested. Reason: Culture for localization was changed
[2022.11.02-20.09.00:341][  0]LogSlate: FontCache flush requested. Reason: Culture for localization was changed
[2022.11.02-20.09.00:346][  0]LogTextLocalizationManager: Compacting localization data took   0.01ms
[2022.11.02-20.09.00:346][  0]LogAssetRegistry: FAssetRegistry took 0.0028 seconds to start up
[2022.11.02-20.09.00:570][  0]LogPackageLocalizationCache: Processed 27 localized package path(s) for 1 prioritized culture(s) in 0.001299 seconds
[2022.11.02-20.09.00:673][  0]LogInit: Selected Device Profile: [Windows]
[2022.11.02-20.09.00:673][  0]LogInit: Active device profile: [00000189EA6A4700][00000189E3F52B00 49] Windows
[2022.11.02-20.09.00:673][  0]LogInit: Profiles: [00000189EA6A4700][00000189E3F52B00 49] Windows, [00000189EA67F700][00000189E3F5AC80 49] WindowsNoEditor, [00000189EA6A7300][00000189E41B4E00 49] WindowsServer, [00000189EA67CF00][00000189E41B8F80 49] WindowsClient, [00000189EA6A7500][00000189E41BD100 49] IOS, [00000189EA687F00][00000189E41C1280 49] iPadAir, [00000189EA67FB00][00000189E41C5400 49] iPadAir2, [00000189EA61C500][00000189E41CD6C0 49] IPadPro, [00000189EA61C600][00000189E41C9700 49] iPadAir3, [00000189EA684100][00000189E3F57840 49] iPadAir4, [00000189EA61EC00][00000189E41D1980 49] iPadMini2, [00000189EA686500][00000189E41D5AC0 49] iPadMini3, [00000189EA61F400][00000189E41DC0C0 49] iPadMini4, [00000189EA684F00][00000189E41E0240 49] iPadMini5, [00000189EA607E00][00000189E41E8500 49] iPhone6, [00000189EA607F00][00000189E41E4540 49] iPodTouch6, [00000189EA6A7900][00000189E41F0800 49] iPhone7, [00000189EA6A6100][00000189E41EC840 49] iPodTouch7, [00000189EA604400][00000189E41F49C0 49] iPhone5S, [00000189EA61FD00][00000189E41F8B40 49] iPhone6Plus, [00000189EA6A7400][00000189E41FCCC0 49] iPhone6S, [00000189EA61E000][00000189E3DC2E40 49] iPhone6SPlus, [00000189EA6A4900][00000189E3DC6FC0 49] iPhone7Plus, [00000189EA61CE00][00000189E3DCB140 49] iPhoneSE, [00000189EA6A7100][00000189E3DCF2C0 49] iPhone8, [00000189EA61E400][00000189E3DD3440 49] iPhone8Plus, [00000189EA6A7A00][00000189E3DD75C0 49] iPhoneX, [00000189EA61FE00][00000189E3DDB740 49] iPhoneXS, [00000189EA6A5500][00000189E3DDF8C0 49] iPhoneXSMax, [00000189EA61E500][00000189E41D9A00 49] iPhoneXR, [00000189EA6A6A00][00000189E3DE3B40 49] iPhone11, [00000189EA61FA00][00000189E3DE6100 49] iPhone11Pro, [00000189EA6A4F00][00000189E3DEE280 49] iPhone11ProMax, [00000189EA61E300][00000189E3DF2400 49] iPhoneSE2, [00000189EA6A5700][00000189E3DF6580 49] iPhone12Mini, [00000189EA61C700][00000189E3DFA700 49] iPhone12, [00000189EA6A4300][00000189E3DFE880 49] iPhone12Pro, [00000189EA61F500][00000189E3E02A00 49] iPhone12ProMax, [00000189EA6A4B00][00000189E3E06B80 49] iPadPro105, [00000189EA61DB00][00000189E3E0AD00 49] iPadPro129, [00000189EA6A4200][00000189E3E0EE80 49] iPadPro97, [00000189EA61E100][00000189E3E13000 49] iPadPro2_129, [00000189EA6A4D00][00000189E46BB180 49] iPad5, [00000189EA61F000][00000189E46BF300 49] iPad6, [00000189EA6A6C00][00000189E46C3480 49] iPad7, [00000189EA61EE00][00000189E46C7600 49] iPad8, [00000189EA6A7E00][00000189E46CB780 49] iPadPro11, [00000189EA61D900][00000189E46CF900 49] iPadPro2_11, [00000189EA6A5900][00000189E46D3A80 49] iPadPro3_129, [00000189EA61CB00][00000189E3DEBBC0 49] iPadPro4_129, [00000189EA6A7D00][00000189E46D6180 49] AppleTV, [00000189EA61CF00][00000189E46DA2C0 49] AppleTV4K, [00000189EA6A5B00][00000189E46E2440 49] TVOS, [00000189EA61D000][00000189E46E65C0 49] Mac, [00000189EA6A5F00][00000189E46EA740 49] MacClient, [00000189EA61EB00][00000189E46EE8C0 49] MacNoEditor, [00000189EA6A7B00][00000189E46F2A40 49] MacServer, [00000189EA61F300][00000189E46F6BC0 49] Linux, [00000189EA6A4800][00000189E46FAD40 49] LinuxAArch64, [00000189EA61DD00][00000189E46FEEC0 49] LinuxNoEditor, [00000189EA6A6700][00000189E4703040 49] LinuxAArch64NoEditor, [00000189EA61E200][00000189E47071C0 49] LinuxClient, [00000189EA6A7800][00000189E470B340 49] LinuxAArch64Client, [00000189EA61D300][00000189E470F4C0 49] LinuxServer, [00000189EA6A5400][00000189E4713640 49] LinuxAArch64Server, [00000189EA61D800][00000189E47177C0 49] Android, [00000189EA687A00][00000189E471B940 49] Android_Low, [00000189EA605B00][00000189E471FAC0 49] Android_Mid, [00000189EA687000][00000189E47220C0 49] Android_High, [00000189EA607800][00000189E46DE200 49] Android_Default, [00000189EA686000][00000189E4726340 49] Android_Adreno4xx, [00000189EA607B00][00000189E472A480 49] Android_Adreno5xx_Low, [00000189EA684B00][00000189EB1825C0 49] Android_Adreno5xx, [00000189EA605800][00000189EB18A740 49] Android_Adreno6xx, [00000189EA685100][00000189EB18E8C0 49] Android_Adreno6xx_Vulkan, [00000189EA604800][00000189EB192A40 49] Android_Mali_T6xx, [00000189EA687600][00000189EB196BC0 49] Android_Mali_T7xx, [00000189EA604D00][00000189EB19AD40 49] Android_Mali_T8xx, [00000189EA687C00][00000189EB19EEC0 49] Android_Mali_G71, [00000189EA604900][00000189EB1A3040 49] Android_Mali_G72, [00000189EA687E00][00000189EB1A71C0 49] Android_Mali_G72_Vulkan, [00000189EA605900][00000189EB1AB340 49] Android_Mali_G76, [00000189EA687900][00000189EB1AF4C0 49] Android_Mali_G76_Vulkan, [00000189EA607600][00000189EB1B3640 49] Android_Mali_G77, [00000189EA686200][00000189EB1B77C0 49] Android_Mali_G77_Vulkan, [00000189EA606300][00000189EB1BB940 49] Android_Mali_G78, [00000189EA684A00][00000189EB1BFAC0 49] Android_Mali_G78_Vulkan, [00000189EA607400][00000189EB1C20C0 49] Android_Mali_G710, [00000189EA685400][00000189EB1C6240 49] Android_Mali_G710_Vulkan, [00000189EA604700][00000189EB186380 49] Android_Vulkan_SM5, [00000189EA686400][00000189EB1CA4C0 49] Android_PowerVR_G6xxx, [00000189EA604E00][00000189EB1CE600 49] Android_PowerVR_GT7xxx, [00000189EA684200][00000189EB1D2740 49] Android_PowerVR_GE8xxx, [00000189EA604100][00000189EB1DA8C0 49] Android_PowerVR_GM9xxx, [00000189EA686100][00000189EB1DEA40 49] Android_PowerVR_GM9xxx_Vulkan, [00000189EA61F800][00000189EB1E2BC0 49] Android_TegraK1, [00000189EA686A00][00000189EB1E6D40 49] Android_Unknown_Vulkan, [00000189EA61E600][00000189EB1EAEC0 49] Lumin, [00000189EA685300][00000189EB1EF040 49] Lumin_Desktop, [00000189EA61C300][00000189EB1F31C0 49] HoloLens, 
[2022.11.02-20.09.00:750][  0]LogMeshReduction: Using QuadricMeshReduction for automatic static mesh reduction
[2022.11.02-20.09.00:750][  0]LogMeshReduction: Using SimplygonMeshReduction for automatic skeletal mesh reduction
[2022.11.02-20.09.00:750][  0]LogMeshReduction: Using ProxyLODMeshReduction for automatic mesh merging
[2022.11.02-20.09.00:750][  0]LogMeshReduction: No distributed automatic mesh merging module available
[2022.11.02-20.09.00:750][  0]LogMeshMerging: No distributed automatic mesh merging module available
[2022.11.02-20.09.00:887][  0]LogNetVersion: midterm 1.0.0, NetCL: 17155196, EngineNetVer: 17, GameNetVer: 0 (Checksum: 1341048358)
[2022.11.02-20.09.01:193][  0]LogTexture: Default maximum texture size for cubemaps generated from long-lat sources has been changed from 512 to unlimited. In order to preserve old behaiour for '/Engine/MapTemplates/Sky/DaylightAmbientCubemap.DaylightAmbientCubemap', its maximum texture size has been explicitly set to 512.
[2022.11.02-20.09.01:261][  0]LogHMD: PokeAHoleMaterial loaded successfully
[2022.11.02-20.09.01:456][  0]LogMoviePlayer: Initializing movie player
[2022.11.02-20.09.01:617][  0]LogNiagaraDebuggerClient: Niagara Debugger Client Initialized | Session: 2D89141948FF54CF9E0345A4B9B100E4 | Instance: FF45E0D54C3A53B32266C8ABBE371433 (5CD911CWQ8-23496).
[2022.11.02-20.09.01:650][  0]LogCollectionManager: Loaded 0 collections in 0.002254 seconds
[2022.11.02-20.09.01:653][  0]LogFileCache: Scanning file cache for directory 'C:/Users/gosorio/Documents/Unreal Projects/midterm/Saved/Collections/' took 0.00s
[2022.11.02-20.09.01:653][  0]LogFileCache: Scanning file cache for directory 'C:/Users/gosorio/Documents/Unreal Projects/midterm/Content/Developers/gosorio/Collections/' took 0.00s
[2022.11.02-20.09.01:653][  0]LogCollectionManager: Fixed up redirectors for 0 collections in 0.000003 seconds (updated 0 objects)
[2022.11.02-20.09.01:826][  0]LogFileCache: Scanning file cache for directory 'C:/Users/gosorio/Documents/Unreal Projects/midterm/Content/Collections/' took 0.00s
[2022.11.02-20.09.01:826][  0]LogTcpMessaging: Initializing TcpMessaging bridge
[2022.11.02-20.09.01:833][  0]LogUdpMessaging: Initializing bridge on interface 0.0.0.0:0 to multicast group 230.0.0.1:6666.
[2022.11.02-20.09.01:908][  0]LogPython: Using Python 3.7.7
[2022.11.02-20.09.02:545][  0]SourceControl: Source control is disabled
[2022.11.02-20.09.02:545][  0]SourceControl: Source control is disabled
[2022.11.02-20.09.02:551][  0]SourceControl: Source control is disabled
[2022.11.02-20.09.02:563][  0]LogUProjectInfo: Found projects:
[2022.11.02-20.09.02:638][  0]LogAndroidPermission: UAndroidPermissionCallbackProxy::GetInstance
[2022.11.02-20.09.02:678][  0]LogAudioCaptureCore: Display: No Audio Capture implementations found. Audio input will be silent.
[2022.11.02-20.09.02:678][  0]LogAudioCaptureCore: Display: No Audio Capture implementations found. Audio input will be silent.
[2022.11.02-20.09.02:895][  0]LogOpenImageDenoise: OIDN starting up
[2022.11.02-20.09.02:918][  0]LogOcInput: OculusInput pre-init called
[2022.11.02-20.09.02:928][  0]LogUObjectArray: 22121 objects as part of root set at end of initial load.
[2022.11.02-20.09.02:928][  0]LogUObjectAllocator: 5975632 out of 0 bytes used by permanent object pool.
[2022.11.02-20.09.02:928][  0]LogUObjectArray: CloseDisregardForGC: 0/0 objects in disregard for GC pool
[2022.11.02-20.09.02:992][  0]LogEngine: Initializing Engine...
[2022.11.02-20.09.02:997][  0]LogHMD: Failed to enumerate extensions. Please check that you have a valid OpenXR runtime installed.
[2022.11.02-20.09.02:997][  0]LogHMD: Failed to initialize OpenVR with code 110
[2022.11.02-20.09.02:997][  0]LogMagicLeap: Warning: VR disabled because ZI is not enabled.  To enable, in the editor, Edit -> Project Settings -> Plugins -> Magic Leap Plugin -> Enable Zero Iteration
[2022.11.02-20.09.02:999][  0]LogStats: UGameplayTagsManager::InitializeManager -  0.000 s
[2022.11.02-20.09.03:114][  0]LogInit: Initializing FReadOnlyCVARCache
[2022.11.02-20.09.03:114][  0]LogAudio: Display: Initializing Audio Device Manager...
[2022.11.02-20.09.03:120][  0]LogAudio: Display: Loading Default Audio Settings Objects...
[2022.11.02-20.09.03:121][  0]LogAudio: Display: No default SoundConcurrencyObject specified (or failed to load).
[2022.11.02-20.09.03:122][  0]LogAudio: Display: Audio Device Manager Initialized
[2022.11.02-20.09.03:122][  0]LogAudio: Display: Creating Audio Device:                 Id: 1, Scope: Shared, Realtime: True
[2022.11.02-20.09.03:122][  0]LogAudioMixer: Display: Audio Mixer Platform Settings:
[2022.11.02-20.09.03:122][  0]LogAudioMixer: Display: 	Sample Rate:						  48000
[2022.11.02-20.09.03:122][  0]LogAudioMixer: Display: 	Callback Buffer Frame Size Requested: 1024
[2022.11.02-20.09.03:122][  0]LogAudioMixer: Display: 	Callback Buffer Frame Size To Use:	  1024
[2022.11.02-20.09.03:122][  0]LogAudioMixer: Display: 	Number of buffers to queue:			  2
[2022.11.02-20.09.03:122][  0]LogAudioMixer: Display: 	Max Channels (voices):				  32
[2022.11.02-20.09.03:122][  0]LogAudioMixer: Display: 	Number of Async Source Workers:		  0
[2022.11.02-20.09.03:122][  0]LogAudio: Display: AudioDevice MaxSources: 32
[2022.11.02-20.09.03:122][  0]LogAudio: Display: Audio Spatialization Plugin: None (built-in).
[2022.11.02-20.09.03:122][  0]LogAudio: Display: Audio Reverb Plugin: None (built-in).
[2022.11.02-20.09.03:122][  0]LogAudio: Display: Audio Occlusion Plugin: None (built-in).
[2022.11.02-20.09.03:122][  0]LogAudioMixer: Display: Initializing audio mixer.
[2022.11.02-20.09.03:144][  0]LogAudioMixer: Display: 0: FrontLeft
[2022.11.02-20.09.03:144][  0]LogAudioMixer: Display: 1: FrontRight
[2022.11.02-20.09.03:170][  0]LogAudioMixer: Display: Using Audio Device Speakers (Conexant ISST Audio)
[2022.11.02-20.09.03:176][  0]LogAudioMixer: Display: Initializing Sound Submixes...
[2022.11.02-20.09.03:179][  0]LogAudioMixer: Display: Creating Master Submix 'MasterSubmixDefault'
[2022.11.02-20.09.03:179][  0]LogAudioMixer: Display: Creating Master Submix 'MasterReverbSubmixDefault'
[2022.11.02-20.09.03:180][  0]LogAudioMixer: Display: Creating Master Submix 'MasterEQSubmixDefault'
[2022.11.02-20.09.03:180][  0]LogAudioMixer: FMixerPlatformXAudio2::StartAudioStream() called
[2022.11.02-20.09.03:180][  0]LogAudioMixer: Display: Output buffers initialized: Frames=1024, Channels=2, Samples=2048
[2022.11.02-20.09.03:181][  0]LogAudioMixer: Display: Starting AudioMixerPlatformInterface::RunInternal()
[2022.11.02-20.09.03:181][  0]LogAudioMixer: Display: FMixerPlatformXAudio2::SubmitBuffer() called for the first time
[2022.11.02-20.09.03:181][  0]LogInit: FAudioDevice initialized.
[2022.11.02-20.09.03:183][  0]LogNetVersion: Set ProjectVersion to 1.0.0.0. Version Checksum will be recalculated on next use.
[2022.11.02-20.09.03:184][  0]LogInit: Texture streaming: Enabled
[2022.11.02-20.09.03:270][  0]LogAudio: Display: Audio Device (ID: 1) registered with world 'Untitled'.
[2022.11.02-20.09.03:271][  0]LogSlate: Updating window title bar state: overlay mode, drag disabled, window buttons hidden, title bar hidden
[2022.11.02-20.09.03:272][  0]LogInit: Display: Game Engine Initialized.
[2022.11.02-20.09.03:272][  0]LogNiagaraEditor: GEditor isn't valid! Particle reset commands will not work for Niagara components!
[2022.11.02-20.09.03:457][  0]LogInit: Display: Starting Game.
[2022.11.02-20.09.03:458][  0]LogNet: Browse: /Game/Levels/SnakeRetro?Name=Player
[2022.11.02-20.09.03:458][  0]LogLoad: LoadMap: /Game/Levels/SnakeRetro?Name=Player
[2022.11.02-20.09.03:458][  0]LogWorld: BeginTearingDown for /Temp/Untitled_0
[2022.11.02-20.09.03:460][  0]LogWorld: UWorld::CleanupWorld for Untitled, bSessionEnded=true, bCleanupResources=true
[2022.11.02-20.09.03:460][  0]LogSlate: InvalidateAllWidgets triggered.  All widgets were invalidated
[2022.11.02-20.09.03:466][  0]LogAudio: Display: Audio Device unregistered from world 'None'.
[2022.11.02-20.09.03:470][  0]LogUObjectHash: Compacting FUObjectHashTables data took   1.21ms
[2022.11.02-20.09.03:711][  0]LogAudio: Display: Audio Device (ID: 1) registered with world 'SnakeRetro'.
[2022.11.02-20.09.03:723][  0]LogAIModule: Creating AISystem for world SnakeRetro
[2022.11.02-20.09.03:723][  0]LogLoad: Game class is 'SnakeGameMode_C'
[2022.11.02-20.09.03:728][  0]LogWorld: Bringing World /Game/Levels/SnakeRetro.SnakeRetro up for play (max tick rate 0) at 2022.11.02-16.09.03
[2022.11.02-20.09.03:729][  0]LogWorld: Bringing up level for play took: 0.004375
[2022.11.02-20.09.03:729][  0]LogGameMode: FindPlayerStart: PATHS NOT DEFINED or NO PLAYERSTART with positive rating
[2022.11.02-20.09.03:732][  0]LogLoad: Took 0.275027 seconds to LoadMap(/Game/Levels/SnakeRetro)
[2022.11.02-20.09.03:783][  0]LogSlate: Took 0.000302 seconds to synchronously load lazily loaded font '../../../Engine/Content/Slate/Fonts/Roboto-Regular.ttf' (155K)
[2022.11.02-20.09.03:831][  0]LogRenderer: Reallocating scene render targets to support 1280x720 Format 10 NumSamples 1 (Frame:1).
[2022.11.02-20.09.03:831][  0]LogInit: Display: Engine is initialized. Leaving FEngineLoop::Init()
[2022.11.02-20.09.03:832][  0]LogLoad: (Engine Initialization) Total time: 10.25 seconds
[2022.11.02-20.09.03:832][  0]LogLoad: (Engine Initialization) Total Blueprint compile time: 0.00 seconds
[2022.11.02-20.09.03:837][  0]LogContentStreaming: Texture pool size now 1000 MB
[2022.11.02-20.09.03:842][  0]LogSlate: InvalidateAllWidgets triggered.  All widgets were invalidated
[2022.11.02-20.09.03:930][  0]LogRenderer: Reallocating scene render targets to support 128x128 Format 10 NumSamples 1 (Frame:1).
[2022.11.02-20.09.03:976][  0]LogRenderer: Reallocating scene render targets to support 1280x720 Format 10 NumSamples 1 (Frame:2).
[2022.11.02-20.09.04:001][  1]LogSlate: Took 0.000434 seconds to synchronously load lazily loaded font '../../../Engine/Content/Slate/Fonts/Roboto-Regular.ttf' (155K)
[2022.11.02-20.09.32:252][588]Closing by request
[2022.11.02-20.09.32:252][588]LogWindows: FPlatformMisc::RequestExit(0)
[2022.11.02-20.09.32:252][588]LogWindows: FPlatformMisc::RequestExitWithStatus(0, 0)
[2022.11.02-20.09.32:252][588]LogCore: Engine exit requested (reason: Win RequestExit)
[2022.11.02-20.09.32:259][589]LogCore: Engine exit requested (reason: EngineExit() was called; note: exit was already requested)
[2022.11.02-20.09.32:259][589]LogInit: Display: PreExit Game.
[2022.11.02-20.09.32:279][589]LogWorld: BeginTearingDown for /Game/Levels/SnakeRetro
[2022.11.02-20.09.32:279][589]LogWorld: UWorld::CleanupWorld for SnakeRetro, bSessionEnded=true, bCleanupResources=true
[2022.11.02-20.09.32:279][589]LogSlate: InvalidateAllWidgets triggered.  All widgets were invalidated
[2022.11.02-20.09.33:017][589]LogAudio: Display: Beginning Audio Device Manager Shutdown (Module: AudioMixerXAudio2)...
[2022.11.02-20.09.33:017][589]LogAudio: Display: Destroying 1 Remaining Audio Device(s)...
[2022.11.02-20.09.33:017][589]LogAudio: Display: Audio Device unregistered from world 'SnakeRetro'.
[2022.11.02-20.09.33:052][589]LogAudioMixer: FMixerPlatformXAudio2::StopAudioStream() called
[2022.11.02-20.09.33:054][589]LogAudioMixer: FMixerPlatformXAudio2::StopAudioStream() called
[2022.11.02-20.09.33:059][589]LogAudio: Display: Audio Device Manager Shutdown
[2022.11.02-20.09.33:070][589]LogSlate: Window 'midterm (64-bit Development PCD3D_SM5) ' being destroyed
[2022.11.02-20.09.33:071][589]LogWindowsTextInputMethodSystem: Display: IME system deactivated.
[2022.11.02-20.09.33:092][589]LogWindowsTextInputMethodSystem: Display: IME system deactivated.
[2022.11.02-20.09.33:105][589]LogExit: Preparing to exit.
[2022.11.02-20.09.33:116][589]LogUObjectHash: Compacting FUObjectHashTables data took   1.03ms
[2022.11.02-20.09.33:854][589]LogMoviePlayer: Shutting down movie player
[2022.11.02-20.09.33:944][589]LogSlate: Updating window title bar state: overlay mode, drag disabled, window buttons hidden, title bar hidden
[2022.11.02-20.09.33:959][589]LogDemo: Cleaned up 0 splitscreen connections with owner deletion
[2022.11.02-20.09.33:963][589]LogExit: Game engine shut down
[2022.11.02-20.09.34:004][589]LogExit: Object subsystem successfully closed.
[2022.11.02-20.09.34:021][589]LogShaderCompilers: Display: === FShaderJobCache stats ===
[2022.11.02-20.09.34:021][589]LogShaderCompilers: Display: Total job queries 0, among them cache hits 0 (0.00%)
[2022.11.02-20.09.34:021][589]LogShaderCompilers: Display: Tracking 0 distinct input hashes that result in 0 distinct outputs (0.00%)
[2022.11.02-20.09.34:021][589]LogShaderCompilers: Display: RAM used: 0.00 MB (0.00 GB) of 819.20 MB (0.80 GB) budget. Usage: 0.00%
[2022.11.02-20.09.34:021][589]LogShaderCompilers: Display: ================================================
[2022.11.02-20.09.34:030][589]LogShaderCompilers: Display: Shaders left to compile 0
[2022.11.02-20.09.34:053][589]LogModuleManager: Shutting down and abandoning module SequenceRecorderSections (558)
[2022.11.02-20.09.34:053][589]LogModuleManager: Shutting down and abandoning module SequenceRecorder (556)
[2022.11.02-20.09.34:053][589]LogModuleManager: Shutting down and abandoning module AutomationController (554)
[2022.11.02-20.09.34:053][589]LogModuleManager: Shutting down and abandoning module AutomationWorker (552)
[2022.11.02-20.09.34:053][589]LogModuleManager: Shutting down and abandoning module Voice (550)
[2022.11.02-20.09.34:053][589]LogModuleManager: Shutting down and abandoning module AIModule (548)
[2022.11.02-20.09.34:053][589]LogModuleManager: Shutting down and abandoning module GameplayDebugger (547)
[2022.11.02-20.09.34:053][589]LogModuleManager: Shutting down and abandoning module AITestSuite (545)
[2022.11.02-20.09.34:053][589]LogModuleManager: Shutting down and abandoning module NavigationSystem (543)
[2022.11.02-20.09.34:053][589]LogModuleManager: Shutting down and abandoning module SteamVREditor (540)
[2022.11.02-20.09.34:053][589]LogModuleManager: Shutting down and abandoning module ToolMenus (539)
[2022.11.02-20.09.34:053][589]LogModuleManager: Shutting down and abandoning module OculusMR (536)
[2022.11.02-20.09.34:053][589]LogModuleManager: Shutting down and abandoning module PlanarCut (534)
[2022.11.02-20.09.34:053][589]LogModuleManager: Shutting down and abandoning module CharacterAI (532)
[2022.11.02-20.09.34:053][589]LogModuleManager: Shutting down and abandoning module TakeRecorderSources (530)
[2022.11.02-20.09.34:053][589]LogModuleManager: Shutting down and abandoning module TakeRecorder (529)
[2022.11.02-20.09.34:053][589]LogModuleManager: Shutting down and abandoning module TakeTrackRecorders (526)
[2022.11.02-20.09.34:053][589]LogModuleManager: Shutting down and abandoning module TakesCore (524)
[2022.11.02-20.09.34:053][589]LogModuleManager: Shutting down and abandoning module WmfMediaFactory (522)
[2022.11.02-20.09.34:053][589]LogModuleManager: Shutting down and abandoning module OpenXRInput (520)
[2022.11.02-20.09.34:053][589]LogModuleManager: Shutting down and abandoning module WebMMediaFactory (518)
[2022.11.02-20.09.34:053][589]LogModuleManager: Shutting down and abandoning module WebMMedia (516)
[2022.11.02-20.09.34:053][589]LogModuleManager: Shutting down and abandoning module OpenExrWrapper (514)
[2022.11.02-20.09.34:053][589]LogModuleManager: Shutting down and abandoning module ImgMediaFactory (512)
[2022.11.02-20.09.34:053][589]LogModuleManager: Shutting down and abandoning module AvfMediaFactory (510)
[2022.11.02-20.09.34:053][589]LogModuleManager: Shutting down and abandoning module MagicLeapMediaCodecFactory (508)
[2022.11.02-20.09.34:053][589]LogModuleManager: Shutting down and abandoning module MagicLeapMediaFactory (506)
[2022.11.02-20.09.34:053][589]LogModuleManager: Shutting down and abandoning module SessionServices (504)
[2022.11.02-20.09.34:053][589]LogModuleManager: Shutting down and abandoning module MovieSceneCapture (502)
[2022.11.02-20.09.34:053][589]LogModuleManager: Shutting down and abandoning module LiveCoding (500)
[2022.11.02-20.09.34:054][589]LogModuleManager: Shutting down and abandoning module LevelSequence (498)
[2022.11.02-20.09.34:054][589]LogModuleManager: Shutting down and abandoning module MovieSceneTracks (496)
[2022.11.02-20.09.34:054][589]LogModuleManager: Shutting down and abandoning module MovieScene (494)
[2022.11.02-20.09.34:054][589]LogModuleManager: Shutting down and abandoning module StreamingPauseRendering (492)
[2022.11.02-20.09.34:054][589]LogModuleManager: Shutting down and abandoning module PortalServices (490)
[2022.11.02-20.09.34:054][589]LogModuleManager: Shutting down and abandoning module PortalRpc (488)
[2022.11.02-20.09.34:054][589]LogModuleManager: Shutting down and abandoning module MessagingRpc (486)
[2022.11.02-20.09.34:054][589]LogModuleManager: Shutting down and abandoning module AudioMixerXAudio2 (484)
[2022.11.02-20.09.34:054][589]LogModuleManager: Shutting down and abandoning module AudioMixerCore (483)
[2022.11.02-20.09.34:054][589]LogModuleManager: Shutting down and abandoning module ImageWriteQueue (480)
[2022.11.02-20.09.34:058][589]LogModuleManager: Shutting down and abandoning module ProfilerService (478)
[2022.11.02-20.09.34:254][589]LogModuleManager: Shutting down and abandoning module TaskGraph (476)
[2022.11.02-20.09.34:254][589]LogModuleManager: Shutting down and abandoning module OculusInput (474)
[2022.11.02-20.09.34:254][589]LogModuleManager: Shutting down and abandoning module OpenImageDenoise (472)
[2022.11.02-20.09.34:254][589]LogOpenImageDenoise: OIDN shutting down
[2022.11.02-20.09.34:254][589]LogModuleManager: Shutting down and abandoning module MotoSynth (470)
[2022.11.02-20.09.34:254][589]LogModuleManager: Shutting down and abandoning module BackChannel (468)
[2022.11.02-20.09.34:254][589]LogModuleManager: Shutting down and abandoning module MeshConversion (466)
[2022.11.02-20.09.34:254][589]LogModuleManager: Shutting down and abandoning module DynamicMesh (464)
[2022.11.02-20.09.34:254][589]LogModuleManager: Shutting down and abandoning module GeometryAlgorithms (462)
[2022.11.02-20.09.34:254][589]LogModuleManager: Shutting down and abandoning module GeometricObjects (460)
[2022.11.02-20.09.34:254][589]LogModuleManager: Shutting down and abandoning module GeometryCollectionTracks (458)
[2022.11.02-20.09.34:254][589]LogModuleManager: Shutting down and abandoning module GeometryCollectionSequencer (457)
[2022.11.02-20.09.34:254][589]LogModuleManager: Shutting down and abandoning module GeometryCacheTracks (454)
[2022.11.02-20.09.34:254][589]LogModuleManager: Shutting down and abandoning module GeometryCacheSequencer (453)
[2022.11.02-20.09.34:254][589]LogModuleManager: Shutting down and abandoning module GeometryCache (450)
[2022.11.02-20.09.34:254][589]LogModuleManager: Shutting down and abandoning module GeometryCacheEd (449)
[2022.11.02-20.09.34:254][589]LogModuleManager: Shutting down and abandoning module ChaosNiagara (446)
[2022.11.02-20.09.34:254][589]LogModuleManager: Shutting down and abandoning module AutomationUtils (444)
[2022.11.02-20.09.34:254][589]LogModuleManager: Shutting down and abandoning module TakeMovieScene (442)
[2022.11.02-20.09.34:254][589]LogModuleManager: Shutting down and abandoning module MediaCompositing (440)
[2022.11.02-20.09.34:254][589]LogModuleManager: Shutting down and abandoning module Synthesis (438)
[2022.11.02-20.09.34:254][589]LogModuleManager: Shutting down and abandoning module ProceduralMeshComponent (436)
[2022.11.02-20.09.34:254][589]LogModuleManager: Shutting down and abandoning module MobilePatchingUtils (434)
[2022.11.02-20.09.34:254][589]LogModuleManager: Shutting down and abandoning module GooglePAD (432)
[2022.11.02-20.09.34:255][589]LogModuleManager: Shutting down and abandoning module EditableMesh (430)
[2022.11.02-20.09.34:255][589]LogModuleManager: Shutting down and abandoning module FieldSystemEngine (429)
[2022.11.02-20.09.34:255][589]LogModuleManager: Shutting down and abandoning module CustomMeshComponent (426)
[2022.11.02-20.09.34:255][589]LogModuleManager: Shutting down and abandoning module CableComponent (424)
[2022.11.02-20.09.34:255][589]LogModuleManager: Shutting down and abandoning module AudioCapture (422)
[2022.11.02-20.09.34:255][589]LogModuleManager: Shutting down and abandoning module AudioCaptureRtAudio (421)
[2022.11.02-20.09.34:255][589]LogModuleManager: Shutting down and abandoning module AssetTags (418)
[2022.11.02-20.09.34:255][589]LogModuleManager: Shutting down and abandoning module ArchVisCharacter (416)
[2022.11.02-20.09.34:255][589]LogModuleManager: Shutting down and abandoning module AppleImageUtilsBlueprintSupport (414)
[2022.11.02-20.09.34:255][589]LogModuleManager: Shutting down and abandoning module AppleImageUtils (412)
[2022.11.02-20.09.34:255][589]LogModuleManager: Shutting down and abandoning module AndroidPermission (410)
[2022.11.02-20.09.34:255][589]LogModuleManager: Shutting down and abandoning module ActorLayerUtilities (408)
[2022.11.02-20.09.34:255][589]LogModuleManager: Shutting down and abandoning module TemplateSequence (406)
[2022.11.02-20.09.34:255][589]LogModuleManager: Shutting down and abandoning module ImgMedia (404)
[2022.11.02-20.09.34:255][589]LogModuleManager: Shutting down and abandoning module MagicLeapSharedWorld (402)
[2022.11.02-20.09.34:255][589]LogModuleManager: Shutting down and abandoning module MagicLeapLightEstimation (400)
[2022.11.02-20.09.34:255][589]LogModuleManager: Shutting down and abandoning module MagicLeapHelperVulkan (398)
[2022.11.02-20.09.34:255][589]LogModuleManager: Shutting down and abandoning module MagicLeapHelperOpenGL (396)
[2022.11.02-20.09.34:255][589]LogModuleManager: Shutting down and abandoning module MagicLeapAudio (394)
[2022.11.02-20.09.34:255][589]LogModuleManager: Shutting down and abandoning module VisualStudioSourceCodeAccess (392)
[2022.11.02-20.09.34:255][589]LogModuleManager: Shutting down and abandoning module HotReload (391)
[2022.11.02-20.09.34:255][589]LogModuleManager: Shutting down and abandoning module VisualStudioCodeSourceCodeAccess (388)
[2022.11.02-20.09.34:255][589]LogModuleManager: Shutting down and abandoning module UObjectPlugin (386)
[2022.11.02-20.09.34:255][589]LogModuleManager: Shutting down and abandoning module SubversionSourceControl (384)
[2022.11.02-20.09.34:255][589]LogModuleManager: Shutting down and abandoning module PerforceSourceControl (382)
[2022.11.02-20.09.34:255][589]LogModuleManager: Shutting down and abandoning module SourceControl (381)
[2022.11.02-20.09.34:255][589]LogModuleManager: Shutting down and abandoning module CLionSourceCodeAccess (378)
[2022.11.02-20.09.34:255][589]LogModuleManager: Shutting down and abandoning module OodleNetworkHandlerComponent (376)
[2022.11.02-20.09.34:255][589]LogModuleManager: Shutting down and abandoning module LiveLinkSequencer (374)
[2022.11.02-20.09.34:255][589]LogModuleManager: Shutting down and abandoning module LiveLinkMovieScene (372)
[2022.11.02-20.09.34:255][589]LogModuleManager: Shutting down and abandoning module LiveLinkGraphNode (370)
[2022.11.02-20.09.34:255][589]LogModuleManager: Shutting down and abandoning module LiveLinkComponents (368)
[2022.11.02-20.09.34:256][589]LogModuleManager: Shutting down and abandoning module LiveLink (366)
[2022.11.02-20.09.34:479][589]LogModuleManager: Shutting down and abandoning module PythonScriptPlugin (364)
[2022.11.02-20.09.34:479][589]LogModuleManager: Shutting down and abandoning module SoundFields (362)
[2022.11.02-20.09.34:479][589]LogModuleManager: Shutting down and abandoning module SignificanceManager (360)
[2022.11.02-20.09.34:479][589]LogModuleManager: Shutting down and abandoning module RuntimePhysXCooking (358)
[2022.11.02-20.09.34:479][589]LogModuleManager: Shutting down and abandoning module PropertyAccessEditor (356)
[2022.11.02-20.09.34:479][589]LogModuleManager: Shutting down and abandoning module PhysXVehiclesEditor (354)
[2022.11.02-20.09.34:479][589]LogModuleManager: Shutting down and abandoning module LocationServicesBPLibrary (350)
[2022.11.02-20.09.34:479][589]LogModuleManager: Shutting down and abandoning module AudioSynesthesia (348)
[2022.11.02-20.09.34:480][589]LogModuleManager: Shutting down and abandoning module AudioSynesthesiaCore (346)
[2022.11.02-20.09.34:480][589]LogModuleManager: Shutting down and abandoning module UdpMessaging (344)
[2022.11.02-20.09.34:580][589]LogModuleManager: Shutting down and abandoning module TcpMessaging (342)
[2022.11.02-20.09.34:847][589]LogModuleManager: Shutting down and abandoning module ActorSequence (340)
[2022.11.02-20.09.34:847][589]LogModuleManager: Shutting down and abandoning module ImgMediaEngine (338)
[2022.11.02-20.09.34:847][589]LogModuleManager: Shutting down and abandoning module MagicLeapARPin (336)
[2022.11.02-20.09.34:847][589]LogModuleManager: Shutting down and abandoning module MagicLeapHandMeshing (334)
[2022.11.02-20.09.34:847][589]LogModuleManager: Shutting down and abandoning module MagicLeapSecureStorage (332)
[2022.11.02-20.09.34:847][589]LogModuleManager: Shutting down and abandoning module MagicLeapPrivileges (330)
[2022.11.02-20.09.34:847][589]LogModuleManager: Shutting down and abandoning module MagicLeapPlanes (328)
[2022.11.02-20.09.34:848][589]LogMagicLeapPlanes: Planes tracker already destroyed.
[2022.11.02-20.09.34:848][589]LogModuleManager: Shutting down and abandoning module MagicLeapImageTracker (326)
[2022.11.02-20.09.34:848][589]LogModuleManager: Shutting down and abandoning module MagicLeapIdentity (324)
[2022.11.02-20.09.34:848][589]LogModuleManager: Shutting down and abandoning module MagicLeapHandTracking (322)
[2022.11.02-20.09.34:848][589]LogModuleManager: Shutting down and abandoning module MagicLeapEyeTracker (320)
[2022.11.02-20.09.34:848][589]LogModuleManager: Shutting down and abandoning module MagicLeapController (318)
[2022.11.02-20.09.34:848][589]LogModuleManager: Shutting down and abandoning module MagicLeapARPinImpl (316)
[2022.11.02-20.09.34:848][589]LogModuleManager: Shutting down and abandoning module MagicLeapAR (314)
[2022.11.02-20.09.34:848][589]LogModuleManager: Shutting down and abandoning module PropertyAccessNode (312)
[2022.11.02-20.09.34:848][589]LogModuleManager: Shutting down and abandoning module NiagaraAnimNotifies (310)
[2022.11.02-20.09.34:848][589]LogModuleManager: Shutting down and abandoning module Niagara (308)
[2022.11.02-20.09.34:848][589]LogModuleManager: Shutting down and abandoning module SignalProcessing (307)
[2022.11.02-20.09.34:848][589]LogModuleManager: Shutting down and abandoning module NiagaraEditor (305)
[2022.11.02-20.09.34:848][589]LogModuleManager: Shutting down and abandoning module ContentBrowser (304)
[2022.11.02-20.09.34:848][589]LogModuleManager: Shutting down and abandoning module CollectionManager (303)
[2022.11.02-20.09.34:848][589]LogModuleManager: Shutting down and abandoning module DirectoryWatcher (302)
[2022.11.02-20.09.34:848][589]LogModuleManager: Shutting down and abandoning module ContentBrowserData (299)
[2022.11.02-20.09.34:848][589]LogModuleManager: Shutting down and abandoning module NiagaraCore (294)
[2022.11.02-20.09.34:848][589]LogModuleManager: Shutting down and abandoning module AnimationSharing (292)
[2022.11.02-20.09.34:848][589]LogModuleManager: Shutting down and abandoning module GameplayTagsEditor (290)
[2022.11.02-20.09.34:848][589]LogModuleManager: Shutting down and abandoning module FacialAnimation (288)
[2022.11.02-20.09.34:848][589]LogModuleManager: Shutting down and abandoning module AssetManagerEditor (286)
[2022.11.02-20.09.34:848][589]LogModuleManager: Shutting down and abandoning module TreeMap (285)
[2022.11.02-20.09.34:848][589]LogModuleManager: Shutting down and abandoning module GameplayCameras (282)
[2022.11.02-20.09.34:848][589]LogModuleManager: Shutting down and abandoning module LightPropagationVolumeRuntime (280)
[2022.11.02-20.09.34:848][589]LogModuleManager: Shutting down and abandoning module EnvironmentQueryEditor (278)
[2022.11.02-20.09.34:848][589]LogModuleManager: Shutting down and abandoning module Paper2D (276)
[2022.11.02-20.09.34:848][589]LogModuleManager: Shutting down and abandoning module WindowsMoviePlayer (274)
[2022.11.02-20.09.34:849][589]LogModuleManager: Shutting down and abandoning module WebMMoviePlayer (272)
[2022.11.02-20.09.34:849][589]LogModuleManager: Shutting down and abandoning module NetworkReplayStreaming (270)
[2022.11.02-20.09.34:849][589]LogModuleManager: Shutting down and abandoning module PacketHandler (268)
[2022.11.02-20.09.34:849][589]LogModuleManager: Shutting down and abandoning module ClothingSystemEditor (266)
[2022.11.02-20.09.34:849][589]LogModuleManager: Shutting down and abandoning module ClothingSystemRuntimeNv (264)
[2022.11.02-20.09.34:849][589]LogModuleManager: Shutting down and abandoning module MediaAssets (262)
[2022.11.02-20.09.34:849][589]LogModuleManager: Shutting down and abandoning module Overlay (260)
[2022.11.02-20.09.34:849][589]LogModuleManager: Shutting down and abandoning module OverlayEditor (259)
[2022.11.02-20.09.34:849][589]LogModuleManager: Shutting down and abandoning module VREditor (256)
[2022.11.02-20.09.34:849][589]LogModuleManager: Shutting down and abandoning module StringTableEditor (254)
[2022.11.02-20.09.34:849][589]LogModuleManager: Shutting down and abandoning module GameplayTasksEditor (252)
[2022.11.02-20.09.34:849][589]LogModuleManager: Shutting down and abandoning module BehaviorTreeEditor (250)
[2022.11.02-20.09.34:849][589]LogModuleManager: Shutting down and abandoning module FunctionalTesting (248)
[2022.11.02-20.09.34:849][589]LogModuleManager: Shutting down and abandoning module CollisionAnalyzer (246)
[2022.11.02-20.09.34:849][589]LogModuleManager: Shutting down and abandoning module WorkspaceMenuStructure (245)
[2022.11.02-20.09.34:849][589]LogModuleManager: Shutting down and abandoning module UMG (242)
[2022.11.02-20.09.34:849][589]LogModuleManager: Shutting down and abandoning module UMGEditor (241)
[2022.11.02-20.09.34:849][589]LogModuleManager: Shutting down and abandoning module Sequencer (240)
[2022.11.02-20.09.34:849][589]LogModuleManager: Shutting down and abandoning module MessageLog (237)
[2022.11.02-20.09.34:849][589]LogModuleManager: Shutting down and abandoning module SlateReflector (232)
[2022.11.02-20.09.34:850][589]LogModuleManager: Shutting down and abandoning module Slate (230)
[2022.11.02-20.09.34:850][589]LogModuleManager: Shutting down and abandoning module SlateCore (228)
[2022.11.02-20.09.34:851][589]LogModuleManager: Shutting down and abandoning module LandscapeEditorUtilities (226)
[2022.11.02-20.09.34:851][589]LogModuleManager: Shutting down and abandoning module UnrealEd (224)
[2022.11.02-20.09.34:851][589]LogModuleManager: Shutting down and abandoning module MRMesh (222)
[2022.11.02-20.09.34:851][589]LogModuleManager: Shutting down and abandoning module Messaging (220)
[2022.11.02-20.09.34:851][589]LogModuleManager: Shutting down and abandoning module SourceCodeAccess (218)
[2022.11.02-20.09.34:851][589]LogModuleManager: Shutting down and abandoning module HeadMountedDisplay (216)
[2022.11.02-20.09.34:851][589]LogModuleManager: Shutting down and abandoning module XAudio2 (214)
[2022.11.02-20.09.34:851][589]LogModuleManager: Shutting down and abandoning module Networking (212)
[2022.11.02-20.09.34:851][589]LogModuleManager: Shutting down and abandoning module Core (210)
[2022.11.02-20.09.34:851][589]LogModuleManager: Shutting down and abandoning module MaterialEditor (208)
[2022.11.02-20.09.34:851][589]LogModuleManager: Shutting down and abandoning module MovieSceneTools (206)
[2022.11.02-20.09.34:851][589]LogModuleManager: Shutting down and abandoning module EditorStyle (205)
[2022.11.02-20.09.34:851][589]LogModuleManager: Shutting down and abandoning module KismetCompiler (202)
[2022.11.02-20.09.34:851][589]LogModuleManager: Shutting down and abandoning module MeshBuilder (200)
[2022.11.02-20.09.34:851][589]LogModuleManager: Shutting down and abandoning module MeshUtilities (198)
[2022.11.02-20.09.34:851][589]LogModuleManager: Shutting down and abandoning module MeshMergeUtilities (197)
[2022.11.02-20.09.34:852][589]LogModuleManager: Shutting down and abandoning module MeshReductionInterface (196)
[2022.11.02-20.09.34:852][589]LogModuleManager: Shutting down and abandoning module MeshBoneReduction (195)
[2022.11.02-20.09.34:852][589]LogModuleManager: Shutting down and abandoning module SkeletalMeshReduction (193)
[2022.11.02-20.09.34:852][589]LogModuleManager: Shutting down and abandoning module ProxyLODMeshReduction (191)
[2022.11.02-20.09.34:852][589]LogModuleManager: Shutting down and abandoning module QuadricMeshReduction (189)
[2022.11.02-20.09.34:852][589]LogModuleManager: Shutting down and abandoning module MaterialBaking (185)
[2022.11.02-20.09.34:852][589]LogModuleManager: Shutting down and abandoning module NullInstallBundleManager (180)
[2022.11.02-20.09.34:852][589]LogModuleManager: Shutting down and abandoning module PIEPreviewDeviceProfileSelector (178)
[2022.11.02-20.09.34:852][589]LogModuleManager: Shutting down and abandoning module DerivedDataCache (176)
[2022.11.02-20.09.34:852][589]LogModuleManager: Shutting down and abandoning module TargetPlatform (174)
[2022.11.02-20.09.34:852][589]LogModuleManager: Shutting down and abandoning module VulkanShaderFormat (173)
[2022.11.02-20.09.34:852][589]LogModuleManager: Shutting down and abandoning module ShaderFormatVectorVM (171)
[2022.11.02-20.09.34:852][589]LogModuleManager: Shutting down and abandoning module ShaderFormatOpenGL (169)
[2022.11.02-20.09.34:852][589]LogModuleManager: Shutting down and abandoning module ShaderFormatD3D (167)
[2022.11.02-20.09.34:852][589]LogModuleManager: Shutting down and abandoning module MetalShaderFormat (165)
[2022.11.02-20.09.34:852][589]LogModuleManager: Shutting down and abandoning module TextureFormatOodle (163)
[2022.11.02-20.09.34:852][589]LogModuleManager: Shutting down and abandoning module TextureFormatUncompressed (161)
[2022.11.02-20.09.34:852][589]LogModuleManager: Shutting down and abandoning module TextureFormatPVR (159)
[2022.11.02-20.09.34:852][589]LogModuleManager: Shutting down and abandoning module TextureFormatETC2 (157)
[2022.11.02-20.09.34:852][589]LogModuleManager: Shutting down and abandoning module TextureFormatDXT (155)
[2022.11.02-20.09.34:852][589]LogModuleManager: Shutting down and abandoning module TextureFormatIntelISPCTexComp (153)
[2022.11.02-20.09.34:852][589]LogModuleManager: Shutting down and abandoning module TextureFormatASTC (151)
[2022.11.02-20.09.34:852][589]LogModuleManager: Shutting down and abandoning module ImageWrapper (150)
[2022.11.02-20.09.34:852][589]LogModuleManager: Shutting down and abandoning module AudioFormatOpus (147)
[2022.11.02-20.09.34:852][589]LogModuleManager: Shutting down and abandoning module AudioFormatOgg (145)
[2022.11.02-20.09.34:852][589]LogModuleManager: Shutting down and abandoning module AudioFormatADPCM (143)
[2022.11.02-20.09.34:852][589]LogModuleManager: Shutting down and abandoning module WindowsServerTargetPlatform (141)
[2022.11.02-20.09.34:852][589]LogModuleManager: Shutting down and abandoning module WindowsClientTargetPlatform (139)
[2022.11.02-20.09.34:852][589]LogModuleManager: Shutting down and abandoning module WindowsTargetPlatform (137)
[2022.11.02-20.09.34:852][589]LogModuleManager: Shutting down and abandoning module WindowsNoEditorTargetPlatform (135)
[2022.11.02-20.09.34:852][589]LogModuleManager: Shutting down and abandoning module D3D11RHI (132)
[2022.11.02-20.09.34:852][589]LogModuleManager: Shutting down and abandoning module InputCore (130)
[2022.11.02-20.09.34:852][589]LogModuleManager: Shutting down and abandoning module Settings (128)
[2022.11.02-20.09.34:852][589]LogModuleManager: Shutting down and abandoning module PhysXCooking (126)
[2022.11.02-20.09.34:852][589]LogModuleManager: Shutting down and abandoning module Chaos (124)
[2022.11.02-20.09.34:852][589]LogModuleManager: Shutting down and abandoning module WindowsPlatformFeatures (122)
[2022.11.02-20.09.34:852][589]LogModuleManager: Shutting down and abandoning module GameplayMediaEncoder (121)
[2022.11.02-20.09.34:852][589]LogModuleManager: Shutting down and abandoning module AVEncoder (120)
[2022.11.02-20.09.34:852][589]LogModuleManager: Shutting down and abandoning module SteamVRInputDevice (116)
[2022.11.02-20.09.34:852][589]LogModuleManager: Shutting down and abandoning module SteamVRInput (114)
[2022.11.02-20.09.34:852][589]LogModuleManager: Shutting down and abandoning module SteamVR (112)
[2022.11.02-20.09.34:852][589]LogHMD: Freeing OpenVRDLLHandle.
[2022.11.02-20.09.34:852][589]LogModuleManager: Shutting down and abandoning module OculusHMD (110)
[2022.11.02-20.09.34:852][589]LogModuleManager: Shutting down and abandoning module ChaosCloth (108)
[2022.11.02-20.09.34:852][589]LogModuleManager: Shutting down and abandoning module WmfMedia (106)
[2022.11.02-20.09.34:854][589]LogModuleManager: Shutting down and abandoning module Media (105)
[2022.11.02-20.09.34:855][589]LogModuleManager: Shutting down and abandoning module MediaInfo (104)
[2022.11.02-20.09.34:855][589]LogModuleManager: Shutting down and abandoning module LauncherChunkInstaller (100)
[2022.11.02-20.09.34:855][589]LogModuleManager: Shutting down and abandoning module OpenXRHandTracking (98)
[2022.11.02-20.09.34:855][589]LogSlate: Slate User Destroyed.  User Index 0, Is Virtual User: 0
[2022.11.02-20.09.34:855][589]LogModuleManager: Shutting down and abandoning module OpenXREyeTracker (96)
[2022.11.02-20.09.34:855][589]LogModuleManager: Shutting down and abandoning module OpenXRAR (94)
[2022.11.02-20.09.34:855][589]LogModuleManager: Shutting down and abandoning module AugmentedReality (93)
[2022.11.02-20.09.34:855][589]LogModuleManager: Shutting down and abandoning module OpenXRHMD (90)
[2022.11.02-20.09.34:855][589]LogModuleManager: Shutting down and abandoning module ExampleDeviceProfileSelector (88)
[2022.11.02-20.09.34:855][589]LogModuleManager: Shutting down and abandoning module ChunkDownloader (86)
[2022.11.02-20.09.34:855][589]LogModuleManager: Shutting down and abandoning module OnlineBlueprintSupport (84)
[2022.11.02-20.09.34:855][589]LogModuleManager: Shutting down and abandoning module OnlineSubsystem (80)
[2022.11.02-20.09.34:856][589]LogModuleManager: Shutting down and abandoning module XMPP (75)
[2022.11.02-20.09.34:856][589]LogModuleManager: Shutting down and abandoning module WebSockets (74)
[2022.11.02-20.09.34:868][589]LogModuleManager: Shutting down and abandoning module HTTP (71)
[2022.11.02-20.09.34:868][589]LogHttp: Display: cleaning up 0 outstanding Http requests.
[2022.11.02-20.09.34:871][589]LogModuleManager: Shutting down and abandoning module SSL (70)
[2022.11.02-20.09.34:872][589]LogModuleManager: Shutting down and abandoning module ExrReaderGpu (66)
[2022.11.02-20.09.34:872][589]LogModuleManager: Shutting down and abandoning module MLSDK (64)
[2022.11.02-20.09.34:872][589]LogModuleManager: Shutting down and abandoning module MagicLeap (62)
[2022.11.02-20.09.34:872][589]LogModuleManager: Shutting down and abandoning module PixWinPlugin (60)
[2022.11.02-20.09.34:872][589]LogModuleManager: Shutting down and abandoning module NiagaraVertexFactories (58)
[2022.11.02-20.09.34:872][589]LogModuleManager: Shutting down and abandoning module NiagaraShader (56)
[2022.11.02-20.09.34:872][589]LogModuleManager: Shutting down and abandoning module VariantManagerContent (54)
[2022.11.02-20.09.34:872][589]LogModuleManager: Shutting down and abandoning module DatasmithContent (52)
[2022.11.02-20.09.34:872][589]LogModuleManager: Shutting down and abandoning module AISupportModule (50)
[2022.11.02-20.09.34:872][589]LogModuleManager: Shutting down and abandoning module DesktopPlatform (48)
[2022.11.02-20.09.34:872][589]LogModuleManager: Shutting down and abandoning module PythonScriptPluginPreload (46)
[2022.11.02-20.09.34:872][589]LogModuleManager: Shutting down and abandoning module PlatformCryptoOpenSSL (44)
[2022.11.02-20.09.34:872][589]LogModuleManager: Shutting down and abandoning module PlatformCryptoTypes (42)
[2022.11.02-20.09.34:872][589]LogModuleManager: Shutting down and abandoning module PlatformCrypto (40)
[2022.11.02-20.09.34:873][589]LogModuleManager: Shutting down and abandoning module OodleDataCompressionFormat (38)
[2022.11.02-20.09.34:873][589]LogModuleManager: Shutting down and abandoning module XGEController (36)
[2022.11.02-20.09.34:873][589]LogModuleManager: Shutting down and abandoning module AnimationModifiers (34)
[2022.11.02-20.09.34:873][589]LogModuleManager: Shutting down and abandoning module AudioEditor (32)
[2022.11.02-20.09.34:873][589]LogModuleManager: Shutting down and abandoning module PropertyEditor (31)
[2022.11.02-20.09.34:873][589]LogModuleManager: Shutting down and abandoning module TextureCompressor (28)
[2022.11.02-20.09.34:873][589]LogModuleManager: Shutting down and abandoning module RenderCore (26)
[2022.11.02-20.09.34:873][589]LogModuleManager: Shutting down and abandoning module Landscape (24)
[2022.11.02-20.09.34:873][589]LogModuleManager: Shutting down and abandoning module SlateRHIRenderer (22)
[2022.11.02-20.09.34:873][589]LogModuleManager: Shutting down and abandoning module AnimGraphRuntime (20)
[2022.11.02-20.09.34:873][589]LogModuleManager: Shutting down and abandoning module Renderer (18)
[2022.11.02-20.09.34:873][589]LogModuleManager: Shutting down and abandoning module Engine (16)
[2022.11.02-20.09.34:873][589]LogModuleManager: Shutting down and abandoning module CoreUObject (14)
[2022.11.02-20.09.34:873][589]LogModuleManager: Shutting down and abandoning module NetworkFile (12)
[2022.11.02-20.09.34:873][589]LogModuleManager: Shutting down and abandoning module CookedIterativeFile (10)
[2022.11.02-20.09.34:873][589]LogModuleManager: Shutting down and abandoning module StreamingFile (8)
[2022.11.02-20.09.34:873][589]LogModuleManager: Shutting down and abandoning module SandboxFile (6)
[2022.11.02-20.09.34:873][589]LogModuleManager: Shutting down and abandoning module PakFile (4)
[2022.11.02-20.09.34:873][589]LogModuleManager: Shutting down and abandoning module RSA (3)
[2022.11.02-20.09.35:221][589]LogContentStreaming: Display: There are 1 unreleased StreamingManagers
[2022.11.02-20.09.35:234][589]LogD3D11RHI: Shutdown
[2022.11.02-20.09.35:234][589]LogD3D11RHI: CleanupD3DDevice
[2022.11.02-20.09.35:235][589]LogExit: Exiting.
[2022.11.02-20.09.35:239][589]Log file closed, 11/02/22 16:09:35
