Log file open, 11/03/22 05:09:45
LogWindows: Failed to load 'aqProf.dll' (GetLastError=126)
LogWindows: File 'aqProf.dll' does not exist
LogWindows: Failed to load 'VtuneApi.dll' (GetLastError=126)
LogWindows: File 'VtuneApi.dll' does not exist
LogWindows: Failed to load 'VtuneApi32e.dll' (GetLastError=126)
LogWindows: File 'VtuneApi32e.dll' does not exist
LogConsoleResponse: Display: Failed to find resolution value strings in scalability ini. Falling back to default.
LogConsoleResponse: Display: Failed to find resolution value strings in scalability ini. Falling back to default.
LogInit: Display: Running engine for game: midterm
LogPlatformFile: Not using cached read wrapper
LogTaskGraph: Started task graph with 5 named threads and 35 total threads with 3 sets of task threads.
LogStats: Stats thread started at 0.596442
LogICUInternationalization: ICU TimeZone Detection - Raw Offset: -5:00, Platform Override: ''
LogInit: Display: Loading text-based GConfig....
LogPluginManager: Mounting plugin MeshPainting
LogPluginManager: Mounting plugin XGEController
LogPluginManager: Mounting plugin Paper2D
LogPluginManager: Mounting plugin LiveLink
LogPluginManager: Mounting plugin AISupport
LogPluginManager: Mounting plugin LightPropagationVolume
LogPluginManager: Mounting plugin EnvironmentQueryEditor
LogPluginManager: Mounting plugin CameraShakePreviewer
LogPluginManager: Mounting plugin GameplayCameras
LogPluginManager: Mounting plugin OodleData
LogPluginManager: Mounting plugin OodleNetwork
LogPluginManager: Mounting plugin AnimationSharing
LogPluginManager: Mounting plugin AssetManagerEditor
LogPluginManager: Mounting plugin CLionSourceCodeAccess
LogPluginManager: Mounting plugin GitSourceControl
LogPluginManager: Mounting plugin NullSourceCodeAccess
LogPluginManager: Mounting plugin KDevelopSourceCodeAccess
LogPluginManager: Mounting plugin PerforceSourceControl
LogPluginManager: Mounting plugin PixWinPlugin
LogPluginManager: Mounting plugin PluginUtils
LogPluginManager: Mounting plugin PlasticSourceControl
LogPluginManager: Mounting plugin PropertyAccessNode
LogPluginManager: Mounting plugin RiderSourceCodeAccess
LogPluginManager: Mounting plugin SubversionSourceControl
LogPluginManager: Mounting plugin TextureFormatOodle
LogPluginManager: Mounting plugin UObjectPlugin
LogPluginManager: Mounting plugin VisualStudioSourceCodeAccess
LogPluginManager: Mounting plugin XCodeSourceCodeAccess
LogPluginManager: Mounting plugin VisualStudioCodeSourceCodeAccess
LogPluginManager: Mounting plugin CurveEditorTools
LogPluginManager: Mounting plugin CryptoKeys
LogPluginManager: Mounting plugin CodeLiteSourceCodeAccess
LogPluginManager: Mounting plugin DataValidation
LogPluginManager: Mounting plugin FacialAnimation
LogPluginManager: Mounting plugin GeometryMode
LogPluginManager: Mounting plugin MacGraphicsSwitching
LogPluginManager: Mounting plugin MaterialAnalyzer
LogPluginManager: Mounting plugin PluginBrowser
LogPluginManager: Mounting plugin MobileLauncherProfileWizard
LogPluginManager: Mounting plugin DatasmithContent
LogPluginManager: Mounting plugin SpeedTreeImporter
LogPluginManager: Mounting plugin AlembicImporter
LogPluginManager: Mounting plugin BackChannel
LogPluginManager: Mounting plugin AutomationUtils
LogPluginManager: Mounting plugin ChaosEditor
LogPluginManager: Mounting plugin ChaosClothEditor
LogPluginManager: Mounting plugin ChaosSolverPlugin
LogPluginManager: Mounting plugin ChaosCloth
LogPluginManager: Mounting plugin CharacterAI
LogPluginManager: Mounting plugin ChaosNiagara
LogPluginManager: Mounting plugin GameplayTagsEditor
LogPluginManager: Mounting plugin GeometryCollectionPlugin
LogPluginManager: Mounting plugin VariantManagerContent
LogPluginManager: Mounting plugin LuminPlatformFeatures
LogPluginManager: Mounting plugin GeometryCache
LogPluginManager: Mounting plugin MagicLeap
LogPluginManager: Mounting plugin AndroidMedia
LogPluginManager: Mounting plugin AvfMedia
LogPluginManager: Mounting plugin MagicLeapLightEstimation
LogPluginManager: Mounting plugin MagicLeapMedia
LogPluginManager: Mounting plugin MagicLeapPassableWorld
LogPluginManager: Mounting plugin ImgMedia
LogPluginManager: Mounting plugin MediaCompositing
LogPluginManager: Mounting plugin MLSDK
LogPluginManager: Mounting plugin Niagara
LogPluginManager: Mounting plugin MediaPlayerEditor
LogPluginManager: Mounting plugin WebMMedia
LogPluginManager: Mounting plugin WmfMedia
LogPluginManager: Mounting plugin GeometryProcessing
LogPluginManager: Mounting plugin MotoSynth
LogPluginManager: Mounting plugin OpenImageDenoise
LogPluginManager: Mounting plugin PlanarCut
LogPluginManager: Mounting plugin PlatformCrypto
LogPluginManager: Mounting plugin ProxyLODPlugin
LogPluginManager: Mounting plugin PythonScriptPlugin
LogPluginManager: Mounting plugin SkeletalReduction
LogPluginManager: Mounting plugin TcpMessaging
LogPluginManager: Mounting plugin UdpMessaging
LogPluginManager: Mounting plugin ScreenshotTools
LogPluginManager: Mounting plugin LauncherChunkInstaller
LogPluginManager: Mounting plugin ActorLayerUtilities
LogPluginManager: Mounting plugin AndroidDeviceProfileSelector
LogPluginManager: Mounting plugin AndroidMoviePlayer
LogPluginManager: Mounting plugin AndroidPermission
LogPluginManager: Mounting plugin ArchVisCharacter
LogPluginManager: Mounting plugin AssetTags
LogPluginManager: Mounting plugin AudioCapture
LogPluginManager: Mounting plugin AudioSynesthesia
LogPluginManager: Mounting plugin CableComponent
LogPluginManager: Mounting plugin AppleMoviePlayer
LogPluginManager: Mounting plugin AppleImageUtils
LogPluginManager: Mounting plugin ChunkDownloader
LogPluginManager: Mounting plugin CustomMeshComponent
LogPluginManager: Mounting plugin EditableMesh
LogPluginManager: Mounting plugin ExampleDeviceProfileSelector
LogPluginManager: Mounting plugin GoogleCloudMessaging
LogPluginManager: Mounting plugin ActorSequence
LogPluginManager: Mounting plugin LevelSequenceEditor
LogPluginManager: Mounting plugin MatineeToLevelSequence
LogPluginManager: Mounting plugin TemplateSequence
LogPluginManager: Mounting plugin GooglePAD
LogPluginManager: Mounting plugin Takes
LogPluginManager: Mounting plugin IOSDeviceProfileSelector
LogPluginManager: Mounting plugin LinuxDeviceProfileSelector
LogPluginManager: Mounting plugin LocationServicesBPLibrary
LogPluginManager: Mounting plugin MobilePatchingUtils
LogPluginManager: Mounting plugin OpenXRHandTracking
LogPluginManager: Mounting plugin OpenXREyeTracker
LogPluginManager: Mounting plugin OpenXR
LogPluginManager: Mounting plugin PhysXVehicles
LogPluginManager: Mounting plugin PostSplashScreen
LogPluginManager: Mounting plugin ProceduralMeshComponent
LogPluginManager: Mounting plugin PropertyAccessEditor
LogPluginManager: Mounting plugin RuntimePhysXCooking
LogPluginManager: Mounting plugin SoundFields
LogPluginManager: Mounting plugin Synthesis
LogPluginManager: Mounting plugin WebMMoviePlayer
LogPluginManager: Mounting plugin WindowsMoviePlayer
LogPluginManager: Mounting plugin OnlineSubsystem
LogPluginManager: Mounting plugin OnlineSubsystemNull
LogPluginManager: Mounting plugin OnlineSubsystemUtils
LogPluginManager: Mounting plugin SignificanceManager
LogPluginManager: Mounting plugin ContentBrowserAssetDataSource
LogPluginManager: Mounting plugin ContentBrowserClassDataSource
LogPluginManager: Mounting plugin ContentBrowserFileDataSource
LogPluginManager: Mounting plugin OculusVR
LogPluginManager: Mounting plugin SteamVR
LogPluginManager: Mounting plugin OnlineSubsystemGooglePlay
LogPluginManager: Mounting plugin OnlineSubsystemIOS
PixWinPlugin: PIX capture plugin failed to initialize! Check that the process is launched from PIX.
LogInit: Using libcurl 7.55.1-DEV
LogInit:  - built for x86_64-pc-win32
LogInit:  - supports SSL with OpenSSL/1.1.1
LogInit:  - supports HTTP deflate (compression) using libz 1.2.8
LogInit:  - other features:
LogInit:      CURL_VERSION_SSL
LogInit:      CURL_VERSION_LIBZ
LogInit:      CURL_VERSION_IPV6
LogInit:      CURL_VERSION_ASYNCHDNS
LogInit:      CURL_VERSION_LARGEFILE
LogInit:      CURL_VERSION_IDN
LogInit:  CurlRequestOptions (configurable via config and command line):
LogInit:  - bVerifyPeer = true  - Libcurl will verify peer certificate
LogInit:  - bUseHttpProxy = false  - Libcurl will NOT use HTTP proxy
LogInit:  - bDontReuseConnections = false  - Libcurl will reuse connections
LogInit:  - MaxHostConnections = 16  - Libcurl will limit the number of connections to a host
LogInit:  - LocalHostAddr = Default
LogInit:  - BufferSize = 65536
LogOnline: OSS: Creating online subsystem instance for: NULL
LogInit: WinSock: version 1.1 (2.2), MaxSocks=32767, MaxUdp=65467
LogOnline: OSS: TryLoadSubsystemAndSetDefault: Loaded subsystem for module [NULL]
LogOculusPluginWrapper: OculusPlugin initialized successfully
LogHMD: Failed initializing OVRPlugin 1.59.0
LogInit: Build: ++UE4+Release-4.27-CL-18319896
LogInit: Engine Version: 4.27.2-18319896+++UE4+Release-4.27
LogInit: Compatible Engine Version: 4.27.0-17155196+++UE4+Release-4.27
LogInit: Net CL: 17155196
LogInit: OS: Windows 10 (Release 2009) (), CPU: Intel(R) Core(TM) i7-8750H CPU @ 2.20GHz, GPU: NVIDIA Quadro P2000
LogInit: Compiled (64-bit): Nov 30 2021 07:12:08
LogInit: Compiled with Visual C++: 19.24.28315.00
LogInit: Build Configuration: Development
LogInit: Branch Name: ++UE4+Release-4.27
LogInit: Command Line:  /Game/Levels/MainMenu -game -PIEVIACONSOLE -Multiprocess GameUserSettingsINI=C:/Users/xespinoza/Desktop/SGD/midterm2/Saved/Config/Windows/PIEGameUserSettings0.ini -MultiprocessSaveConfig -forcepassthrough -messaging -SessionName="Play in Standalone Game" -windowed -ResX=1280 -ResY=720
LogInit: Base Directory: C:/Program Files/Epic Games/UE_4.27/Engine/Binaries/Win64/
LogInit: Allocator: TBB
LogInit: Installed Engine Build: 1
LogDevObjectVersion: Number of dev versions registered: 29
LogDevObjectVersion:   Dev-Blueprints (B0D832E4-1F89-4F0D-ACCF-7EB736FD4AA2): 10
LogDevObjectVersion:   Dev-Build (E1C64328-A22C-4D53-A36C-8E866417BD8C): 0
LogDevObjectVersion:   Dev-Core (375EC13C-06E4-48FB-B500-84F0262A717E): 4
LogDevObjectVersion:   Dev-Editor (E4B068ED-F494-42E9-A231-DA0B2E46BB41): 40
LogDevObjectVersion:   Dev-Framework (CFFC743F-43B0-4480-9391-14DF171D2073): 37
LogDevObjectVersion:   Dev-Mobile (B02B49B5-BB20-44E9-A304-32B752E40360): 3
LogDevObjectVersion:   Dev-Networking (A4E4105C-59A1-49B5-A7C5-40C4547EDFEE): 0
LogDevObjectVersion:   Dev-Online (39C831C9-5AE6-47DC-9A44-9C173E1C8E7C): 0
LogDevObjectVersion:   Dev-Physics (78F01B33-EBEA-4F98-B9B4-84EACCB95AA2): 14
LogDevObjectVersion:   Dev-Platform (6631380F-2D4D-43E0-8009-CF276956A95A): 0
LogDevObjectVersion:   Dev-Rendering (12F88B9F-8875-4AFC-A67C-D90C383ABD29): 45
LogDevObjectVersion:   Dev-Sequencer (7B5AE74C-D270-4C10-A958-57980B212A5A): 13
LogDevObjectVersion:   Dev-VR (D7296918-1DD6-4BDD-9DE2-64A83CC13884): 3
LogDevObjectVersion:   Dev-LoadTimes (C2A15278-BFE7-4AFE-6C17-90FF531DF755): 1
LogDevObjectVersion:   Private-Geometry (6EACA3D4-40EC-4CC1-B786-8BED09428FC5): 3
LogDevObjectVersion:   Dev-AnimPhys (29E575DD-E0A3-4627-9D10-D276232CDCEA): 17
LogDevObjectVersion:   Dev-Anim (AF43A65D-7FD3-4947-9873-3E8ED9C1BB05): 15
LogDevObjectVersion:   Dev-ReflectionCapture (6B266CEC-1EC7-4B8F-A30B-E4D90942FC07): 1
LogDevObjectVersion:   Dev-Automation (0DF73D61-A23F-47EA-B727-89E90C41499A): 1
LogDevObjectVersion:   FortniteMain (601D1886-AC64-4F84-AA16-D3DE0DEAC7D6): 47
LogDevObjectVersion:   FortniteRelease (E7086368-6B23-4C58-8439-1B7016265E91): 1
LogDevObjectVersion:   Dev-Enterprise (9DFFBCD6-494F-0158-E221-12823C92A888): 10
LogDevObjectVersion:   Dev-Niagara (F2AED0AC-9AFE-416F-8664-AA7FFA26D6FC): 1
LogDevObjectVersion:   Dev-Destruction (174F1F0B-B4C6-45A5-B13F-2EE8D0FB917D): 10
LogDevObjectVersion:   Dev-Physics-Ext (35F94A83-E258-406C-A318-09F59610247C): 41
LogDevObjectVersion:   Dev-PhysicsMaterial-Chaos (B68FC16E-8B1B-42E2-B453-215C058844FE): 1
LogDevObjectVersion:   Dev-CineCamera (B2E18506-4273-CFC2-A54E-F4BB758BBA07): 1
LogDevObjectVersion:   Dev-VirtualProduction (64F58936-FD1B-42BA-BA96-7289D5D0FA4E): 1
LogDevObjectVersion:   Dev-MediaFramework (6F0ED827-A609-4895-9C91-998D90180EA4): 2
LogInit: Presizing for max 25165824 objects, including 0 objects not considered by GC, pre-allocating 0 bytes for permanent pool.
LogConfig: Applying CVar settings from Section [/Script/Engine.StreamingSettings] File [C:/Users/xespinoza/Desktop/SGD/midterm2/Saved/Config/Windows/Engine.ini]
LogConfig: Setting CVar [[s.MinBulkDataSizeForAsyncLoading:131072]]
LogConfig: Setting CVar [[s.AsyncLoadingThreadEnabled:0]]
LogConfig: Setting CVar [[s.EventDrivenLoaderEnabled:1]]
LogConfig: Setting CVar [[s.WarnIfTimeLimitExceeded:0]]
LogConfig: Setting CVar [[s.TimeLimitExceededMultiplier:1.5]]
LogConfig: Setting CVar [[s.TimeLimitExceededMinTime:0.005]]
LogConfig: Setting CVar [[s.UseBackgroundLevelStreaming:1]]
LogConfig: Setting CVar [[s.PriorityAsyncLoadingExtraTime:15.0]]
LogConfig: Setting CVar [[s.LevelStreamingActorsUpdateTimeLimit:5.0]]
LogConfig: Setting CVar [[s.PriorityLevelStreamingActorsUpdateExtraTime:5.0]]
LogConfig: Setting CVar [[s.LevelStreamingComponentsRegistrationGranularity:10]]
LogConfig: Setting CVar [[s.UnregisterComponentsTimeLimit:1.0]]
LogConfig: Setting CVar [[s.LevelStreamingComponentsUnregistrationGranularity:5]]
LogConfig: Setting CVar [[s.FlushStreamingOnExit:1]]
LogInit: Object subsystem initialized
LogConfig: Setting CVar [[con.DebugEarlyDefault:1]]
LogConfig: Setting CVar [[r.setres:1280x720]]
[2022.11.03-09.09.46:895][  0]LogConfig: Setting CVar [[con.DebugEarlyDefault:1]]
[2022.11.03-09.09.46:895][  0]LogConfig: Setting CVar [[r.setres:1280x720]]
[2022.11.03-09.09.46:895][  0]LogConfig: Applying CVar settings from Section [/Script/Engine.RendererSettings] File [C:/Users/xespinoza/Desktop/SGD/midterm2/Saved/Config/Windows/Engine.ini]
[2022.11.03-09.09.46:895][  0]LogConfig: Setting CVar [[r.GPUCrashDebugging:0]]
[2022.11.03-09.09.46:895][  0]LogConfig: Setting CVar [[r.DefaultFeature.MotionBlur:0]]
[2022.11.03-09.09.46:895][  0]LogConfig: Applying CVar settings from Section [/Script/Engine.RendererOverrideSettings] File [C:/Users/xespinoza/Desktop/SGD/midterm2/Saved/Config/Windows/Engine.ini]
[2022.11.03-09.09.46:895][  0]LogConfig: Applying CVar settings from Section [/Script/Engine.StreamingSettings] File [C:/Users/xespinoza/Desktop/SGD/midterm2/Saved/Config/Windows/Engine.ini]
[2022.11.03-09.09.46:895][  0]LogConfig: Setting CVar [[s.MinBulkDataSizeForAsyncLoading:131072]]
[2022.11.03-09.09.46:895][  0]LogConfig: Setting CVar [[s.AsyncLoadingThreadEnabled:0]]
[2022.11.03-09.09.46:895][  0]LogConfig: Setting CVar [[s.EventDrivenLoaderEnabled:1]]
[2022.11.03-09.09.46:895][  0]LogConfig: Setting CVar [[s.WarnIfTimeLimitExceeded:0]]
[2022.11.03-09.09.46:895][  0]LogConfig: Setting CVar [[s.TimeLimitExceededMultiplier:1.5]]
[2022.11.03-09.09.46:895][  0]LogConfig: Setting CVar [[s.TimeLimitExceededMinTime:0.005]]
[2022.11.03-09.09.46:895][  0]LogConfig: Setting CVar [[s.UseBackgroundLevelStreaming:1]]
[2022.11.03-09.09.46:895][  0]LogConfig: Setting CVar [[s.PriorityAsyncLoadingExtraTime:15.0]]
[2022.11.03-09.09.46:895][  0]LogConfig: Setting CVar [[s.LevelStreamingActorsUpdateTimeLimit:5.0]]
[2022.11.03-09.09.46:895][  0]LogConfig: Setting CVar [[s.PriorityLevelStreamingActorsUpdateExtraTime:5.0]]
[2022.11.03-09.09.46:895][  0]LogConfig: Setting CVar [[s.LevelStreamingComponentsRegistrationGranularity:10]]
[2022.11.03-09.09.46:895][  0]LogConfig: Setting CVar [[s.UnregisterComponentsTimeLimit:1.0]]
[2022.11.03-09.09.46:895][  0]LogConfig: Setting CVar [[s.LevelStreamingComponentsUnregistrationGranularity:5]]
[2022.11.03-09.09.46:895][  0]LogConfig: Setting CVar [[s.FlushStreamingOnExit:1]]
[2022.11.03-09.09.46:895][  0]LogConfig: Applying CVar settings from Section [/Script/Engine.GarbageCollectionSettings] File [C:/Users/xespinoza/Desktop/SGD/midterm2/Saved/Config/Windows/Engine.ini]
[2022.11.03-09.09.46:895][  0]LogConfig: Setting CVar [[gc.MaxObjectsNotConsideredByGC:1]]
[2022.11.03-09.09.46:895][  0]LogConfig: Setting CVar [[gc.SizeOfPermanentObjectPool:0]]
[2022.11.03-09.09.46:895][  0]LogConfig: Setting CVar [[gc.FlushStreamingOnGC:0]]
[2022.11.03-09.09.46:895][  0]LogConfig: Setting CVar [[gc.NumRetriesBeforeForcingGC:10]]
[2022.11.03-09.09.46:895][  0]LogConfig: Setting CVar [[gc.AllowParallelGC:1]]
[2022.11.03-09.09.46:895][  0]LogConfig: Setting CVar [[gc.TimeBetweenPurgingPendingKillObjects:61.1]]
[2022.11.03-09.09.46:895][  0]LogConfig: Setting CVar [[gc.MaxObjectsInEditor:25165824]]
[2022.11.03-09.09.46:895][  0]LogConfig: Setting CVar [[gc.IncrementalBeginDestroyEnabled:1]]
[2022.11.03-09.09.46:895][  0]LogConfig: Setting CVar [[gc.CreateGCClusters:1]]
[2022.11.03-09.09.46:895][  0]LogConfig: Setting CVar [[gc.MinGCClusterSize:5]]
[2022.11.03-09.09.46:896][  0]LogConfig: Setting CVar [[gc.ActorClusteringEnabled:0]]
[2022.11.03-09.09.46:896][  0]LogConfig: Setting CVar [[gc.BlueprintClusteringEnabled:0]]
[2022.11.03-09.09.46:896][  0]LogConfig: Setting CVar [[gc.UseDisregardForGCOnDedicatedServers:0]]
[2022.11.03-09.09.46:896][  0]LogConfig: Setting CVar [[gc.MultithreadedDestructionEnabled:1]]
[2022.11.03-09.09.46:896][  0]LogConfig: Applying CVar settings from Section [/Script/Engine.NetworkSettings] File [C:/Users/xespinoza/Desktop/SGD/midterm2/Saved/Config/Windows/Engine.ini]
[2022.11.03-09.09.46:896][  0]LogConfig: Applying CVar settings from Section [/Script/UnrealEd.CookerSettings] File [C:/Users/xespinoza/Desktop/SGD/midterm2/Saved/Config/Windows/Engine.ini]
[2022.11.03-09.09.46:912][  0]LogConfig: Applying CVar settings from Section [ViewDistanceQuality@3] File [C:/Users/xespinoza/Desktop/SGD/midterm2/Saved/Config/Windows/Scalability.ini]
[2022.11.03-09.09.46:912][  0]LogConfig: Setting CVar [[r.SkeletalMeshLODBias:0]]
[2022.11.03-09.09.46:912][  0]LogConfig: Setting CVar [[r.ViewDistanceScale:1.0]]
[2022.11.03-09.09.46:912][  0]LogConfig: Applying CVar settings from Section [AntiAliasingQuality@3] File [C:/Users/xespinoza/Desktop/SGD/midterm2/Saved/Config/Windows/Scalability.ini]
[2022.11.03-09.09.46:912][  0]LogConfig: Setting CVar [[r.PostProcessAAQuality:4]]
[2022.11.03-09.09.46:912][  0]LogConfig: Applying CVar settings from Section [ShadowQuality@3] File [C:/Users/xespinoza/Desktop/SGD/midterm2/Saved/Config/Windows/Scalability.ini]
[2022.11.03-09.09.46:912][  0]LogConfig: Setting CVar [[r.LightFunctionQuality:1]]
[2022.11.03-09.09.46:912][  0]LogConfig: Setting CVar [[r.ShadowQuality:5]]
[2022.11.03-09.09.46:912][  0]LogConfig: Setting CVar [[r.Shadow.CSM.MaxCascades:10]]
[2022.11.03-09.09.46:912][  0]LogConfig: Setting CVar [[r.Shadow.MaxResolution:2048]]
[2022.11.03-09.09.46:912][  0]LogConfig: Setting CVar [[r.Shadow.MaxCSMResolution:2048]]
[2022.11.03-09.09.46:912][  0]LogConfig: Setting CVar [[r.Shadow.RadiusThreshold:0.01]]
[2022.11.03-09.09.46:912][  0]LogConfig: Setting CVar [[r.Shadow.DistanceScale:1.0]]
[2022.11.03-09.09.46:912][  0]LogConfig: Setting CVar [[r.Shadow.CSM.TransitionScale:1.0]]
[2022.11.03-09.09.46:912][  0]LogConfig: Setting CVar [[r.Shadow.PreShadowResolutionFactor:1.0]]
[2022.11.03-09.09.46:912][  0]LogConfig: Setting CVar [[r.DistanceFieldShadowing:1]]
[2022.11.03-09.09.46:912][  0]LogConfig: Setting CVar [[r.DistanceFieldAO:1]]
[2022.11.03-09.09.46:912][  0]LogConfig: Setting CVar [[r.AOQuality:2]]
[2022.11.03-09.09.46:912][  0]LogConfig: Setting CVar [[r.VolumetricFog:1]]
[2022.11.03-09.09.46:912][  0]LogConfig: Setting CVar [[r.VolumetricFog.GridPixelSize:8]]
[2022.11.03-09.09.46:912][  0]LogConfig: Setting CVar [[r.VolumetricFog.GridSizeZ:128]]
[2022.11.03-09.09.46:912][  0]LogConfig: Setting CVar [[r.VolumetricFog.HistoryMissSupersampleCount:4]]
[2022.11.03-09.09.46:912][  0]LogConfig: Setting CVar [[r.LightMaxDrawDistanceScale:1]]
[2022.11.03-09.09.46:912][  0]LogConfig: Setting CVar [[r.CapsuleShadows:1]]
[2022.11.03-09.09.46:912][  0]LogConfig: Applying CVar settings from Section [PostProcessQuality@3] File [C:/Users/xespinoza/Desktop/SGD/midterm2/Saved/Config/Windows/Scalability.ini]
[2022.11.03-09.09.46:912][  0]LogConfig: Setting CVar [[r.MotionBlurQuality:4]]
[2022.11.03-09.09.46:912][  0]LogConfig: Setting CVar [[r.AmbientOcclusionMipLevelFactor:0.4]]
[2022.11.03-09.09.46:912][  0]LogConfig: Setting CVar [[r.AmbientOcclusionMaxQuality:100]]
[2022.11.03-09.09.46:912][  0]LogConfig: Setting CVar [[r.AmbientOcclusionLevels:-1]]
[2022.11.03-09.09.46:912][  0]LogConfig: Setting CVar [[r.AmbientOcclusionRadiusScale:1.0]]
[2022.11.03-09.09.46:912][  0]LogConfig: Setting CVar [[r.DepthOfFieldQuality:2]]
[2022.11.03-09.09.46:912][  0]LogConfig: Setting CVar [[r.RenderTargetPoolMin:400]]
[2022.11.03-09.09.46:912][  0]LogConfig: Setting CVar [[r.LensFlareQuality:2]]
[2022.11.03-09.09.46:912][  0]LogConfig: Setting CVar [[r.SceneColorFringeQuality:1]]
[2022.11.03-09.09.46:912][  0]LogConfig: Setting CVar [[r.EyeAdaptationQuality:2]]
[2022.11.03-09.09.46:912][  0]LogConfig: Setting CVar [[r.BloomQuality:5]]
[2022.11.03-09.09.46:912][  0]LogConfig: Setting CVar [[r.FastBlurThreshold:100]]
[2022.11.03-09.09.46:912][  0]LogConfig: Setting CVar [[r.Upscale.Quality:3]]
[2022.11.03-09.09.46:912][  0]LogConfig: Setting CVar [[r.Tonemapper.GrainQuantization:1]]
[2022.11.03-09.09.46:912][  0]LogConfig: Setting CVar [[r.LightShaftQuality:1]]
[2022.11.03-09.09.46:912][  0]LogConfig: Setting CVar [[r.Filter.SizeScale:1]]
[2022.11.03-09.09.46:913][  0]LogConfig: Setting CVar [[r.Tonemapper.Quality:5]]
[2022.11.03-09.09.46:913][  0]LogConfig: Setting CVar [[r.DOF.Gather.AccumulatorQuality:1        ; higher gathering accumulator quality]]
[2022.11.03-09.09.46:914][  0]LogConfig: Setting CVar [[r.DOF.Gather.PostfilterMethod:1          ; Median3x3 postfilering method]]
[2022.11.03-09.09.46:914][  0]LogConfig: Setting CVar [[r.DOF.Gather.EnableBokehSettings:0       ; no bokeh simulation when gathering]]
[2022.11.03-09.09.46:914][  0]LogConfig: Setting CVar [[r.DOF.Gather.RingCount:4                 ; medium number of samples when gathering]]
[2022.11.03-09.09.46:914][  0]LogConfig: Setting CVar [[r.DOF.Scatter.ForegroundCompositing:1    ; additive foreground scattering]]
[2022.11.03-09.09.46:914][  0]LogConfig: Setting CVar [[r.DOF.Scatter.BackgroundCompositing:2    ; additive background scattering]]
[2022.11.03-09.09.46:914][  0]LogConfig: Setting CVar [[r.DOF.Scatter.EnableBokehSettings:1      ; bokeh simulation when scattering]]
[2022.11.03-09.09.46:914][  0]LogConfig: Setting CVar [[r.DOF.Scatter.MaxSpriteRatio:0.1         ; only a maximum of 10% of scattered bokeh]]
[2022.11.03-09.09.46:914][  0]LogConfig: Setting CVar [[r.DOF.Recombine.Quality:1                ; cheap slight out of focus]]
[2022.11.03-09.09.46:914][  0]LogConfig: Setting CVar [[r.DOF.Recombine.EnableBokehSettings:0    ; no bokeh simulation on slight out of focus]]
[2022.11.03-09.09.46:914][  0]LogConfig: Setting CVar [[r.DOF.TemporalAAQuality:1                ; more stable temporal accumulation]]
[2022.11.03-09.09.46:914][  0]LogConfig: Setting CVar [[r.DOF.Kernel.MaxForegroundRadius:0.025]]
[2022.11.03-09.09.46:914][  0]LogConfig: Setting CVar [[r.DOF.Kernel.MaxBackgroundRadius:0.025]]
[2022.11.03-09.09.46:914][  0]LogConfig: Applying CVar settings from Section [TextureQuality@3] File [C:/Users/xespinoza/Desktop/SGD/midterm2/Saved/Config/Windows/Scalability.ini]
[2022.11.03-09.09.46:914][  0]LogConfig: Setting CVar [[r.Streaming.MipBias:0]]
[2022.11.03-09.09.46:914][  0]LogConfig: Setting CVar [[r.Streaming.AmortizeCPUToGPUCopy:0]]
[2022.11.03-09.09.46:914][  0]LogConfig: Setting CVar [[r.Streaming.MaxNumTexturesToStreamPerFrame:0]]
[2022.11.03-09.09.46:914][  0]LogConfig: Setting CVar [[r.Streaming.Boost:1]]
[2022.11.03-09.09.46:914][  0]LogConfig: Setting CVar [[r.MaxAnisotropy:8]]
[2022.11.03-09.09.46:914][  0]LogConfig: Setting CVar [[r.VT.MaxAnisotropy:8]]
[2022.11.03-09.09.46:914][  0]LogConfig: Setting CVar [[r.Streaming.LimitPoolSizeToVRAM:0]]
[2022.11.03-09.09.46:914][  0]LogConfig: Setting CVar [[r.Streaming.PoolSize:1000]]
[2022.11.03-09.09.46:914][  0]LogConfig: Setting CVar [[r.Streaming.MaxEffectiveScreenSize:0]]
[2022.11.03-09.09.46:914][  0]LogConfig: Applying CVar settings from Section [EffectsQuality@3] File [C:/Users/xespinoza/Desktop/SGD/midterm2/Saved/Config/Windows/Scalability.ini]
[2022.11.03-09.09.46:914][  0]LogConfig: Setting CVar [[r.TranslucencyLightingVolumeDim:64]]
[2022.11.03-09.09.46:914][  0]LogConfig: Setting CVar [[r.RefractionQuality:2]]
[2022.11.03-09.09.46:914][  0]LogConfig: Setting CVar [[r.SSR.Quality:3]]
[2022.11.03-09.09.46:914][  0]LogConfig: Setting CVar [[r.SSR.HalfResSceneColor:0]]
[2022.11.03-09.09.46:914][  0]LogConfig: Setting CVar [[r.SceneColorFormat:4]]
[2022.11.03-09.09.46:914][  0]LogConfig: Setting CVar [[r.DetailMode:2]]
[2022.11.03-09.09.46:914][  0]LogConfig: Setting CVar [[r.TranslucencyVolumeBlur:1]]
[2022.11.03-09.09.46:914][  0]LogConfig: Setting CVar [[r.MaterialQualityLevel:1 ; High quality]]
[2022.11.03-09.09.46:914][  0]LogConfig: Setting CVar [[r.AnisotropicMaterials:1]]
[2022.11.03-09.09.46:914][  0]LogConfig: Setting CVar [[r.SSS.Scale:1]]
[2022.11.03-09.09.46:914][  0]LogConfig: Setting CVar [[r.SSS.SampleSet:2]]
[2022.11.03-09.09.46:914][  0]LogConfig: Setting CVar [[r.SSS.Quality:1]]
[2022.11.03-09.09.46:914][  0]LogConfig: Setting CVar [[r.SSS.HalfRes:0]]
[2022.11.03-09.09.46:914][  0]LogConfig: Setting CVar [[r.SSGI.Quality:3]]
[2022.11.03-09.09.46:914][  0]LogConfig: Setting CVar [[r.EmitterSpawnRateScale:1.0]]
[2022.11.03-09.09.46:914][  0]LogConfig: Setting CVar [[r.ParticleLightQuality:2]]
[2022.11.03-09.09.46:914][  0]LogConfig: Setting CVar [[r.SkyAtmosphere.AerialPerspectiveLUT.FastApplyOnOpaque:1 ; Always have FastSkyLUT 1 in this case to avoid wrong sky]]
[2022.11.03-09.09.46:914][  0]LogConfig: Setting CVar [[r.SkyAtmosphere.AerialPerspectiveLUT.SampleCountMaxPerSlice:4]]
[2022.11.03-09.09.46:914][  0]LogConfig: Setting CVar [[r.SkyAtmosphere.AerialPerspectiveLUT.DepthResolution:16.0]]
[2022.11.03-09.09.46:914][  0]LogConfig: Setting CVar [[r.SkyAtmosphere.FastSkyLUT:1]]
[2022.11.03-09.09.46:914][  0]LogConfig: Setting CVar [[r.SkyAtmosphere.FastSkyLUT.SampleCountMin:4.0]]
[2022.11.03-09.09.46:914][  0]LogConfig: Setting CVar [[r.SkyAtmosphere.FastSkyLUT.SampleCountMax:128.0]]
[2022.11.03-09.09.46:914][  0]LogConfig: Setting CVar [[r.SkyAtmosphere.SampleCountMin:4.0]]
[2022.11.03-09.09.46:914][  0]LogConfig: Setting CVar [[r.SkyAtmosphere.SampleCountMax:128.0]]
[2022.11.03-09.09.46:914][  0]LogConfig: Setting CVar [[r.SkyAtmosphere.TransmittanceLUT.UseSmallFormat:0]]
[2022.11.03-09.09.46:914][  0]LogConfig: Setting CVar [[r.SkyAtmosphere.TransmittanceLUT.SampleCount:10.0]]
[2022.11.03-09.09.46:914][  0]LogConfig: Setting CVar [[r.SkyAtmosphere.MultiScatteringLUT.SampleCount:15.0]]
[2022.11.03-09.09.46:914][  0]LogConfig: Setting CVar [[r.SkyLight.RealTimeReflectionCapture:1]]
[2022.11.03-09.09.46:914][  0]LogConfig: Applying CVar settings from Section [FoliageQuality@3] File [C:/Users/xespinoza/Desktop/SGD/midterm2/Saved/Config/Windows/Scalability.ini]
[2022.11.03-09.09.46:914][  0]LogConfig: Setting CVar [[foliage.DensityScale:1.0]]
[2022.11.03-09.09.46:914][  0]LogConfig: Setting CVar [[grass.DensityScale:1.0]]
[2022.11.03-09.09.46:914][  0]LogConfig: Applying CVar settings from Section [ShadingQuality@3] File [C:/Users/xespinoza/Desktop/SGD/midterm2/Saved/Config/Windows/Scalability.ini]
[2022.11.03-09.09.46:914][  0]LogConfig: Setting CVar [[r.HairStrands.SkyLighting.IntegrationType:2]]
[2022.11.03-09.09.46:914][  0]LogConfig: Setting CVar [[r.HairStrands.SkyAO.SampleCount:4]]
[2022.11.03-09.09.46:914][  0]LogConfig: Setting CVar [[r.HairStrands.Visibility.MSAA.SamplePerPixel:4]]
[2022.11.03-09.09.46:914][  0]LogInit: Selected Device Profile: [Windows]
[2022.11.03-09.09.46:914][  0]LogInit: Applying CVar settings loaded from the selected device profile: [Windows]
[2022.11.03-09.09.46:914][  0]LogHAL: Display: Platform has ~ 16 GB [17018806272 / 17179869184 / 16], which maps to Larger [LargestMinGB=32, LargerMinGB=12, DefaultMinGB=8, SmallerMinGB=6, SmallestMinGB=0)
[2022.11.03-09.09.46:914][  0]LogInit: Going up to parent DeviceProfile []
[2022.11.03-09.09.46:914][  0]LogConfig: Applying CVar settings from Section [ViewDistanceQuality@3] File [C:/Users/xespinoza/Desktop/SGD/midterm2/Saved/Config/Windows/Scalability.ini]
[2022.11.03-09.09.46:914][  0]LogConfig: Setting CVar [[r.SkeletalMeshLODBias:0]]
[2022.11.03-09.09.46:914][  0]LogConfig: Setting CVar [[r.ViewDistanceScale:1.0]]
[2022.11.03-09.09.46:914][  0]LogConfig: Applying CVar settings from Section [AntiAliasingQuality@3] File [C:/Users/xespinoza/Desktop/SGD/midterm2/Saved/Config/Windows/Scalability.ini]
[2022.11.03-09.09.46:914][  0]LogConfig: Setting CVar [[r.PostProcessAAQuality:4]]
[2022.11.03-09.09.46:914][  0]LogConfig: Applying CVar settings from Section [ShadowQuality@3] File [C:/Users/xespinoza/Desktop/SGD/midterm2/Saved/Config/Windows/Scalability.ini]
[2022.11.03-09.09.46:914][  0]LogConfig: Setting CVar [[r.LightFunctionQuality:1]]
[2022.11.03-09.09.46:914][  0]LogConfig: Setting CVar [[r.ShadowQuality:5]]
[2022.11.03-09.09.46:914][  0]LogConfig: Setting CVar [[r.Shadow.CSM.MaxCascades:10]]
[2022.11.03-09.09.46:914][  0]LogConfig: Setting CVar [[r.Shadow.MaxResolution:2048]]
[2022.11.03-09.09.46:914][  0]LogConfig: Setting CVar [[r.Shadow.MaxCSMResolution:2048]]
[2022.11.03-09.09.46:914][  0]LogConfig: Setting CVar [[r.Shadow.RadiusThreshold:0.01]]
[2022.11.03-09.09.46:914][  0]LogConfig: Setting CVar [[r.Shadow.DistanceScale:1.0]]
[2022.11.03-09.09.46:914][  0]LogConfig: Setting CVar [[r.Shadow.CSM.TransitionScale:1.0]]
[2022.11.03-09.09.46:914][  0]LogConfig: Setting CVar [[r.Shadow.PreShadowResolutionFactor:1.0]]
[2022.11.03-09.09.46:914][  0]LogConfig: Setting CVar [[r.DistanceFieldShadowing:1]]
[2022.11.03-09.09.46:916][  0]LogConfig: Setting CVar [[r.DistanceFieldAO:1]]
[2022.11.03-09.09.46:916][  0]LogConfig: Setting CVar [[r.AOQuality:2]]
[2022.11.03-09.09.46:916][  0]LogConfig: Setting CVar [[r.VolumetricFog:1]]
[2022.11.03-09.09.46:916][  0]LogConfig: Setting CVar [[r.VolumetricFog.GridPixelSize:8]]
[2022.11.03-09.09.46:916][  0]LogConfig: Setting CVar [[r.VolumetricFog.GridSizeZ:128]]
[2022.11.03-09.09.46:916][  0]LogConfig: Setting CVar [[r.VolumetricFog.HistoryMissSupersampleCount:4]]
[2022.11.03-09.09.46:916][  0]LogConfig: Setting CVar [[r.LightMaxDrawDistanceScale:1]]
[2022.11.03-09.09.46:916][  0]LogConfig: Setting CVar [[r.CapsuleShadows:1]]
[2022.11.03-09.09.46:916][  0]LogConfig: Applying CVar settings from Section [PostProcessQuality@3] File [C:/Users/xespinoza/Desktop/SGD/midterm2/Saved/Config/Windows/Scalability.ini]
[2022.11.03-09.09.46:916][  0]LogConfig: Setting CVar [[r.MotionBlurQuality:4]]
[2022.11.03-09.09.46:916][  0]LogConfig: Setting CVar [[r.AmbientOcclusionMipLevelFactor:0.4]]
[2022.11.03-09.09.46:916][  0]LogConfig: Setting CVar [[r.AmbientOcclusionMaxQuality:100]]
[2022.11.03-09.09.46:916][  0]LogConfig: Setting CVar [[r.AmbientOcclusionLevels:-1]]
[2022.11.03-09.09.46:916][  0]LogConfig: Setting CVar [[r.AmbientOcclusionRadiusScale:1.0]]
[2022.11.03-09.09.46:916][  0]LogConfig: Setting CVar [[r.DepthOfFieldQuality:2]]
[2022.11.03-09.09.46:916][  0]LogConfig: Setting CVar [[r.RenderTargetPoolMin:400]]
[2022.11.03-09.09.46:916][  0]LogConfig: Setting CVar [[r.LensFlareQuality:2]]
[2022.11.03-09.09.46:916][  0]LogConfig: Setting CVar [[r.SceneColorFringeQuality:1]]
[2022.11.03-09.09.46:916][  0]LogConfig: Setting CVar [[r.EyeAdaptationQuality:2]]
[2022.11.03-09.09.46:916][  0]LogConfig: Setting CVar [[r.BloomQuality:5]]
[2022.11.03-09.09.46:916][  0]LogConfig: Setting CVar [[r.FastBlurThreshold:100]]
[2022.11.03-09.09.46:916][  0]LogConfig: Setting CVar [[r.Upscale.Quality:3]]
[2022.11.03-09.09.46:916][  0]LogConfig: Setting CVar [[r.Tonemapper.GrainQuantization:1]]
[2022.11.03-09.09.46:916][  0]LogConfig: Setting CVar [[r.LightShaftQuality:1]]
[2022.11.03-09.09.46:916][  0]LogConfig: Setting CVar [[r.Filter.SizeScale:1]]
[2022.11.03-09.09.46:916][  0]LogConfig: Setting CVar [[r.Tonemapper.Quality:5]]
[2022.11.03-09.09.46:916][  0]LogConfig: Setting CVar [[r.DOF.Gather.AccumulatorQuality:1        ; higher gathering accumulator quality]]
[2022.11.03-09.09.46:916][  0]LogConfig: Setting CVar [[r.DOF.Gather.PostfilterMethod:1          ; Median3x3 postfilering method]]
[2022.11.03-09.09.46:916][  0]LogConfig: Setting CVar [[r.DOF.Gather.EnableBokehSettings:0       ; no bokeh simulation when gathering]]
[2022.11.03-09.09.46:916][  0]LogConfig: Setting CVar [[r.DOF.Gather.RingCount:4                 ; medium number of samples when gathering]]
[2022.11.03-09.09.46:916][  0]LogConfig: Setting CVar [[r.DOF.Scatter.ForegroundCompositing:1    ; additive foreground scattering]]
[2022.11.03-09.09.46:916][  0]LogConfig: Setting CVar [[r.DOF.Scatter.BackgroundCompositing:2    ; additive background scattering]]
[2022.11.03-09.09.46:916][  0]LogConfig: Setting CVar [[r.DOF.Scatter.EnableBokehSettings:1      ; bokeh simulation when scattering]]
[2022.11.03-09.09.46:916][  0]LogConfig: Setting CVar [[r.DOF.Scatter.MaxSpriteRatio:0.1         ; only a maximum of 10% of scattered bokeh]]
[2022.11.03-09.09.46:916][  0]LogConfig: Setting CVar [[r.DOF.Recombine.Quality:1                ; cheap slight out of focus]]
[2022.11.03-09.09.46:916][  0]LogConfig: Setting CVar [[r.DOF.Recombine.EnableBokehSettings:0    ; no bokeh simulation on slight out of focus]]
[2022.11.03-09.09.46:916][  0]LogConfig: Setting CVar [[r.DOF.TemporalAAQuality:1                ; more stable temporal accumulation]]
[2022.11.03-09.09.46:916][  0]LogConfig: Setting CVar [[r.DOF.Kernel.MaxForegroundRadius:0.025]]
[2022.11.03-09.09.46:916][  0]LogConfig: Setting CVar [[r.DOF.Kernel.MaxBackgroundRadius:0.025]]
[2022.11.03-09.09.46:916][  0]LogConfig: Applying CVar settings from Section [TextureQuality@3] File [C:/Users/xespinoza/Desktop/SGD/midterm2/Saved/Config/Windows/Scalability.ini]
[2022.11.03-09.09.46:916][  0]LogConfig: Setting CVar [[r.Streaming.MipBias:0]]
[2022.11.03-09.09.46:916][  0]LogConfig: Setting CVar [[r.Streaming.AmortizeCPUToGPUCopy:0]]
[2022.11.03-09.09.46:916][  0]LogConfig: Setting CVar [[r.Streaming.MaxNumTexturesToStreamPerFrame:0]]
[2022.11.03-09.09.46:916][  0]LogConfig: Setting CVar [[r.Streaming.Boost:1]]
[2022.11.03-09.09.46:916][  0]LogConfig: Setting CVar [[r.MaxAnisotropy:8]]
[2022.11.03-09.09.46:916][  0]LogConfig: Setting CVar [[r.VT.MaxAnisotropy:8]]
[2022.11.03-09.09.46:916][  0]LogConfig: Setting CVar [[r.Streaming.LimitPoolSizeToVRAM:0]]
[2022.11.03-09.09.46:916][  0]LogConfig: Setting CVar [[r.Streaming.PoolSize:1000]]
[2022.11.03-09.09.46:916][  0]LogConfig: Setting CVar [[r.Streaming.MaxEffectiveScreenSize:0]]
[2022.11.03-09.09.46:916][  0]LogConfig: Applying CVar settings from Section [EffectsQuality@3] File [C:/Users/xespinoza/Desktop/SGD/midterm2/Saved/Config/Windows/Scalability.ini]
[2022.11.03-09.09.46:916][  0]LogConfig: Setting CVar [[r.TranslucencyLightingVolumeDim:64]]
[2022.11.03-09.09.46:916][  0]LogConfig: Setting CVar [[r.RefractionQuality:2]]
[2022.11.03-09.09.46:916][  0]LogConfig: Setting CVar [[r.SSR.Quality:3]]
[2022.11.03-09.09.46:916][  0]LogConfig: Setting CVar [[r.SSR.HalfResSceneColor:0]]
[2022.11.03-09.09.46:916][  0]LogConfig: Setting CVar [[r.SceneColorFormat:4]]
[2022.11.03-09.09.46:916][  0]LogConfig: Setting CVar [[r.DetailMode:2]]
[2022.11.03-09.09.46:916][  0]LogConfig: Setting CVar [[r.TranslucencyVolumeBlur:1]]
[2022.11.03-09.09.46:916][  0]LogConfig: Setting CVar [[r.MaterialQualityLevel:1 ; High quality]]
[2022.11.03-09.09.46:916][  0]LogConfig: Setting CVar [[r.AnisotropicMaterials:1]]
[2022.11.03-09.09.46:916][  0]LogConfig: Setting CVar [[r.SSS.Scale:1]]
[2022.11.03-09.09.46:916][  0]LogConfig: Setting CVar [[r.SSS.SampleSet:2]]
[2022.11.03-09.09.46:916][  0]LogConfig: Setting CVar [[r.SSS.Quality:1]]
[2022.11.03-09.09.46:916][  0]LogConfig: Setting CVar [[r.SSS.HalfRes:0]]
[2022.11.03-09.09.46:916][  0]LogConfig: Setting CVar [[r.SSGI.Quality:3]]
[2022.11.03-09.09.46:916][  0]LogConfig: Setting CVar [[r.EmitterSpawnRateScale:1.0]]
[2022.11.03-09.09.46:916][  0]LogConfig: Setting CVar [[r.ParticleLightQuality:2]]
[2022.11.03-09.09.46:916][  0]LogConfig: Setting CVar [[r.SkyAtmosphere.AerialPerspectiveLUT.FastApplyOnOpaque:1 ; Always have FastSkyLUT 1 in this case to avoid wrong sky]]
[2022.11.03-09.09.46:916][  0]LogConfig: Setting CVar [[r.SkyAtmosphere.AerialPerspectiveLUT.SampleCountMaxPerSlice:4]]
[2022.11.03-09.09.46:916][  0]LogConfig: Setting CVar [[r.SkyAtmosphere.AerialPerspectiveLUT.DepthResolution:16.0]]
[2022.11.03-09.09.46:916][  0]LogConfig: Setting CVar [[r.SkyAtmosphere.FastSkyLUT:1]]
[2022.11.03-09.09.46:916][  0]LogConfig: Setting CVar [[r.SkyAtmosphere.FastSkyLUT.SampleCountMin:4.0]]
[2022.11.03-09.09.46:916][  0]LogConfig: Setting CVar [[r.SkyAtmosphere.FastSkyLUT.SampleCountMax:128.0]]
[2022.11.03-09.09.46:916][  0]LogConfig: Setting CVar [[r.SkyAtmosphere.SampleCountMin:4.0]]
[2022.11.03-09.09.46:916][  0]LogConfig: Setting CVar [[r.SkyAtmosphere.SampleCountMax:128.0]]
[2022.11.03-09.09.46:916][  0]LogConfig: Setting CVar [[r.SkyAtmosphere.TransmittanceLUT.UseSmallFormat:0]]
[2022.11.03-09.09.46:916][  0]LogConfig: Setting CVar [[r.SkyAtmosphere.TransmittanceLUT.SampleCount:10.0]]
[2022.11.03-09.09.46:916][  0]LogConfig: Setting CVar [[r.SkyAtmosphere.MultiScatteringLUT.SampleCount:15.0]]
[2022.11.03-09.09.46:916][  0]LogConfig: Setting CVar [[r.SkyLight.RealTimeReflectionCapture:1]]
[2022.11.03-09.09.46:916][  0]LogConfig: Applying CVar settings from Section [FoliageQuality@3] File [C:/Users/xespinoza/Desktop/SGD/midterm2/Saved/Config/Windows/Scalability.ini]
[2022.11.03-09.09.46:916][  0]LogConfig: Setting CVar [[foliage.DensityScale:1.0]]
[2022.11.03-09.09.46:916][  0]LogConfig: Setting CVar [[grass.DensityScale:1.0]]
[2022.11.03-09.09.46:916][  0]LogConfig: Applying CVar settings from Section [ShadingQuality@3] File [C:/Users/xespinoza/Desktop/SGD/midterm2/Saved/Config/Windows/Scalability.ini]
[2022.11.03-09.09.46:916][  0]LogConfig: Setting CVar [[r.HairStrands.SkyLighting.IntegrationType:2]]
[2022.11.03-09.09.46:916][  0]LogConfig: Setting CVar [[r.HairStrands.SkyAO.SampleCount:4]]
[2022.11.03-09.09.46:916][  0]LogConfig: Setting CVar [[r.HairStrands.Visibility.MSAA.SamplePerPixel:4]]
[2022.11.03-09.09.46:916][  0]LogConfig: Applying CVar settings from Section [Startup] File [../../../Engine/Config/ConsoleVariables.ini]
[2022.11.03-09.09.46:917][  0]LogConfig: Setting CVar [[net.UseAdaptiveNetUpdateFrequency:0]]
[2022.11.03-09.09.46:917][  0]LogConfig: Setting CVar [[p.chaos.AllowCreatePhysxBodies:1]]
[2022.11.03-09.09.46:917][  0]LogConfig: Setting CVar [[fx.SkipVectorVMBackendOptimizations:1]]
[2022.11.03-09.09.46:917][  0]LogConfig: Applying CVar settings from Section [ConsoleVariables] File [C:/Users/xespinoza/Desktop/SGD/midterm2/Saved/Config/Windows/Engine.ini]
[2022.11.03-09.09.46:917][  0]LogConfig: Applying CVar settings from Section [ConsoleVariables] File [C:/Users/xespinoza/Desktop/SGD/midterm2/Saved/Config/Windows/Editor.ini]
[2022.11.03-09.09.46:917][  0]LogInit: Computer: 5CD911CWNH
[2022.11.03-09.09.46:917][  0]LogInit: User: xespinoza
[2022.11.03-09.09.46:917][  0]LogInit: CPU Page size=4096, Cores=6
[2022.11.03-09.09.46:917][  0]LogInit: High frequency timer resolution =10.000000 MHz
[2022.11.03-09.09.46:917][  0]LogMemory: Memory total: Physical=15.8GB (16GB approx)
[2022.11.03-09.09.46:917][  0]LogMemory: Platform Memory Stats for Windows
[2022.11.03-09.09.46:917][  0]LogMemory: Process Physical Memory: 149.68 MB used, 149.68 MB peak
[2022.11.03-09.09.46:917][  0]LogMemory: Process Virtual Memory: 122.37 MB used, 122.37 MB peak
[2022.11.03-09.09.46:918][  0]LogMemory: Physical Memory: 8658.16 MB used,  7572.24 MB free, 16230.40 MB total
[2022.11.03-09.09.46:918][  0]LogMemory: Virtual Memory: 134212168.00 MB used,  5558.60 MB free, 134217728.00 MB total
[2022.11.03-09.09.46:931][  0]LogWindows: WindowsPlatformFeatures enabled
[2022.11.03-09.09.47:009][  0]LogInit: Physics initialised using underlying interface: PhysX
[2022.11.03-09.09.47:010][  0]LogInit: Using OS detected language (en-US).
[2022.11.03-09.09.47:010][  0]LogInit: Using OS detected locale (en-US).
[2022.11.03-09.09.47:023][  0]LogTextLocalizationManager: No specific localization for 'en-US' exists, so the 'en' localization will be used.
[2022.11.03-09.09.47:377][  0]LogWindowsTextInputMethodSystem: Display: IME system deactivated.
[2022.11.03-09.09.47:409][  0]LogSlate: New Slate User Created.  User Index 0, Is Virtual User: 0
[2022.11.03-09.09.47:409][  0]LogSlate: Slate User Registered.  User Index 0, Is Virtual User: 0
[2022.11.03-09.09.47:430][  0]LogD3D11RHI: Loaded GFSDK_Aftermath_Lib.x64.dll
[2022.11.03-09.09.47:440][  0]LogHMD: Failed to initialize OpenVR with code 110
[2022.11.03-09.09.47:440][  0]LogD3D11RHI: D3D11 min allowed feature level: 11_0
[2022.11.03-09.09.47:440][  0]LogD3D11RHI: D3D11 max allowed feature level: 11_0
[2022.11.03-09.09.47:440][  0]LogD3D11RHI: D3D11 adapters:
[2022.11.03-09.09.47:652][  0]LogD3D11RHI:    0. 'NVIDIA Quadro P2000' (Feature Level 11_0)
[2022.11.03-09.09.47:652][  0]LogD3D11RHI:       4019/0/8115 MB DedicatedVideo/DedicatedSystem/SharedSystem, Outputs:1, VendorId:0x10de
[2022.11.03-09.09.47:656][  0]LogD3D11RHI:    1. 'Microsoft Basic Render Driver' (Feature Level 11_0)
[2022.11.03-09.09.47:656][  0]LogD3D11RHI:       0/0/8115 MB DedicatedVideo/DedicatedSystem/SharedSystem, Outputs:0, VendorId:0x1414
[2022.11.03-09.09.47:656][  0]LogD3D11RHI: Chosen D3D11 Adapter:
[2022.11.03-09.09.47:656][  0]LogD3D11RHI:     Description : NVIDIA Quadro P2000
[2022.11.03-09.09.47:656][  0]LogD3D11RHI:     VendorId    : 10de
[2022.11.03-09.09.47:656][  0]LogD3D11RHI:     DeviceId    : 1cba
[2022.11.03-09.09.47:656][  0]LogD3D11RHI:     SubSysId    : 8451103c
[2022.11.03-09.09.47:656][  0]LogD3D11RHI:     Revision    : 00a1
[2022.11.03-09.09.47:656][  0]LogD3D11RHI:     DedicatedVideoMemory : 4214226944 bytes
[2022.11.03-09.09.47:656][  0]LogD3D11RHI:     DedicatedSystemMemory : 0 bytes
[2022.11.03-09.09.47:656][  0]LogD3D11RHI:     SharedSystemMemory : 8509403136 bytes
[2022.11.03-09.09.47:656][  0]LogD3D11RHI:     AdapterLuid : 0 150341
[2022.11.03-09.09.47:666][  0]LogD3D11RHI: Creating new Direct3DDevice
[2022.11.03-09.09.47:666][  0]LogD3D11RHI:     GPU DeviceId: 0x1cba (for the marketing name, search the web for "GPU Device Id")
[2022.11.03-09.09.47:666][  0]LogWindows: EnumDisplayDevices:
[2022.11.03-09.09.47:666][  0]LogWindows:    0. 'NVIDIA Quadro P2000' (P:1 D:1)
[2022.11.03-09.09.47:667][  0]LogWindows:    1. 'NVIDIA Quadro P2000' (P:0 D:0)
[2022.11.03-09.09.47:668][  0]LogWindows:    2. 'NVIDIA Quadro P2000' (P:0 D:0)
[2022.11.03-09.09.47:668][  0]LogWindows:    3. 'NVIDIA Quadro P2000' (P:0 D:0)
[2022.11.03-09.09.47:670][  0]LogWindows: DebugString: FoundDriverCount:4 
[2022.11.03-09.09.47:670][  0]LogD3D11RHI:     Adapter Name: NVIDIA Quadro P2000
[2022.11.03-09.09.47:670][  0]LogD3D11RHI:   Driver Version: 516.69 (internal:31.0.15.1669, unified:516.69)
[2022.11.03-09.09.47:670][  0]LogD3D11RHI:      Driver Date: 7-6-2022
[2022.11.03-09.09.47:670][  0]LogRHI: Texture pool is 2813 MB (70% of 4019 MB)
[2022.11.03-09.09.47:670][  0]LogD3D11RHI: Creating D3DDevice using adapter:
[2022.11.03-09.09.47:670][  0]LogD3D11RHI:     Description : NVIDIA Quadro P2000
[2022.11.03-09.09.47:670][  0]LogD3D11RHI:     VendorId    : 10de
[2022.11.03-09.09.47:670][  0]LogD3D11RHI:     DeviceId    : 1cba
[2022.11.03-09.09.47:670][  0]LogD3D11RHI:     SubSysId    : 8451103c
[2022.11.03-09.09.47:670][  0]LogD3D11RHI:     Revision    : 00a1
[2022.11.03-09.09.47:670][  0]LogD3D11RHI:     DedicatedVideoMemory : 4214226944 bytes
[2022.11.03-09.09.47:670][  0]LogD3D11RHI:     DedicatedSystemMemory : 0 bytes
[2022.11.03-09.09.47:670][  0]LogD3D11RHI:     SharedSystemMemory : 8509403136 bytes
[2022.11.03-09.09.47:670][  0]LogD3D11RHI:     AdapterLuid : 0 150341
[2022.11.03-09.09.47:768][  0]LogD3D11RHI: RHI has support for 64 bit atomics
[2022.11.03-09.09.47:769][  0]LogD3D11RHI: Async texture creation enabled
[2022.11.03-09.09.47:769][  0]LogD3D11RHI: Array index from any shader is supported
[2022.11.03-09.09.47:791][  0]LogD3D11RHI: GPU Timing Frequency: 1000.000000 (Debug: 2 1)
[2022.11.03-09.09.47:907][  0]LogRHI: GeForceNow SDK initialized: 1
[2022.11.03-09.09.48:508][  0]LogTargetPlatformManager: Display: Loaded TargetPlatform 'WindowsNoEditor'
[2022.11.03-09.09.48:515][  0]LogTargetPlatformManager: Display: Loaded TargetPlatform 'Windows'
[2022.11.03-09.09.48:522][  0]LogTargetPlatformManager: Display: Loaded TargetPlatform 'WindowsClient'
[2022.11.03-09.09.48:529][  0]LogTargetPlatformManager: Display: Loaded TargetPlatform 'WindowsServer'
[2022.11.03-09.09.48:529][  0]LogTargetPlatformManager: Display: Building Assets For Windows
[2022.11.03-09.09.48:544][  0]LogAudioDebug: Display: Lib vorbis DLL was dynamically loaded.
[2022.11.03-09.09.48:601][  0]LogTextureFormatOodle: Display: Oodle Texture 2.9.0 init RDO Off
[2022.11.03-09.09.48:656][  0]LogRendererCore: Ray tracing is disabled. Reason: r.RayTracing=0.
[2022.11.03-09.09.48:656][  0]LogShaderCompilers: Guid format shader working directory is -5 characters bigger than the processId version (../../../../../../Users/xespinoza/Desktop/SGD/midterm2/Intermediate/Shaders/WorkingDirectory/12148/).
[2022.11.03-09.09.48:656][  0]LogShaderCompilers: Cleaned the shader compiler working directory 'C:/Users/xespinoza/AppData/Local/Temp/UnrealShaderWorkingDir/266ECD2D469E5452429CD9A099A04364/'.
[2022.11.03-09.09.48:657][  0]LogXGEController: Cannot use XGE Controller as Incredibuild is not installed on this machine.
[2022.11.03-09.09.48:657][  0]LogShaderCompilers: Cannot use XGE Shader Compiler as Incredibuild is not installed on this machine.
[2022.11.03-09.09.48:657][  0]LogShaderCompilers: Display: Using Local Shader Compiler.
[2022.11.03-09.09.49:698][  0]LogDerivedDataCache: Display: Max Cache Size: 512 MB
[2022.11.03-09.09.49:779][  0]LogDerivedDataCache: Loaded boot cache 0.08s 94MB C:/Users/xespinoza/AppData/Local/UnrealEngine/4.27/DerivedDataCache/Boot.ddc.
[2022.11.03-09.09.49:779][  0]LogDerivedDataCache: Display: Loaded Boot cache: C:/Users/xespinoza/AppData/Local/UnrealEngine/4.27/DerivedDataCache/Boot.ddc
[2022.11.03-09.09.49:779][  0]LogDerivedDataCache: FDerivedDataBackendGraph:  Pak pak cache file ../../../../../../Users/xespinoza/Desktop/SGD/midterm2/DerivedDataCache/DDC.ddp not found, will not use a pak cache.
[2022.11.03-09.09.49:779][  0]LogDerivedDataCache: Unable to find inner node Pak for hierarchical cache Hierarchy.
[2022.11.03-09.09.49:779][  0]LogDerivedDataCache: FDerivedDataBackendGraph:  CompressedPak pak cache file ../../../../../../Users/xespinoza/Desktop/SGD/midterm2/DerivedDataCache/Compressed.ddp not found, will not use a pak cache.
[2022.11.03-09.09.49:779][  0]LogDerivedDataCache: Unable to find inner node CompressedPak for hierarchical cache Hierarchy.
[2022.11.03-09.09.49:802][  0]LogDerivedDataCache: Display: Pak cache opened for reading ../../../Engine/DerivedDataCache/Compressed.ddp.
[2022.11.03-09.09.49:802][  0]LogDerivedDataCache: FDerivedDataBackendGraph:  EnterprisePak pak cache file ../../../Enterprise/DerivedDataCache/Compressed.ddp not found, will not use a pak cache.
[2022.11.03-09.09.49:802][  0]LogDerivedDataCache: Unable to find inner node EnterprisePak for hierarchical cache Hierarchy.
[2022.11.03-09.09.49:838][  0]LogDerivedDataCache: Speed tests for C:/Users/xespinoza/AppData/Local/UnrealEngine/Common/DerivedDataCache took 0.04 seconds
[2022.11.03-09.09.49:839][  0]LogDerivedDataCache: Display: Performance to C:/Users/xespinoza/AppData/Local/UnrealEngine/Common/DerivedDataCache: Latency=0.05ms. RandomReadSpeed=409.50MBs, RandomWriteSpeed=27.41MBs. Assigned SpeedClass 'Local'
[2022.11.03-09.09.49:840][  0]LogDerivedDataCache: Using Local data cache path C:/Users/xespinoza/AppData/Local/UnrealEngine/Common/DerivedDataCache: Writable
[2022.11.03-09.09.49:840][  0]LogDerivedDataCache: Shared data cache path not found in *engine.ini, will not use an Shared cache.
[2022.11.03-09.09.49:840][  0]LogDerivedDataCache: Unable to find inner node Shared for hierarchical cache Hierarchy.
[2022.11.03-09.09.49:926][  0]LogSlate: Using FreeType 2.10.0
[2022.11.03-09.09.49:927][  0]LogSlate: SlateFontServices - WITH_FREETYPE: 1, WITH_HARFBUZZ: 1
[2022.11.03-09.09.50:071][  0]LogInit: Using OS detected language (en-US).
[2022.11.03-09.09.50:071][  0]LogInit: Using OS detected locale (en-US).
[2022.11.03-09.09.50:071][  0]LogTextLocalizationManager: No localization for 'en-US' exists, so 'en' will be used for the language.
[2022.11.03-09.09.50:071][  0]LogTextLocalizationManager: No localization for 'en-US' exists, so 'en' will be used for the locale.
[2022.11.03-09.09.50:071][  0]LogSlate: FontCache flush requested. Reason: Culture for localization was changed
[2022.11.03-09.09.50:071][  0]LogSlate: FontCache flush requested. Reason: Culture for localization was changed
[2022.11.03-09.09.50:075][  0]LogTextLocalizationManager: Compacting localization data took   0.01ms
[2022.11.03-09.09.50:075][  0]LogAssetRegistry: FAssetRegistry took 0.0023 seconds to start up
[2022.11.03-09.09.50:280][  0]LogPackageLocalizationCache: Processed 27 localized package path(s) for 1 prioritized culture(s) in 0.001505 seconds
[2022.11.03-09.09.50:374][  0]LogInit: Selected Device Profile: [Windows]
[2022.11.03-09.09.50:374][  0]LogInit: Active device profile: [0000015F230D3000][0000015F1CD34440 49] Windows
[2022.11.03-09.09.50:374][  0]LogInit: Profiles: [0000015F230D3000][0000015F1CD34440 49] Windows, [0000015F23093500][0000015F1CD3C5C0 49] WindowsNoEditor, [0000015F230D0D00][0000015F1CD40740 49] WindowsServer, [0000015F23093800][0000015F1CD448C0 49] WindowsClient, [0000015F230D1000][0000015F1CD48A40 49] IOS, [0000015F23092100][0000015F1CD4CBC0 49] iPadAir, [0000015F23077F00][0000015F1CD50D40 49] iPadAir2, [0000015F23034800][0000015F1CD59000 49] IPadPro, [0000015F23034900][0000015F1CD55040 49] iPadAir3, [0000015F230D2700][0000015F1CD5D1C0 49] iPadAir4, [0000015F23036D00][0000015F1CD61340 49] iPadMini2, [0000015F23074100][0000015F1CD654C0 49] iPadMini3, [0000015F230D1300][0000015F1CD39600 49] iPadMini4, [0000015F23034600][0000015F1CD69740 49] iPadMini5, [0000015F2302BF00][0000015F1C5659C0 49] iPhone6, [0000015F2302BE00][0000015F1CD6DA00 49] iPodTouch6, [0000015F23091400][0000015F1C56C140 49] iPhone7, [0000015F23091300][0000015F1C568180 49] iPodTouch7, [0000015F23075F00][0000015F1C570300 49] iPhone5S, [0000015F23090200][0000015F1C574480 49] iPhone6Plus, [0000015F23028200][0000015F1C578600 49] iPhone6S, [0000015F23076000][0000015F1C57C780 49] iPhone6SPlus, [0000015F2302A000][0000015F1C580900 49] iPhone7Plus, [0000015F23074600][0000015F1C584A80 49] iPhoneSE, [0000015F23028D00][0000015F1C588C00 49] iPhone8, [0000015F23093700][0000015F1C58CD80 49] iPhone8Plus, [0000015F23029A00][0000015F1C590F00 49] iPhoneX, [0000015F23092400][0000015F1C595080 49] iPhoneXS, [0000015F2302A600][0000015F1C599200 49] iPhoneXSMax, [0000015F23091500][0000015F1C59D380 49] iPhoneXR, [0000015F23028600][0000015F1C5A1500 49] iPhone11, [0000015F23090F00][0000015F1C5A5680 49] iPhone11Pro, [0000015F2302BC00][0000015F1C5617C0 49] iPhone11ProMax, [0000015F23092700][0000015F1C5A9900 49] iPhoneSE2, [0000015F23029D00][0000015F1C5ADA40 49] iPhone12Mini, [0000015F23090700][0000015F1C5B5BC0 49] iPhone12, [0000015F2302BD00][0000015F1C5B81C0 49] iPhone12Pro, [0000015F23091F00][0000015F1C5BC340 49] iPhone12ProMax, [0000015F2302BA00][0000015F1C5C04C0 49] iPadPro105, [0000015F23090E00][0000015F1C5C4640 49] iPadPro129, [0000015F23028E00][0000015F1C5C87C0 49] iPadPro97, [0000015F23093A00][0000015F1C5CC940 49] iPadPro2_129, [0000015F2302B200][0000015F1C5D0AC0 49] iPad5, [0000015F23091600][0000015F1C5D4C40 49] iPad6, [0000015F2302BB00][0000015F1C5D8DC0 49] iPad7, [0000015F23092800][0000015F1C5DCF40 49] iPad8, [0000015F2302B600][0000015F1C5E10C0 49] iPadPro11, [0000015F23093C00][0000015F1C5E5240 49] iPadPro2_11, [0000015F23028700][0000015F1C5E93C0 49] iPadPro3_129, [0000015F23092600][0000015F1C5ED540 49] iPadPro4_129, [0000015F2302AA00][0000015F1C5F16C0 49] AppleTV, [0000015F23093B00][0000015F1C5F5840 49] AppleTV4K, [0000015F23029200][0000015F1C5B1980 49] TVOS, [0000015F23090300][0000015F1C5F9AC0 49] Mac, [0000015F23029300][0000015F1C5FDC00 49] MacClient, [0000015F23090600][0000015F1C6001C0 49] MacNoEditor, [0000015F23029C00][0000015F1C608340 49] MacServer, [0000015F23091700][0000015F1C60C4C0 49] Linux, [0000015F23028100][0000015F1C610640 49] LinuxAArch64, [0000015F23092F00][0000015F1C6147C0 49] LinuxNoEditor, [0000015F2302A200][0000015F1C618940 49] LinuxAArch64NoEditor, [0000015F23092900][0000015F1C61CAC0 49] LinuxClient, [0000015F2302A800][0000015F1C620C40 49] LinuxAArch64Client, [0000015F23090D00][0000015F1C624DC0 49] LinuxServer, [0000015F23028400][0000015F1C628F40 49] LinuxAArch64Server, [0000015F23092B00][0000015F1C62D0C0 49] Android, [0000015F2302AC00][0000015F1C631240 49] Android_Low, [0000015F23091D00][0000015F1C6353C0 49] Android_Mid, [0000015F2302A700][0000015F1C639540 49] Android_High, [0000015F23090A00][0000015F1C63D6C0 49] Android_Default, [0000015F23028500][0000015F1C641840 49] Android_Adreno4xx, [0000015F23093400][0000015F1C6459C0 49] Android_Adreno5xx_Low, [0000015F23034A00][0000015F1C605B00 49] Android_Adreno5xx, [0000015F23076600][0000015F1C6480C0 49] Android_Adreno6xx, [0000015F23037600][0000015F1C64C200 49] Android_Adreno6xx_Vulkan, [0000015F23076200][0000015F1C650340 49] Android_Mali_T6xx, [0000015F23035C00][0000015F1C6584C0 49] Android_Mali_T7xx, [0000015F23077300][0000015F1C65C640 49] Android_Mali_T8xx, [0000015F23035B00][0000015F1C6607C0 49] Android_Mali_G71, [0000015F23077D00][0000015F1C664940 49] Android_Mali_G72, [0000015F23035600][0000015F1C668AC0 49] Android_Mali_G72_Vulkan, [0000015F23076100][0000015F1C66CC40 49] Android_Mali_G76, [0000015F23037F00][0000015F1C670DC0 49] Android_Mali_G76_Vulkan, [0000015F23075600][0000015F1C674F40 49] Android_Mali_G77, [0000015F23034200][0000015F1C6790C0 49] Android_Mali_G77_Vulkan, [0000015F23074B00][0000015F1C67D240 49] Android_Mali_G78, [0000015F23036000][0000015F1C6813C0 49] Android_Mali_G78_Vulkan, [0000015F23075300][0000015F1C685540 49] Android_Mali_G710, [0000015F23037000][0000015F1C6896C0 49] Android_Mali_G710_Vulkan, [0000015F23076A00][0000015F1C68D840 49] Android_Vulkan_SM5, [0000015F23035100][0000015F1C6919C0 49] Android_PowerVR_G6xxx, [0000015F23076700][0000015F1C695B40 49] Android_PowerVR_GT7xxx, [0000015F23035E00][0000015F1C698140 49] Android_PowerVR_GE8xxx, [0000015F23077200][0000015F1C654280 49] Android_PowerVR_GM9xxx, [0000015F23036200][0000015F1C69C3C0 49] Android_PowerVR_GM9xxx_Vulkan, [0000015F23075B00][0000015F1C6A0500 49] Android_TegraK1, [0000015F23036800][0000015F1C6A8680 49] Android_Unknown_Vulkan, [0000015F23074C00][0000015F1C6AC800 49] Lumin, [0000015F23034C00][0000015F1C6B0980 49] Lumin_Desktop, [0000015F23077500][0000015F1C6B4B00 49] HoloLens, 
[2022.11.03-09.09.50:495][  0]LogMeshReduction: Using QuadricMeshReduction for automatic static mesh reduction
[2022.11.03-09.09.50:496][  0]LogMeshReduction: Using SimplygonMeshReduction for automatic skeletal mesh reduction
[2022.11.03-09.09.50:496][  0]LogMeshReduction: Using ProxyLODMeshReduction for automatic mesh merging
[2022.11.03-09.09.50:496][  0]LogMeshReduction: No distributed automatic mesh merging module available
[2022.11.03-09.09.50:496][  0]LogMeshMerging: No distributed automatic mesh merging module available
[2022.11.03-09.09.50:635][  0]LogNetVersion: midterm 1.0.0, NetCL: 17155196, EngineNetVer: 17, GameNetVer: 0 (Checksum: 1341048358)
[2022.11.03-09.09.51:112][  0]LogTexture: Default maximum texture size for cubemaps generated from long-lat sources has been changed from 512 to unlimited. In order to preserve old behaiour for '/Engine/MapTemplates/Sky/DaylightAmbientCubemap.DaylightAmbientCubemap', its maximum texture size has been explicitly set to 512.
[2022.11.03-09.09.51:239][  0]LogHMD: PokeAHoleMaterial loaded successfully
[2022.11.03-09.09.51:422][  0]LogMoviePlayer: Initializing movie player
[2022.11.03-09.09.51:839][  0]LogNiagaraDebuggerClient: Niagara Debugger Client Initialized | Session: CD281C364072C8C8278F68965708EE20 | Instance: CB78EBEC40613F01B1AB6F81E045B3E1 (5CD911CWNH-12148).
[2022.11.03-09.09.51:868][  0]LogCollectionManager: Loaded 0 collections in 0.002208 seconds
[2022.11.03-09.09.51:871][  0]LogFileCache: Scanning file cache for directory 'C:/Users/xespinoza/Desktop/SGD/midterm2/Saved/Collections/' took 0.00s
[2022.11.03-09.09.51:871][  0]LogFileCache: Scanning file cache for directory 'C:/Users/xespinoza/Desktop/SGD/midterm2/Content/Developers/xespinoza/Collections/' took 0.00s
[2022.11.03-09.09.51:871][  0]LogFileCache: Scanning file cache for directory 'C:/Users/xespinoza/Desktop/SGD/midterm2/Content/Collections/' took 0.00s
[2022.11.03-09.09.51:871][  0]LogCollectionManager: Fixed up redirectors for 0 collections in 0.000002 seconds (updated 0 objects)
[2022.11.03-09.09.51:905][  0]LogPython: Using Python 3.7.7
[2022.11.03-09.09.52:512][  0]LogTcpMessaging: Initializing TcpMessaging bridge
[2022.11.03-09.09.52:518][  0]LogUdpMessaging: Initializing bridge on interface 0.0.0.0:0 to multicast group 230.0.0.1:6666.
[2022.11.03-09.09.52:757][  0]SourceControl: Source control is disabled
[2022.11.03-09.09.52:757][  0]SourceControl: Source control is disabled
[2022.11.03-09.09.52:763][  0]SourceControl: Source control is disabled
[2022.11.03-09.09.52:782][  0]LogUProjectInfo: Found projects:
[2022.11.03-09.09.52:970][  0]LogOpenImageDenoise: OIDN starting up
[2022.11.03-09.09.52:980][  0]LogAndroidPermission: UAndroidPermissionCallbackProxy::GetInstance
[2022.11.03-09.09.53:003][  0]LogAudioCaptureCore: Display: No Audio Capture implementations found. Audio input will be silent.
[2022.11.03-09.09.53:003][  0]LogAudioCaptureCore: Display: No Audio Capture implementations found. Audio input will be silent.
[2022.11.03-09.09.53:111][  0]LogOcInput: OculusInput pre-init called
[2022.11.03-09.09.53:120][  0]LogUObjectArray: 22121 objects as part of root set at end of initial load.
[2022.11.03-09.09.53:120][  0]LogUObjectAllocator: 5975632 out of 0 bytes used by permanent object pool.
[2022.11.03-09.09.53:120][  0]LogUObjectArray: CloseDisregardForGC: 0/0 objects in disregard for GC pool
[2022.11.03-09.09.53:236][  0]LogEngine: Initializing Engine...
[2022.11.03-09.09.53:248][  0]LogHMD: Failed to enumerate extensions. Please check that you have a valid OpenXR runtime installed.
[2022.11.03-09.09.53:248][  0]LogHMD: Failed to initialize OpenVR with code 110
[2022.11.03-09.09.53:248][  0]LogMagicLeap: Warning: VR disabled because ZI is not enabled.  To enable, in the editor, Edit -> Project Settings -> Plugins -> Magic Leap Plugin -> Enable Zero Iteration
[2022.11.03-09.09.53:252][  0]LogStats: UGameplayTagsManager::InitializeManager -  0.000 s
[2022.11.03-09.09.53:539][  0]LogInit: Initializing FReadOnlyCVARCache
[2022.11.03-09.09.53:539][  0]LogAudio: Display: Initializing Audio Device Manager...
[2022.11.03-09.09.53:553][  0]LogAudio: Display: Loading Default Audio Settings Objects...
[2022.11.03-09.09.53:555][  0]LogAudio: Display: No default SoundConcurrencyObject specified (or failed to load).
[2022.11.03-09.09.53:556][  0]LogAudio: Display: Audio Device Manager Initialized
[2022.11.03-09.09.53:556][  0]LogAudio: Display: Creating Audio Device:                 Id: 1, Scope: Shared, Realtime: True
[2022.11.03-09.09.53:556][  0]LogAudioMixer: Display: Audio Mixer Platform Settings:
[2022.11.03-09.09.53:556][  0]LogAudioMixer: Display: 	Sample Rate:						  48000
[2022.11.03-09.09.53:556][  0]LogAudioMixer: Display: 	Callback Buffer Frame Size Requested: 1024
[2022.11.03-09.09.53:556][  0]LogAudioMixer: Display: 	Callback Buffer Frame Size To Use:	  1024
[2022.11.03-09.09.53:556][  0]LogAudioMixer: Display: 	Number of buffers to queue:			  2
[2022.11.03-09.09.53:556][  0]LogAudioMixer: Display: 	Max Channels (voices):				  32
[2022.11.03-09.09.53:556][  0]LogAudioMixer: Display: 	Number of Async Source Workers:		  0
[2022.11.03-09.09.53:557][  0]LogAudio: Display: AudioDevice MaxSources: 32
[2022.11.03-09.09.53:557][  0]LogAudio: Display: Audio Spatialization Plugin: None (built-in).
[2022.11.03-09.09.53:557][  0]LogAudio: Display: Audio Reverb Plugin: None (built-in).
[2022.11.03-09.09.53:557][  0]LogAudio: Display: Audio Occlusion Plugin: None (built-in).
[2022.11.03-09.09.53:557][  0]LogAudioMixer: Display: Initializing audio mixer.
[2022.11.03-09.09.53:619][  0]LogAudioMixer: Display: 0: FrontLeft
[2022.11.03-09.09.53:619][  0]LogAudioMixer: Display: 1: FrontRight
[2022.11.03-09.09.53:658][  0]LogAudioMixer: Display: Using Audio Device Speakers (Conexant ISST Audio)
[2022.11.03-09.09.53:664][  0]LogAudioMixer: Display: Initializing Sound Submixes...
[2022.11.03-09.09.53:666][  0]LogAudioMixer: Display: Creating Master Submix 'MasterSubmixDefault'
[2022.11.03-09.09.53:666][  0]LogAudioMixer: Display: Creating Master Submix 'MasterReverbSubmixDefault'
[2022.11.03-09.09.53:667][  0]LogAudioMixer: Display: Creating Master Submix 'MasterEQSubmixDefault'
[2022.11.03-09.09.53:667][  0]LogAudioMixer: FMixerPlatformXAudio2::StartAudioStream() called
[2022.11.03-09.09.53:667][  0]LogAudioMixer: Display: Output buffers initialized: Frames=1024, Channels=2, Samples=2048
[2022.11.03-09.09.53:668][  0]LogAudioMixer: Display: Starting AudioMixerPlatformInterface::RunInternal()
[2022.11.03-09.09.53:668][  0]LogAudioMixer: Display: FMixerPlatformXAudio2::SubmitBuffer() called for the first time
[2022.11.03-09.09.53:668][  0]LogInit: FAudioDevice initialized.
[2022.11.03-09.09.53:670][  0]LogNetVersion: Set ProjectVersion to 1.0.0.0. Version Checksum will be recalculated on next use.
[2022.11.03-09.09.53:671][  0]LogInit: Texture streaming: Enabled
[2022.11.03-09.09.53:767][  0]LogAudio: Display: Audio Device (ID: 1) registered with world 'Untitled'.
[2022.11.03-09.09.53:767][  0]LogSlate: Updating window title bar state: overlay mode, drag disabled, window buttons hidden, title bar hidden
[2022.11.03-09.09.53:768][  0]LogInit: Display: Game Engine Initialized.
[2022.11.03-09.09.53:768][  0]LogNiagaraEditor: GEditor isn't valid! Particle reset commands will not work for Niagara components!
[2022.11.03-09.09.54:015][  0]LogInit: Display: Starting Game.
[2022.11.03-09.09.54:015][  0]LogNet: Browse: /Game/Levels/MainMenu?Name=Player
[2022.11.03-09.09.54:015][  0]LogLoad: LoadMap: /Game/Levels/MainMenu?Name=Player
[2022.11.03-09.09.54:015][  0]LogWorld: BeginTearingDown for /Temp/Untitled_0
[2022.11.03-09.09.54:017][  0]LogWorld: UWorld::CleanupWorld for Untitled, bSessionEnded=true, bCleanupResources=true
[2022.11.03-09.09.54:017][  0]LogSlate: InvalidateAllWidgets triggered.  All widgets were invalidated
[2022.11.03-09.09.54:023][  0]LogAudio: Display: Audio Device unregistered from world 'None'.
[2022.11.03-09.09.54:026][  0]LogUObjectHash: Compacting FUObjectHashTables data took   1.12ms
[2022.11.03-09.09.54:054][  0]LogAudio: Display: Audio Device (ID: 1) registered with world 'MainMenu'.
[2022.11.03-09.09.54:067][  0]LogAIModule: Creating AISystem for world MainMenu
[2022.11.03-09.09.54:068][  0]LogLoad: Game class is 'MainMenuGamemode_C'
[2022.11.03-09.09.54:069][  0]LogWorld: Bringing World /Game/Levels/MainMenu.MainMenu up for play (max tick rate 0) at 2022.11.03-05.09.54
[2022.11.03-09.09.54:070][  0]LogWorld: Bringing up level for play took: 0.000647
[2022.11.03-09.09.54:070][  0]LogGameMode: FindPlayerStart: PATHS NOT DEFINED or NO PLAYERSTART with positive rating
[2022.11.03-09.09.54:073][  0]LogLoad: Took 0.058102 seconds to LoadMap(/Game/Levels/MainMenu)
[2022.11.03-09.09.54:125][  0]LogSlate: Took 0.000347 seconds to synchronously load lazily loaded font '../../../Engine/Content/Slate/Fonts/Roboto-Regular.ttf' (155K)
[2022.11.03-09.09.54:160][  0]LogRenderer: Reallocating scene render targets to support 1280x720 Format 10 NumSamples 1 (Frame:1).
[2022.11.03-09.09.54:160][  0]LogInit: Display: Engine is initialized. Leaving FEngineLoop::Init()
[2022.11.03-09.09.54:161][  0]LogLoad: (Engine Initialization) Total time: 9.59 seconds
[2022.11.03-09.09.54:161][  0]LogLoad: (Engine Initialization) Total Blueprint compile time: 0.00 seconds
[2022.11.03-09.09.54:165][  0]LogContentStreaming: Texture pool size now 1000 MB
[2022.11.03-09.09.54:170][  0]LogSlate: InvalidateAllWidgets triggered.  All widgets were invalidated
[2022.11.03-09.09.54:228][  1]LogSlate: Took 0.000297 seconds to synchronously load lazily loaded font '../../../Engine/Content/Slate/Fonts/Roboto-Regular.ttf' (155K)
