Log file open, 11/02/22 13:45:12
LogWindows: Failed to load 'aqProf.dll' (GetLastError=126)
LogWindows: File 'aqProf.dll' does not exist
LogWindows: Failed to load 'VtuneApi.dll' (GetLastError=126)
LogWindows: File 'VtuneApi.dll' does not exist
LogWindows: Failed to load 'VtuneApi32e.dll' (GetLastError=126)
LogWindows: File 'VtuneApi32e.dll' does not exist
LogConsoleResponse: Display: Failed to find resolution value strings in scalability ini. Falling back to default.
LogConsoleResponse: Display: Failed to find resolution value strings in scalability ini. Falling back to default.
LogInit: Display: Running engine for game: midterm
LogPlatformFile: Not using cached read wrapper
LogTaskGraph: Started task graph with 5 named threads and 35 total threads with 3 sets of task threads.
LogStats: Stats thread started at 0.618891
LogICUInternationalization: ICU TimeZone Detection - Raw Offset: -5:00, Platform Override: ''
LogInit: Display: Loading text-based GConfig....
LogPluginManager: Mounting plugin MeshPainting
LogPluginManager: Mounting plugin XGEController
LogPluginManager: Mounting plugin Paper2D
LogPluginManager: Mounting plugin AISupport
LogPluginManager: Mounting plugin EnvironmentQueryEditor
LogPluginManager: Mounting plugin LiveLink
LogPluginManager: Mounting plugin LightPropagationVolume
LogPluginManager: Mounting plugin CameraShakePreviewer
LogPluginManager: Mounting plugin GameplayCameras
LogPluginManager: Mounting plugin OodleData
LogPluginManager: Mounting plugin OodleNetwork
LogPluginManager: Mounting plugin AnimationSharing
LogPluginManager: Mounting plugin CLionSourceCodeAccess
LogPluginManager: Mounting plugin CodeLiteSourceCodeAccess
LogPluginManager: Mounting plugin KDevelopSourceCodeAccess
LogPluginManager: Mounting plugin GitSourceControl
LogPluginManager: Mounting plugin NullSourceCodeAccess
LogPluginManager: Mounting plugin PerforceSourceControl
LogPluginManager: Mounting plugin PixWinPlugin
LogPluginManager: Mounting plugin PlasticSourceControl
LogPluginManager: Mounting plugin PluginUtils
LogPluginManager: Mounting plugin PropertyAccessNode
LogPluginManager: Mounting plugin RiderSourceCodeAccess
LogPluginManager: Mounting plugin SubversionSourceControl
LogPluginManager: Mounting plugin TextureFormatOodle
LogPluginManager: Mounting plugin UObjectPlugin
LogPluginManager: Mounting plugin XCodeSourceCodeAccess
LogPluginManager: Mounting plugin VisualStudioSourceCodeAccess
LogPluginManager: Mounting plugin VisualStudioCodeSourceCodeAccess
LogPluginManager: Mounting plugin DatasmithContent
LogPluginManager: Mounting plugin AssetManagerEditor
LogPluginManager: Mounting plugin VariantManagerContent
LogPluginManager: Mounting plugin CryptoKeys
LogPluginManager: Mounting plugin CurveEditorTools
LogPluginManager: Mounting plugin DataValidation
LogPluginManager: Mounting plugin FacialAnimation
LogPluginManager: Mounting plugin GameplayTagsEditor
LogPluginManager: Mounting plugin MobileLauncherProfileWizard
LogPluginManager: Mounting plugin GeometryMode
LogPluginManager: Mounting plugin MaterialAnalyzer
LogPluginManager: Mounting plugin SpeedTreeImporter
LogPluginManager: Mounting plugin PluginBrowser
LogPluginManager: Mounting plugin AlembicImporter
LogPluginManager: Mounting plugin AutomationUtils
LogPluginManager: Mounting plugin MacGraphicsSwitching
LogPluginManager: Mounting plugin BackChannel
LogPluginManager: Mounting plugin ChaosCloth
LogPluginManager: Mounting plugin ChaosClothEditor
LogPluginManager: Mounting plugin ChaosEditor
LogPluginManager: Mounting plugin ChaosNiagara
LogPluginManager: Mounting plugin ChaosSolverPlugin
LogPluginManager: Mounting plugin CharacterAI
LogPluginManager: Mounting plugin GeometryCache
LogPluginManager: Mounting plugin GeometryCollectionPlugin
LogPluginManager: Mounting plugin LuminPlatformFeatures
LogPluginManager: Mounting plugin MagicLeap
LogPluginManager: Mounting plugin GeometryProcessing
LogPluginManager: Mounting plugin MagicLeapLightEstimation
LogPluginManager: Mounting plugin MagicLeapMedia
LogPluginManager: Mounting plugin MagicLeapPassableWorld
LogPluginManager: Mounting plugin MLSDK
LogPluginManager: Mounting plugin MotoSynth
LogPluginManager: Mounting plugin OpenImageDenoise
LogPluginManager: Mounting plugin PlanarCut
LogPluginManager: Mounting plugin PlatformCrypto
LogPluginManager: Mounting plugin ProxyLODPlugin
LogPluginManager: Mounting plugin PythonScriptPlugin
LogPluginManager: Mounting plugin SkeletalReduction
LogPluginManager: Mounting plugin Niagara
LogPluginManager: Mounting plugin AndroidMedia
LogPluginManager: Mounting plugin AvfMedia
LogPluginManager: Mounting plugin TcpMessaging
LogPluginManager: Mounting plugin UdpMessaging
LogPluginManager: Mounting plugin ImgMedia
LogPluginManager: Mounting plugin MediaCompositing
LogPluginManager: Mounting plugin MediaPlayerEditor
LogPluginManager: Mounting plugin WebMMedia
LogPluginManager: Mounting plugin WmfMedia
LogPluginManager: Mounting plugin LauncherChunkInstaller
LogPluginManager: Mounting plugin OnlineSubsystem
LogPluginManager: Mounting plugin OnlineSubsystemNull
LogPluginManager: Mounting plugin OnlineSubsystemUtils
LogPluginManager: Mounting plugin Takes
LogPluginManager: Mounting plugin ScreenshotTools
LogPluginManager: Mounting plugin ActorLayerUtilities
LogPluginManager: Mounting plugin AndroidDeviceProfileSelector
LogPluginManager: Mounting plugin AndroidMoviePlayer
LogPluginManager: Mounting plugin AndroidPermission
LogPluginManager: Mounting plugin AppleMoviePlayer
LogPluginManager: Mounting plugin AppleImageUtils
LogPluginManager: Mounting plugin ArchVisCharacter
LogPluginManager: Mounting plugin AssetTags
LogPluginManager: Mounting plugin AudioCapture
LogPluginManager: Mounting plugin CableComponent
LogPluginManager: Mounting plugin ChunkDownloader
LogPluginManager: Mounting plugin AudioSynesthesia
LogPluginManager: Mounting plugin CustomMeshComponent
LogPluginManager: Mounting plugin EditableMesh
LogPluginManager: Mounting plugin ExampleDeviceProfileSelector
LogPluginManager: Mounting plugin GooglePAD
LogPluginManager: Mounting plugin GoogleCloudMessaging
LogPluginManager: Mounting plugin IOSDeviceProfileSelector
LogPluginManager: Mounting plugin LinuxDeviceProfileSelector
LogPluginManager: Mounting plugin LocationServicesBPLibrary
LogPluginManager: Mounting plugin MobilePatchingUtils
LogPluginManager: Mounting plugin OpenXR
LogPluginManager: Mounting plugin OpenXREyeTracker
LogPluginManager: Mounting plugin OpenXRHandTracking
LogPluginManager: Mounting plugin PhysXVehicles
LogPluginManager: Mounting plugin PostSplashScreen
LogPluginManager: Mounting plugin PropertyAccessEditor
LogPluginManager: Mounting plugin ProceduralMeshComponent
LogPluginManager: Mounting plugin RuntimePhysXCooking
LogPluginManager: Mounting plugin SignificanceManager
LogPluginManager: Mounting plugin SoundFields
LogPluginManager: Mounting plugin Synthesis
LogPluginManager: Mounting plugin WebMMoviePlayer
LogPluginManager: Mounting plugin ActorSequence
LogPluginManager: Mounting plugin LevelSequenceEditor
LogPluginManager: Mounting plugin MatineeToLevelSequence
LogPluginManager: Mounting plugin WindowsMoviePlayer
LogPluginManager: Mounting plugin TemplateSequence
LogPluginManager: Mounting plugin ContentBrowserAssetDataSource
LogPluginManager: Mounting plugin ContentBrowserClassDataSource
LogPluginManager: Mounting plugin ContentBrowserFileDataSource
LogPluginManager: Mounting plugin OnlineSubsystemGooglePlay
LogPluginManager: Mounting plugin OnlineSubsystemIOS
LogPluginManager: Mounting plugin OculusVR
LogPluginManager: Mounting plugin SteamVR
PixWinPlugin: PIX capture plugin failed to initialize! Check that the process is launched from PIX.
LogInit: Using libcurl 7.55.1-DEV
LogInit:  - built for x86_64-pc-win32
LogInit:  - supports SSL with OpenSSL/1.1.1
LogInit:  - supports HTTP deflate (compression) using libz 1.2.8
LogInit:  - other features:
LogInit:      CURL_VERSION_SSL
LogInit:      CURL_VERSION_LIBZ
LogInit:      CURL_VERSION_IPV6
LogInit:      CURL_VERSION_ASYNCHDNS
LogInit:      CURL_VERSION_LARGEFILE
LogInit:      CURL_VERSION_IDN
LogInit:  CurlRequestOptions (configurable via config and command line):
LogInit:  - bVerifyPeer = true  - Libcurl will verify peer certificate
LogInit:  - bUseHttpProxy = false  - Libcurl will NOT use HTTP proxy
LogInit:  - bDontReuseConnections = false  - Libcurl will reuse connections
LogInit:  - MaxHostConnections = 16  - Libcurl will limit the number of connections to a host
LogInit:  - LocalHostAddr = Default
LogInit:  - BufferSize = 65536
LogOnline: OSS: Creating online subsystem instance for: NULL
LogInit: WinSock: version 1.1 (2.2), MaxSocks=32767, MaxUdp=65467
LogOnline: OSS: TryLoadSubsystemAndSetDefault: Loaded subsystem for module [NULL]
LogOculusPluginWrapper: OculusPlugin initialized successfully
LogHMD: Failed initializing OVRPlugin 1.59.0
LogInit: Build: ++UE4+Release-4.27-CL-18319896
LogInit: Engine Version: 4.27.2-18319896+++UE4+Release-4.27
LogInit: Compatible Engine Version: 4.27.0-17155196+++UE4+Release-4.27
LogInit: Net CL: 17155196
LogInit: OS: Windows 10 (Release 2009) (), CPU: Intel(R) Core(TM) i7-8750H CPU @ 2.20GHz, GPU: NVIDIA Quadro P2000
LogInit: Compiled (64-bit): Nov 30 2021 07:12:08
LogInit: Compiled with Visual C++: 19.24.28315.00
LogInit: Build Configuration: Development
LogInit: Branch Name: ++UE4+Release-4.27
LogInit: Command Line:  /Game/Levels/SnakeRetro -game -PIEVIACONSOLE -Multiprocess "GameUserSettingsINI=C:/Users/gosorio/Documents/Unreal Projects/midterm/Saved/Config/Windows/PIEGameUserSettings0.ini" -MultiprocessSaveConfig -forcepassthrough -messaging -SessionName="Play in Standalone Game" -windowed -ResX=1280 -ResY=720
LogInit: Base Directory: C:/Program Files/Epic Games/UE_4.27/Engine/Binaries/Win64/
LogInit: Allocator: TBB
LogInit: Installed Engine Build: 1
LogDevObjectVersion: Number of dev versions registered: 29
LogDevObjectVersion:   Dev-Blueprints (B0D832E4-1F89-4F0D-ACCF-7EB736FD4AA2): 10
LogDevObjectVersion:   Dev-Build (E1C64328-A22C-4D53-A36C-8E866417BD8C): 0
LogDevObjectVersion:   Dev-Core (375EC13C-06E4-48FB-B500-84F0262A717E): 4
LogDevObjectVersion:   Dev-Editor (E4B068ED-F494-42E9-A231-DA0B2E46BB41): 40
LogDevObjectVersion:   Dev-Framework (CFFC743F-43B0-4480-9391-14DF171D2073): 37
LogDevObjectVersion:   Dev-Mobile (B02B49B5-BB20-44E9-A304-32B752E40360): 3
LogDevObjectVersion:   Dev-Networking (A4E4105C-59A1-49B5-A7C5-40C4547EDFEE): 0
LogDevObjectVersion:   Dev-Online (39C831C9-5AE6-47DC-9A44-9C173E1C8E7C): 0
LogDevObjectVersion:   Dev-Physics (78F01B33-EBEA-4F98-B9B4-84EACCB95AA2): 14
LogDevObjectVersion:   Dev-Platform (6631380F-2D4D-43E0-8009-CF276956A95A): 0
LogDevObjectVersion:   Dev-Rendering (12F88B9F-8875-4AFC-A67C-D90C383ABD29): 45
LogDevObjectVersion:   Dev-Sequencer (7B5AE74C-D270-4C10-A958-57980B212A5A): 13
LogDevObjectVersion:   Dev-VR (D7296918-1DD6-4BDD-9DE2-64A83CC13884): 3
LogDevObjectVersion:   Dev-LoadTimes (C2A15278-BFE7-4AFE-6C17-90FF531DF755): 1
LogDevObjectVersion:   Private-Geometry (6EACA3D4-40EC-4CC1-B786-8BED09428FC5): 3
LogDevObjectVersion:   Dev-AnimPhys (29E575DD-E0A3-4627-9D10-D276232CDCEA): 17
LogDevObjectVersion:   Dev-Anim (AF43A65D-7FD3-4947-9873-3E8ED9C1BB05): 15
LogDevObjectVersion:   Dev-ReflectionCapture (6B266CEC-1EC7-4B8F-A30B-E4D90942FC07): 1
LogDevObjectVersion:   Dev-Automation (0DF73D61-A23F-47EA-B727-89E90C41499A): 1
LogDevObjectVersion:   FortniteMain (601D1886-AC64-4F84-AA16-D3DE0DEAC7D6): 47
LogDevObjectVersion:   FortniteRelease (E7086368-6B23-4C58-8439-1B7016265E91): 1
LogDevObjectVersion:   Dev-Enterprise (9DFFBCD6-494F-0158-E221-12823C92A888): 10
LogDevObjectVersion:   Dev-Niagara (F2AED0AC-9AFE-416F-8664-AA7FFA26D6FC): 1
LogDevObjectVersion:   Dev-Destruction (174F1F0B-B4C6-45A5-B13F-2EE8D0FB917D): 10
LogDevObjectVersion:   Dev-Physics-Ext (35F94A83-E258-406C-A318-09F59610247C): 41
LogDevObjectVersion:   Dev-PhysicsMaterial-Chaos (B68FC16E-8B1B-42E2-B453-215C058844FE): 1
LogDevObjectVersion:   Dev-CineCamera (B2E18506-4273-CFC2-A54E-F4BB758BBA07): 1
LogDevObjectVersion:   Dev-VirtualProduction (64F58936-FD1B-42BA-BA96-7289D5D0FA4E): 1
LogDevObjectVersion:   Dev-MediaFramework (6F0ED827-A609-4895-9C91-998D90180EA4): 2
LogInit: Presizing for max 25165824 objects, including 0 objects not considered by GC, pre-allocating 0 bytes for permanent pool.
LogConfig: Applying CVar settings from Section [/Script/Engine.StreamingSettings] File [C:/Users/gosorio/Documents/Unreal Projects/midterm/Saved/Config/Windows/Engine.ini]
LogConfig: Setting CVar [[s.MinBulkDataSizeForAsyncLoading:131072]]
LogConfig: Setting CVar [[s.AsyncLoadingThreadEnabled:0]]
LogConfig: Setting CVar [[s.EventDrivenLoaderEnabled:1]]
LogConfig: Setting CVar [[s.WarnIfTimeLimitExceeded:0]]
LogConfig: Setting CVar [[s.TimeLimitExceededMultiplier:1.5]]
LogConfig: Setting CVar [[s.TimeLimitExceededMinTime:0.005]]
LogConfig: Setting CVar [[s.UseBackgroundLevelStreaming:1]]
LogConfig: Setting CVar [[s.PriorityAsyncLoadingExtraTime:15.0]]
LogConfig: Setting CVar [[s.LevelStreamingActorsUpdateTimeLimit:5.0]]
LogConfig: Setting CVar [[s.PriorityLevelStreamingActorsUpdateExtraTime:5.0]]
LogConfig: Setting CVar [[s.LevelStreamingComponentsRegistrationGranularity:10]]
LogConfig: Setting CVar [[s.UnregisterComponentsTimeLimit:1.0]]
LogConfig: Setting CVar [[s.LevelStreamingComponentsUnregistrationGranularity:5]]
LogConfig: Setting CVar [[s.FlushStreamingOnExit:1]]
LogInit: Object subsystem initialized
LogConfig: Setting CVar [[con.DebugEarlyDefault:1]]
LogConfig: Setting CVar [[r.setres:1280x720]]
[2022.11.02-17.45.14:072][  0]LogConfig: Setting CVar [[con.DebugEarlyDefault:1]]
[2022.11.02-17.45.14:072][  0]LogConfig: Setting CVar [[r.setres:1280x720]]
[2022.11.02-17.45.14:072][  0]LogConfig: Applying CVar settings from Section [/Script/Engine.RendererSettings] File [C:/Users/gosorio/Documents/Unreal Projects/midterm/Saved/Config/Windows/Engine.ini]
[2022.11.02-17.45.14:072][  0]LogConfig: Setting CVar [[r.GPUCrashDebugging:0]]
[2022.11.02-17.45.14:072][  0]LogConfig: Setting CVar [[r.DefaultFeature.MotionBlur:0]]
[2022.11.02-17.45.14:072][  0]LogConfig: Applying CVar settings from Section [/Script/Engine.RendererOverrideSettings] File [C:/Users/gosorio/Documents/Unreal Projects/midterm/Saved/Config/Windows/Engine.ini]
[2022.11.02-17.45.14:072][  0]LogConfig: Applying CVar settings from Section [/Script/Engine.StreamingSettings] File [C:/Users/gosorio/Documents/Unreal Projects/midterm/Saved/Config/Windows/Engine.ini]
[2022.11.02-17.45.14:072][  0]LogConfig: Setting CVar [[s.MinBulkDataSizeForAsyncLoading:131072]]
[2022.11.02-17.45.14:072][  0]LogConfig: Setting CVar [[s.AsyncLoadingThreadEnabled:0]]
[2022.11.02-17.45.14:072][  0]LogConfig: Setting CVar [[s.EventDrivenLoaderEnabled:1]]
[2022.11.02-17.45.14:072][  0]LogConfig: Setting CVar [[s.WarnIfTimeLimitExceeded:0]]
[2022.11.02-17.45.14:072][  0]LogConfig: Setting CVar [[s.TimeLimitExceededMultiplier:1.5]]
[2022.11.02-17.45.14:072][  0]LogConfig: Setting CVar [[s.TimeLimitExceededMinTime:0.005]]
[2022.11.02-17.45.14:072][  0]LogConfig: Setting CVar [[s.UseBackgroundLevelStreaming:1]]
[2022.11.02-17.45.14:072][  0]LogConfig: Setting CVar [[s.PriorityAsyncLoadingExtraTime:15.0]]
[2022.11.02-17.45.14:072][  0]LogConfig: Setting CVar [[s.LevelStreamingActorsUpdateTimeLimit:5.0]]
[2022.11.02-17.45.14:072][  0]LogConfig: Setting CVar [[s.PriorityLevelStreamingActorsUpdateExtraTime:5.0]]
[2022.11.02-17.45.14:072][  0]LogConfig: Setting CVar [[s.LevelStreamingComponentsRegistrationGranularity:10]]
[2022.11.02-17.45.14:072][  0]LogConfig: Setting CVar [[s.UnregisterComponentsTimeLimit:1.0]]
[2022.11.02-17.45.14:072][  0]LogConfig: Setting CVar [[s.LevelStreamingComponentsUnregistrationGranularity:5]]
[2022.11.02-17.45.14:072][  0]LogConfig: Setting CVar [[s.FlushStreamingOnExit:1]]
[2022.11.02-17.45.14:072][  0]LogConfig: Applying CVar settings from Section [/Script/Engine.GarbageCollectionSettings] File [C:/Users/gosorio/Documents/Unreal Projects/midterm/Saved/Config/Windows/Engine.ini]
[2022.11.02-17.45.14:072][  0]LogConfig: Setting CVar [[gc.MaxObjectsNotConsideredByGC:1]]
[2022.11.02-17.45.14:072][  0]LogConfig: Setting CVar [[gc.SizeOfPermanentObjectPool:0]]
[2022.11.02-17.45.14:072][  0]LogConfig: Setting CVar [[gc.FlushStreamingOnGC:0]]
[2022.11.02-17.45.14:073][  0]LogConfig: Setting CVar [[gc.NumRetriesBeforeForcingGC:10]]
[2022.11.02-17.45.14:073][  0]LogConfig: Setting CVar [[gc.AllowParallelGC:1]]
[2022.11.02-17.45.14:073][  0]LogConfig: Setting CVar [[gc.TimeBetweenPurgingPendingKillObjects:61.1]]
[2022.11.02-17.45.14:073][  0]LogConfig: Setting CVar [[gc.MaxObjectsInEditor:25165824]]
[2022.11.02-17.45.14:073][  0]LogConfig: Setting CVar [[gc.IncrementalBeginDestroyEnabled:1]]
[2022.11.02-17.45.14:073][  0]LogConfig: Setting CVar [[gc.CreateGCClusters:1]]
[2022.11.02-17.45.14:073][  0]LogConfig: Setting CVar [[gc.MinGCClusterSize:5]]
[2022.11.02-17.45.14:073][  0]LogConfig: Setting CVar [[gc.ActorClusteringEnabled:0]]
[2022.11.02-17.45.14:073][  0]LogConfig: Setting CVar [[gc.BlueprintClusteringEnabled:0]]
[2022.11.02-17.45.14:073][  0]LogConfig: Setting CVar [[gc.UseDisregardForGCOnDedicatedServers:0]]
[2022.11.02-17.45.14:073][  0]LogConfig: Setting CVar [[gc.MultithreadedDestructionEnabled:1]]
[2022.11.02-17.45.14:073][  0]LogConfig: Applying CVar settings from Section [/Script/Engine.NetworkSettings] File [C:/Users/gosorio/Documents/Unreal Projects/midterm/Saved/Config/Windows/Engine.ini]
[2022.11.02-17.45.14:073][  0]LogConfig: Applying CVar settings from Section [/Script/UnrealEd.CookerSettings] File [C:/Users/gosorio/Documents/Unreal Projects/midterm/Saved/Config/Windows/Engine.ini]
[2022.11.02-17.45.14:087][  0]LogConfig: Applying CVar settings from Section [ViewDistanceQuality@3] File [C:/Users/gosorio/Documents/Unreal Projects/midterm/Saved/Config/Windows/Scalability.ini]
[2022.11.02-17.45.14:087][  0]LogConfig: Setting CVar [[r.SkeletalMeshLODBias:0]]
[2022.11.02-17.45.14:087][  0]LogConfig: Setting CVar [[r.ViewDistanceScale:1.0]]
[2022.11.02-17.45.14:087][  0]LogConfig: Applying CVar settings from Section [AntiAliasingQuality@3] File [C:/Users/gosorio/Documents/Unreal Projects/midterm/Saved/Config/Windows/Scalability.ini]
[2022.11.02-17.45.14:087][  0]LogConfig: Setting CVar [[r.PostProcessAAQuality:4]]
[2022.11.02-17.45.14:087][  0]LogConfig: Applying CVar settings from Section [ShadowQuality@3] File [C:/Users/gosorio/Documents/Unreal Projects/midterm/Saved/Config/Windows/Scalability.ini]
[2022.11.02-17.45.14:087][  0]LogConfig: Setting CVar [[r.LightFunctionQuality:1]]
[2022.11.02-17.45.14:087][  0]LogConfig: Setting CVar [[r.ShadowQuality:5]]
[2022.11.02-17.45.14:087][  0]LogConfig: Setting CVar [[r.Shadow.CSM.MaxCascades:10]]
[2022.11.02-17.45.14:087][  0]LogConfig: Setting CVar [[r.Shadow.MaxResolution:2048]]
[2022.11.02-17.45.14:087][  0]LogConfig: Setting CVar [[r.Shadow.MaxCSMResolution:2048]]
[2022.11.02-17.45.14:087][  0]LogConfig: Setting CVar [[r.Shadow.RadiusThreshold:0.01]]
[2022.11.02-17.45.14:087][  0]LogConfig: Setting CVar [[r.Shadow.DistanceScale:1.0]]
[2022.11.02-17.45.14:087][  0]LogConfig: Setting CVar [[r.Shadow.CSM.TransitionScale:1.0]]
[2022.11.02-17.45.14:087][  0]LogConfig: Setting CVar [[r.Shadow.PreShadowResolutionFactor:1.0]]
[2022.11.02-17.45.14:087][  0]LogConfig: Setting CVar [[r.DistanceFieldShadowing:1]]
[2022.11.02-17.45.14:087][  0]LogConfig: Setting CVar [[r.DistanceFieldAO:1]]
[2022.11.02-17.45.14:087][  0]LogConfig: Setting CVar [[r.AOQuality:2]]
[2022.11.02-17.45.14:087][  0]LogConfig: Setting CVar [[r.VolumetricFog:1]]
[2022.11.02-17.45.14:087][  0]LogConfig: Setting CVar [[r.VolumetricFog.GridPixelSize:8]]
[2022.11.02-17.45.14:087][  0]LogConfig: Setting CVar [[r.VolumetricFog.GridSizeZ:128]]
[2022.11.02-17.45.14:087][  0]LogConfig: Setting CVar [[r.VolumetricFog.HistoryMissSupersampleCount:4]]
[2022.11.02-17.45.14:087][  0]LogConfig: Setting CVar [[r.LightMaxDrawDistanceScale:1]]
[2022.11.02-17.45.14:087][  0]LogConfig: Setting CVar [[r.CapsuleShadows:1]]
[2022.11.02-17.45.14:087][  0]LogConfig: Applying CVar settings from Section [PostProcessQuality@3] File [C:/Users/gosorio/Documents/Unreal Projects/midterm/Saved/Config/Windows/Scalability.ini]
[2022.11.02-17.45.14:087][  0]LogConfig: Setting CVar [[r.MotionBlurQuality:4]]
[2022.11.02-17.45.14:087][  0]LogConfig: Setting CVar [[r.AmbientOcclusionMipLevelFactor:0.4]]
[2022.11.02-17.45.14:087][  0]LogConfig: Setting CVar [[r.AmbientOcclusionMaxQuality:100]]
[2022.11.02-17.45.14:088][  0]LogConfig: Setting CVar [[r.AmbientOcclusionLevels:-1]]
[2022.11.02-17.45.14:088][  0]LogConfig: Setting CVar [[r.AmbientOcclusionRadiusScale:1.0]]
[2022.11.02-17.45.14:088][  0]LogConfig: Setting CVar [[r.DepthOfFieldQuality:2]]
[2022.11.02-17.45.14:088][  0]LogConfig: Setting CVar [[r.RenderTargetPoolMin:400]]
[2022.11.02-17.45.14:088][  0]LogConfig: Setting CVar [[r.LensFlareQuality:2]]
[2022.11.02-17.45.14:088][  0]LogConfig: Setting CVar [[r.SceneColorFringeQuality:1]]
[2022.11.02-17.45.14:088][  0]LogConfig: Setting CVar [[r.EyeAdaptationQuality:2]]
[2022.11.02-17.45.14:088][  0]LogConfig: Setting CVar [[r.BloomQuality:5]]
[2022.11.02-17.45.14:088][  0]LogConfig: Setting CVar [[r.FastBlurThreshold:100]]
[2022.11.02-17.45.14:088][  0]LogConfig: Setting CVar [[r.Upscale.Quality:3]]
[2022.11.02-17.45.14:088][  0]LogConfig: Setting CVar [[r.Tonemapper.GrainQuantization:1]]
[2022.11.02-17.45.14:088][  0]LogConfig: Setting CVar [[r.LightShaftQuality:1]]
[2022.11.02-17.45.14:088][  0]LogConfig: Setting CVar [[r.Filter.SizeScale:1]]
[2022.11.02-17.45.14:088][  0]LogConfig: Setting CVar [[r.Tonemapper.Quality:5]]
[2022.11.02-17.45.14:088][  0]LogConfig: Setting CVar [[r.DOF.Gather.AccumulatorQuality:1        ; higher gathering accumulator quality]]
[2022.11.02-17.45.14:088][  0]LogConfig: Setting CVar [[r.DOF.Gather.PostfilterMethod:1          ; Median3x3 postfilering method]]
[2022.11.02-17.45.14:088][  0]LogConfig: Setting CVar [[r.DOF.Gather.EnableBokehSettings:0       ; no bokeh simulation when gathering]]
[2022.11.02-17.45.14:088][  0]LogConfig: Setting CVar [[r.DOF.Gather.RingCount:4                 ; medium number of samples when gathering]]
[2022.11.02-17.45.14:088][  0]LogConfig: Setting CVar [[r.DOF.Scatter.ForegroundCompositing:1    ; additive foreground scattering]]
[2022.11.02-17.45.14:088][  0]LogConfig: Setting CVar [[r.DOF.Scatter.BackgroundCompositing:2    ; additive background scattering]]
[2022.11.02-17.45.14:088][  0]LogConfig: Setting CVar [[r.DOF.Scatter.EnableBokehSettings:1      ; bokeh simulation when scattering]]
[2022.11.02-17.45.14:088][  0]LogConfig: Setting CVar [[r.DOF.Scatter.MaxSpriteRatio:0.1         ; only a maximum of 10% of scattered bokeh]]
[2022.11.02-17.45.14:088][  0]LogConfig: Setting CVar [[r.DOF.Recombine.Quality:1                ; cheap slight out of focus]]
[2022.11.02-17.45.14:088][  0]LogConfig: Setting CVar [[r.DOF.Recombine.EnableBokehSettings:0    ; no bokeh simulation on slight out of focus]]
[2022.11.02-17.45.14:088][  0]LogConfig: Setting CVar [[r.DOF.TemporalAAQuality:1                ; more stable temporal accumulation]]
[2022.11.02-17.45.14:088][  0]LogConfig: Setting CVar [[r.DOF.Kernel.MaxForegroundRadius:0.025]]
[2022.11.02-17.45.14:088][  0]LogConfig: Setting CVar [[r.DOF.Kernel.MaxBackgroundRadius:0.025]]
[2022.11.02-17.45.14:088][  0]LogConfig: Applying CVar settings from Section [TextureQuality@3] File [C:/Users/gosorio/Documents/Unreal Projects/midterm/Saved/Config/Windows/Scalability.ini]
[2022.11.02-17.45.14:088][  0]LogConfig: Setting CVar [[r.Streaming.MipBias:0]]
[2022.11.02-17.45.14:088][  0]LogConfig: Setting CVar [[r.Streaming.AmortizeCPUToGPUCopy:0]]
[2022.11.02-17.45.14:088][  0]LogConfig: Setting CVar [[r.Streaming.MaxNumTexturesToStreamPerFrame:0]]
[2022.11.02-17.45.14:088][  0]LogConfig: Setting CVar [[r.Streaming.Boost:1]]
[2022.11.02-17.45.14:088][  0]LogConfig: Setting CVar [[r.MaxAnisotropy:8]]
[2022.11.02-17.45.14:088][  0]LogConfig: Setting CVar [[r.VT.MaxAnisotropy:8]]
[2022.11.02-17.45.14:088][  0]LogConfig: Setting CVar [[r.Streaming.LimitPoolSizeToVRAM:0]]
[2022.11.02-17.45.14:088][  0]LogConfig: Setting CVar [[r.Streaming.PoolSize:1000]]
[2022.11.02-17.45.14:088][  0]LogConfig: Setting CVar [[r.Streaming.MaxEffectiveScreenSize:0]]
[2022.11.02-17.45.14:088][  0]LogConfig: Applying CVar settings from Section [EffectsQuality@3] File [C:/Users/gosorio/Documents/Unreal Projects/midterm/Saved/Config/Windows/Scalability.ini]
[2022.11.02-17.45.14:088][  0]LogConfig: Setting CVar [[r.TranslucencyLightingVolumeDim:64]]
[2022.11.02-17.45.14:088][  0]LogConfig: Setting CVar [[r.RefractionQuality:2]]
[2022.11.02-17.45.14:088][  0]LogConfig: Setting CVar [[r.SSR.Quality:3]]
[2022.11.02-17.45.14:088][  0]LogConfig: Setting CVar [[r.SSR.HalfResSceneColor:0]]
[2022.11.02-17.45.14:088][  0]LogConfig: Setting CVar [[r.SceneColorFormat:4]]
[2022.11.02-17.45.14:088][  0]LogConfig: Setting CVar [[r.DetailMode:2]]
[2022.11.02-17.45.14:088][  0]LogConfig: Setting CVar [[r.TranslucencyVolumeBlur:1]]
[2022.11.02-17.45.14:088][  0]LogConfig: Setting CVar [[r.MaterialQualityLevel:1 ; High quality]]
[2022.11.02-17.45.14:089][  0]LogConfig: Setting CVar [[r.AnisotropicMaterials:1]]
[2022.11.02-17.45.14:089][  0]LogConfig: Setting CVar [[r.SSS.Scale:1]]
[2022.11.02-17.45.14:089][  0]LogConfig: Setting CVar [[r.SSS.SampleSet:2]]
[2022.11.02-17.45.14:089][  0]LogConfig: Setting CVar [[r.SSS.Quality:1]]
[2022.11.02-17.45.14:089][  0]LogConfig: Setting CVar [[r.SSS.HalfRes:0]]
[2022.11.02-17.45.14:089][  0]LogConfig: Setting CVar [[r.SSGI.Quality:3]]
[2022.11.02-17.45.14:089][  0]LogConfig: Setting CVar [[r.EmitterSpawnRateScale:1.0]]
[2022.11.02-17.45.14:089][  0]LogConfig: Setting CVar [[r.ParticleLightQuality:2]]
[2022.11.02-17.45.14:089][  0]LogConfig: Setting CVar [[r.SkyAtmosphere.AerialPerspectiveLUT.FastApplyOnOpaque:1 ; Always have FastSkyLUT 1 in this case to avoid wrong sky]]
[2022.11.02-17.45.14:089][  0]LogConfig: Setting CVar [[r.SkyAtmosphere.AerialPerspectiveLUT.SampleCountMaxPerSlice:4]]
[2022.11.02-17.45.14:089][  0]LogConfig: Setting CVar [[r.SkyAtmosphere.AerialPerspectiveLUT.DepthResolution:16.0]]
[2022.11.02-17.45.14:089][  0]LogConfig: Setting CVar [[r.SkyAtmosphere.FastSkyLUT:1]]
[2022.11.02-17.45.14:089][  0]LogConfig: Setting CVar [[r.SkyAtmosphere.FastSkyLUT.SampleCountMin:4.0]]
[2022.11.02-17.45.14:089][  0]LogConfig: Setting CVar [[r.SkyAtmosphere.FastSkyLUT.SampleCountMax:128.0]]
[2022.11.02-17.45.14:089][  0]LogConfig: Setting CVar [[r.SkyAtmosphere.SampleCountMin:4.0]]
[2022.11.02-17.45.14:089][  0]LogConfig: Setting CVar [[r.SkyAtmosphere.SampleCountMax:128.0]]
[2022.11.02-17.45.14:089][  0]LogConfig: Setting CVar [[r.SkyAtmosphere.TransmittanceLUT.UseSmallFormat:0]]
[2022.11.02-17.45.14:089][  0]LogConfig: Setting CVar [[r.SkyAtmosphere.TransmittanceLUT.SampleCount:10.0]]
[2022.11.02-17.45.14:089][  0]LogConfig: Setting CVar [[r.SkyAtmosphere.MultiScatteringLUT.SampleCount:15.0]]
[2022.11.02-17.45.14:089][  0]LogConfig: Setting CVar [[r.SkyLight.RealTimeReflectionCapture:1]]
[2022.11.02-17.45.14:089][  0]LogConfig: Applying CVar settings from Section [FoliageQuality@3] File [C:/Users/gosorio/Documents/Unreal Projects/midterm/Saved/Config/Windows/Scalability.ini]
[2022.11.02-17.45.14:089][  0]LogConfig: Setting CVar [[foliage.DensityScale:1.0]]
[2022.11.02-17.45.14:089][  0]LogConfig: Setting CVar [[grass.DensityScale:1.0]]
[2022.11.02-17.45.14:089][  0]LogConfig: Applying CVar settings from Section [ShadingQuality@3] File [C:/Users/gosorio/Documents/Unreal Projects/midterm/Saved/Config/Windows/Scalability.ini]
[2022.11.02-17.45.14:089][  0]LogConfig: Setting CVar [[r.HairStrands.SkyLighting.IntegrationType:2]]
[2022.11.02-17.45.14:089][  0]LogConfig: Setting CVar [[r.HairStrands.SkyAO.SampleCount:4]]
[2022.11.02-17.45.14:089][  0]LogConfig: Setting CVar [[r.HairStrands.Visibility.MSAA.SamplePerPixel:4]]
[2022.11.02-17.45.14:089][  0]LogInit: Selected Device Profile: [Windows]
[2022.11.02-17.45.14:089][  0]LogInit: Applying CVar settings loaded from the selected device profile: [Windows]
[2022.11.02-17.45.14:089][  0]LogHAL: Display: Platform has ~ 16 GB [17018806272 / 17179869184 / 16], which maps to Larger [LargestMinGB=32, LargerMinGB=12, DefaultMinGB=8, SmallerMinGB=6, SmallestMinGB=0)
[2022.11.02-17.45.14:089][  0]LogInit: Going up to parent DeviceProfile []
[2022.11.02-17.45.14:089][  0]LogConfig: Applying CVar settings from Section [ViewDistanceQuality@3] File [C:/Users/gosorio/Documents/Unreal Projects/midterm/Saved/Config/Windows/Scalability.ini]
[2022.11.02-17.45.14:089][  0]LogConfig: Setting CVar [[r.SkeletalMeshLODBias:0]]
[2022.11.02-17.45.14:089][  0]LogConfig: Setting CVar [[r.ViewDistanceScale:1.0]]
[2022.11.02-17.45.14:089][  0]LogConfig: Applying CVar settings from Section [AntiAliasingQuality@3] File [C:/Users/gosorio/Documents/Unreal Projects/midterm/Saved/Config/Windows/Scalability.ini]
[2022.11.02-17.45.14:089][  0]LogConfig: Setting CVar [[r.PostProcessAAQuality:4]]
[2022.11.02-17.45.14:089][  0]LogConfig: Applying CVar settings from Section [ShadowQuality@3] File [C:/Users/gosorio/Documents/Unreal Projects/midterm/Saved/Config/Windows/Scalability.ini]
[2022.11.02-17.45.14:090][  0]LogConfig: Setting CVar [[r.LightFunctionQuality:1]]
[2022.11.02-17.45.14:090][  0]LogConfig: Setting CVar [[r.ShadowQuality:5]]
[2022.11.02-17.45.14:090][  0]LogConfig: Setting CVar [[r.Shadow.CSM.MaxCascades:10]]
[2022.11.02-17.45.14:090][  0]LogConfig: Setting CVar [[r.Shadow.MaxResolution:2048]]
[2022.11.02-17.45.14:090][  0]LogConfig: Setting CVar [[r.Shadow.MaxCSMResolution:2048]]
[2022.11.02-17.45.14:090][  0]LogConfig: Setting CVar [[r.Shadow.RadiusThreshold:0.01]]
[2022.11.02-17.45.14:090][  0]LogConfig: Setting CVar [[r.Shadow.DistanceScale:1.0]]
[2022.11.02-17.45.14:090][  0]LogConfig: Setting CVar [[r.Shadow.CSM.TransitionScale:1.0]]
[2022.11.02-17.45.14:090][  0]LogConfig: Setting CVar [[r.Shadow.PreShadowResolutionFactor:1.0]]
[2022.11.02-17.45.14:090][  0]LogConfig: Setting CVar [[r.DistanceFieldShadowing:1]]
[2022.11.02-17.45.14:090][  0]LogConfig: Setting CVar [[r.DistanceFieldAO:1]]
[2022.11.02-17.45.14:090][  0]LogConfig: Setting CVar [[r.AOQuality:2]]
[2022.11.02-17.45.14:090][  0]LogConfig: Setting CVar [[r.VolumetricFog:1]]
[2022.11.02-17.45.14:090][  0]LogConfig: Setting CVar [[r.VolumetricFog.GridPixelSize:8]]
[2022.11.02-17.45.14:090][  0]LogConfig: Setting CVar [[r.VolumetricFog.GridSizeZ:128]]
[2022.11.02-17.45.14:090][  0]LogConfig: Setting CVar [[r.VolumetricFog.HistoryMissSupersampleCount:4]]
[2022.11.02-17.45.14:090][  0]LogConfig: Setting CVar [[r.LightMaxDrawDistanceScale:1]]
[2022.11.02-17.45.14:090][  0]LogConfig: Setting CVar [[r.CapsuleShadows:1]]
[2022.11.02-17.45.14:090][  0]LogConfig: Applying CVar settings from Section [PostProcessQuality@3] File [C:/Users/gosorio/Documents/Unreal Projects/midterm/Saved/Config/Windows/Scalability.ini]
[2022.11.02-17.45.14:090][  0]LogConfig: Setting CVar [[r.MotionBlurQuality:4]]
[2022.11.02-17.45.14:090][  0]LogConfig: Setting CVar [[r.AmbientOcclusionMipLevelFactor:0.4]]
[2022.11.02-17.45.14:090][  0]LogConfig: Setting CVar [[r.AmbientOcclusionMaxQuality:100]]
[2022.11.02-17.45.14:090][  0]LogConfig: Setting CVar [[r.AmbientOcclusionLevels:-1]]
[2022.11.02-17.45.14:090][  0]LogConfig: Setting CVar [[r.AmbientOcclusionRadiusScale:1.0]]
[2022.11.02-17.45.14:090][  0]LogConfig: Setting CVar [[r.DepthOfFieldQuality:2]]
[2022.11.02-17.45.14:090][  0]LogConfig: Setting CVar [[r.RenderTargetPoolMin:400]]
[2022.11.02-17.45.14:090][  0]LogConfig: Setting CVar [[r.LensFlareQuality:2]]
[2022.11.02-17.45.14:090][  0]LogConfig: Setting CVar [[r.SceneColorFringeQuality:1]]
[2022.11.02-17.45.14:090][  0]LogConfig: Setting CVar [[r.EyeAdaptationQuality:2]]
[2022.11.02-17.45.14:090][  0]LogConfig: Setting CVar [[r.BloomQuality:5]]
[2022.11.02-17.45.14:090][  0]LogConfig: Setting CVar [[r.FastBlurThreshold:100]]
[2022.11.02-17.45.14:090][  0]LogConfig: Setting CVar [[r.Upscale.Quality:3]]
[2022.11.02-17.45.14:090][  0]LogConfig: Setting CVar [[r.Tonemapper.GrainQuantization:1]]
[2022.11.02-17.45.14:090][  0]LogConfig: Setting CVar [[r.LightShaftQuality:1]]
[2022.11.02-17.45.14:090][  0]LogConfig: Setting CVar [[r.Filter.SizeScale:1]]
[2022.11.02-17.45.14:090][  0]LogConfig: Setting CVar [[r.Tonemapper.Quality:5]]
[2022.11.02-17.45.14:090][  0]LogConfig: Setting CVar [[r.DOF.Gather.AccumulatorQuality:1        ; higher gathering accumulator quality]]
[2022.11.02-17.45.14:090][  0]LogConfig: Setting CVar [[r.DOF.Gather.PostfilterMethod:1          ; Median3x3 postfilering method]]
[2022.11.02-17.45.14:090][  0]LogConfig: Setting CVar [[r.DOF.Gather.EnableBokehSettings:0       ; no bokeh simulation when gathering]]
[2022.11.02-17.45.14:090][  0]LogConfig: Setting CVar [[r.DOF.Gather.RingCount:4                 ; medium number of samples when gathering]]
[2022.11.02-17.45.14:090][  0]LogConfig: Setting CVar [[r.DOF.Scatter.ForegroundCompositing:1    ; additive foreground scattering]]
[2022.11.02-17.45.14:090][  0]LogConfig: Setting CVar [[r.DOF.Scatter.BackgroundCompositing:2    ; additive background scattering]]
[2022.11.02-17.45.14:090][  0]LogConfig: Setting CVar [[r.DOF.Scatter.EnableBokehSettings:1      ; bokeh simulation when scattering]]
[2022.11.02-17.45.14:090][  0]LogConfig: Setting CVar [[r.DOF.Scatter.MaxSpriteRatio:0.1         ; only a maximum of 10% of scattered bokeh]]
[2022.11.02-17.45.14:090][  0]LogConfig: Setting CVar [[r.DOF.Recombine.Quality:1                ; cheap slight out of focus]]
[2022.11.02-17.45.14:091][  0]LogConfig: Setting CVar [[r.DOF.Recombine.EnableBokehSettings:0    ; no bokeh simulation on slight out of focus]]
[2022.11.02-17.45.14:091][  0]LogConfig: Setting CVar [[r.DOF.TemporalAAQuality:1                ; more stable temporal accumulation]]
[2022.11.02-17.45.14:091][  0]LogConfig: Setting CVar [[r.DOF.Kernel.MaxForegroundRadius:0.025]]
[2022.11.02-17.45.14:091][  0]LogConfig: Setting CVar [[r.DOF.Kernel.MaxBackgroundRadius:0.025]]
[2022.11.02-17.45.14:091][  0]LogConfig: Applying CVar settings from Section [TextureQuality@3] File [C:/Users/gosorio/Documents/Unreal Projects/midterm/Saved/Config/Windows/Scalability.ini]
[2022.11.02-17.45.14:091][  0]LogConfig: Setting CVar [[r.Streaming.MipBias:0]]
[2022.11.02-17.45.14:091][  0]LogConfig: Setting CVar [[r.Streaming.AmortizeCPUToGPUCopy:0]]
[2022.11.02-17.45.14:091][  0]LogConfig: Setting CVar [[r.Streaming.MaxNumTexturesToStreamPerFrame:0]]
[2022.11.02-17.45.14:091][  0]LogConfig: Setting CVar [[r.Streaming.Boost:1]]
[2022.11.02-17.45.14:091][  0]LogConfig: Setting CVar [[r.MaxAnisotropy:8]]
[2022.11.02-17.45.14:091][  0]LogConfig: Setting CVar [[r.VT.MaxAnisotropy:8]]
[2022.11.02-17.45.14:091][  0]LogConfig: Setting CVar [[r.Streaming.LimitPoolSizeToVRAM:0]]
[2022.11.02-17.45.14:091][  0]LogConfig: Setting CVar [[r.Streaming.PoolSize:1000]]
[2022.11.02-17.45.14:091][  0]LogConfig: Setting CVar [[r.Streaming.MaxEffectiveScreenSize:0]]
[2022.11.02-17.45.14:091][  0]LogConfig: Applying CVar settings from Section [EffectsQuality@3] File [C:/Users/gosorio/Documents/Unreal Projects/midterm/Saved/Config/Windows/Scalability.ini]
[2022.11.02-17.45.14:091][  0]LogConfig: Setting CVar [[r.TranslucencyLightingVolumeDim:64]]
[2022.11.02-17.45.14:091][  0]LogConfig: Setting CVar [[r.RefractionQuality:2]]
[2022.11.02-17.45.14:091][  0]LogConfig: Setting CVar [[r.SSR.Quality:3]]
[2022.11.02-17.45.14:091][  0]LogConfig: Setting CVar [[r.SSR.HalfResSceneColor:0]]
[2022.11.02-17.45.14:091][  0]LogConfig: Setting CVar [[r.SceneColorFormat:4]]
[2022.11.02-17.45.14:091][  0]LogConfig: Setting CVar [[r.DetailMode:2]]
[2022.11.02-17.45.14:091][  0]LogConfig: Setting CVar [[r.TranslucencyVolumeBlur:1]]
[2022.11.02-17.45.14:091][  0]LogConfig: Setting CVar [[r.MaterialQualityLevel:1 ; High quality]]
[2022.11.02-17.45.14:091][  0]LogConfig: Setting CVar [[r.AnisotropicMaterials:1]]
[2022.11.02-17.45.14:091][  0]LogConfig: Setting CVar [[r.SSS.Scale:1]]
[2022.11.02-17.45.14:091][  0]LogConfig: Setting CVar [[r.SSS.SampleSet:2]]
[2022.11.02-17.45.14:091][  0]LogConfig: Setting CVar [[r.SSS.Quality:1]]
[2022.11.02-17.45.14:091][  0]LogConfig: Setting CVar [[r.SSS.HalfRes:0]]
[2022.11.02-17.45.14:091][  0]LogConfig: Setting CVar [[r.SSGI.Quality:3]]
[2022.11.02-17.45.14:091][  0]LogConfig: Setting CVar [[r.EmitterSpawnRateScale:1.0]]
[2022.11.02-17.45.14:091][  0]LogConfig: Setting CVar [[r.ParticleLightQuality:2]]
[2022.11.02-17.45.14:091][  0]LogConfig: Setting CVar [[r.SkyAtmosphere.AerialPerspectiveLUT.FastApplyOnOpaque:1 ; Always have FastSkyLUT 1 in this case to avoid wrong sky]]
[2022.11.02-17.45.14:091][  0]LogConfig: Setting CVar [[r.SkyAtmosphere.AerialPerspectiveLUT.SampleCountMaxPerSlice:4]]
[2022.11.02-17.45.14:091][  0]LogConfig: Setting CVar [[r.SkyAtmosphere.AerialPerspectiveLUT.DepthResolution:16.0]]
[2022.11.02-17.45.14:091][  0]LogConfig: Setting CVar [[r.SkyAtmosphere.FastSkyLUT:1]]
[2022.11.02-17.45.14:091][  0]LogConfig: Setting CVar [[r.SkyAtmosphere.FastSkyLUT.SampleCountMin:4.0]]
[2022.11.02-17.45.14:091][  0]LogConfig: Setting CVar [[r.SkyAtmosphere.FastSkyLUT.SampleCountMax:128.0]]
[2022.11.02-17.45.14:091][  0]LogConfig: Setting CVar [[r.SkyAtmosphere.SampleCountMin:4.0]]
[2022.11.02-17.45.14:091][  0]LogConfig: Setting CVar [[r.SkyAtmosphere.SampleCountMax:128.0]]
[2022.11.02-17.45.14:091][  0]LogConfig: Setting CVar [[r.SkyAtmosphere.TransmittanceLUT.UseSmallFormat:0]]
[2022.11.02-17.45.14:091][  0]LogConfig: Setting CVar [[r.SkyAtmosphere.TransmittanceLUT.SampleCount:10.0]]
[2022.11.02-17.45.14:091][  0]LogConfig: Setting CVar [[r.SkyAtmosphere.MultiScatteringLUT.SampleCount:15.0]]
[2022.11.02-17.45.14:091][  0]LogConfig: Setting CVar [[r.SkyLight.RealTimeReflectionCapture:1]]
[2022.11.02-17.45.14:092][  0]LogConfig: Applying CVar settings from Section [FoliageQuality@3] File [C:/Users/gosorio/Documents/Unreal Projects/midterm/Saved/Config/Windows/Scalability.ini]
[2022.11.02-17.45.14:092][  0]LogConfig: Setting CVar [[foliage.DensityScale:1.0]]
[2022.11.02-17.45.14:092][  0]LogConfig: Setting CVar [[grass.DensityScale:1.0]]
[2022.11.02-17.45.14:092][  0]LogConfig: Applying CVar settings from Section [ShadingQuality@3] File [C:/Users/gosorio/Documents/Unreal Projects/midterm/Saved/Config/Windows/Scalability.ini]
[2022.11.02-17.45.14:092][  0]LogConfig: Setting CVar [[r.HairStrands.SkyLighting.IntegrationType:2]]
[2022.11.02-17.45.14:092][  0]LogConfig: Setting CVar [[r.HairStrands.SkyAO.SampleCount:4]]
[2022.11.02-17.45.14:092][  0]LogConfig: Setting CVar [[r.HairStrands.Visibility.MSAA.SamplePerPixel:4]]
[2022.11.02-17.45.14:092][  0]LogConfig: Applying CVar settings from Section [Startup] File [../../../Engine/Config/ConsoleVariables.ini]
[2022.11.02-17.45.14:092][  0]LogConfig: Setting CVar [[net.UseAdaptiveNetUpdateFrequency:0]]
[2022.11.02-17.45.14:092][  0]LogConfig: Setting CVar [[p.chaos.AllowCreatePhysxBodies:1]]
[2022.11.02-17.45.14:092][  0]LogConfig: Setting CVar [[fx.SkipVectorVMBackendOptimizations:1]]
[2022.11.02-17.45.14:092][  0]LogConfig: Applying CVar settings from Section [ConsoleVariables] File [C:/Users/gosorio/Documents/Unreal Projects/midterm/Saved/Config/Windows/Engine.ini]
[2022.11.02-17.45.14:092][  0]LogConfig: Applying CVar settings from Section [ConsoleVariables] File [C:/Users/gosorio/Documents/Unreal Projects/midterm/Saved/Config/Windows/Editor.ini]
[2022.11.02-17.45.14:093][  0]LogInit: Computer: 5CD911CWQ8
[2022.11.02-17.45.14:093][  0]LogInit: User: gosorio
[2022.11.02-17.45.14:093][  0]LogInit: CPU Page size=4096, Cores=6
[2022.11.02-17.45.14:093][  0]LogInit: High frequency timer resolution =10.000000 MHz
[2022.11.02-17.45.14:093][  0]LogMemory: Memory total: Physical=15.8GB (16GB approx)
[2022.11.02-17.45.14:093][  0]LogMemory: Platform Memory Stats for Windows
[2022.11.02-17.45.14:093][  0]LogMemory: Process Physical Memory: 144.96 MB used, 144.96 MB peak
[2022.11.02-17.45.14:093][  0]LogMemory: Process Virtual Memory: 122.34 MB used, 122.34 MB peak
[2022.11.02-17.45.14:093][  0]LogMemory: Physical Memory: 8296.28 MB used,  7934.12 MB free, 16230.40 MB total
[2022.11.02-17.45.14:093][  0]LogMemory: Virtual Memory: 134214648.00 MB used,  3080.27 MB free, 134217728.00 MB total
[2022.11.02-17.45.14:106][  0]LogWindows: WindowsPlatformFeatures enabled
[2022.11.02-17.45.14:184][  0]LogInit: Physics initialised using underlying interface: PhysX
[2022.11.02-17.45.14:184][  0]LogInit: Using OS detected language (en-US).
[2022.11.02-17.45.14:184][  0]LogInit: Using OS detected locale (en-US).
[2022.11.02-17.45.14:191][  0]LogTextLocalizationManager: No specific localization for 'en-US' exists, so the 'en' localization will be used.
[2022.11.02-17.45.14:543][  0]LogWindowsTextInputMethodSystem: Display: IME system deactivated.
[2022.11.02-17.45.14:581][  0]LogSlate: New Slate User Created.  User Index 0, Is Virtual User: 0
[2022.11.02-17.45.14:582][  0]LogSlate: Slate User Registered.  User Index 0, Is Virtual User: 0
[2022.11.02-17.45.14:608][  0]LogD3D11RHI: Loaded GFSDK_Aftermath_Lib.x64.dll
[2022.11.02-17.45.14:617][  0]LogHMD: Failed to initialize OpenVR with code 110
[2022.11.02-17.45.14:617][  0]LogD3D11RHI: D3D11 min allowed feature level: 11_0
[2022.11.02-17.45.14:617][  0]LogD3D11RHI: D3D11 max allowed feature level: 11_0
[2022.11.02-17.45.14:617][  0]LogD3D11RHI: D3D11 adapters:
[2022.11.02-17.45.14:773][  0]LogD3D11RHI:    0. 'NVIDIA Quadro P2000' (Feature Level 11_0)
[2022.11.02-17.45.14:773][  0]LogD3D11RHI:       4019/0/8115 MB DedicatedVideo/DedicatedSystem/SharedSystem, Outputs:1, VendorId:0x10de
[2022.11.02-17.45.14:779][  0]LogD3D11RHI:    1. 'Microsoft Basic Render Driver' (Feature Level 11_0)
[2022.11.02-17.45.14:779][  0]LogD3D11RHI:       0/0/8115 MB DedicatedVideo/DedicatedSystem/SharedSystem, Outputs:0, VendorId:0x1414
[2022.11.02-17.45.14:779][  0]LogD3D11RHI: Chosen D3D11 Adapter:
[2022.11.02-17.45.14:779][  0]LogD3D11RHI:     Description : NVIDIA Quadro P2000
[2022.11.02-17.45.14:779][  0]LogD3D11RHI:     VendorId    : 10de
[2022.11.02-17.45.14:779][  0]LogD3D11RHI:     DeviceId    : 1cba
[2022.11.02-17.45.14:779][  0]LogD3D11RHI:     SubSysId    : 8451103c
[2022.11.02-17.45.14:779][  0]LogD3D11RHI:     Revision    : 00a1
[2022.11.02-17.45.14:779][  0]LogD3D11RHI:     DedicatedVideoMemory : 4214226944 bytes
[2022.11.02-17.45.14:779][  0]LogD3D11RHI:     DedicatedSystemMemory : 0 bytes
[2022.11.02-17.45.14:779][  0]LogD3D11RHI:     SharedSystemMemory : 8509403136 bytes
[2022.11.02-17.45.14:779][  0]LogD3D11RHI:     AdapterLuid : 0 186481
[2022.11.02-17.45.14:792][  0]LogD3D11RHI: Creating new Direct3DDevice
[2022.11.02-17.45.14:793][  0]LogD3D11RHI:     GPU DeviceId: 0x1cba (for the marketing name, search the web for "GPU Device Id")
[2022.11.02-17.45.14:793][  0]LogWindows: EnumDisplayDevices:
[2022.11.02-17.45.14:793][  0]LogWindows:    0. 'NVIDIA Quadro P2000' (P:1 D:1)
[2022.11.02-17.45.14:794][  0]LogWindows:    1. 'NVIDIA Quadro P2000' (P:0 D:0)
[2022.11.02-17.45.14:795][  0]LogWindows:    2. 'NVIDIA Quadro P2000' (P:0 D:0)
[2022.11.02-17.45.14:796][  0]LogWindows:    3. 'NVIDIA Quadro P2000' (P:0 D:0)
[2022.11.02-17.45.14:796][  0]LogWindows: DebugString: FoundDriverCount:4 
[2022.11.02-17.45.14:796][  0]LogD3D11RHI:     Adapter Name: NVIDIA Quadro P2000
[2022.11.02-17.45.14:796][  0]LogD3D11RHI:   Driver Version: 473.34 (internal:30.0.14.7334, unified:473.34)
[2022.11.02-17.45.14:796][  0]LogD3D11RHI:      Driver Date: 4-4-2022
[2022.11.02-17.45.14:796][  0]LogRHI: Texture pool is 2813 MB (70% of 4019 MB)
[2022.11.02-17.45.14:796][  0]LogD3D11RHI: Creating D3DDevice using adapter:
[2022.11.02-17.45.14:797][  0]LogD3D11RHI:     Description : NVIDIA Quadro P2000
[2022.11.02-17.45.14:797][  0]LogD3D11RHI:     VendorId    : 10de
[2022.11.02-17.45.14:797][  0]LogD3D11RHI:     DeviceId    : 1cba
[2022.11.02-17.45.14:797][  0]LogD3D11RHI:     SubSysId    : 8451103c
[2022.11.02-17.45.14:797][  0]LogD3D11RHI:     Revision    : 00a1
[2022.11.02-17.45.14:797][  0]LogD3D11RHI:     DedicatedVideoMemory : 4214226944 bytes
[2022.11.02-17.45.14:797][  0]LogD3D11RHI:     DedicatedSystemMemory : 0 bytes
[2022.11.02-17.45.14:797][  0]LogD3D11RHI:     SharedSystemMemory : 8509403136 bytes
[2022.11.02-17.45.14:797][  0]LogD3D11RHI:     AdapterLuid : 0 186481
[2022.11.02-17.45.14:900][  0]LogD3D11RHI: RHI has support for 64 bit atomics
[2022.11.02-17.45.14:900][  0]LogD3D11RHI: Async texture creation enabled
[2022.11.02-17.45.14:900][  0]LogD3D11RHI: Array index from any shader is supported
[2022.11.02-17.45.14:923][  0]LogD3D11RHI: GPU Timing Frequency: 1000.000000 (Debug: 2 1)
[2022.11.02-17.45.15:039][  0]LogRHI: GeForceNow SDK initialized: 1
[2022.11.02-17.45.15:805][  0]LogTargetPlatformManager: Display: Loaded TargetPlatform 'WindowsNoEditor'
[2022.11.02-17.45.15:817][  0]LogTargetPlatformManager: Display: Loaded TargetPlatform 'Windows'
[2022.11.02-17.45.15:828][  0]LogTargetPlatformManager: Display: Loaded TargetPlatform 'WindowsClient'
[2022.11.02-17.45.15:842][  0]LogTargetPlatformManager: Display: Loaded TargetPlatform 'WindowsServer'
[2022.11.02-17.45.15:842][  0]LogTargetPlatformManager: Display: Building Assets For Windows
[2022.11.02-17.45.15:869][  0]LogAudioDebug: Display: Lib vorbis DLL was dynamically loaded.
[2022.11.02-17.45.15:958][  0]LogTextureFormatOodle: Display: Oodle Texture 2.9.0 init RDO Off
[2022.11.02-17.45.16:043][  0]LogRendererCore: Ray tracing is disabled. Reason: r.RayTracing=0.
[2022.11.02-17.45.16:043][  0]LogShaderCompilers: Guid format shader working directory is -18 characters bigger than the processId version (../../../../../../Users/gosorio/Documents/Unreal Projects/midterm/Intermediate/Shaders/WorkingDirectory/28468/).
[2022.11.02-17.45.16:043][  0]LogShaderCompilers: Cleaned the shader compiler working directory 'C:/Users/gosorio/AppData/Local/Temp/UnrealShaderWorkingDir/D883551B48EFCCF9759DC9B0C7A53FCA/'.
[2022.11.02-17.45.16:043][  0]LogXGEController: Cannot use XGE Controller as Incredibuild is not installed on this machine.
[2022.11.02-17.45.16:043][  0]LogShaderCompilers: Cannot use XGE Shader Compiler as Incredibuild is not installed on this machine.
[2022.11.02-17.45.16:043][  0]LogShaderCompilers: Display: Using Local Shader Compiler.
[2022.11.02-17.45.17:444][  0]LogDerivedDataCache: Display: Max Cache Size: 512 MB
[2022.11.02-17.45.17:536][  0]LogDerivedDataCache: Loaded boot cache 0.09s 94MB C:/Users/gosorio/AppData/Local/UnrealEngine/4.27/DerivedDataCache/Boot.ddc.
[2022.11.02-17.45.17:537][  0]LogDerivedDataCache: Display: Loaded Boot cache: C:/Users/gosorio/AppData/Local/UnrealEngine/4.27/DerivedDataCache/Boot.ddc
[2022.11.02-17.45.17:537][  0]LogDerivedDataCache: FDerivedDataBackendGraph:  Pak pak cache file ../../../../../../Users/gosorio/Documents/Unreal Projects/midterm/DerivedDataCache/DDC.ddp not found, will not use a pak cache.
[2022.11.02-17.45.17:537][  0]LogDerivedDataCache: Unable to find inner node Pak for hierarchical cache Hierarchy.
[2022.11.02-17.45.17:537][  0]LogDerivedDataCache: FDerivedDataBackendGraph:  CompressedPak pak cache file ../../../../../../Users/gosorio/Documents/Unreal Projects/midterm/DerivedDataCache/Compressed.ddp not found, will not use a pak cache.
[2022.11.02-17.45.17:537][  0]LogDerivedDataCache: Unable to find inner node CompressedPak for hierarchical cache Hierarchy.
[2022.11.02-17.45.17:564][  0]LogDerivedDataCache: Display: Pak cache opened for reading ../../../Engine/DerivedDataCache/Compressed.ddp.
[2022.11.02-17.45.17:564][  0]LogDerivedDataCache: FDerivedDataBackendGraph:  EnterprisePak pak cache file ../../../Enterprise/DerivedDataCache/Compressed.ddp not found, will not use a pak cache.
[2022.11.02-17.45.17:564][  0]LogDerivedDataCache: Unable to find inner node EnterprisePak for hierarchical cache Hierarchy.
[2022.11.02-17.45.17:584][  0]LogDerivedDataCache: Speed tests for C:/Users/gosorio/AppData/Local/UnrealEngine/Common/DerivedDataCache took 0.02 seconds
[2022.11.02-17.45.17:584][  0]LogDerivedDataCache: Display: Performance to C:/Users/gosorio/AppData/Local/UnrealEngine/Common/DerivedDataCache: Latency=0.05ms. RandomReadSpeed=405.62MBs, RandomWriteSpeed=54.01MBs. Assigned SpeedClass 'Local'
[2022.11.02-17.45.17:585][  0]LogDerivedDataCache: Using Local data cache path C:/Users/gosorio/AppData/Local/UnrealEngine/Common/DerivedDataCache: Writable
[2022.11.02-17.45.17:586][  0]LogDerivedDataCache: Shared data cache path not found in *engine.ini, will not use an Shared cache.
[2022.11.02-17.45.17:586][  0]LogDerivedDataCache: Unable to find inner node Shared for hierarchical cache Hierarchy.
[2022.11.02-17.45.17:645][  0]LogSlate: Using FreeType 2.10.0
[2022.11.02-17.45.17:646][  0]LogSlate: SlateFontServices - WITH_FREETYPE: 1, WITH_HARFBUZZ: 1
[2022.11.02-17.45.17:805][  0]LogInit: Using OS detected language (en-US).
[2022.11.02-17.45.17:805][  0]LogInit: Using OS detected locale (en-US).
[2022.11.02-17.45.17:805][  0]LogTextLocalizationManager: No localization for 'en-US' exists, so 'en' will be used for the language.
[2022.11.02-17.45.17:805][  0]LogTextLocalizationManager: No localization for 'en-US' exists, so 'en' will be used for the locale.
[2022.11.02-17.45.17:805][  0]LogSlate: FontCache flush requested. Reason: Culture for localization was changed
[2022.11.02-17.45.17:805][  0]LogSlate: FontCache flush requested. Reason: Culture for localization was changed
[2022.11.02-17.45.17:810][  0]LogTextLocalizationManager: Compacting localization data took   0.01ms
[2022.11.02-17.45.17:810][  0]LogAssetRegistry: FAssetRegistry took 0.0029 seconds to start up
[2022.11.02-17.45.18:063][  0]LogPackageLocalizationCache: Processed 27 localized package path(s) for 1 prioritized culture(s) in 0.001473 seconds
[2022.11.02-17.45.18:192][  0]LogInit: Selected Device Profile: [Windows]
[2022.11.02-17.45.18:192][  0]LogInit: Active device profile: [000001FC5EB4B500][000001FC57A54A40 49] Windows
[2022.11.02-17.45.18:192][  0]LogInit: Profiles: [000001FC5EB4B500][000001FC57A54A40 49] Windows, [000001FC5EB04C00][000001FC57F14BC0 49] WindowsNoEditor, [000001FC5EB48C00][000001FC57F18D40 49] WindowsServer, [000001FC5EB06A00][000001FC57F1CEC0 49] WindowsClient, [000001FC5EB4A900][000001FC57D1D040 49] IOS, [000001FC5EB07000][000001FC57D211C0 49] iPadAir, [000001FC5EB49500][000001FC57D25340 49] iPadAir2, [000001FC5EAAEC00][000001FC57D2D600 49] IPadPro, [000001FC5EAAED00][000001FC57D29640 49] iPadAir3, [000001FC5EB49000][000001FC57F11780 49] iPadAir4, [000001FC5EAAF600][000001FC57D318C0 49] iPadMini2, [000001FC5EB4B800][000001FC57D35A00 49] iPadMini3, [000001FC5EAAC600][000001FC57C83B40 49] iPadMini4, [000001FC5EB48B00][000001FC57C8A140 49] iPadMini5, [000001FC5EAF6500][000001FC57C92400 49] iPhone6, [000001FC5EAF6600][000001FC57C8E440 49] iPodTouch6, [000001FC5EAAD400][000001FC57C9A700 49] iPhone7, [000001FC5EAAD700][000001FC57C96740 49] iPodTouch7, [000001FC5EAF5000][000001FC57C9E8C0 49] iPhone5S, [000001FC5EAAE200][000001FC57CA2A40 49] iPhone6Plus, [000001FC5EAF4600][000001FC57CA6BC0 49] iPhone6S, [000001FC5EAAE800][000001FC57CAAD40 49] iPhone6SPlus, [000001FC5EAF5400][000001FC57CAEEC0 49] iPhone7Plus, [000001FC5EAACB00][000001FC57CB3040 49] iPhoneSE, [000001FC5EAF6200][000001FC57CB71C0 49] iPhone8, [000001FC5EAAE700][000001FC57CBB340 49] iPhone8Plus, [000001FC5EAF6900][000001FC57CBF4C0 49] iPhoneX, [000001FC5EAAF900][000001FC57CC3640 49] iPhoneXS, [000001FC5EAF4400][000001FC57CC77C0 49] iPhoneXSMax, [000001FC5EAADF00][000001FC57C87900 49] iPhoneXR, [000001FC5EAF6F00][000001FC57CCBA40 49] iPhone11, [000001FC5EAAEE00][000001FC58ADBB80 49] iPhone11Pro, [000001FC5EAF7A00][000001FC58ADE140 49] iPhone11ProMax, [000001FC5EAADA00][000001FC58AE62C0 49] iPhoneSE2, [000001FC5EAF7700][000001FC58AEA440 49] iPhone12Mini, [000001FC5EAAE100][000001FC58AEE5C0 49] iPhone12, [000001FC5EAF6B00][000001FC58AF2740 49] iPhone12Pro, [000001FC5EAACD00][000001FC58AF68C0 49] iPhone12ProMax, [000001FC5EAF7D00][000001FC58AFAA40 49] iPadPro105, [000001FC5EAAEB00][000001FC58AFEBC0 49] iPadPro129, [000001FC5EAF5E00][000001FC58B02D40 49] iPadPro97, [000001FC5EAAD800][000001FC58B06EC0 49] iPadPro2_129, [000001FC5EAF5A00][000001FC58B0B040 49] iPad5, [000001FC5EAAC900][000001FC58B0F1C0 49] iPad6, [000001FC5EAF5500][000001FC58B13340 49] iPad7, [000001FC5EAADB00][000001FC58B174C0 49] iPad8, [000001FC5EAF6800][000001FC58B1B640 49] iPadPro11, [000001FC5EAACA00][000001FC58B1F7C0 49] iPadPro2_11, [000001FC5EAF4200][000001FC58B23940 49] iPadPro3_129, [000001FC5EAAE400][000001FC58B27AC0 49] iPadPro4_129, [000001FC5EAF5F00][000001FC58AE3C00 49] AppleTV, [000001FC5EAAF000][000001FC58B2A1C0 49] AppleTV4K, [000001FC5EB05000][000001FC58B2E300 49] TVOS, [000001FC5EB91E00][000001FC58B36480 49] Mac, [000001FC5EB06C00][000001FC58B3A600 49] MacClient, [000001FC5EB91F00][000001FC58B3E780 49] MacNoEditor, [000001FC5EB07200][000001FC58B42900 49] MacServer, [000001FC5EB91600][000001FC58B46A80 49] Linux, [000001FC5EB04D00][000001FC58B4AC00 49] LinuxAArch64, [000001FC5EB91300][000001FC58B4ED80 49] LinuxNoEditor, [000001FC5EB07F00][000001FC58B52F00 49] LinuxAArch64NoEditor, [000001FC5EB91700][000001FC58B57080 49] LinuxClient, [000001FC5EB06300][000001FC58B5B200 49] LinuxAArch64Client, [000001FC5EB91500][000001FC58B5F380 49] LinuxServer, [000001FC5EB06400][000001FC58B63500 49] LinuxAArch64Server, [000001FC5EB92800][000001FC58B67680 49] Android, [000001FC5EB06000][000001FC58B6B800 49] Android_Low, [000001FC5EB90200][000001FC58B6F980 49] Android_Mid, [000001FC5EB05900][000001FC58B73B00 49] Android_High, [000001FC5EB92000][000001FC58B76100 49] Android_Default, [000001FC5EB04800][000001FC58B32240 49] Android_Adreno4xx, [000001FC5EB92700][000001FC58B7A380 49] Android_Adreno5xx_Low, [000001FC5EB05800][000001FC58B7E4C0 49] Android_Adreno5xx, [000001FC5EB91400][000001FC58B86640 49] Android_Adreno6xx, [000001FC5EAAE600][000001FC58B8A7C0 49] Android_Adreno6xx_Vulkan, [000001FC5EB90500][000001FC58B8E940 49] Android_Mali_T6xx, [000001FC5EAAE300][000001FC58B92AC0 49] Android_Mali_T7xx, [000001FC5EB90B00][000001FC58B96C40 49] Android_Mali_T8xx, [000001FC5EAAC200][000001FC58B9ADC0 49] Android_Mali_G71, [000001FC5EB91D00][000001FC58492F40 49] Android_Mali_G72, [000001FC5EAAC800][000001FC584970C0 49] Android_Mali_G72_Vulkan, [000001FC5EB92C00][000001FC5849B240 49] Android_Mali_G76, [000001FC5EAAC500][000001FC5849F3C0 49] Android_Mali_G76_Vulkan, [000001FC5EB92B00][000001FC584A3540 49] Android_Mali_G77, [000001FC5EAAF100][000001FC584A76C0 49] Android_Mali_G77_Vulkan, [000001FC5EB90400][000001FC584AB840 49] Android_Mali_G78, [000001FC5EAAD300][000001FC584AF9C0 49] Android_Mali_G78_Vulkan, [000001FC5EB92900][000001FC584B3B40 49] Android_Mali_G710, [000001FC5EAAEA00][000001FC584B6140 49] Android_Mali_G710_Vulkan, [000001FC5EB92300][000001FC584BA2C0 49] Android_Vulkan_SM5, [000001FC5EAAF200][000001FC58B82400 49] Android_PowerVR_G6xxx, [000001FC5EB90600][000001FC584BE540 49] Android_PowerVR_GT7xxx, [000001FC5EAAD200][000001FC584C2680 49] Android_PowerVR_GE8xxx, [000001FC5EB91C00][000001FC584C67C0 49] Android_PowerVR_GM9xxx, [000001FC5EAAC700][000001FC584CE940 49] Android_PowerVR_GM9xxx_Vulkan, [000001FC5EB92400][000001FC584D2AC0 49] Android_TegraK1, [000001FC5EAAF400][000001FC584D6C40 49] Android_Unknown_Vulkan, [000001FC5EB90100][000001FC584DADC0 49] Lumin, [000001FC5EAAD900][000001FC584DEF40 49] Lumin_Desktop, [000001FC5EAF5C00][000001FC584E30C0 49] HoloLens, 
[2022.11.02-17.45.18:303][  0]LogMeshReduction: Using QuadricMeshReduction for automatic static mesh reduction
[2022.11.02-17.45.18:303][  0]LogMeshReduction: Using SimplygonMeshReduction for automatic skeletal mesh reduction
[2022.11.02-17.45.18:303][  0]LogMeshReduction: Using ProxyLODMeshReduction for automatic mesh merging
[2022.11.02-17.45.18:303][  0]LogMeshReduction: No distributed automatic mesh merging module available
[2022.11.02-17.45.18:303][  0]LogMeshMerging: No distributed automatic mesh merging module available
[2022.11.02-17.45.18:496][  0]LogNetVersion: midterm 1.0.0, NetCL: 17155196, EngineNetVer: 17, GameNetVer: 0 (Checksum: 1341048358)
[2022.11.02-17.45.18:909][  0]LogTexture: Default maximum texture size for cubemaps generated from long-lat sources has been changed from 512 to unlimited. In order to preserve old behaiour for '/Engine/MapTemplates/Sky/DaylightAmbientCubemap.DaylightAmbientCubemap', its maximum texture size has been explicitly set to 512.
[2022.11.02-17.45.19:003][  0]LogHMD: PokeAHoleMaterial loaded successfully
[2022.11.02-17.45.19:225][  0]LogMoviePlayer: Initializing movie player
[2022.11.02-17.45.19:559][  0]LogPython: Using Python 3.7.7
[2022.11.02-17.45.20:275][  0]LogNiagaraDebuggerClient: Niagara Debugger Client Initialized | Session: 581A0F3F4C7485E39DDF0BBD2B80F442 | Instance: AF4A51BF41C8E1EF0B4008915E0F540E (5CD911CWQ8-28468).
[2022.11.02-17.45.20:314][  0]LogCollectionManager: Loaded 0 collections in 0.002584 seconds
[2022.11.02-17.45.20:317][  0]LogFileCache: Scanning file cache for directory 'C:/Users/gosorio/Documents/Unreal Projects/midterm/Saved/Collections/' took 0.00s
[2022.11.02-17.45.20:317][  0]LogFileCache: Scanning file cache for directory 'C:/Users/gosorio/Documents/Unreal Projects/midterm/Content/Developers/gosorio/Collections/' took 0.00s
[2022.11.02-17.45.20:317][  0]LogFileCache: Scanning file cache for directory 'C:/Users/gosorio/Documents/Unreal Projects/midterm/Content/Collections/' took 0.00s
[2022.11.02-17.45.20:317][  0]LogCollectionManager: Fixed up redirectors for 0 collections in 0.000003 seconds (updated 0 objects)
[2022.11.02-17.45.20:370][  0]LogTcpMessaging: Initializing TcpMessaging bridge
[2022.11.02-17.45.20:379][  0]LogUdpMessaging: Initializing bridge on interface 0.0.0.0:0 to multicast group 230.0.0.1:6666.
[2022.11.02-17.45.20:570][  0]SourceControl: Source control is disabled
[2022.11.02-17.45.20:570][  0]SourceControl: Source control is disabled
[2022.11.02-17.45.20:577][  0]SourceControl: Source control is disabled
[2022.11.02-17.45.20:595][  0]LogUProjectInfo: Found projects:
[2022.11.02-17.45.20:788][  0]LogOpenImageDenoise: OIDN starting up
[2022.11.02-17.45.20:839][  0]LogAndroidPermission: UAndroidPermissionCallbackProxy::GetInstance
[2022.11.02-17.45.20:893][  0]LogAudioCaptureCore: Display: No Audio Capture implementations found. Audio input will be silent.
[2022.11.02-17.45.20:893][  0]LogAudioCaptureCore: Display: No Audio Capture implementations found. Audio input will be silent.
[2022.11.02-17.45.21:022][  0]LogOcInput: OculusInput pre-init called
[2022.11.02-17.45.21:035][  0]LogUObjectArray: 22121 objects as part of root set at end of initial load.
[2022.11.02-17.45.21:035][  0]LogUObjectAllocator: 5975632 out of 0 bytes used by permanent object pool.
[2022.11.02-17.45.21:035][  0]LogUObjectArray: CloseDisregardForGC: 0/0 objects in disregard for GC pool
[2022.11.02-17.45.21:116][  0]LogEngine: Initializing Engine...
[2022.11.02-17.45.21:121][  0]LogHMD: Failed to enumerate extensions. Please check that you have a valid OpenXR runtime installed.
[2022.11.02-17.45.21:121][  0]LogHMD: Failed to initialize OpenVR with code 110
[2022.11.02-17.45.21:121][  0]LogMagicLeap: Warning: VR disabled because ZI is not enabled.  To enable, in the editor, Edit -> Project Settings -> Plugins -> Magic Leap Plugin -> Enable Zero Iteration
[2022.11.02-17.45.21:123][  0]LogStats: UGameplayTagsManager::InitializeManager -  0.000 s
[2022.11.02-17.45.21:279][  0]LogInit: Initializing FReadOnlyCVARCache
[2022.11.02-17.45.21:279][  0]LogAudio: Display: Initializing Audio Device Manager...
[2022.11.02-17.45.21:289][  0]LogAudio: Display: Loading Default Audio Settings Objects...
[2022.11.02-17.45.21:290][  0]LogAudio: Display: No default SoundConcurrencyObject specified (or failed to load).
[2022.11.02-17.45.21:290][  0]LogAudio: Display: Audio Device Manager Initialized
[2022.11.02-17.45.21:290][  0]LogAudio: Display: Creating Audio Device:                 Id: 1, Scope: Shared, Realtime: True
[2022.11.02-17.45.21:291][  0]LogAudioMixer: Display: Audio Mixer Platform Settings:
[2022.11.02-17.45.21:291][  0]LogAudioMixer: Display: 	Sample Rate:						  48000
[2022.11.02-17.45.21:291][  0]LogAudioMixer: Display: 	Callback Buffer Frame Size Requested: 1024
[2022.11.02-17.45.21:291][  0]LogAudioMixer: Display: 	Callback Buffer Frame Size To Use:	  1024
[2022.11.02-17.45.21:291][  0]LogAudioMixer: Display: 	Number of buffers to queue:			  2
[2022.11.02-17.45.21:291][  0]LogAudioMixer: Display: 	Max Channels (voices):				  32
[2022.11.02-17.45.21:291][  0]LogAudioMixer: Display: 	Number of Async Source Workers:		  0
[2022.11.02-17.45.21:291][  0]LogAudio: Display: AudioDevice MaxSources: 32
[2022.11.02-17.45.21:291][  0]LogAudio: Display: Audio Spatialization Plugin: None (built-in).
[2022.11.02-17.45.21:291][  0]LogAudio: Display: Audio Reverb Plugin: None (built-in).
[2022.11.02-17.45.21:291][  0]LogAudio: Display: Audio Occlusion Plugin: None (built-in).
[2022.11.02-17.45.21:291][  0]LogAudioMixer: Display: Initializing audio mixer.
