Log file open, 10/25/22 16:20:06
LogWindows: Failed to load 'aqProf.dll' (GetLastError=126)
LogWindows: File 'aqProf.dll' does not exist
LogWindows: Failed to load 'VtuneApi.dll' (GetLastError=126)
LogWindows: File 'VtuneApi.dll' does not exist
LogWindows: Failed to load 'VtuneApi32e.dll' (GetLastError=126)
LogWindows: File 'VtuneApi32e.dll' does not exist
LogConsoleResponse: Display: Failed to find resolution value strings in scalability ini. Falling back to default.
LogConsoleResponse: Display: Failed to find resolution value strings in scalability ini. Falling back to default.
LogInit: Display: Running engine for game: midterm
LogPlatformFile: Not using cached read wrapper
LogTaskGraph: Started task graph with 5 named threads and 35 total threads with 3 sets of task threads.
LogStats: Stats thread started at 0.359467
LogICUInternationalization: ICU TimeZone Detection - Raw Offset: -5:00, Platform Override: ''
LogInit: Display: Loading text-based GConfig....
LogPluginManager: Mounting plugin MeshPainting
LogPluginManager: Mounting plugin XGEController
LogPluginManager: Mounting plugin Paper2D
LogPluginManager: Mounting plugin AISupport
LogPluginManager: Mounting plugin EnvironmentQueryEditor
LogPluginManager: Mounting plugin LightPropagationVolume
LogPluginManager: Mounting plugin LiveLink
LogPluginManager: Mounting plugin OodleData
LogPluginManager: Mounting plugin OodleNetwork
LogPluginManager: Mounting plugin CLionSourceCodeAccess
LogPluginManager: Mounting plugin AnimationSharing
LogPluginManager: Mounting plugin CodeLiteSourceCodeAccess
LogPluginManager: Mounting plugin GitSourceControl
LogPluginManager: Mounting plugin KDevelopSourceCodeAccess
LogPluginManager: Mounting plugin NullSourceCodeAccess
LogPluginManager: Mounting plugin PerforceSourceControl
LogPluginManager: Mounting plugin PixWinPlugin
LogPluginManager: Mounting plugin PlasticSourceControl
LogPluginManager: Mounting plugin PropertyAccessNode
LogPluginManager: Mounting plugin RiderSourceCodeAccess
LogPluginManager: Mounting plugin SubversionSourceControl
LogPluginManager: Mounting plugin TextureFormatOodle
LogPluginManager: Mounting plugin PluginUtils
LogPluginManager: Mounting plugin AssetManagerEditor
LogPluginManager: Mounting plugin CryptoKeys
LogPluginManager: Mounting plugin CurveEditorTools
LogPluginManager: Mounting plugin UObjectPlugin
LogPluginManager: Mounting plugin DataValidation
LogPluginManager: Mounting plugin VisualStudioCodeSourceCodeAccess
LogPluginManager: Mounting plugin FacialAnimation
LogPluginManager: Mounting plugin GameplayTagsEditor
LogPluginManager: Mounting plugin GeometryMode
LogPluginManager: Mounting plugin MacGraphicsSwitching
LogPluginManager: Mounting plugin MaterialAnalyzer
LogPluginManager: Mounting plugin PluginBrowser
LogPluginManager: Mounting plugin MobileLauncherProfileWizard
LogPluginManager: Mounting plugin SpeedTreeImporter
LogPluginManager: Mounting plugin VisualStudioSourceCodeAccess
LogPluginManager: Mounting plugin XCodeSourceCodeAccess
LogPluginManager: Mounting plugin DatasmithContent
LogPluginManager: Mounting plugin VariantManagerContent
LogPluginManager: Mounting plugin Niagara
LogPluginManager: Mounting plugin LuminPlatformFeatures
LogPluginManager: Mounting plugin MagicLeap
LogPluginManager: Mounting plugin MagicLeapLightEstimation
LogPluginManager: Mounting plugin MagicLeapMedia
LogPluginManager: Mounting plugin MagicLeapPassableWorld
LogPluginManager: Mounting plugin AlembicImporter
LogPluginManager: Mounting plugin MLSDK
LogPluginManager: Mounting plugin AutomationUtils
LogPluginManager: Mounting plugin BackChannel
LogPluginManager: Mounting plugin ChaosSolverPlugin
LogPluginManager: Mounting plugin ChaosCloth
LogPluginManager: Mounting plugin ChaosEditor
LogPluginManager: Mounting plugin ChaosClothEditor
LogPluginManager: Mounting plugin ChaosNiagara
LogPluginManager: Mounting plugin CharacterAI
LogPluginManager: Mounting plugin GeometryCache
LogPluginManager: Mounting plugin GeometryCollectionPlugin
LogPluginManager: Mounting plugin GeometryProcessing
LogPluginManager: Mounting plugin MotoSynth
LogPluginManager: Mounting plugin OpenImageDenoise
LogPluginManager: Mounting plugin PlanarCut
LogPluginManager: Mounting plugin PlatformCrypto
LogPluginManager: Mounting plugin ProxyLODPlugin
LogPluginManager: Mounting plugin PythonScriptPlugin
LogPluginManager: Mounting plugin SkeletalReduction
LogPluginManager: Mounting plugin AndroidMedia
LogPluginManager: Mounting plugin AvfMedia
LogPluginManager: Mounting plugin ImgMedia
LogPluginManager: Mounting plugin MediaCompositing
LogPluginManager: Mounting plugin MediaPlayerEditor
LogPluginManager: Mounting plugin WebMMedia
LogPluginManager: Mounting plugin WmfMedia
LogPluginManager: Mounting plugin TcpMessaging
LogPluginManager: Mounting plugin LauncherChunkInstaller
LogPluginManager: Mounting plugin ActorSequence
LogPluginManager: Mounting plugin UdpMessaging
LogPluginManager: Mounting plugin LevelSequenceEditor
LogPluginManager: Mounting plugin MatineeToLevelSequence
LogPluginManager: Mounting plugin TemplateSequence
LogPluginManager: Mounting plugin OnlineSubsystem
LogPluginManager: Mounting plugin OnlineSubsystemNull
LogPluginManager: Mounting plugin OnlineSubsystemUtils
LogPluginManager: Mounting plugin ActorLayerUtilities
LogPluginManager: Mounting plugin AndroidDeviceProfileSelector
LogPluginManager: Mounting plugin AndroidMoviePlayer
LogPluginManager: Mounting plugin AndroidPermission
LogPluginManager: Mounting plugin AppleMoviePlayer
LogPluginManager: Mounting plugin AssetTags
LogPluginManager: Mounting plugin AudioCapture
LogPluginManager: Mounting plugin ArchVisCharacter
LogPluginManager: Mounting plugin AudioSynesthesia
LogPluginManager: Mounting plugin AppleImageUtils
LogPluginManager: Mounting plugin CableComponent
LogPluginManager: Mounting plugin ChunkDownloader
LogPluginManager: Mounting plugin CustomMeshComponent
LogPluginManager: Mounting plugin EditableMesh
LogPluginManager: Mounting plugin ExampleDeviceProfileSelector
LogPluginManager: Mounting plugin GoogleCloudMessaging
LogPluginManager: Mounting plugin GooglePAD
LogPluginManager: Mounting plugin IOSDeviceProfileSelector
LogPluginManager: Mounting plugin LinuxDeviceProfileSelector
LogPluginManager: Mounting plugin LocationServicesBPLibrary
LogPluginManager: Mounting plugin MobilePatchingUtils
LogPluginManager: Mounting plugin OpenXR
LogPluginManager: Mounting plugin PhysXVehicles
LogPluginManager: Mounting plugin PostSplashScreen
LogPluginManager: Mounting plugin OpenXRHandTracking
LogPluginManager: Mounting plugin OpenXREyeTracker
LogPluginManager: Mounting plugin PropertyAccessEditor
LogPluginManager: Mounting plugin RuntimePhysXCooking
LogPluginManager: Mounting plugin SoundFields
LogPluginManager: Mounting plugin SignificanceManager
LogPluginManager: Mounting plugin ProceduralMeshComponent
LogPluginManager: Mounting plugin Synthesis
LogPluginManager: Mounting plugin WebMMoviePlayer
LogPluginManager: Mounting plugin WindowsMoviePlayer
LogPluginManager: Mounting plugin ScreenshotTools
LogPluginManager: Mounting plugin Takes
LogPluginManager: Mounting plugin GameplayCameras
LogPluginManager: Mounting plugin CameraShakePreviewer
LogPluginManager: Mounting plugin ContentBrowserAssetDataSource
LogPluginManager: Mounting plugin ContentBrowserClassDataSource
LogPluginManager: Mounting plugin ContentBrowserFileDataSource
LogPluginManager: Mounting plugin OnlineSubsystemGooglePlay
LogPluginManager: Mounting plugin OnlineSubsystemIOS
LogPluginManager: Mounting plugin OculusVR
LogPluginManager: Mounting plugin SteamVR
PixWinPlugin: PIX capture plugin failed to initialize! Check that the process is launched from PIX.
LogInit: Using libcurl 7.55.1-DEV
LogInit:  - built for x86_64-pc-win32
LogInit:  - supports SSL with OpenSSL/1.1.1
LogInit:  - supports HTTP deflate (compression) using libz 1.2.8
LogInit:  - other features:
LogInit:      CURL_VERSION_SSL
LogInit:      CURL_VERSION_LIBZ
LogInit:      CURL_VERSION_IPV6
LogInit:      CURL_VERSION_ASYNCHDNS
LogInit:      CURL_VERSION_LARGEFILE
LogInit:      CURL_VERSION_IDN
LogInit:  CurlRequestOptions (configurable via config and command line):
LogInit:  - bVerifyPeer = true  - Libcurl will verify peer certificate
LogInit:  - bUseHttpProxy = false  - Libcurl will NOT use HTTP proxy
LogInit:  - bDontReuseConnections = false  - Libcurl will reuse connections
LogInit:  - MaxHostConnections = 16  - Libcurl will limit the number of connections to a host
LogInit:  - LocalHostAddr = Default
LogInit:  - BufferSize = 65536
LogOnline: OSS: Creating online subsystem instance for: NULL
LogInit: WinSock: version 1.1 (2.2), MaxSocks=32767, MaxUdp=65467
LogOnline: OSS: TryLoadSubsystemAndSetDefault: Loaded subsystem for module [NULL]
LogOculusPluginWrapper: OculusPlugin initialized successfully
LogHMD: Failed initializing OVRPlugin 1.59.0
LogInit: Build: ++UE4+Release-4.27-CL-18319896
LogInit: Engine Version: 4.27.2-18319896+++UE4+Release-4.27
LogInit: Compatible Engine Version: 4.27.0-17155196+++UE4+Release-4.27
LogInit: Net CL: 17155196
LogInit: OS: Windows 10 (Release 2009) (), CPU: Intel(R) Core(TM) i7-8750H CPU @ 2.20GHz, GPU: NVIDIA Quadro P2000
LogInit: Compiled (64-bit): Nov 30 2021 07:12:08
LogInit: Compiled with Visual C++: 19.24.28315.00
LogInit: Build Configuration: Development
LogInit: Branch Name: ++UE4+Release-4.27
LogInit: Command Line: 
LogInit: Base Directory: C:/Program Files/Epic Games/UE_4.27/Engine/Binaries/Win64/
LogInit: Allocator: TBB
LogInit: Installed Engine Build: 1
LogDevObjectVersion: Number of dev versions registered: 29
LogDevObjectVersion:   Dev-Blueprints (B0D832E4-1F89-4F0D-ACCF-7EB736FD4AA2): 10
LogDevObjectVersion:   Dev-Build (E1C64328-A22C-4D53-A36C-8E866417BD8C): 0
LogDevObjectVersion:   Dev-Core (375EC13C-06E4-48FB-B500-84F0262A717E): 4
LogDevObjectVersion:   Dev-Editor (E4B068ED-F494-42E9-A231-DA0B2E46BB41): 40
LogDevObjectVersion:   Dev-Framework (CFFC743F-43B0-4480-9391-14DF171D2073): 37
LogDevObjectVersion:   Dev-Mobile (B02B49B5-BB20-44E9-A304-32B752E40360): 3
LogDevObjectVersion:   Dev-Networking (A4E4105C-59A1-49B5-A7C5-40C4547EDFEE): 0
LogDevObjectVersion:   Dev-Online (39C831C9-5AE6-47DC-9A44-9C173E1C8E7C): 0
LogDevObjectVersion:   Dev-Physics (78F01B33-EBEA-4F98-B9B4-84EACCB95AA2): 14
LogDevObjectVersion:   Dev-Platform (6631380F-2D4D-43E0-8009-CF276956A95A): 0
LogDevObjectVersion:   Dev-Rendering (12F88B9F-8875-4AFC-A67C-D90C383ABD29): 45
LogDevObjectVersion:   Dev-Sequencer (7B5AE74C-D270-4C10-A958-57980B212A5A): 13
LogDevObjectVersion:   Dev-VR (D7296918-1DD6-4BDD-9DE2-64A83CC13884): 3
LogDevObjectVersion:   Dev-LoadTimes (C2A15278-BFE7-4AFE-6C17-90FF531DF755): 1
LogDevObjectVersion:   Private-Geometry (6EACA3D4-40EC-4CC1-B786-8BED09428FC5): 3
LogDevObjectVersion:   Dev-AnimPhys (29E575DD-E0A3-4627-9D10-D276232CDCEA): 17
LogDevObjectVersion:   Dev-Anim (AF43A65D-7FD3-4947-9873-3E8ED9C1BB05): 15
LogDevObjectVersion:   Dev-ReflectionCapture (6B266CEC-1EC7-4B8F-A30B-E4D90942FC07): 1
LogDevObjectVersion:   Dev-Automation (0DF73D61-A23F-47EA-B727-89E90C41499A): 1
LogDevObjectVersion:   FortniteMain (601D1886-AC64-4F84-AA16-D3DE0DEAC7D6): 47
LogDevObjectVersion:   FortniteRelease (E7086368-6B23-4C58-8439-1B7016265E91): 1
LogDevObjectVersion:   Dev-Enterprise (9DFFBCD6-494F-0158-E221-12823C92A888): 10
LogDevObjectVersion:   Dev-Niagara (F2AED0AC-9AFE-416F-8664-AA7FFA26D6FC): 1
LogDevObjectVersion:   Dev-Destruction (174F1F0B-B4C6-45A5-B13F-2EE8D0FB917D): 10
LogDevObjectVersion:   Dev-Physics-Ext (35F94A83-E258-406C-A318-09F59610247C): 41
LogDevObjectVersion:   Dev-PhysicsMaterial-Chaos (B68FC16E-8B1B-42E2-B453-215C058844FE): 1
LogDevObjectVersion:   Dev-CineCamera (B2E18506-4273-CFC2-A54E-F4BB758BBA07): 1
LogDevObjectVersion:   Dev-VirtualProduction (64F58936-FD1B-42BA-BA96-7289D5D0FA4E): 1
LogDevObjectVersion:   Dev-MediaFramework (6F0ED827-A609-4895-9C91-998D90180EA4): 2
LogInit: Presizing for max 25165824 objects, including 0 objects not considered by GC, pre-allocating 0 bytes for permanent pool.
LogConfig: Applying CVar settings from Section [/Script/Engine.StreamingSettings] File [C:/Users/gosorio/Documents/Unreal Projects/midterm/Saved/Config/Windows/Engine.ini]
LogConfig: Setting CVar [[s.MinBulkDataSizeForAsyncLoading:131072]]
LogConfig: Setting CVar [[s.AsyncLoadingThreadEnabled:0]]
LogConfig: Setting CVar [[s.EventDrivenLoaderEnabled:1]]
LogConfig: Setting CVar [[s.WarnIfTimeLimitExceeded:0]]
LogConfig: Setting CVar [[s.TimeLimitExceededMultiplier:1.5]]
LogConfig: Setting CVar [[s.TimeLimitExceededMinTime:0.005]]
LogConfig: Setting CVar [[s.UseBackgroundLevelStreaming:1]]
LogConfig: Setting CVar [[s.PriorityAsyncLoadingExtraTime:15.0]]
LogConfig: Setting CVar [[s.LevelStreamingActorsUpdateTimeLimit:5.0]]
LogConfig: Setting CVar [[s.PriorityLevelStreamingActorsUpdateExtraTime:5.0]]
LogConfig: Setting CVar [[s.LevelStreamingComponentsRegistrationGranularity:10]]
LogConfig: Setting CVar [[s.UnregisterComponentsTimeLimit:1.0]]
LogConfig: Setting CVar [[s.LevelStreamingComponentsUnregistrationGranularity:5]]
LogConfig: Setting CVar [[s.FlushStreamingOnExit:1]]
LogInit: Object subsystem initialized
LogConfig: Setting CVar [[con.DebugEarlyDefault:1]]
LogConfig: Setting CVar [[r.setres:1280x720]]
[2022.10.25-20.20.07:584][  0]LogConfig: Setting CVar [[r.VSync:0]]
[2022.10.25-20.20.07:584][  0]LogConfig: Setting CVar [[r.RHICmdBypass:0]]
[2022.10.25-20.20.07:584][  0]LogConfig: Applying CVar settings from Section [/Script/Engine.RendererSettings] File [C:/Users/gosorio/Documents/Unreal Projects/midterm/Saved/Config/Windows/Engine.ini]
[2022.10.25-20.20.07:584][  0]LogConfig: Setting CVar [[r.GPUCrashDebugging:0]]
[2022.10.25-20.20.07:584][  0]LogConfig: Applying CVar settings from Section [/Script/Engine.RendererOverrideSettings] File [C:/Users/gosorio/Documents/Unreal Projects/midterm/Saved/Config/Windows/Engine.ini]
[2022.10.25-20.20.07:584][  0]LogConfig: Applying CVar settings from Section [/Script/Engine.StreamingSettings] File [C:/Users/gosorio/Documents/Unreal Projects/midterm/Saved/Config/Windows/Engine.ini]
[2022.10.25-20.20.07:584][  0]LogConfig: Setting CVar [[s.MinBulkDataSizeForAsyncLoading:131072]]
[2022.10.25-20.20.07:584][  0]LogConfig: Setting CVar [[s.AsyncLoadingThreadEnabled:0]]
[2022.10.25-20.20.07:584][  0]LogConfig: Setting CVar [[s.EventDrivenLoaderEnabled:1]]
[2022.10.25-20.20.07:584][  0]LogConfig: Setting CVar [[s.WarnIfTimeLimitExceeded:0]]
[2022.10.25-20.20.07:584][  0]LogConfig: Setting CVar [[s.TimeLimitExceededMultiplier:1.5]]
[2022.10.25-20.20.07:584][  0]LogConfig: Setting CVar [[s.TimeLimitExceededMinTime:0.005]]
[2022.10.25-20.20.07:584][  0]LogConfig: Setting CVar [[s.UseBackgroundLevelStreaming:1]]
[2022.10.25-20.20.07:584][  0]LogConfig: Setting CVar [[s.PriorityAsyncLoadingExtraTime:15.0]]
[2022.10.25-20.20.07:584][  0]LogConfig: Setting CVar [[s.LevelStreamingActorsUpdateTimeLimit:5.0]]
[2022.10.25-20.20.07:584][  0]LogConfig: Setting CVar [[s.PriorityLevelStreamingActorsUpdateExtraTime:5.0]]
[2022.10.25-20.20.07:584][  0]LogConfig: Setting CVar [[s.LevelStreamingComponentsRegistrationGranularity:10]]
[2022.10.25-20.20.07:584][  0]LogConfig: Setting CVar [[s.UnregisterComponentsTimeLimit:1.0]]
[2022.10.25-20.20.07:584][  0]LogConfig: Setting CVar [[s.LevelStreamingComponentsUnregistrationGranularity:5]]
[2022.10.25-20.20.07:584][  0]LogConfig: Setting CVar [[s.FlushStreamingOnExit:1]]
[2022.10.25-20.20.07:584][  0]LogConfig: Applying CVar settings from Section [/Script/Engine.GarbageCollectionSettings] File [C:/Users/gosorio/Documents/Unreal Projects/midterm/Saved/Config/Windows/Engine.ini]
[2022.10.25-20.20.07:584][  0]LogConfig: Setting CVar [[gc.MaxObjectsNotConsideredByGC:1]]
[2022.10.25-20.20.07:584][  0]LogConfig: Setting CVar [[gc.SizeOfPermanentObjectPool:0]]
[2022.10.25-20.20.07:584][  0]LogConfig: Setting CVar [[gc.FlushStreamingOnGC:0]]
[2022.10.25-20.20.07:584][  0]LogConfig: Setting CVar [[gc.NumRetriesBeforeForcingGC:10]]
[2022.10.25-20.20.07:584][  0]LogConfig: Setting CVar [[gc.AllowParallelGC:1]]
[2022.10.25-20.20.07:584][  0]LogConfig: Setting CVar [[gc.TimeBetweenPurgingPendingKillObjects:61.1]]
[2022.10.25-20.20.07:584][  0]LogConfig: Setting CVar [[gc.MaxObjectsInEditor:25165824]]
[2022.10.25-20.20.07:584][  0]LogConfig: Setting CVar [[gc.IncrementalBeginDestroyEnabled:1]]
[2022.10.25-20.20.07:584][  0]LogConfig: Setting CVar [[gc.CreateGCClusters:1]]
[2022.10.25-20.20.07:584][  0]LogConfig: Setting CVar [[gc.MinGCClusterSize:5]]
[2022.10.25-20.20.07:584][  0]LogConfig: Setting CVar [[gc.ActorClusteringEnabled:0]]
[2022.10.25-20.20.07:584][  0]LogConfig: Setting CVar [[gc.BlueprintClusteringEnabled:0]]
[2022.10.25-20.20.07:584][  0]LogConfig: Setting CVar [[gc.UseDisregardForGCOnDedicatedServers:0]]
[2022.10.25-20.20.07:584][  0]LogConfig: Setting CVar [[gc.MultithreadedDestructionEnabled:1]]
[2022.10.25-20.20.07:584][  0]LogConfig: Applying CVar settings from Section [/Script/Engine.NetworkSettings] File [C:/Users/gosorio/Documents/Unreal Projects/midterm/Saved/Config/Windows/Engine.ini]
[2022.10.25-20.20.07:584][  0]LogConfig: Applying CVar settings from Section [/Script/UnrealEd.CookerSettings] File [C:/Users/gosorio/Documents/Unreal Projects/midterm/Saved/Config/Windows/Engine.ini]
[2022.10.25-20.20.07:595][  0]LogConfig: Applying CVar settings from Section [ViewDistanceQuality@3] File [C:/Users/gosorio/Documents/Unreal Projects/midterm/Saved/Config/Windows/Scalability.ini]
[2022.10.25-20.20.07:595][  0]LogConfig: Setting CVar [[r.SkeletalMeshLODBias:0]]
[2022.10.25-20.20.07:595][  0]LogConfig: Setting CVar [[r.ViewDistanceScale:1.0]]
[2022.10.25-20.20.07:595][  0]LogConfig: Applying CVar settings from Section [AntiAliasingQuality@3] File [C:/Users/gosorio/Documents/Unreal Projects/midterm/Saved/Config/Windows/Scalability.ini]
[2022.10.25-20.20.07:595][  0]LogConfig: Setting CVar [[r.PostProcessAAQuality:4]]
[2022.10.25-20.20.07:595][  0]LogConfig: Applying CVar settings from Section [ShadowQuality@3] File [C:/Users/gosorio/Documents/Unreal Projects/midterm/Saved/Config/Windows/Scalability.ini]
[2022.10.25-20.20.07:595][  0]LogConfig: Setting CVar [[r.LightFunctionQuality:1]]
[2022.10.25-20.20.07:595][  0]LogConfig: Setting CVar [[r.ShadowQuality:5]]
[2022.10.25-20.20.07:595][  0]LogConfig: Setting CVar [[r.Shadow.CSM.MaxCascades:10]]
[2022.10.25-20.20.07:595][  0]LogConfig: Setting CVar [[r.Shadow.MaxResolution:2048]]
[2022.10.25-20.20.07:595][  0]LogConfig: Setting CVar [[r.Shadow.MaxCSMResolution:2048]]
[2022.10.25-20.20.07:595][  0]LogConfig: Setting CVar [[r.Shadow.RadiusThreshold:0.01]]
[2022.10.25-20.20.07:595][  0]LogConfig: Setting CVar [[r.Shadow.DistanceScale:1.0]]
[2022.10.25-20.20.07:595][  0]LogConfig: Setting CVar [[r.Shadow.CSM.TransitionScale:1.0]]
[2022.10.25-20.20.07:595][  0]LogConfig: Setting CVar [[r.Shadow.PreShadowResolutionFactor:1.0]]
[2022.10.25-20.20.07:595][  0]LogConfig: Setting CVar [[r.DistanceFieldShadowing:1]]
[2022.10.25-20.20.07:595][  0]LogConfig: Setting CVar [[r.DistanceFieldAO:1]]
[2022.10.25-20.20.07:595][  0]LogConfig: Setting CVar [[r.AOQuality:2]]
[2022.10.25-20.20.07:595][  0]LogConfig: Setting CVar [[r.VolumetricFog:1]]
[2022.10.25-20.20.07:595][  0]LogConfig: Setting CVar [[r.VolumetricFog.GridPixelSize:8]]
[2022.10.25-20.20.07:595][  0]LogConfig: Setting CVar [[r.VolumetricFog.GridSizeZ:128]]
[2022.10.25-20.20.07:595][  0]LogConfig: Setting CVar [[r.VolumetricFog.HistoryMissSupersampleCount:4]]
[2022.10.25-20.20.07:595][  0]LogConfig: Setting CVar [[r.LightMaxDrawDistanceScale:1]]
[2022.10.25-20.20.07:595][  0]LogConfig: Setting CVar [[r.CapsuleShadows:1]]
[2022.10.25-20.20.07:595][  0]LogConfig: Applying CVar settings from Section [PostProcessQuality@3] File [C:/Users/gosorio/Documents/Unreal Projects/midterm/Saved/Config/Windows/Scalability.ini]
[2022.10.25-20.20.07:595][  0]LogConfig: Setting CVar [[r.MotionBlurQuality:4]]
[2022.10.25-20.20.07:595][  0]LogConfig: Setting CVar [[r.AmbientOcclusionMipLevelFactor:0.4]]
[2022.10.25-20.20.07:595][  0]LogConfig: Setting CVar [[r.AmbientOcclusionMaxQuality:100]]
[2022.10.25-20.20.07:595][  0]LogConfig: Setting CVar [[r.AmbientOcclusionLevels:-1]]
[2022.10.25-20.20.07:595][  0]LogConfig: Setting CVar [[r.AmbientOcclusionRadiusScale:1.0]]
[2022.10.25-20.20.07:595][  0]LogConfig: Setting CVar [[r.DepthOfFieldQuality:2]]
[2022.10.25-20.20.07:595][  0]LogConfig: Setting CVar [[r.RenderTargetPoolMin:400]]
[2022.10.25-20.20.07:595][  0]LogConfig: Setting CVar [[r.LensFlareQuality:2]]
[2022.10.25-20.20.07:595][  0]LogConfig: Setting CVar [[r.SceneColorFringeQuality:1]]
[2022.10.25-20.20.07:595][  0]LogConfig: Setting CVar [[r.EyeAdaptationQuality:2]]
[2022.10.25-20.20.07:595][  0]LogConfig: Setting CVar [[r.BloomQuality:5]]
[2022.10.25-20.20.07:595][  0]LogConfig: Setting CVar [[r.FastBlurThreshold:100]]
[2022.10.25-20.20.07:595][  0]LogConfig: Setting CVar [[r.Upscale.Quality:3]]
[2022.10.25-20.20.07:595][  0]LogConfig: Setting CVar [[r.Tonemapper.GrainQuantization:1]]
[2022.10.25-20.20.07:595][  0]LogConfig: Setting CVar [[r.LightShaftQuality:1]]
[2022.10.25-20.20.07:595][  0]LogConfig: Setting CVar [[r.Filter.SizeScale:1]]
[2022.10.25-20.20.07:595][  0]LogConfig: Setting CVar [[r.Tonemapper.Quality:5]]
[2022.10.25-20.20.07:595][  0]LogConfig: Setting CVar [[r.DOF.Gather.AccumulatorQuality:1        ; higher gathering accumulator quality]]
[2022.10.25-20.20.07:595][  0]LogConfig: Setting CVar [[r.DOF.Gather.PostfilterMethod:1          ; Median3x3 postfilering method]]
[2022.10.25-20.20.07:595][  0]LogConfig: Setting CVar [[r.DOF.Gather.EnableBokehSettings:0       ; no bokeh simulation when gathering]]
[2022.10.25-20.20.07:595][  0]LogConfig: Setting CVar [[r.DOF.Gather.RingCount:4                 ; medium number of samples when gathering]]
[2022.10.25-20.20.07:595][  0]LogConfig: Setting CVar [[r.DOF.Scatter.ForegroundCompositing:1    ; additive foreground scattering]]
[2022.10.25-20.20.07:595][  0]LogConfig: Setting CVar [[r.DOF.Scatter.BackgroundCompositing:2    ; additive background scattering]]
[2022.10.25-20.20.07:595][  0]LogConfig: Setting CVar [[r.DOF.Scatter.EnableBokehSettings:1      ; bokeh simulation when scattering]]
[2022.10.25-20.20.07:595][  0]LogConfig: Setting CVar [[r.DOF.Scatter.MaxSpriteRatio:0.1         ; only a maximum of 10% of scattered bokeh]]
[2022.10.25-20.20.07:595][  0]LogConfig: Setting CVar [[r.DOF.Recombine.Quality:1                ; cheap slight out of focus]]
[2022.10.25-20.20.07:595][  0]LogConfig: Setting CVar [[r.DOF.Recombine.EnableBokehSettings:0    ; no bokeh simulation on slight out of focus]]
[2022.10.25-20.20.07:595][  0]LogConfig: Setting CVar [[r.DOF.TemporalAAQuality:1                ; more stable temporal accumulation]]
[2022.10.25-20.20.07:595][  0]LogConfig: Setting CVar [[r.DOF.Kernel.MaxForegroundRadius:0.025]]
[2022.10.25-20.20.07:595][  0]LogConfig: Setting CVar [[r.DOF.Kernel.MaxBackgroundRadius:0.025]]
[2022.10.25-20.20.07:595][  0]LogConfig: Applying CVar settings from Section [TextureQuality@3] File [C:/Users/gosorio/Documents/Unreal Projects/midterm/Saved/Config/Windows/Scalability.ini]
[2022.10.25-20.20.07:595][  0]LogConfig: Setting CVar [[r.Streaming.MipBias:0]]
[2022.10.25-20.20.07:595][  0]LogConfig: Setting CVar [[r.Streaming.AmortizeCPUToGPUCopy:0]]
[2022.10.25-20.20.07:595][  0]LogConfig: Setting CVar [[r.Streaming.MaxNumTexturesToStreamPerFrame:0]]
[2022.10.25-20.20.07:595][  0]LogConfig: Setting CVar [[r.Streaming.Boost:1]]
[2022.10.25-20.20.07:595][  0]LogConfig: Setting CVar [[r.MaxAnisotropy:8]]
[2022.10.25-20.20.07:595][  0]LogConfig: Setting CVar [[r.VT.MaxAnisotropy:8]]
[2022.10.25-20.20.07:595][  0]LogConfig: Setting CVar [[r.Streaming.LimitPoolSizeToVRAM:0]]
[2022.10.25-20.20.07:595][  0]LogConfig: Setting CVar [[r.Streaming.PoolSize:1000]]
[2022.10.25-20.20.07:595][  0]LogConfig: Setting CVar [[r.Streaming.MaxEffectiveScreenSize:0]]
[2022.10.25-20.20.07:596][  0]LogConfig: Applying CVar settings from Section [EffectsQuality@3] File [C:/Users/gosorio/Documents/Unreal Projects/midterm/Saved/Config/Windows/Scalability.ini]
[2022.10.25-20.20.07:596][  0]LogConfig: Setting CVar [[r.TranslucencyLightingVolumeDim:64]]
[2022.10.25-20.20.07:596][  0]LogConfig: Setting CVar [[r.RefractionQuality:2]]
[2022.10.25-20.20.07:596][  0]LogConfig: Setting CVar [[r.SSR.Quality:3]]
[2022.10.25-20.20.07:596][  0]LogConfig: Setting CVar [[r.SSR.HalfResSceneColor:0]]
[2022.10.25-20.20.07:596][  0]LogConfig: Setting CVar [[r.SceneColorFormat:4]]
[2022.10.25-20.20.07:596][  0]LogConfig: Setting CVar [[r.DetailMode:2]]
[2022.10.25-20.20.07:596][  0]LogConfig: Setting CVar [[r.TranslucencyVolumeBlur:1]]
[2022.10.25-20.20.07:596][  0]LogConfig: Setting CVar [[r.MaterialQualityLevel:1 ; High quality]]
[2022.10.25-20.20.07:596][  0]LogConfig: Setting CVar [[r.AnisotropicMaterials:1]]
[2022.10.25-20.20.07:596][  0]LogConfig: Setting CVar [[r.SSS.Scale:1]]
[2022.10.25-20.20.07:596][  0]LogConfig: Setting CVar [[r.SSS.SampleSet:2]]
[2022.10.25-20.20.07:596][  0]LogConfig: Setting CVar [[r.SSS.Quality:1]]
[2022.10.25-20.20.07:596][  0]LogConfig: Setting CVar [[r.SSS.HalfRes:0]]
[2022.10.25-20.20.07:596][  0]LogConfig: Setting CVar [[r.SSGI.Quality:3]]
[2022.10.25-20.20.07:596][  0]LogConfig: Setting CVar [[r.EmitterSpawnRateScale:1.0]]
[2022.10.25-20.20.07:596][  0]LogConfig: Setting CVar [[r.ParticleLightQuality:2]]
[2022.10.25-20.20.07:596][  0]LogConfig: Setting CVar [[r.SkyAtmosphere.AerialPerspectiveLUT.FastApplyOnOpaque:1 ; Always have FastSkyLUT 1 in this case to avoid wrong sky]]
[2022.10.25-20.20.07:596][  0]LogConfig: Setting CVar [[r.SkyAtmosphere.AerialPerspectiveLUT.SampleCountMaxPerSlice:4]]
[2022.10.25-20.20.07:596][  0]LogConfig: Setting CVar [[r.SkyAtmosphere.AerialPerspectiveLUT.DepthResolution:16.0]]
[2022.10.25-20.20.07:596][  0]LogConfig: Setting CVar [[r.SkyAtmosphere.FastSkyLUT:1]]
[2022.10.25-20.20.07:596][  0]LogConfig: Setting CVar [[r.SkyAtmosphere.FastSkyLUT.SampleCountMin:4.0]]
[2022.10.25-20.20.07:596][  0]LogConfig: Setting CVar [[r.SkyAtmosphere.FastSkyLUT.SampleCountMax:128.0]]
[2022.10.25-20.20.07:596][  0]LogConfig: Setting CVar [[r.SkyAtmosphere.SampleCountMin:4.0]]
[2022.10.25-20.20.07:596][  0]LogConfig: Setting CVar [[r.SkyAtmosphere.SampleCountMax:128.0]]
[2022.10.25-20.20.07:596][  0]LogConfig: Setting CVar [[r.SkyAtmosphere.TransmittanceLUT.UseSmallFormat:0]]
[2022.10.25-20.20.07:596][  0]LogConfig: Setting CVar [[r.SkyAtmosphere.TransmittanceLUT.SampleCount:10.0]]
[2022.10.25-20.20.07:596][  0]LogConfig: Setting CVar [[r.SkyAtmosphere.MultiScatteringLUT.SampleCount:15.0]]
[2022.10.25-20.20.07:596][  0]LogConfig: Setting CVar [[r.SkyLight.RealTimeReflectionCapture:1]]
[2022.10.25-20.20.07:596][  0]LogConfig: Applying CVar settings from Section [FoliageQuality@3] File [C:/Users/gosorio/Documents/Unreal Projects/midterm/Saved/Config/Windows/Scalability.ini]
[2022.10.25-20.20.07:596][  0]LogConfig: Setting CVar [[foliage.DensityScale:1.0]]
[2022.10.25-20.20.07:596][  0]LogConfig: Setting CVar [[grass.DensityScale:1.0]]
[2022.10.25-20.20.07:596][  0]LogConfig: Applying CVar settings from Section [ShadingQuality@3] File [C:/Users/gosorio/Documents/Unreal Projects/midterm/Saved/Config/Windows/Scalability.ini]
[2022.10.25-20.20.07:596][  0]LogConfig: Setting CVar [[r.HairStrands.SkyLighting.IntegrationType:2]]
[2022.10.25-20.20.07:596][  0]LogConfig: Setting CVar [[r.HairStrands.SkyAO.SampleCount:4]]
[2022.10.25-20.20.07:596][  0]LogConfig: Setting CVar [[r.HairStrands.Visibility.MSAA.SamplePerPixel:4]]
[2022.10.25-20.20.07:596][  0]LogInit: Selected Device Profile: [Windows]
[2022.10.25-20.20.07:596][  0]LogInit: Applying CVar settings loaded from the selected device profile: [Windows]
[2022.10.25-20.20.07:596][  0]LogHAL: Display: Platform has ~ 16 GB [17018806272 / 17179869184 / 16], which maps to Larger [LargestMinGB=32, LargerMinGB=12, DefaultMinGB=8, SmallerMinGB=6, SmallestMinGB=0)
[2022.10.25-20.20.07:596][  0]LogInit: Going up to parent DeviceProfile []
[2022.10.25-20.20.07:596][  0]LogConfig: Applying CVar settings from Section [ViewDistanceQuality@3] File [C:/Users/gosorio/Documents/Unreal Projects/midterm/Saved/Config/Windows/Scalability.ini]
[2022.10.25-20.20.07:596][  0]LogConfig: Setting CVar [[r.SkeletalMeshLODBias:0]]
[2022.10.25-20.20.07:596][  0]LogConfig: Setting CVar [[r.ViewDistanceScale:1.0]]
[2022.10.25-20.20.07:596][  0]LogConfig: Applying CVar settings from Section [AntiAliasingQuality@3] File [C:/Users/gosorio/Documents/Unreal Projects/midterm/Saved/Config/Windows/Scalability.ini]
[2022.10.25-20.20.07:596][  0]LogConfig: Setting CVar [[r.PostProcessAAQuality:4]]
[2022.10.25-20.20.07:596][  0]LogConfig: Applying CVar settings from Section [ShadowQuality@3] File [C:/Users/gosorio/Documents/Unreal Projects/midterm/Saved/Config/Windows/Scalability.ini]
[2022.10.25-20.20.07:596][  0]LogConfig: Setting CVar [[r.LightFunctionQuality:1]]
[2022.10.25-20.20.07:596][  0]LogConfig: Setting CVar [[r.ShadowQuality:5]]
[2022.10.25-20.20.07:596][  0]LogConfig: Setting CVar [[r.Shadow.CSM.MaxCascades:10]]
[2022.10.25-20.20.07:596][  0]LogConfig: Setting CVar [[r.Shadow.MaxResolution:2048]]
[2022.10.25-20.20.07:596][  0]LogConfig: Setting CVar [[r.Shadow.MaxCSMResolution:2048]]
[2022.10.25-20.20.07:596][  0]LogConfig: Setting CVar [[r.Shadow.RadiusThreshold:0.01]]
[2022.10.25-20.20.07:596][  0]LogConfig: Setting CVar [[r.Shadow.DistanceScale:1.0]]
[2022.10.25-20.20.07:596][  0]LogConfig: Setting CVar [[r.Shadow.CSM.TransitionScale:1.0]]
[2022.10.25-20.20.07:596][  0]LogConfig: Setting CVar [[r.Shadow.PreShadowResolutionFactor:1.0]]
[2022.10.25-20.20.07:596][  0]LogConfig: Setting CVar [[r.DistanceFieldShadowing:1]]
[2022.10.25-20.20.07:596][  0]LogConfig: Setting CVar [[r.DistanceFieldAO:1]]
[2022.10.25-20.20.07:596][  0]LogConfig: Setting CVar [[r.AOQuality:2]]
[2022.10.25-20.20.07:596][  0]LogConfig: Setting CVar [[r.VolumetricFog:1]]
[2022.10.25-20.20.07:596][  0]LogConfig: Setting CVar [[r.VolumetricFog.GridPixelSize:8]]
[2022.10.25-20.20.07:596][  0]LogConfig: Setting CVar [[r.VolumetricFog.GridSizeZ:128]]
[2022.10.25-20.20.07:596][  0]LogConfig: Setting CVar [[r.VolumetricFog.HistoryMissSupersampleCount:4]]
[2022.10.25-20.20.07:596][  0]LogConfig: Setting CVar [[r.LightMaxDrawDistanceScale:1]]
[2022.10.25-20.20.07:596][  0]LogConfig: Setting CVar [[r.CapsuleShadows:1]]
[2022.10.25-20.20.07:596][  0]LogConfig: Applying CVar settings from Section [PostProcessQuality@3] File [C:/Users/gosorio/Documents/Unreal Projects/midterm/Saved/Config/Windows/Scalability.ini]
[2022.10.25-20.20.07:596][  0]LogConfig: Setting CVar [[r.MotionBlurQuality:4]]
[2022.10.25-20.20.07:596][  0]LogConfig: Setting CVar [[r.AmbientOcclusionMipLevelFactor:0.4]]
[2022.10.25-20.20.07:596][  0]LogConfig: Setting CVar [[r.AmbientOcclusionMaxQuality:100]]
[2022.10.25-20.20.07:597][  0]LogConfig: Setting CVar [[r.AmbientOcclusionLevels:-1]]
[2022.10.25-20.20.07:597][  0]LogConfig: Setting CVar [[r.AmbientOcclusionRadiusScale:1.0]]
[2022.10.25-20.20.07:597][  0]LogConfig: Setting CVar [[r.DepthOfFieldQuality:2]]
[2022.10.25-20.20.07:597][  0]LogConfig: Setting CVar [[r.RenderTargetPoolMin:400]]
[2022.10.25-20.20.07:597][  0]LogConfig: Setting CVar [[r.LensFlareQuality:2]]
[2022.10.25-20.20.07:597][  0]LogConfig: Setting CVar [[r.SceneColorFringeQuality:1]]
[2022.10.25-20.20.07:597][  0]LogConfig: Setting CVar [[r.EyeAdaptationQuality:2]]
[2022.10.25-20.20.07:597][  0]LogConfig: Setting CVar [[r.BloomQuality:5]]
[2022.10.25-20.20.07:597][  0]LogConfig: Setting CVar [[r.FastBlurThreshold:100]]
[2022.10.25-20.20.07:597][  0]LogConfig: Setting CVar [[r.Upscale.Quality:3]]
[2022.10.25-20.20.07:597][  0]LogConfig: Setting CVar [[r.Tonemapper.GrainQuantization:1]]
[2022.10.25-20.20.07:597][  0]LogConfig: Setting CVar [[r.LightShaftQuality:1]]
[2022.10.25-20.20.07:597][  0]LogConfig: Setting CVar [[r.Filter.SizeScale:1]]
[2022.10.25-20.20.07:597][  0]LogConfig: Setting CVar [[r.Tonemapper.Quality:5]]
[2022.10.25-20.20.07:597][  0]LogConfig: Setting CVar [[r.DOF.Gather.AccumulatorQuality:1        ; higher gathering accumulator quality]]
[2022.10.25-20.20.07:597][  0]LogConfig: Setting CVar [[r.DOF.Gather.PostfilterMethod:1          ; Median3x3 postfilering method]]
[2022.10.25-20.20.07:597][  0]LogConfig: Setting CVar [[r.DOF.Gather.EnableBokehSettings:0       ; no bokeh simulation when gathering]]
[2022.10.25-20.20.07:597][  0]LogConfig: Setting CVar [[r.DOF.Gather.RingCount:4                 ; medium number of samples when gathering]]
[2022.10.25-20.20.07:597][  0]LogConfig: Setting CVar [[r.DOF.Scatter.ForegroundCompositing:1    ; additive foreground scattering]]
[2022.10.25-20.20.07:597][  0]LogConfig: Setting CVar [[r.DOF.Scatter.BackgroundCompositing:2    ; additive background scattering]]
[2022.10.25-20.20.07:597][  0]LogConfig: Setting CVar [[r.DOF.Scatter.EnableBokehSettings:1      ; bokeh simulation when scattering]]
[2022.10.25-20.20.07:597][  0]LogConfig: Setting CVar [[r.DOF.Scatter.MaxSpriteRatio:0.1         ; only a maximum of 10% of scattered bokeh]]
[2022.10.25-20.20.07:597][  0]LogConfig: Setting CVar [[r.DOF.Recombine.Quality:1                ; cheap slight out of focus]]
[2022.10.25-20.20.07:597][  0]LogConfig: Setting CVar [[r.DOF.Recombine.EnableBokehSettings:0    ; no bokeh simulation on slight out of focus]]
[2022.10.25-20.20.07:597][  0]LogConfig: Setting CVar [[r.DOF.TemporalAAQuality:1                ; more stable temporal accumulation]]
[2022.10.25-20.20.07:597][  0]LogConfig: Setting CVar [[r.DOF.Kernel.MaxForegroundRadius:0.025]]
[2022.10.25-20.20.07:597][  0]LogConfig: Setting CVar [[r.DOF.Kernel.MaxBackgroundRadius:0.025]]
[2022.10.25-20.20.07:597][  0]LogConfig: Applying CVar settings from Section [TextureQuality@3] File [C:/Users/gosorio/Documents/Unreal Projects/midterm/Saved/Config/Windows/Scalability.ini]
[2022.10.25-20.20.07:597][  0]LogConfig: Setting CVar [[r.Streaming.MipBias:0]]
[2022.10.25-20.20.07:597][  0]LogConfig: Setting CVar [[r.Streaming.AmortizeCPUToGPUCopy:0]]
[2022.10.25-20.20.07:597][  0]LogConfig: Setting CVar [[r.Streaming.MaxNumTexturesToStreamPerFrame:0]]
[2022.10.25-20.20.07:597][  0]LogConfig: Setting CVar [[r.Streaming.Boost:1]]
[2022.10.25-20.20.07:597][  0]LogConfig: Setting CVar [[r.MaxAnisotropy:8]]
[2022.10.25-20.20.07:597][  0]LogConfig: Setting CVar [[r.VT.MaxAnisotropy:8]]
[2022.10.25-20.20.07:597][  0]LogConfig: Setting CVar [[r.Streaming.LimitPoolSizeToVRAM:0]]
[2022.10.25-20.20.07:597][  0]LogConfig: Setting CVar [[r.Streaming.PoolSize:1000]]
[2022.10.25-20.20.07:597][  0]LogConfig: Setting CVar [[r.Streaming.MaxEffectiveScreenSize:0]]
[2022.10.25-20.20.07:597][  0]LogConfig: Applying CVar settings from Section [EffectsQuality@3] File [C:/Users/gosorio/Documents/Unreal Projects/midterm/Saved/Config/Windows/Scalability.ini]
[2022.10.25-20.20.07:597][  0]LogConfig: Setting CVar [[r.TranslucencyLightingVolumeDim:64]]
[2022.10.25-20.20.07:597][  0]LogConfig: Setting CVar [[r.RefractionQuality:2]]
[2022.10.25-20.20.07:597][  0]LogConfig: Setting CVar [[r.SSR.Quality:3]]
[2022.10.25-20.20.07:597][  0]LogConfig: Setting CVar [[r.SSR.HalfResSceneColor:0]]
[2022.10.25-20.20.07:597][  0]LogConfig: Setting CVar [[r.SceneColorFormat:4]]
[2022.10.25-20.20.07:597][  0]LogConfig: Setting CVar [[r.DetailMode:2]]
[2022.10.25-20.20.07:597][  0]LogConfig: Setting CVar [[r.TranslucencyVolumeBlur:1]]
[2022.10.25-20.20.07:597][  0]LogConfig: Setting CVar [[r.MaterialQualityLevel:1 ; High quality]]
[2022.10.25-20.20.07:597][  0]LogConfig: Setting CVar [[r.AnisotropicMaterials:1]]
[2022.10.25-20.20.07:597][  0]LogConfig: Setting CVar [[r.SSS.Scale:1]]
[2022.10.25-20.20.07:597][  0]LogConfig: Setting CVar [[r.SSS.SampleSet:2]]
[2022.10.25-20.20.07:597][  0]LogConfig: Setting CVar [[r.SSS.Quality:1]]
[2022.10.25-20.20.07:597][  0]LogConfig: Setting CVar [[r.SSS.HalfRes:0]]
[2022.10.25-20.20.07:597][  0]LogConfig: Setting CVar [[r.SSGI.Quality:3]]
[2022.10.25-20.20.07:597][  0]LogConfig: Setting CVar [[r.EmitterSpawnRateScale:1.0]]
[2022.10.25-20.20.07:597][  0]LogConfig: Setting CVar [[r.ParticleLightQuality:2]]
[2022.10.25-20.20.07:597][  0]LogConfig: Setting CVar [[r.SkyAtmosphere.AerialPerspectiveLUT.FastApplyOnOpaque:1 ; Always have FastSkyLUT 1 in this case to avoid wrong sky]]
[2022.10.25-20.20.07:597][  0]LogConfig: Setting CVar [[r.SkyAtmosphere.AerialPerspectiveLUT.SampleCountMaxPerSlice:4]]
[2022.10.25-20.20.07:597][  0]LogConfig: Setting CVar [[r.SkyAtmosphere.AerialPerspectiveLUT.DepthResolution:16.0]]
[2022.10.25-20.20.07:597][  0]LogConfig: Setting CVar [[r.SkyAtmosphere.FastSkyLUT:1]]
[2022.10.25-20.20.07:597][  0]LogConfig: Setting CVar [[r.SkyAtmosphere.FastSkyLUT.SampleCountMin:4.0]]
[2022.10.25-20.20.07:597][  0]LogConfig: Setting CVar [[r.SkyAtmosphere.FastSkyLUT.SampleCountMax:128.0]]
[2022.10.25-20.20.07:597][  0]LogConfig: Setting CVar [[r.SkyAtmosphere.SampleCountMin:4.0]]
[2022.10.25-20.20.07:597][  0]LogConfig: Setting CVar [[r.SkyAtmosphere.SampleCountMax:128.0]]
[2022.10.25-20.20.07:597][  0]LogConfig: Setting CVar [[r.SkyAtmosphere.TransmittanceLUT.UseSmallFormat:0]]
[2022.10.25-20.20.07:597][  0]LogConfig: Setting CVar [[r.SkyAtmosphere.TransmittanceLUT.SampleCount:10.0]]
[2022.10.25-20.20.07:597][  0]LogConfig: Setting CVar [[r.SkyAtmosphere.MultiScatteringLUT.SampleCount:15.0]]
[2022.10.25-20.20.07:597][  0]LogConfig: Setting CVar [[r.SkyLight.RealTimeReflectionCapture:1]]
[2022.10.25-20.20.07:597][  0]LogConfig: Applying CVar settings from Section [FoliageQuality@3] File [C:/Users/gosorio/Documents/Unreal Projects/midterm/Saved/Config/Windows/Scalability.ini]
[2022.10.25-20.20.07:597][  0]LogConfig: Setting CVar [[foliage.DensityScale:1.0]]
[2022.10.25-20.20.07:597][  0]LogConfig: Setting CVar [[grass.DensityScale:1.0]]
[2022.10.25-20.20.07:597][  0]LogConfig: Applying CVar settings from Section [ShadingQuality@3] File [C:/Users/gosorio/Documents/Unreal Projects/midterm/Saved/Config/Windows/Scalability.ini]
[2022.10.25-20.20.07:597][  0]LogConfig: Setting CVar [[r.HairStrands.SkyLighting.IntegrationType:2]]
[2022.10.25-20.20.07:597][  0]LogConfig: Setting CVar [[r.HairStrands.SkyAO.SampleCount:4]]
[2022.10.25-20.20.07:597][  0]LogConfig: Setting CVar [[r.HairStrands.Visibility.MSAA.SamplePerPixel:4]]
[2022.10.25-20.20.07:597][  0]LogConfig: Applying CVar settings from Section [Startup] File [../../../Engine/Config/ConsoleVariables.ini]
[2022.10.25-20.20.07:598][  0]LogConfig: Setting CVar [[net.UseAdaptiveNetUpdateFrequency:0]]
[2022.10.25-20.20.07:598][  0]LogConfig: Setting CVar [[p.chaos.AllowCreatePhysxBodies:1]]
[2022.10.25-20.20.07:598][  0]LogConfig: Setting CVar [[fx.SkipVectorVMBackendOptimizations:1]]
[2022.10.25-20.20.07:598][  0]LogConfig: Applying CVar settings from Section [ConsoleVariables] File [C:/Users/gosorio/Documents/Unreal Projects/midterm/Saved/Config/Windows/Engine.ini]
[2022.10.25-20.20.07:598][  0]LogConfig: Applying CVar settings from Section [ConsoleVariables] File [C:/Users/gosorio/Documents/Unreal Projects/midterm/Saved/Config/Windows/Editor.ini]
[2022.10.25-20.20.07:598][  0]LogInit: Computer: 5CD911CWQ8
[2022.10.25-20.20.07:598][  0]LogInit: User: gosorio
[2022.10.25-20.20.07:598][  0]LogInit: CPU Page size=4096, Cores=6
[2022.10.25-20.20.07:598][  0]LogInit: High frequency timer resolution =10.000000 MHz
[2022.10.25-20.20.07:598][  0]LogMemory: Memory total: Physical=15.8GB (16GB approx)
[2022.10.25-20.20.07:598][  0]LogMemory: Platform Memory Stats for Windows
[2022.10.25-20.20.07:598][  0]LogMemory: Process Physical Memory: 147.29 MB used, 147.29 MB peak
[2022.10.25-20.20.07:598][  0]LogMemory: Process Virtual Memory: 132.27 MB used, 132.27 MB peak
[2022.10.25-20.20.07:598][  0]LogMemory: Physical Memory: 8919.29 MB used,  7311.11 MB free, 16230.40 MB total
[2022.10.25-20.20.07:598][  0]LogMemory: Virtual Memory: 134210752.00 MB used,  6978.00 MB free, 134217728.00 MB total
[2022.10.25-20.20.07:606][  0]LogWindows: WindowsPlatformFeatures enabled
[2022.10.25-20.20.07:644][  0]LogInit: Physics initialised using underlying interface: PhysX
[2022.10.25-20.20.07:645][  0]LogInit: Using OS detected language (en-US).
[2022.10.25-20.20.07:645][  0]LogInit: Using OS detected locale (en-US).
[2022.10.25-20.20.07:651][  0]LogTextLocalizationManager: No specific localization for 'en-US' exists, so the 'en' localization will be used.
[2022.10.25-20.20.07:843][  0]LogInit: Setting process to per monitor DPI aware
[2022.10.25-20.20.07:866][  0]LogWindowsTextInputMethodSystem: Display: IME system deactivated.
[2022.10.25-20.20.07:881][  0]LogSlate: New Slate User Created.  User Index 0, Is Virtual User: 0
[2022.10.25-20.20.07:882][  0]LogSlate: Slate User Registered.  User Index 0, Is Virtual User: 0
[2022.10.25-20.20.08:109][  0]LogD3D11RHI: Loaded GFSDK_Aftermath_Lib.x64.dll
[2022.10.25-20.20.08:119][  0]LogHMD: Failed to initialize OpenVR with code 110
[2022.10.25-20.20.08:119][  0]LogD3D11RHI: D3D11 min allowed feature level: 11_0
[2022.10.25-20.20.08:119][  0]LogD3D11RHI: D3D11 max allowed feature level: 11_0
[2022.10.25-20.20.08:119][  0]LogD3D11RHI: D3D11 adapters:
[2022.10.25-20.20.08:231][  0]LogD3D11RHI:    0. 'NVIDIA Quadro P2000' (Feature Level 11_0)
[2022.10.25-20.20.08:231][  0]LogD3D11RHI:       4019/0/8115 MB DedicatedVideo/DedicatedSystem/SharedSystem, Outputs:1, VendorId:0x10de
[2022.10.25-20.20.08:235][  0]LogD3D11RHI:    1. 'Microsoft Basic Render Driver' (Feature Level 11_0)
[2022.10.25-20.20.08:235][  0]LogD3D11RHI:       0/0/8115 MB DedicatedVideo/DedicatedSystem/SharedSystem, Outputs:0, VendorId:0x1414
[2022.10.25-20.20.08:235][  0]LogD3D11RHI: Chosen D3D11 Adapter:
[2022.10.25-20.20.08:235][  0]LogD3D11RHI:     Description : NVIDIA Quadro P2000
[2022.10.25-20.20.08:235][  0]LogD3D11RHI:     VendorId    : 10de
[2022.10.25-20.20.08:235][  0]LogD3D11RHI:     DeviceId    : 1cba
[2022.10.25-20.20.08:235][  0]LogD3D11RHI:     SubSysId    : 8451103c
[2022.10.25-20.20.08:235][  0]LogD3D11RHI:     Revision    : 00a1
[2022.10.25-20.20.08:235][  0]LogD3D11RHI:     DedicatedVideoMemory : 4214226944 bytes
[2022.10.25-20.20.08:235][  0]LogD3D11RHI:     DedicatedSystemMemory : 0 bytes
[2022.10.25-20.20.08:235][  0]LogD3D11RHI:     SharedSystemMemory : 8509403136 bytes
[2022.10.25-20.20.08:235][  0]LogD3D11RHI:     AdapterLuid : 0 186481
[2022.10.25-20.20.08:244][  0]LogD3D11RHI: Creating new Direct3DDevice
[2022.10.25-20.20.08:244][  0]LogD3D11RHI:     GPU DeviceId: 0x1cba (for the marketing name, search the web for "GPU Device Id")
[2022.10.25-20.20.08:244][  0]LogWindows: EnumDisplayDevices:
[2022.10.25-20.20.08:244][  0]LogWindows:    0. 'NVIDIA Quadro P2000' (P:1 D:1)
[2022.10.25-20.20.08:245][  0]LogWindows:    1. 'NVIDIA Quadro P2000' (P:0 D:0)
[2022.10.25-20.20.08:246][  0]LogWindows:    2. 'NVIDIA Quadro P2000' (P:0 D:0)
[2022.10.25-20.20.08:247][  0]LogWindows:    3. 'NVIDIA Quadro P2000' (P:0 D:0)
[2022.10.25-20.20.08:247][  0]LogWindows: DebugString: FoundDriverCount:4 
[2022.10.25-20.20.08:247][  0]LogD3D11RHI:     Adapter Name: NVIDIA Quadro P2000
[2022.10.25-20.20.08:247][  0]LogD3D11RHI:   Driver Version: 473.34 (internal:30.0.14.7334, unified:473.34)
[2022.10.25-20.20.08:247][  0]LogD3D11RHI:      Driver Date: 4-4-2022
[2022.10.25-20.20.08:247][  0]LogRHI: Texture pool is 2813 MB (70% of 4019 MB)
[2022.10.25-20.20.08:247][  0]LogD3D11RHI: Creating D3DDevice using adapter:
[2022.10.25-20.20.08:247][  0]LogD3D11RHI:     Description : NVIDIA Quadro P2000
[2022.10.25-20.20.08:247][  0]LogD3D11RHI:     VendorId    : 10de
[2022.10.25-20.20.08:247][  0]LogD3D11RHI:     DeviceId    : 1cba
[2022.10.25-20.20.08:247][  0]LogD3D11RHI:     SubSysId    : 8451103c
[2022.10.25-20.20.08:247][  0]LogD3D11RHI:     Revision    : 00a1
[2022.10.25-20.20.08:247][  0]LogD3D11RHI:     DedicatedVideoMemory : 4214226944 bytes
[2022.10.25-20.20.08:247][  0]LogD3D11RHI:     DedicatedSystemMemory : 0 bytes
[2022.10.25-20.20.08:247][  0]LogD3D11RHI:     SharedSystemMemory : 8509403136 bytes
[2022.10.25-20.20.08:247][  0]LogD3D11RHI:     AdapterLuid : 0 186481
[2022.10.25-20.20.08:319][  0]LogD3D11RHI: RHI has support for 64 bit atomics
[2022.10.25-20.20.08:319][  0]LogD3D11RHI: Async texture creation enabled
[2022.10.25-20.20.08:319][  0]LogD3D11RHI: Array index from any shader is supported
[2022.10.25-20.20.08:338][  0]LogD3D11RHI: GPU Timing Frequency: 1000.000000 (Debug: 2 1)
[2022.10.25-20.20.08:431][  0]LogRHI: GeForceNow SDK initialized: 1
[2022.10.25-20.20.09:027][  0]LogTargetPlatformManager: Display: Loaded TargetPlatform 'AllDesktop'
[2022.10.25-20.20.09:057][  0]LogTargetPlatformManager: Display: Loaded TargetPlatform 'Android'
[2022.10.25-20.20.09:057][  0]LogTargetPlatformManager: Display: Loaded TargetPlatform 'Android_ASTC'
[2022.10.25-20.20.09:057][  0]LogTargetPlatformManager: Display: Loaded TargetPlatform 'Android_DXT'
[2022.10.25-20.20.09:057][  0]LogTargetPlatformManager: Display: Loaded TargetPlatform 'Android_ETC2'
[2022.10.25-20.20.09:057][  0]LogTargetPlatformManager: Display: Loaded TargetPlatform 'AndroidClient'
[2022.10.25-20.20.09:057][  0]LogTargetPlatformManager: Display: Loaded TargetPlatform 'Android_ASTCClient'
[2022.10.25-20.20.09:057][  0]LogTargetPlatformManager: Display: Loaded TargetPlatform 'Android_DXTClient'
[2022.10.25-20.20.09:057][  0]LogTargetPlatformManager: Display: Loaded TargetPlatform 'Android_ETC2Client'
[2022.10.25-20.20.09:057][  0]LogTargetPlatformManager: Display: Loaded TargetPlatform 'Android_Multi'
[2022.10.25-20.20.09:057][  0]LogTargetPlatformManager: Display: Loaded TargetPlatform 'Android_MultiClient'
[2022.10.25-20.20.09:085][  0]LogTargetPlatformManager: Display: Loaded TargetPlatform 'IOSClient'
[2022.10.25-20.20.09:085][  0]LogTargetPlatformManager: Display: Loaded TargetPlatform 'IOS'
[2022.10.25-20.20.09:097][  0]LogTargetPlatformManager: Display: Loaded TargetPlatform 'Linux'
[2022.10.25-20.20.09:104][  0]LogTargetPlatformManager: Display: Loaded TargetPlatform 'LinuxNoEditor'
[2022.10.25-20.20.09:113][  0]LogTargetPlatformManager: Display: Loaded TargetPlatform 'LinuxClient'
[2022.10.25-20.20.09:122][  0]LogTargetPlatformManager: Display: Loaded TargetPlatform 'LinuxServer'
[2022.10.25-20.20.09:142][  0]LogTargetPlatformManager: Display: Loaded TargetPlatform 'LinuxAArch64NoEditor'
[2022.10.25-20.20.09:149][  0]LogTargetPlatformManager: Display: Loaded TargetPlatform 'LinuxAArch64Client'
[2022.10.25-20.20.09:156][  0]LogTargetPlatformManager: Display: Loaded TargetPlatform 'LinuxAArch64Server'
[2022.10.25-20.20.09:185][  0]LogTargetPlatformManager: Display: Loaded TargetPlatform 'Lumin'
[2022.10.25-20.20.09:185][  0]LogTargetPlatformManager: Display: Loaded TargetPlatform 'LuminClient'
[2022.10.25-20.20.09:197][  0]LogTargetPlatformManager: Display: Loaded TargetPlatform 'MacNoEditor'
[2022.10.25-20.20.09:204][  0]LogTargetPlatformManager: Display: Loaded TargetPlatform 'Mac'
[2022.10.25-20.20.09:210][  0]LogTargetPlatformManager: Display: Loaded TargetPlatform 'MacClient'
[2022.10.25-20.20.09:217][  0]LogTargetPlatformManager: Display: Loaded TargetPlatform 'MacServer'
[2022.10.25-20.20.09:232][  0]LogTargetPlatformManager: Display: Loaded TargetPlatform 'TVOSClient'
[2022.10.25-20.20.09:232][  0]LogTargetPlatformManager: Display: Loaded TargetPlatform 'TVOS'
[2022.10.25-20.20.09:243][  0]LogTargetPlatformManager: Display: Loaded TargetPlatform 'WindowsNoEditor'
[2022.10.25-20.20.09:250][  0]LogTargetPlatformManager: Display: Loaded TargetPlatform 'Windows'
[2022.10.25-20.20.09:258][  0]LogTargetPlatformManager: Display: Loaded TargetPlatform 'WindowsClient'
[2022.10.25-20.20.09:266][  0]LogTargetPlatformManager: Display: Loaded TargetPlatform 'WindowsServer'
[2022.10.25-20.20.09:266][  0]LogTargetPlatformManager: Display: Building Assets For Windows
[2022.10.25-20.20.09:282][  0]LogAudioDebug: Display: Lib vorbis DLL was dynamically loaded.
[2022.10.25-20.20.09:346][  0]LogTextureFormatOodle: Display: Oodle Texture 2.9.0 init RDO Off
[2022.10.25-20.20.09:411][  0]LogRendererCore: Ray tracing is disabled. Reason: r.RayTracing=0.
[2022.10.25-20.20.09:411][  0]LogShaderCompilers: Guid format shader working directory is -18 characters bigger than the processId version (../../../../../../Users/gosorio/Documents/Unreal Projects/midterm/Intermediate/Shaders/WorkingDirectory/27060/).
[2022.10.25-20.20.09:411][  0]LogShaderCompilers: Cleaned the shader compiler working directory 'C:/Users/gosorio/AppData/Local/Temp/UnrealShaderWorkingDir/E6D1408F4867F43F0ECE9183E59E17F3/'.
[2022.10.25-20.20.09:411][  0]LogXGEController: Cannot use XGE Controller as Incredibuild is not installed on this machine.
[2022.10.25-20.20.09:411][  0]LogShaderCompilers: Cannot use XGE Shader Compiler as Incredibuild is not installed on this machine.
[2022.10.25-20.20.09:411][  0]LogShaderCompilers: Display: Using Local Shader Compiler.
[2022.10.25-20.20.10:321][  0]LogDerivedDataCache: Display: Max Cache Size: 512 MB
[2022.10.25-20.20.10:387][  0]LogDerivedDataCache: Loaded boot cache 0.07s 94MB C:/Users/gosorio/AppData/Local/UnrealEngine/4.27/DerivedDataCache/Boot.ddc.
[2022.10.25-20.20.10:387][  0]LogDerivedDataCache: Display: Loaded Boot cache: C:/Users/gosorio/AppData/Local/UnrealEngine/4.27/DerivedDataCache/Boot.ddc
[2022.10.25-20.20.10:387][  0]LogDerivedDataCache: FDerivedDataBackendGraph:  Pak pak cache file ../../../../../../Users/gosorio/Documents/Unreal Projects/midterm/DerivedDataCache/DDC.ddp not found, will not use a pak cache.
[2022.10.25-20.20.10:388][  0]LogDerivedDataCache: Unable to find inner node Pak for hierarchical cache Hierarchy.
[2022.10.25-20.20.10:388][  0]LogDerivedDataCache: FDerivedDataBackendGraph:  CompressedPak pak cache file ../../../../../../Users/gosorio/Documents/Unreal Projects/midterm/DerivedDataCache/Compressed.ddp not found, will not use a pak cache.
[2022.10.25-20.20.10:388][  0]LogDerivedDataCache: Unable to find inner node CompressedPak for hierarchical cache Hierarchy.
[2022.10.25-20.20.10:406][  0]LogDerivedDataCache: Display: Pak cache opened for reading ../../../Engine/DerivedDataCache/Compressed.ddp.
[2022.10.25-20.20.10:406][  0]LogDerivedDataCache: FDerivedDataBackendGraph:  EnterprisePak pak cache file ../../../Enterprise/DerivedDataCache/Compressed.ddp not found, will not use a pak cache.
[2022.10.25-20.20.10:406][  0]LogDerivedDataCache: Unable to find inner node EnterprisePak for hierarchical cache Hierarchy.
[2022.10.25-20.20.10:419][  0]LogDerivedDataCache: Speed tests for C:/Users/gosorio/AppData/Local/UnrealEngine/Common/DerivedDataCache took 0.01 seconds
[2022.10.25-20.20.10:419][  0]LogDerivedDataCache: Display: Performance to C:/Users/gosorio/AppData/Local/UnrealEngine/Common/DerivedDataCache: Latency=0.02ms. RandomReadSpeed=628.51MBs, RandomWriteSpeed=84.26MBs. Assigned SpeedClass 'Local'
[2022.10.25-20.20.10:420][  0]LogDerivedDataCache: Using Local data cache path C:/Users/gosorio/AppData/Local/UnrealEngine/Common/DerivedDataCache: Writable
[2022.10.25-20.20.10:420][  0]LogDerivedDataCache: Shared data cache path not found in *engine.ini, will not use an Shared cache.
[2022.10.25-20.20.10:420][  0]LogDerivedDataCache: Unable to find inner node Shared for hierarchical cache Hierarchy.
[2022.10.25-20.20.10:469][  0]LogSlate: Using FreeType 2.10.0
[2022.10.25-20.20.10:470][  0]LogSlate: SlateFontServices - WITH_FREETYPE: 1, WITH_HARFBUZZ: 1
[2022.10.25-20.20.10:513][  0]LogAssetRegistry: FAssetRegistry took 0.0062 seconds to start up
[2022.10.25-20.20.10:826][  0]LogInit: Selected Device Profile: [Windows]
[2022.10.25-20.20.10:826][  0]LogInit: Active device profile: [000002BD0760DF00][000002BD7E4B6900 49] Windows
[2022.10.25-20.20.10:826][  0]LogInit: Profiles: [000002BD0760DF00][000002BD7E4B6900 49] Windows, [000002BD075CFA00][000002BD7EA9CA40 49] WindowsNoEditor, [000002BD0760DA00][000002BD7EDDEB80 49] WindowsServer, [000002BD075CF800][000002BD7EDE6D00 49] WindowsClient, [000002BD0760DB00][000002BD7EDEAE80 49] IOS, [000002BD075CFD00][000002BD7EDEF000 49] iPadAir, [000002BD0760D500][000002BD081D1180 49] iPadAir2, [000002BD07575300][000002BD081D9440 49] IPadPro, [000002BD07575400][000002BD081D5480 49] iPadAir3, [000002BD0760FB00][000002BD081DD600 49] iPadAir4, [000002BD07577300][000002BD081E1780 49] iPadMini2, [000002BD0760C800][000002BD081E5900 49] iPadMini3, [000002BD07574D00][000002BD081E9A80 49] iPadMini4, [000002BD0760F400][000002BD081EDC00 49] iPadMini5, [000002BD0757CC00][000002BD081F4340 49] iPhone6, [000002BD0757CD00][000002BD081F0380 49] iPodTouch6, [000002BD075CF400][000002BD081FC640 49] iPhone7, [000002BD075CF500][000002BD081F8680 49] iPodTouch7, [000002BD0757ED00][000002BD08200800 49] iPhone5S, [000002BD075CEF00][000002BD7EDE2940 49] iPhone6Plus, [000002BD0757C800][000002BD08204A80 49] iPhone6S, [000002BD075CED00][000002BD08208BC0 49] iPhone6SPlus, [000002BD0757E300][000002BD0820CD00 49] iPhone7Plus, [000002BD075CCA00][000002BD08214E80 49] iPhoneSE, [000002BD0757CE00][000002BD08219000 49] iPhone8, [000002BD075CEE00][000002BD0821D180 49] iPhone8Plus, [000002BD0757F900][000002BD08221300 49] iPhoneX, [000002BD075CEA00][000002BD08225480 49] iPhoneXS, [000002BD0757F000][000002BD08229600 49] iPhoneXSMax, [000002BD075CDA00][000002BD0822D780 49] iPhoneXR, [000002BD0757F500][000002BD7EB35900 49] iPhone11, [000002BD075CDD00][000002BD7EB39A80 49] iPhone11Pro, [000002BD0757DB00][000002BD7EB3DC00 49] iPhone11ProMax, [000002BD075CC800][000002BD7EB40200 49] iPhoneSE2, [000002BD0757DF00][000002BD7EB44380 49] iPhone12Mini, [000002BD075CE600][000002BD7EB48500 49] iPhone12, [000002BD0757EB00][000002BD7EB4C680 49] iPhone12Pro, [000002BD075CE700][000002BD7EB50800 49] iPhone12ProMax, [000002BD0757F600][000002BD7EB54980 49] iPadPro105, [000002BD075CE500][000002BD7EB58B00 49] iPadPro129, [000002BD0757FF00][000002BD08210C40 49] iPadPro97, [000002BD075CC700][000002BD7EB5CD80 49] iPadPro2_129, [000002BD0760E200][000002BD7EB60EC0 49] iPad5, [000002BD07670800][000002BD7EB69040 49] iPad6, [000002BD075CDF00][000002BD7EB6D1C0 49] iPad7, [000002BD0757C200][000002BD7EB71340 49] iPad8, [000002BD0760EA00][000002BD7EB754C0 49] iPadPro11, [000002BD0757C600][000002BD7EB79640 49] iPadPro2_11, [000002BD0760EC00][000002BD7EB7D7C0 49] iPadPro3_129, [000002BD0757E500][000002BD7EB81940 49] iPadPro4_129, [000002BD075CC200][000002BD7EB85AC0 49] AppleTV, [000002BD0757DC00][000002BD7EB880C0 49] AppleTV4K, [000002BD075CD200][000002BD7EB8C240 49] TVOS, [000002BD0757CF00][000002BD7EB903C0 49] Mac, [000002BD075CF200][000002BD7EB94540 49] MacClient, [000002BD0757C400][000002BD7EB986C0 49] MacNoEditor, [000002BD075CFB00][000002BD7EB9C840 49] MacServer, [000002BD0757EE00][000002BD7EBA09C0 49] Linux, [000002BD075CFC00][000002BD7EBA4B40 49] LinuxAArch64, [000002BD0757D400][000002BD7EBA8CC0 49] LinuxNoEditor, [000002BD075CEC00][000002BD7EB64E00 49] LinuxAArch64NoEditor, [000002BD0757E200][000002BD7EBACF40 49] LinuxClient, [000002BD075CF600][000002BD7EBB1080 49] LinuxAArch64Client, [000002BD0757D700][000002BD7EBB51C0 49] LinuxServer, [000002BD075CCD00][000002BD7EBBD340 49] LinuxAArch64Server, [000002BD0757E600][000002BD7EBC14C0 49] Android, [000002BD075CF100][000002BD7EBC5640 49] Android_Low, [000002BD0757EC00][000002BD7EBC97C0 49] Android_Mid, [000002BD075CE100][000002BD7EBCD940 49] Android_High, [000002BD0757DE00][000002BD08241AC0 49] Android_Default, [000002BD075CD100][000002BD082440C0 49] Android_Adreno4xx, [000002BD0757D600][000002BD08248240 49] Android_Adreno5xx_Low, [000002BD075CCF00][000002BD0824C3C0 49] Android_Adreno5xx, [000002BD0757F800][000002BD08250540 49] Android_Adreno6xx, [000002BD075CD300][000002BD082546C0 49] Android_Adreno6xx_Vulkan, [000002BD0757D500][000002BD0830A840 49] Android_Mali_T6xx, [000002BD075CE400][000002BD0840E9C0 49] Android_Mali_T7xx, [000002BD0757FD00][000002BD084CEB40 49] Android_Mali_T8xx, [000002BD075CE800][000002BD7E834CC0 49] Android_Mali_G71, [000002BD0757EF00][000002BD7E838E40 49] Android_Mali_G72, [000002BD075CFE00][000002BD7EBB8F80 49] Android_Mali_G72_Vulkan, [000002BD0757CA00][000002BD7E8410C0 49] Android_Mali_G76, [000002BD075CD000][000002BD7E845200 49] Android_Mali_G76_Vulkan, [000002BD0757F300][000002BD07F77340 49] Android_Mali_G77, [000002BD075CDE00][000002BD7E8514C0 49] Android_Mali_G77_Vulkan, [000002BD0757F200][000002BD7E87B640 49] Android_Mali_G78, [000002BD07575000][000002BD7E8837C0 49] Android_Mali_G78_Vulkan, [000002BD0760F000][000002BD7E8E3940 49] Android_Mali_G710, [000002BD07576C00][000002BD7E8F7AC0 49] Android_Mali_G710_Vulkan, [000002BD0760E100][000002BD7E9040C0 49] Android_Vulkan_SM5, [000002BD07577C00][000002BD7E47C240 49] Android_PowerVR_G6xxx, [000002BD0760D800][000002BD7E4A03C0 49] Android_PowerVR_GT7xxx, [000002BD07575F00][000002BD7E4A4540 49] Android_PowerVR_GE8xxx, [000002BD0760E300][000002BD7E4A86C0 49] Android_PowerVR_GM9xxx, [000002BD07577100][000002BD09238840 49] Android_PowerVR_GM9xxx_Vulkan, [000002BD0760CB00][000002BD083F89C0 49] Android_TegraK1, [000002BD07576600][000002BD0926CB40 49] Android_Unknown_Vulkan, [000002BD0760D700][000002BD083FCCC0 49] Lumin, [000002BD07671700][000002BD08400E40 49] Lumin_Desktop, [000002BD0760CD00][000002BD082FCFC0 49] HoloLens, 
[2022.10.25-20.20.11:040][  0]LogMeshReduction: Using QuadricMeshReduction for automatic static mesh reduction
[2022.10.25-20.20.11:041][  0]LogMeshReduction: Using SimplygonMeshReduction for automatic skeletal mesh reduction
[2022.10.25-20.20.11:041][  0]LogMeshReduction: Using ProxyLODMeshReduction for automatic mesh merging
[2022.10.25-20.20.11:041][  0]LogMeshReduction: No distributed automatic mesh merging module available
[2022.10.25-20.20.11:041][  0]LogMeshMerging: No distributed automatic mesh merging module available
[2022.10.25-20.20.11:076][  0]LogNetVersion: midterm 1.0.0, NetCL: 17155196, EngineNetVer: 17, GameNetVer: 0 (Checksum: 1341048358)
[2022.10.25-20.20.11:654][  0]LogTexture: Default maximum texture size for cubemaps generated from long-lat sources has been changed from 512 to unlimited. In order to preserve old behaiour for '/Engine/MapTemplates/Sky/DaylightAmbientCubemap.DaylightAmbientCubemap', its maximum texture size has been explicitly set to 512.
[2022.10.25-20.20.11:726][  0]LogHMD: PokeAHoleMaterial loaded successfully
[2022.10.25-20.20.11:733][  0]LogUObjectArray: 17178 objects as part of root set at end of initial load.
[2022.10.25-20.20.11:734][  0]LogUObjectAllocator: 4302048 out of 0 bytes used by permanent object pool.
[2022.10.25-20.20.11:734][  0]LogUObjectArray: CloseDisregardForGC: 0/0 objects in disregard for GC pool
[2022.10.25-20.20.12:232][  0]LogNiagaraDebuggerClient: Niagara Debugger Client Initialized | Session: 88DFE6834612C08F178598AC834DA4D8 | Instance: 632A75FC4EDC7DB5E198DF8E2F15A874 (5CD911CWQ8-27060).
[2022.10.25-20.20.12:526][  0]LogPython: Using Python 3.7.7
[2022.10.25-20.20.13:775][  0]LogTcpMessaging: Initializing TcpMessaging bridge
[2022.10.25-20.20.13:801][  0]LogUdpMessaging: Initializing bridge on interface 0.0.0.0:0 to multicast group 230.0.0.1:6666.
[2022.10.25-20.20.14:166][  0]SourceControl: Source control is disabled
[2022.10.25-20.20.14:166][  0]SourceControl: Source control is disabled
[2022.10.25-20.20.14:175][  0]SourceControl: Source control is disabled
[2022.10.25-20.20.14:181][  0]SourceControl: Source control is disabled
[2022.10.25-20.20.14:197][  0]SourceControl: Source control is disabled
[2022.10.25-20.20.14:248][  0]LogUProjectInfo: Found projects:
[2022.10.25-20.20.14:665][  0]LogOpenImageDenoise: OIDN starting up
[2022.10.25-20.20.14:724][  0]LogAndroidPermission: UAndroidPermissionCallbackProxy::GetInstance
[2022.10.25-20.20.14:752][  0]LogAudioCaptureCore: Display: No Audio Capture implementations found. Audio input will be silent.
[2022.10.25-20.20.14:752][  0]LogAudioCaptureCore: Display: No Audio Capture implementations found. Audio input will be silent.
[2022.10.25-20.20.14:977][  0]LogCollectionManager: Loaded 0 collections in 0.002088 seconds
[2022.10.25-20.20.15:008][  0]LogFileCache: Scanning file cache for directory 'C:/Users/gosorio/Documents/Unreal Projects/midterm/Saved/Collections/' took 0.00s
[2022.10.25-20.20.15:009][  0]LogFileCache: Scanning file cache for directory 'C:/Users/gosorio/Documents/Unreal Projects/midterm/Content/Developers/gosorio/Collections/' took 0.00s
[2022.10.25-20.20.15:009][  0]LogFileCache: Scanning file cache for directory 'C:/Users/gosorio/Documents/Unreal Projects/midterm/Content/Collections/' took 0.00s
[2022.10.25-20.20.15:009][  0]LogOcInput: OculusInput pre-init called
[2022.10.25-20.20.15:339][  0]LogEngine: Initializing Engine...
[2022.10.25-20.20.15:348][  0]LogHMD: Failed to enumerate extensions. Please check that you have a valid OpenXR runtime installed.
[2022.10.25-20.20.15:349][  0]LogHMD: Failed to initialize OpenVR with code 110
[2022.10.25-20.20.15:349][  0]LogMagicLeap: Warning: VR disabled because ZI is not enabled.  To enable, in the editor, Edit -> Project Settings -> Plugins -> Magic Leap Plugin -> Enable Zero Iteration
[2022.10.25-20.20.15:350][  0]LogStats: UGameplayTagsManager::InitializeManager -  0.000 s
[2022.10.25-20.20.15:531][  0]LogInit: Initializing FReadOnlyCVARCache
[2022.10.25-20.20.15:544][  0]LogAIModule: Creating AISystem for world Untitled
[2022.10.25-20.20.15:546][  0]LogAudio: Display: Initializing Audio Device Manager...
[2022.10.25-20.20.15:551][  0]LogAudio: Display: Loading Default Audio Settings Objects...
[2022.10.25-20.20.15:552][  0]LogAudio: Display: No default SoundConcurrencyObject specified (or failed to load).
[2022.10.25-20.20.15:552][  0]LogAudio: Display: Audio Device Manager Initialized
[2022.10.25-20.20.15:553][  0]LogAudio: Display: Creating Audio Device:                 Id: 1, Scope: Shared, Realtime: True
[2022.10.25-20.20.15:553][  0]LogAudioMixer: Display: Audio Mixer Platform Settings:
[2022.10.25-20.20.15:553][  0]LogAudioMixer: Display: 	Sample Rate:						  48000
[2022.10.25-20.20.15:553][  0]LogAudioMixer: Display: 	Callback Buffer Frame Size Requested: 1024
[2022.10.25-20.20.15:553][  0]LogAudioMixer: Display: 	Callback Buffer Frame Size To Use:	  1024
[2022.10.25-20.20.15:553][  0]LogAudioMixer: Display: 	Number of buffers to queue:			  2
[2022.10.25-20.20.15:553][  0]LogAudioMixer: Display: 	Max Channels (voices):				  32
[2022.10.25-20.20.15:553][  0]LogAudioMixer: Display: 	Number of Async Source Workers:		  0
[2022.10.25-20.20.15:553][  0]LogAudio: Display: AudioDevice MaxSources: 32
[2022.10.25-20.20.15:553][  0]LogAudio: Display: Audio Spatialization Plugin: None (built-in).
[2022.10.25-20.20.15:553][  0]LogAudio: Display: Audio Reverb Plugin: None (built-in).
[2022.10.25-20.20.15:553][  0]LogAudio: Display: Audio Occlusion Plugin: None (built-in).
[2022.10.25-20.20.15:553][  0]LogAudioMixer: Display: Initializing audio mixer.
[2022.10.25-20.20.15:573][  0]LogAudioMixer: Display: 0: FrontLeft
[2022.10.25-20.20.15:573][  0]LogAudioMixer: Display: 1: FrontRight
[2022.10.25-20.20.15:795][  0]LogAudioMixer: Display: Using Audio Device Speakers (Conexant ISST Audio)
[2022.10.25-20.20.15:798][  0]LogAudioMixer: Display: Initializing Sound Submixes...
[2022.10.25-20.20.15:805][  0]LogAudioMixer: Display: Creating Master Submix 'MasterSubmixDefault'
[2022.10.25-20.20.15:805][  0]LogAudioMixer: Display: Creating Master Submix 'MasterReverbSubmixDefault'
[2022.10.25-20.20.15:807][  0]LogAudioMixer: Display: Creating Master Submix 'MasterEQSubmixDefault'
[2022.10.25-20.20.15:808][  0]LogAudioMixer: FMixerPlatformXAudio2::StartAudioStream() called
[2022.10.25-20.20.15:808][  0]LogAudioMixer: Display: Output buffers initialized: Frames=1024, Channels=2, Samples=2048
[2022.10.25-20.20.15:810][  0]LogAudioMixer: Display: Starting AudioMixerPlatformInterface::RunInternal()
[2022.10.25-20.20.15:810][  0]LogAudioMixer: Display: FMixerPlatformXAudio2::SubmitBuffer() called for the first time
[2022.10.25-20.20.15:810][  0]LogInit: FAudioDevice initialized.
[2022.10.25-20.20.15:810][  0]LogAudio: Display: Audio Device (ID: 1) registered with world 'Untitled'.
[2022.10.25-20.20.15:810][  0]LogNetVersion: Set ProjectVersion to 1.0.0.0. Version Checksum will be recalculated on next use.
[2022.10.25-20.20.15:932][  0]LogDerivedDataCache: Saved boot cache 0.12s 94MB C:/Users/gosorio/AppData/Local/UnrealEngine/4.27/DerivedDataCache/Boot.ddc.
[2022.10.25-20.20.15:933][  0]LogInit: Texture streaming: Enabled
[2022.10.25-20.20.15:965][  0]LogAnalytics: Display: [UEEditor.Rocket.Release] APIServer = https://datarouter.ol.epicgames.com/. AppVersion = 4.27.2-18319896+++UE4+Release-4.27
[2022.10.25-20.20.15:977][  0]LogEngineSessionManager: EngineSessionManager initialized
[2022.10.25-20.20.15:978][  0]LogEditorSessionSummary: Verbose: Initializing EditorSessionSummaryWriter for editor session tracking
[2022.10.25-20.20.15:992][  0]LogEditorSessionSummary: EditorSessionSummaryWriter initialized
[2022.10.25-20.20.16:050][  0]LogInit: Transaction tracking system initialized
[2022.10.25-20.20.16:100][  0]BlueprintLog: New page: Editor Load
[2022.10.25-20.20.16:197][  0]LocalizationService: Localization service is disabled
[2022.10.25-20.20.16:234][  0]TimingProfiler: Initialize
[2022.10.25-20.20.16:234][  0]TimingProfiler: OnSessionChanged
[2022.10.25-20.20.16:234][  0]LoadingProfiler: Initialize
[2022.10.25-20.20.16:234][  0]LoadingProfiler: OnSessionChanged
[2022.10.25-20.20.16:234][  0]NetworkingProfiler: Initialize
[2022.10.25-20.20.16:234][  0]NetworkingProfiler: OnSessionChanged
[2022.10.25-20.20.16:235][  0]MemoryProfiler: Initialize
[2022.10.25-20.20.16:235][  0]MemoryProfiler: OnSessionChanged
[2022.10.25-20.20.16:464][  0]LogCook: Display: CookSettings for Memory: MemoryMaxUsedVirtual 0MiB, MemoryMaxUsedPhysical 16384MiB, MemoryMinFreeVirtual 0MiB, MemoryMinFreePhysical 1024MiB
[2022.10.25-20.20.16:464][  0]LogCook: Display: Mobile HDR setting 1
[2022.10.25-20.20.16:851][  0]LogFileCache: Scanning file cache for directory 'C:/Users/gosorio/Documents/Unreal Projects/midterm/Content/' took 0.03s
[2022.10.25-20.20.17:212][  0]LogInit: Display: Engine is initialized. Leaving FEngineLoop::Init()
[2022.10.25-20.20.17:222][  0]SourceControl: Source control is disabled
[2022.10.25-20.20.17:222][  0]LogUnrealEdMisc: Loading editor; pre map load, took 11.399
[2022.10.25-20.20.17:223][  0]Cmd: MAP LOAD FILE="../../../../../../Users/gosorio/Documents/Unreal Projects/midterm/Content/StarterContent/Maps/Minimal_Default.umap" TEMPLATE=0 SHOWPROGRESS=1 FEATURELEVEL=3
[2022.10.25-20.20.17:224][  0]LightingResults: New page: Lighting Build
[2022.10.25-20.20.17:227][  0]LogWorld: UWorld::CleanupWorld for Untitled, bSessionEnded=true, bCleanupResources=true
[2022.10.25-20.20.17:227][  0]LogSlate: InvalidateAllWidgets triggered.  All widgets were invalidated
[2022.10.25-20.20.17:227][  0]MapCheck: New page: Map Check
[2022.10.25-20.20.17:227][  0]LightingResults: New page: Lighting Build
[2022.10.25-20.20.17:236][  0]LogAudio: Display: Audio Device unregistered from world 'None'.
[2022.10.25-20.20.17:240][  0]LogUObjectHash: Compacting FUObjectHashTables data took   1.47ms
[2022.10.25-20.20.17:292][  0]LogTexture: Display: Building textures: DeprecatedTextureD6C57B644F03DADF4F2699848FAEA3C3 (BGRA8, 128X128)
[2022.10.25-20.20.17:302][  0]LogTexture: Display: Building textures: DeprecatedTexture8D91C9AE4C6B8D628CDA3C848426284A (BGRA8, 128X128)
[2022.10.25-20.20.17:363][  0]LogAudio: Display: Audio Device (ID: 1) registered with world 'Minimal_Default'.
[2022.10.25-20.20.17:365][  0]LogAIModule: Creating AISystem for world Minimal_Default
[2022.10.25-20.20.17:377][  0]LogEditorServer: Finished looking for orphan Actors (0.000 secs)
[2022.10.25-20.20.17:400][  0]LogUObjectHash: Compacting FUObjectHashTables data took   1.25ms
[2022.10.25-20.20.17:401][  0]Cmd: MAP CHECKDEP NOCLEARLOG
[2022.10.25-20.20.17:401][  0]MapCheck: Map check complete: 0 Error(s), 0 Warning(s), took 0.175ms to complete.
[2022.10.25-20.20.17:401][  0]LogFileHelpers: Loading map 'Minimal_Default' took 0.178
[2022.10.25-20.20.17:405][  0]LogUnrealEdMisc: Total Editor Startup Time, took 11.581
[2022.10.25-20.20.17:629][  0]LogSlate: Updating window title bar state: overlay mode, drag disabled, window buttons hidden, title bar hidden
[2022.10.25-20.20.17:644][  0]LogSlate: Updating window title bar state: overlay mode, drag disabled, window buttons hidden, title bar hidden
[2022.10.25-20.20.17:657][  0]LogSlate: Updating window title bar state: overlay mode, drag disabled, window buttons hidden, title bar hidden
[2022.10.25-20.20.17:671][  0]LogSlate: Updating window title bar state: overlay mode, drag disabled, window buttons hidden, title bar hidden
[2022.10.25-20.20.17:722][  0]LogNativeClassHierarchy: Verbose: Native class hierarchy populated in 0.0181 seconds. Added 3822 classes and 928 folders.
[2022.10.25-20.20.17:730][  0]LogNativeClassHierarchy: Verbose: Native class hierarchy updated for 'WidgetCarousel' in 0.0005 seconds. Added 0 classes and 0 folders.
[2022.10.25-20.20.17:737][  0]LogPakFile: PakFile PrimaryIndexSize=187
[2022.10.25-20.20.17:737][  0]LogPakFile: PakFile PathHashIndexSize=101
[2022.10.25-20.20.17:737][  0]LogPakFile: PakFile FullDirectoryIndexSize=148
[2022.10.25-20.20.17:737][  0]LogShaderLibrary: Display: ShaderCodeLibraryPakFileMountedCallback: PakFile 'C:/Program Files/Epic Games/UE_4.27/FeaturePacks/FP_FirstPerson.upack' (chunk index -1, root 'root:/') mounted
[2022.10.25-20.20.17:737][  0]LogShaderLibrary: Display: ShaderCodeLibraryPakFileMountedCallback: pending pak file info (ChunkID:-1 Root:root:/ File:C:/Program Files/Epic Games/UE_4.27/FeaturePacks/FP_FirstPerson.upack)
[2022.10.25-20.20.17:737][  0]LogPakFile: OnPakFileMounted2Time == 0.000229
[2022.10.25-20.20.17:740][  0]LogPakFile: PakFile PrimaryIndexSize=189
[2022.10.25-20.20.17:740][  0]LogPakFile: PakFile PathHashIndexSize=101
[2022.10.25-20.20.17:740][  0]LogPakFile: PakFile FullDirectoryIndexSize=152
[2022.10.25-20.20.17:740][  0]LogShaderLibrary: Display: ShaderCodeLibraryPakFileMountedCallback: PakFile 'C:/Program Files/Epic Games/UE_4.27/FeaturePacks/FP_FirstPersonBP.upack' (chunk index -1, root 'root:/') mounted
[2022.10.25-20.20.17:740][  0]LogShaderLibrary: Display: ShaderCodeLibraryPakFileMountedCallback: pending pak file info (ChunkID:-1 Root:root:/ File:C:/Program Files/Epic Games/UE_4.27/FeaturePacks/FP_FirstPersonBP.upack)
[2022.10.25-20.20.17:740][  0]LogPakFile: OnPakFileMounted2Time == 0.000059
[2022.10.25-20.20.17:742][  0]LogPakFile: PakFile PrimaryIndexSize=191
[2022.10.25-20.20.17:742][  0]LogPakFile: PakFile PathHashIndexSize=101
[2022.10.25-20.20.17:742][  0]LogPakFile: PakFile FullDirectoryIndexSize=160
[2022.10.25-20.20.17:742][  0]LogShaderLibrary: Display: ShaderCodeLibraryPakFileMountedCallback: PakFile 'C:/Program Files/Epic Games/UE_4.27/FeaturePacks/MobileStarterContent.upack' (chunk index -1, root 'root:/') mounted
[2022.10.25-20.20.17:742][  0]LogShaderLibrary: Display: ShaderCodeLibraryPakFileMountedCallback: pending pak file info (ChunkID:-1 Root:root:/ File:C:/Program Files/Epic Games/UE_4.27/FeaturePacks/MobileStarterContent.upack)
[2022.10.25-20.20.17:742][  0]LogPakFile: OnPakFileMounted2Time == 0.000054
[2022.10.25-20.20.17:744][  0]LogPakFile: PakFile PrimaryIndexSize=185
[2022.10.25-20.20.17:744][  0]LogPakFile: PakFile PathHashIndexSize=101
[2022.10.25-20.20.17:744][  0]LogPakFile: PakFile FullDirectoryIndexSize=148
[2022.10.25-20.20.17:744][  0]LogShaderLibrary: Display: ShaderCodeLibraryPakFileMountedCallback: PakFile 'C:/Program Files/Epic Games/UE_4.27/FeaturePacks/StarterContent.upack' (chunk index -1, root 'root:/') mounted
[2022.10.25-20.20.17:744][  0]LogShaderLibrary: Display: ShaderCodeLibraryPakFileMountedCallback: pending pak file info (ChunkID:-1 Root:root:/ File:C:/Program Files/Epic Games/UE_4.27/FeaturePacks/StarterContent.upack)
[2022.10.25-20.20.17:744][  0]LogPakFile: OnPakFileMounted2Time == 0.000100
[2022.10.25-20.20.17:746][  0]LogPakFile: PakFile PrimaryIndexSize=190
[2022.10.25-20.20.17:746][  0]LogPakFile: PakFile PathHashIndexSize=101
[2022.10.25-20.20.17:746][  0]LogPakFile: PakFile FullDirectoryIndexSize=154
[2022.10.25-20.20.17:746][  0]LogShaderLibrary: Display: ShaderCodeLibraryPakFileMountedCallback: PakFile 'C:/Program Files/Epic Games/UE_4.27/FeaturePacks/TP_2DSideScroller.upack' (chunk index -1, root 'root:/') mounted
[2022.10.25-20.20.17:746][  0]LogShaderLibrary: Display: ShaderCodeLibraryPakFileMountedCallback: pending pak file info (ChunkID:-1 Root:root:/ File:C:/Program Files/Epic Games/UE_4.27/FeaturePacks/TP_2DSideScroller.upack)
[2022.10.25-20.20.17:746][  0]LogPakFile: OnPakFileMounted2Time == 0.000056
[2022.10.25-20.20.17:748][  0]LogPakFile: PakFile PrimaryIndexSize=192
[2022.10.25-20.20.17:749][  0]LogPakFile: PakFile PathHashIndexSize=101
[2022.10.25-20.20.17:749][  0]LogPakFile: PakFile FullDirectoryIndexSize=158
[2022.10.25-20.20.17:749][  0]LogShaderLibrary: Display: ShaderCodeLibraryPakFileMountedCallback: PakFile 'C:/Program Files/Epic Games/UE_4.27/FeaturePacks/TP_2DSideScrollerBP.upack' (chunk index -1, root 'root:/') mounted
[2022.10.25-20.20.17:749][  0]LogShaderLibrary: Display: ShaderCodeLibraryPakFileMountedCallback: pending pak file info (ChunkID:-1 Root:root:/ File:C:/Program Files/Epic Games/UE_4.27/FeaturePacks/TP_2DSideScrollerBP.upack)
[2022.10.25-20.20.17:749][  0]LogPakFile: OnPakFileMounted2Time == 0.000064
[2022.10.25-20.20.17:751][  0]LogPakFile: PakFile PrimaryIndexSize=182
[2022.10.25-20.20.17:751][  0]LogPakFile: PakFile PathHashIndexSize=101
[2022.10.25-20.20.17:751][  0]LogPakFile: PakFile FullDirectoryIndexSize=138
[2022.10.25-20.20.17:751][  0]LogShaderLibrary: Display: ShaderCodeLibraryPakFileMountedCallback: PakFile 'C:/Program Files/Epic Games/UE_4.27/FeaturePacks/TP_Flying.upack' (chunk index -1, root 'root:/') mounted
[2022.10.25-20.20.17:751][  0]LogShaderLibrary: Display: ShaderCodeLibraryPakFileMountedCallback: pending pak file info (ChunkID:-1 Root:root:/ File:C:/Program Files/Epic Games/UE_4.27/FeaturePacks/TP_Flying.upack)
[2022.10.25-20.20.17:751][  0]LogPakFile: OnPakFileMounted2Time == 0.000104
[2022.10.25-20.20.17:753][  0]LogPakFile: PakFile PrimaryIndexSize=184
[2022.10.25-20.20.17:753][  0]LogPakFile: PakFile PathHashIndexSize=101
[2022.10.25-20.20.17:753][  0]LogPakFile: PakFile FullDirectoryIndexSize=142
[2022.10.25-20.20.17:753][  0]LogShaderLibrary: Display: ShaderCodeLibraryPakFileMountedCallback: PakFile 'C:/Program Files/Epic Games/UE_4.27/FeaturePacks/TP_FlyingBP.upack' (chunk index -1, root 'root:/') mounted
[2022.10.25-20.20.17:753][  0]LogShaderLibrary: Display: ShaderCodeLibraryPakFileMountedCallback: pending pak file info (ChunkID:-1 Root:root:/ File:C:/Program Files/Epic Games/UE_4.27/FeaturePacks/TP_FlyingBP.upack)
[2022.10.25-20.20.17:753][  0]LogPakFile: OnPakFileMounted2Time == 0.000054
[2022.10.25-20.20.17:755][  0]LogPakFile: PakFile PrimaryIndexSize=188
[2022.10.25-20.20.17:755][  0]LogPakFile: PakFile PathHashIndexSize=101
[2022.10.25-20.20.17:755][  0]LogPakFile: PakFile FullDirectoryIndexSize=150
[2022.10.25-20.20.17:755][  0]LogShaderLibrary: Display: ShaderCodeLibraryPakFileMountedCallback: PakFile 'C:/Program Files/Epic Games/UE_4.27/FeaturePacks/TP_HandheldARBP.upack' (chunk index -1, root 'root:/') mounted
[2022.10.25-20.20.17:755][  0]LogShaderLibrary: Display: ShaderCodeLibraryPakFileMountedCallback: pending pak file info (ChunkID:-1 Root:root:/ File:C:/Program Files/Epic Games/UE_4.27/FeaturePacks/TP_HandheldARBP.upack)
[2022.10.25-20.20.17:755][  0]LogPakFile: OnPakFileMounted2Time == 0.000081
[2022.10.25-20.20.17:757][  0]LogPakFile: PakFile PrimaryIndexSize=182
[2022.10.25-20.20.17:757][  0]LogPakFile: PakFile PathHashIndexSize=101
[2022.10.25-20.20.17:757][  0]LogPakFile: PakFile FullDirectoryIndexSize=138
[2022.10.25-20.20.17:757][  0]LogShaderLibrary: Display: ShaderCodeLibraryPakFileMountedCallback: PakFile 'C:/Program Files/Epic Games/UE_4.27/FeaturePacks/TP_Puzzle.upack' (chunk index -1, root 'root:/') mounted
[2022.10.25-20.20.17:757][  0]LogShaderLibrary: Display: ShaderCodeLibraryPakFileMountedCallback: pending pak file info (ChunkID:-1 Root:root:/ File:C:/Program Files/Epic Games/UE_4.27/FeaturePacks/TP_Puzzle.upack)
[2022.10.25-20.20.17:757][  0]LogPakFile: OnPakFileMounted2Time == 0.000055
[2022.10.25-20.20.17:759][  0]LogPakFile: PakFile PrimaryIndexSize=184
[2022.10.25-20.20.17:759][  0]LogPakFile: PakFile PathHashIndexSize=101
[2022.10.25-20.20.17:759][  0]LogPakFile: PakFile FullDirectoryIndexSize=142
[2022.10.25-20.20.17:759][  0]LogShaderLibrary: Display: ShaderCodeLibraryPakFileMountedCallback: PakFile 'C:/Program Files/Epic Games/UE_4.27/FeaturePacks/TP_PuzzleBP.upack' (chunk index -1, root 'root:/') mounted
[2022.10.25-20.20.17:759][  0]LogShaderLibrary: Display: ShaderCodeLibraryPakFileMountedCallback: pending pak file info (ChunkID:-1 Root:root:/ File:C:/Program Files/Epic Games/UE_4.27/FeaturePacks/TP_PuzzleBP.upack)
[2022.10.25-20.20.17:759][  0]LogPakFile: OnPakFileMounted2Time == 0.000053
[2022.10.25-20.20.17:761][  0]LogPakFile: PakFile PrimaryIndexSize=183
[2022.10.25-20.20.17:761][  0]LogPakFile: PakFile PathHashIndexSize=101
[2022.10.25-20.20.17:762][  0]LogPakFile: PakFile FullDirectoryIndexSize=140
[2022.10.25-20.20.17:762][  0]LogShaderLibrary: Display: ShaderCodeLibraryPakFileMountedCallback: PakFile 'C:/Program Files/Epic Games/UE_4.27/FeaturePacks/TP_Rolling.upack' (chunk index -1, root 'root:/') mounted
[2022.10.25-20.20.17:762][  0]LogShaderLibrary: Display: ShaderCodeLibraryPakFileMountedCallback: pending pak file info (ChunkID:-1 Root:root:/ File:C:/Program Files/Epic Games/UE_4.27/FeaturePacks/TP_Rolling.upack)
[2022.10.25-20.20.17:762][  0]LogPakFile: OnPakFileMounted2Time == 0.000095
[2022.10.25-20.20.17:764][  0]LogPakFile: PakFile PrimaryIndexSize=185
[2022.10.25-20.20.17:764][  0]LogPakFile: PakFile PathHashIndexSize=101
[2022.10.25-20.20.17:764][  0]LogPakFile: PakFile FullDirectoryIndexSize=144
[2022.10.25-20.20.17:764][  0]LogShaderLibrary: Display: ShaderCodeLibraryPakFileMountedCallback: PakFile 'C:/Program Files/Epic Games/UE_4.27/FeaturePacks/TP_RollingBP.upack' (chunk index -1, root 'root:/') mounted
[2022.10.25-20.20.17:764][  0]LogShaderLibrary: Display: ShaderCodeLibraryPakFileMountedCallback: pending pak file info (ChunkID:-1 Root:root:/ File:C:/Program Files/Epic Games/UE_4.27/FeaturePacks/TP_RollingBP.upack)
[2022.10.25-20.20.17:764][  0]LogPakFile: OnPakFileMounted2Time == 0.000083
[2022.10.25-20.20.17:765][  0]LogPakFile: PakFile PrimaryIndexSize=188
[2022.10.25-20.20.17:765][  0]LogPakFile: PakFile PathHashIndexSize=101
[2022.10.25-20.20.17:765][  0]LogPakFile: PakFile FullDirectoryIndexSize=150
[2022.10.25-20.20.17:766][  0]LogShaderLibrary: Display: ShaderCodeLibraryPakFileMountedCallback: PakFile 'C:/Program Files/Epic Games/UE_4.27/FeaturePacks/TP_SideScroller.upack' (chunk index -1, root 'root:/') mounted
[2022.10.25-20.20.17:766][  0]LogShaderLibrary: Display: ShaderCodeLibraryPakFileMountedCallback: pending pak file info (ChunkID:-1 Root:root:/ File:C:/Program Files/Epic Games/UE_4.27/FeaturePacks/TP_SideScroller.upack)
[2022.10.25-20.20.17:766][  0]LogPakFile: OnPakFileMounted2Time == 0.000057
[2022.10.25-20.20.17:767][  0]LogPakFile: PakFile PrimaryIndexSize=190
[2022.10.25-20.20.17:767][  0]LogPakFile: PakFile PathHashIndexSize=101
[2022.10.25-20.20.17:767][  0]LogPakFile: PakFile FullDirectoryIndexSize=154
[2022.10.25-20.20.17:767][  0]LogShaderLibrary: Display: ShaderCodeLibraryPakFileMountedCallback: PakFile 'C:/Program Files/Epic Games/UE_4.27/FeaturePacks/TP_SideScrollerBP.upack' (chunk index -1, root 'root:/') mounted
[2022.10.25-20.20.17:767][  0]LogShaderLibrary: Display: ShaderCodeLibraryPakFileMountedCallback: pending pak file info (ChunkID:-1 Root:root:/ File:C:/Program Files/Epic Games/UE_4.27/FeaturePacks/TP_SideScrollerBP.upack)
[2022.10.25-20.20.17:768][  0]LogPakFile: OnPakFileMounted2Time == 0.000062
[2022.10.25-20.20.17:769][  0]LogPakFile: PakFile PrimaryIndexSize=187
[2022.10.25-20.20.17:769][  0]LogPakFile: PakFile PathHashIndexSize=101
[2022.10.25-20.20.17:769][  0]LogPakFile: PakFile FullDirectoryIndexSize=148
[2022.10.25-20.20.17:769][  0]LogShaderLibrary: Display: ShaderCodeLibraryPakFileMountedCallback: PakFile 'C:/Program Files/Epic Games/UE_4.27/FeaturePacks/TP_ThirdPerson.upack' (chunk index -1, root 'root:/') mounted
[2022.10.25-20.20.17:769][  0]LogShaderLibrary: Display: ShaderCodeLibraryPakFileMountedCallback: pending pak file info (ChunkID:-1 Root:root:/ File:C:/Program Files/Epic Games/UE_4.27/FeaturePacks/TP_ThirdPerson.upack)
[2022.10.25-20.20.17:769][  0]LogPakFile: OnPakFileMounted2Time == 0.000051
[2022.10.25-20.20.17:771][  0]LogPakFile: PakFile PrimaryIndexSize=189
[2022.10.25-20.20.17:771][  0]LogPakFile: PakFile PathHashIndexSize=101
[2022.10.25-20.20.17:771][  0]LogPakFile: PakFile FullDirectoryIndexSize=152
[2022.10.25-20.20.17:771][  0]LogShaderLibrary: Display: ShaderCodeLibraryPakFileMountedCallback: PakFile 'C:/Program Files/Epic Games/UE_4.27/FeaturePacks/TP_ThirdPersonBP.upack' (chunk index -1, root 'root:/') mounted
[2022.10.25-20.20.17:771][  0]LogShaderLibrary: Display: ShaderCodeLibraryPakFileMountedCallback: pending pak file info (ChunkID:-1 Root:root:/ File:C:/Program Files/Epic Games/UE_4.27/FeaturePacks/TP_ThirdPersonBP.upack)
[2022.10.25-20.20.17:771][  0]LogPakFile: OnPakFileMounted2Time == 0.000054
[2022.10.25-20.20.17:772][  0]LogPakFile: PakFile PrimaryIndexSize=183
[2022.10.25-20.20.17:772][  0]LogPakFile: PakFile PathHashIndexSize=101
[2022.10.25-20.20.17:772][  0]LogPakFile: PakFile FullDirectoryIndexSize=140
[2022.10.25-20.20.17:772][  0]LogShaderLibrary: Display: ShaderCodeLibraryPakFileMountedCallback: PakFile 'C:/Program Files/Epic Games/UE_4.27/FeaturePacks/TP_TopDown.upack' (chunk index -1, root 'root:/') mounted
[2022.10.25-20.20.17:772][  0]LogShaderLibrary: Display: ShaderCodeLibraryPakFileMountedCallback: pending pak file info (ChunkID:-1 Root:root:/ File:C:/Program Files/Epic Games/UE_4.27/FeaturePacks/TP_TopDown.upack)
[2022.10.25-20.20.17:772][  0]LogPakFile: OnPakFileMounted2Time == 0.000064
[2022.10.25-20.20.17:774][  0]LogPakFile: PakFile PrimaryIndexSize=185
[2022.10.25-20.20.17:774][  0]LogPakFile: PakFile PathHashIndexSize=101
[2022.10.25-20.20.17:774][  0]LogPakFile: PakFile FullDirectoryIndexSize=144
[2022.10.25-20.20.17:774][  0]LogShaderLibrary: Display: ShaderCodeLibraryPakFileMountedCallback: PakFile 'C:/Program Files/Epic Games/UE_4.27/FeaturePacks/TP_TopDownBP.upack' (chunk index -1, root 'root:/') mounted
[2022.10.25-20.20.17:774][  0]LogShaderLibrary: Display: ShaderCodeLibraryPakFileMountedCallback: pending pak file info (ChunkID:-1 Root:root:/ File:C:/Program Files/Epic Games/UE_4.27/FeaturePacks/TP_TopDownBP.upack)
[2022.10.25-20.20.17:774][  0]LogPakFile: OnPakFileMounted2Time == 0.000076
[2022.10.25-20.20.17:776][  0]LogPakFile: PakFile PrimaryIndexSize=185
[2022.10.25-20.20.17:776][  0]LogPakFile: PakFile PathHashIndexSize=101
[2022.10.25-20.20.17:776][  0]LogPakFile: PakFile FullDirectoryIndexSize=144
[2022.10.25-20.20.17:776][  0]LogShaderLibrary: Display: ShaderCodeLibraryPakFileMountedCallback: PakFile 'C:/Program Files/Epic Games/UE_4.27/FeaturePacks/TP_TwinStick.upack' (chunk index -1, root 'root:/') mounted
[2022.10.25-20.20.17:776][  0]LogShaderLibrary: Display: ShaderCodeLibraryPakFileMountedCallback: pending pak file info (ChunkID:-1 Root:root:/ File:C:/Program Files/Epic Games/UE_4.27/FeaturePacks/TP_TwinStick.upack)
[2022.10.25-20.20.17:776][  0]LogPakFile: OnPakFileMounted2Time == 0.000053
[2022.10.25-20.20.17:777][  0]LogPakFile: PakFile PrimaryIndexSize=187
[2022.10.25-20.20.17:777][  0]LogPakFile: PakFile PathHashIndexSize=101
[2022.10.25-20.20.17:777][  0]LogPakFile: PakFile FullDirectoryIndexSize=148
[2022.10.25-20.20.17:777][  0]LogShaderLibrary: Display: ShaderCodeLibraryPakFileMountedCallback: PakFile 'C:/Program Files/Epic Games/UE_4.27/FeaturePacks/TP_TwinStickBP.upack' (chunk index -1, root 'root:/') mounted
[2022.10.25-20.20.17:777][  0]LogShaderLibrary: Display: ShaderCodeLibraryPakFileMountedCallback: pending pak file info (ChunkID:-1 Root:root:/ File:C:/Program Files/Epic Games/UE_4.27/FeaturePacks/TP_TwinStickBP.upack)
[2022.10.25-20.20.17:777][  0]LogPakFile: OnPakFileMounted2Time == 0.000061
[2022.10.25-20.20.17:779][  0]LogPakFile: PakFile PrimaryIndexSize=183
[2022.10.25-20.20.17:779][  0]LogPakFile: PakFile PathHashIndexSize=101
[2022.10.25-20.20.17:779][  0]LogPakFile: PakFile FullDirectoryIndexSize=140
[2022.10.25-20.20.17:779][  0]LogShaderLibrary: Display: ShaderCodeLibraryPakFileMountedCallback: PakFile 'C:/Program Files/Epic Games/UE_4.27/FeaturePacks/TP_Vehicle.upack' (chunk index -1, root 'root:/') mounted
[2022.10.25-20.20.17:779][  0]LogShaderLibrary: Display: ShaderCodeLibraryPakFileMountedCallback: pending pak file info (ChunkID:-1 Root:root:/ File:C:/Program Files/Epic Games/UE_4.27/FeaturePacks/TP_Vehicle.upack)
[2022.10.25-20.20.17:779][  0]LogPakFile: OnPakFileMounted2Time == 0.000099
[2022.10.25-20.20.17:781][  0]LogPakFile: PakFile PrimaryIndexSize=186
[2022.10.25-20.20.17:781][  0]LogPakFile: PakFile PathHashIndexSize=101
[2022.10.25-20.20.17:781][  0]LogPakFile: PakFile FullDirectoryIndexSize=146
[2022.10.25-20.20.17:781][  0]LogShaderLibrary: Display: ShaderCodeLibraryPakFileMountedCallback: PakFile 'C:/Program Files/Epic Games/UE_4.27/FeaturePacks/TP_VehicleAdv.upack' (chunk index -1, root 'root:/') mounted
[2022.10.25-20.20.17:781][  0]LogShaderLibrary: Display: ShaderCodeLibraryPakFileMountedCallback: pending pak file info (ChunkID:-1 Root:root:/ File:C:/Program Files/Epic Games/UE_4.27/FeaturePacks/TP_VehicleAdv.upack)
[2022.10.25-20.20.17:781][  0]LogPakFile: OnPakFileMounted2Time == 0.000059
[2022.10.25-20.20.17:783][  0]LogPakFile: PakFile PrimaryIndexSize=188
[2022.10.25-20.20.17:783][  0]LogPakFile: PakFile PathHashIndexSize=101
[2022.10.25-20.20.17:783][  0]LogPakFile: PakFile FullDirectoryIndexSize=150
[2022.10.25-20.20.17:783][  0]LogShaderLibrary: Display: ShaderCodeLibraryPakFileMountedCallback: PakFile 'C:/Program Files/Epic Games/UE_4.27/FeaturePacks/TP_VehicleAdvBP.upack' (chunk index -1, root 'root:/') mounted
[2022.10.25-20.20.17:783][  0]LogShaderLibrary: Display: ShaderCodeLibraryPakFileMountedCallback: pending pak file info (ChunkID:-1 Root:root:/ File:C:/Program Files/Epic Games/UE_4.27/FeaturePacks/TP_VehicleAdvBP.upack)
[2022.10.25-20.20.17:783][  0]LogPakFile: OnPakFileMounted2Time == 0.000055
[2022.10.25-20.20.17:784][  0]LogPakFile: PakFile PrimaryIndexSize=185
[2022.10.25-20.20.17:784][  0]LogPakFile: PakFile PathHashIndexSize=101
[2022.10.25-20.20.17:784][  0]LogPakFile: PakFile FullDirectoryIndexSize=144
[2022.10.25-20.20.17:785][  0]LogShaderLibrary: Display: ShaderCodeLibraryPakFileMountedCallback: PakFile 'C:/Program Files/Epic Games/UE_4.27/FeaturePacks/TP_VehicleBP.upack' (chunk index -1, root 'root:/') mounted
[2022.10.25-20.20.17:785][  0]LogShaderLibrary: Display: ShaderCodeLibraryPakFileMountedCallback: pending pak file info (ChunkID:-1 Root:root:/ File:C:/Program Files/Epic Games/UE_4.27/FeaturePacks/TP_VehicleBP.upack)
[2022.10.25-20.20.17:785][  0]LogPakFile: OnPakFileMounted2Time == 0.000068
[2022.10.25-20.20.17:786][  0]LogPakFile: PakFile PrimaryIndexSize=192
[2022.10.25-20.20.17:786][  0]LogPakFile: PakFile PathHashIndexSize=101
[2022.10.25-20.20.17:786][  0]LogPakFile: PakFile FullDirectoryIndexSize=158
[2022.10.25-20.20.17:786][  0]LogShaderLibrary: Display: ShaderCodeLibraryPakFileMountedCallback: PakFile 'C:/Program Files/Epic Games/UE_4.27/FeaturePacks/TP_VirtualRealityBP.upack' (chunk index -1, root 'root:/') mounted
[2022.10.25-20.20.17:786][  0]LogShaderLibrary: Display: ShaderCodeLibraryPakFileMountedCallback: pending pak file info (ChunkID:-1 Root:root:/ File:C:/Program Files/Epic Games/UE_4.27/FeaturePacks/TP_VirtualRealityBP.upack)
[2022.10.25-20.20.17:786][  0]LogPakFile: OnPakFileMounted2Time == 0.000054
[2022.10.25-20.20.18:004][  0]LogNativeClassHierarchy: Verbose: Native class hierarchy updated for 'AddContentDialog' in 0.0003 seconds. Added 0 classes and 0 folders.
[2022.10.25-20.20.18:008][  0]LogNativeClassHierarchy: Verbose: Native class hierarchy updated for 'SceneOutliner' in 0.0003 seconds. Added 2 classes and 0 folders.
[2022.10.25-20.20.18:227][  0]LogSlate: Took 0.000519 seconds to synchronously load lazily loaded font '../../../Engine/Content/Slate/Fonts/Roboto-Regular.ttf' (155K)
[2022.10.25-20.20.18:230][  0]LogSlate: Took 0.001505 seconds to synchronously load lazily loaded font '../../../Engine/Content/Editor/Slate/Fonts/FontAwesome.ttf' (139K)
[2022.10.25-20.20.18:232][  0]LogSlate: Took 0.000261 seconds to synchronously load lazily loaded font '../../../Engine/Content/Slate/Fonts/Roboto-Bold.ttf' (160K)
[2022.10.25-20.20.18:405][  0]LogRenderer: Reallocating scene render targets to support 752x284 Format 10 NumSamples 1 (Frame:1).
[2022.10.25-20.20.18:601][  0]LogNativeClassHierarchy: Verbose: Native class hierarchy updated for 'HierarchicalLODOutliner' in 0.0006 seconds. Added 0 classes and 0 folders.
[2022.10.25-20.20.18:601][  0]LogLoad: (Engine Initialization) Total time: 12.78 seconds
[2022.10.25-20.20.18:601][  0]LogLoad: (Engine Initialization) Total Blueprint compile time: 0.00 seconds
[2022.10.25-20.20.18:678][  0]LogContentStreaming: Texture pool size now 1000 MB
[2022.10.25-20.20.18:707][  1]LogAssetRegistry: Asset discovery search completed in 8.1965 seconds
[2022.10.25-20.20.18:717][  1]LogCollectionManager: Fixed up redirectors for 0 collections in 0.000005 seconds (updated 0 objects)
