Log file open, 11/02/22 13:46:23
LogWindows: Failed to load 'aqProf.dll' (GetLastError=126)
LogWindows: File 'aqProf.dll' does not exist
LogWindows: Failed to load 'VtuneApi.dll' (GetLastError=126)
LogWindows: File 'VtuneApi.dll' does not exist
LogWindows: Failed to load 'VtuneApi32e.dll' (GetLastError=126)
LogWindows: File 'VtuneApi32e.dll' does not exist
LogConsoleResponse: Display: Failed to find resolution value strings in scalability ini. Falling back to default.
LogConsoleResponse: Display: Failed to find resolution value strings in scalability ini. Falling back to default.
LogInit: Display: Running engine for game: midterm
LogPlatformFile: Not using cached read wrapper
LogTaskGraph: Started task graph with 5 named threads and 35 total threads with 3 sets of task threads.
LogStats: Stats thread started at 0.546960
LogICUInternationalization: ICU TimeZone Detection - Raw Offset: -5:00, Platform Override: ''
LogInit: Display: Loading text-based GConfig....
LogPluginManager: Mounting plugin MeshPainting
LogPluginManager: Mounting plugin XGEController
LogPluginManager: Mounting plugin Paper2D
LogPluginManager: Mounting plugin AISupport
LogPluginManager: Mounting plugin EnvironmentQueryEditor
LogPluginManager: Mounting plugin LightPropagationVolume
LogPluginManager: Mounting plugin LiveLink
LogPluginManager: Mounting plugin CameraShakePreviewer
LogPluginManager: Mounting plugin GameplayCameras
LogPluginManager: Mounting plugin OodleData
LogPluginManager: Mounting plugin OodleNetwork
LogPluginManager: Mounting plugin Niagara
LogPluginManager: Mounting plugin AlembicImporter
LogPluginManager: Mounting plugin AutomationUtils
LogPluginManager: Mounting plugin BackChannel
LogPluginManager: Mounting plugin ChaosCloth
LogPluginManager: Mounting plugin ChaosClothEditor
LogPluginManager: Mounting plugin ChaosNiagara
LogPluginManager: Mounting plugin ChaosEditor
LogPluginManager: Mounting plugin ChaosSolverPlugin
LogPluginManager: Mounting plugin CharacterAI
LogPluginManager: Mounting plugin DatasmithContent
LogPluginManager: Mounting plugin GeometryCache
LogPluginManager: Mounting plugin GeometryCollectionPlugin
LogPluginManager: Mounting plugin VariantManagerContent
LogPluginManager: Mounting plugin LuminPlatformFeatures
LogPluginManager: Mounting plugin MagicLeap
LogPluginManager: Mounting plugin MagicLeapMedia
LogPluginManager: Mounting plugin GeometryProcessing
LogPluginManager: Mounting plugin MagicLeapLightEstimation
LogPluginManager: Mounting plugin MagicLeapPassableWorld
LogPluginManager: Mounting plugin MLSDK
LogPluginManager: Mounting plugin MotoSynth
LogPluginManager: Mounting plugin OpenImageDenoise
LogPluginManager: Mounting plugin PlanarCut
LogPluginManager: Mounting plugin PlatformCrypto
LogPluginManager: Mounting plugin PythonScriptPlugin
LogPluginManager: Mounting plugin ProxyLODPlugin
LogPluginManager: Mounting plugin SkeletalReduction
LogPluginManager: Mounting plugin AnimationSharing
LogPluginManager: Mounting plugin CLionSourceCodeAccess
LogPluginManager: Mounting plugin CodeLiteSourceCodeAccess
LogPluginManager: Mounting plugin GitSourceControl
LogPluginManager: Mounting plugin KDevelopSourceCodeAccess
LogPluginManager: Mounting plugin NullSourceCodeAccess
LogPluginManager: Mounting plugin PixWinPlugin
LogPluginManager: Mounting plugin PerforceSourceControl
LogPluginManager: Mounting plugin PlasticSourceControl
LogPluginManager: Mounting plugin PluginUtils
LogPluginManager: Mounting plugin PropertyAccessNode
LogPluginManager: Mounting plugin RiderSourceCodeAccess
LogPluginManager: Mounting plugin SubversionSourceControl
LogPluginManager: Mounting plugin TextureFormatOodle
LogPluginManager: Mounting plugin VisualStudioCodeSourceCodeAccess
LogPluginManager: Mounting plugin XCodeSourceCodeAccess
LogPluginManager: Mounting plugin VisualStudioSourceCodeAccess
LogPluginManager: Mounting plugin AndroidMedia
LogPluginManager: Mounting plugin AvfMedia
LogPluginManager: Mounting plugin UObjectPlugin
LogPluginManager: Mounting plugin ImgMedia
LogPluginManager: Mounting plugin MediaCompositing
LogPluginManager: Mounting plugin WebMMedia
LogPluginManager: Mounting plugin WmfMedia
LogPluginManager: Mounting plugin ActorSequence
LogPluginManager: Mounting plugin MatineeToLevelSequence
LogPluginManager: Mounting plugin LevelSequenceEditor
LogPluginManager: Mounting plugin TemplateSequence
LogPluginManager: Mounting plugin UdpMessaging
LogPluginManager: Mounting plugin TcpMessaging
LogPluginManager: Mounting plugin OnlineSubsystem
LogPluginManager: Mounting plugin OnlineSubsystemNull
LogPluginManager: Mounting plugin OnlineSubsystemUtils
LogPluginManager: Mounting plugin MediaPlayerEditor
LogPluginManager: Mounting plugin ActorLayerUtilities
LogPluginManager: Mounting plugin AndroidMoviePlayer
LogPluginManager: Mounting plugin AndroidDeviceProfileSelector
LogPluginManager: Mounting plugin ScreenshotTools
LogPluginManager: Mounting plugin AndroidPermission
LogPluginManager: Mounting plugin AppleMoviePlayer
LogPluginManager: Mounting plugin AppleImageUtils
LogPluginManager: Mounting plugin AssetTags
LogPluginManager: Mounting plugin AudioCapture
LogPluginManager: Mounting plugin AudioSynesthesia
LogPluginManager: Mounting plugin ChunkDownloader
LogPluginManager: Mounting plugin CableComponent
LogPluginManager: Mounting plugin CustomMeshComponent
LogPluginManager: Mounting plugin ExampleDeviceProfileSelector
LogPluginManager: Mounting plugin GoogleCloudMessaging
LogPluginManager: Mounting plugin GooglePAD
LogPluginManager: Mounting plugin EditableMesh
LogPluginManager: Mounting plugin ArchVisCharacter
LogPluginManager: Mounting plugin LauncherChunkInstaller
LogPluginManager: Mounting plugin Takes
LogPluginManager: Mounting plugin LinuxDeviceProfileSelector
LogPluginManager: Mounting plugin IOSDeviceProfileSelector
LogPluginManager: Mounting plugin LocationServicesBPLibrary
LogPluginManager: Mounting plugin MobilePatchingUtils
LogPluginManager: Mounting plugin OpenXR
LogPluginManager: Mounting plugin OpenXRHandTracking
LogPluginManager: Mounting plugin OpenXREyeTracker
LogPluginManager: Mounting plugin PostSplashScreen
LogPluginManager: Mounting plugin PhysXVehicles
LogPluginManager: Mounting plugin ProceduralMeshComponent
LogPluginManager: Mounting plugin PropertyAccessEditor
LogPluginManager: Mounting plugin SignificanceManager
LogPluginManager: Mounting plugin RuntimePhysXCooking
LogPluginManager: Mounting plugin SoundFields
LogPluginManager: Mounting plugin Synthesis
LogPluginManager: Mounting plugin WebMMoviePlayer
LogPluginManager: Mounting plugin AssetManagerEditor
LogPluginManager: Mounting plugin WindowsMoviePlayer
LogPluginManager: Mounting plugin CurveEditorTools
LogPluginManager: Mounting plugin CryptoKeys
LogPluginManager: Mounting plugin FacialAnimation
LogPluginManager: Mounting plugin GeometryMode
LogPluginManager: Mounting plugin GameplayTagsEditor
LogPluginManager: Mounting plugin DataValidation
LogPluginManager: Mounting plugin MaterialAnalyzer
LogPluginManager: Mounting plugin MobileLauncherProfileWizard
LogPluginManager: Mounting plugin MacGraphicsSwitching
LogPluginManager: Mounting plugin PluginBrowser
LogPluginManager: Mounting plugin SpeedTreeImporter
LogPluginManager: Mounting plugin OnlineSubsystemGooglePlay
LogPluginManager: Mounting plugin OnlineSubsystemIOS
LogPluginManager: Mounting plugin OculusVR
LogPluginManager: Mounting plugin SteamVR
LogPluginManager: Mounting plugin ContentBrowserAssetDataSource
LogPluginManager: Mounting plugin ContentBrowserClassDataSource
LogPluginManager: Mounting plugin ContentBrowserFileDataSource
PixWinPlugin: PIX capture plugin failed to initialize! Check that the process is launched from PIX.
LogInit: Using libcurl 7.55.1-DEV
LogInit:  - built for x86_64-pc-win32
LogInit:  - supports SSL with OpenSSL/1.1.1
LogInit:  - supports HTTP deflate (compression) using libz 1.2.8
LogInit:  - other features:
LogInit:      CURL_VERSION_SSL
LogInit:      CURL_VERSION_LIBZ
LogInit:      CURL_VERSION_IPV6
LogInit:      CURL_VERSION_ASYNCHDNS
LogInit:      CURL_VERSION_LARGEFILE
LogInit:      CURL_VERSION_IDN
LogInit:  CurlRequestOptions (configurable via config and command line):
LogInit:  - bVerifyPeer = true  - Libcurl will verify peer certificate
LogInit:  - bUseHttpProxy = false  - Libcurl will NOT use HTTP proxy
LogInit:  - bDontReuseConnections = false  - Libcurl will reuse connections
LogInit:  - MaxHostConnections = 16  - Libcurl will limit the number of connections to a host
LogInit:  - LocalHostAddr = Default
LogInit:  - BufferSize = 65536
LogOnline: OSS: Creating online subsystem instance for: NULL
LogInit: WinSock: version 1.1 (2.2), MaxSocks=32767, MaxUdp=65467
LogOnline: OSS: TryLoadSubsystemAndSetDefault: Loaded subsystem for module [NULL]
LogOculusPluginWrapper: OculusPlugin initialized successfully
LogHMD: Failed initializing OVRPlugin 1.59.0
LogInit: Build: ++UE4+Release-4.27-CL-18319896
LogInit: Engine Version: 4.27.2-18319896+++UE4+Release-4.27
LogInit: Compatible Engine Version: 4.27.0-17155196+++UE4+Release-4.27
LogInit: Net CL: 17155196
LogInit: OS: Windows 10 (Release 2009) (), CPU: Intel(R) Core(TM) i7-8750H CPU @ 2.20GHz, GPU: NVIDIA Quadro P2000
LogInit: Compiled (64-bit): Nov 30 2021 07:12:08
LogInit: Compiled with Visual C++: 19.24.28315.00
LogInit: Build Configuration: Development
LogInit: Branch Name: ++UE4+Release-4.27
LogInit: Command Line:  /Game/Levels/SnakeRetro -game -PIEVIACONSOLE -Multiprocess "GameUserSettingsINI=C:/Users/gosorio/Documents/Unreal Projects/midterm/Saved/Config/Windows/PIEGameUserSettings0.ini" -MultiprocessSaveConfig -forcepassthrough -messaging -SessionName="Play in Standalone Game" -windowed -ResX=1280 -ResY=720
LogInit: Base Directory: C:/Program Files/Epic Games/UE_4.27/Engine/Binaries/Win64/
LogInit: Allocator: TBB
LogInit: Installed Engine Build: 1
LogDevObjectVersion: Number of dev versions registered: 29
LogDevObjectVersion:   Dev-Blueprints (B0D832E4-1F89-4F0D-ACCF-7EB736FD4AA2): 10
LogDevObjectVersion:   Dev-Build (E1C64328-A22C-4D53-A36C-8E866417BD8C): 0
LogDevObjectVersion:   Dev-Core (375EC13C-06E4-48FB-B500-84F0262A717E): 4
LogDevObjectVersion:   Dev-Editor (E4B068ED-F494-42E9-A231-DA0B2E46BB41): 40
LogDevObjectVersion:   Dev-Framework (CFFC743F-43B0-4480-9391-14DF171D2073): 37
LogDevObjectVersion:   Dev-Mobile (B02B49B5-BB20-44E9-A304-32B752E40360): 3
LogDevObjectVersion:   Dev-Networking (A4E4105C-59A1-49B5-A7C5-40C4547EDFEE): 0
LogDevObjectVersion:   Dev-Online (39C831C9-5AE6-47DC-9A44-9C173E1C8E7C): 0
LogDevObjectVersion:   Dev-Physics (78F01B33-EBEA-4F98-B9B4-84EACCB95AA2): 14
LogDevObjectVersion:   Dev-Platform (6631380F-2D4D-43E0-8009-CF276956A95A): 0
LogDevObjectVersion:   Dev-Rendering (12F88B9F-8875-4AFC-A67C-D90C383ABD29): 45
LogDevObjectVersion:   Dev-Sequencer (7B5AE74C-D270-4C10-A958-57980B212A5A): 13
LogDevObjectVersion:   Dev-VR (D7296918-1DD6-4BDD-9DE2-64A83CC13884): 3
LogDevObjectVersion:   Dev-LoadTimes (C2A15278-BFE7-4AFE-6C17-90FF531DF755): 1
LogDevObjectVersion:   Private-Geometry (6EACA3D4-40EC-4CC1-B786-8BED09428FC5): 3
LogDevObjectVersion:   Dev-AnimPhys (29E575DD-E0A3-4627-9D10-D276232CDCEA): 17
LogDevObjectVersion:   Dev-Anim (AF43A65D-7FD3-4947-9873-3E8ED9C1BB05): 15
LogDevObjectVersion:   Dev-ReflectionCapture (6B266CEC-1EC7-4B8F-A30B-E4D90942FC07): 1
LogDevObjectVersion:   Dev-Automation (0DF73D61-A23F-47EA-B727-89E90C41499A): 1
LogDevObjectVersion:   FortniteMain (601D1886-AC64-4F84-AA16-D3DE0DEAC7D6): 47
LogDevObjectVersion:   FortniteRelease (E7086368-6B23-4C58-8439-1B7016265E91): 1
LogDevObjectVersion:   Dev-Enterprise (9DFFBCD6-494F-0158-E221-12823C92A888): 10
LogDevObjectVersion:   Dev-Niagara (F2AED0AC-9AFE-416F-8664-AA7FFA26D6FC): 1
LogDevObjectVersion:   Dev-Destruction (174F1F0B-B4C6-45A5-B13F-2EE8D0FB917D): 10
LogDevObjectVersion:   Dev-Physics-Ext (35F94A83-E258-406C-A318-09F59610247C): 41
LogDevObjectVersion:   Dev-PhysicsMaterial-Chaos (B68FC16E-8B1B-42E2-B453-215C058844FE): 1
LogDevObjectVersion:   Dev-CineCamera (B2E18506-4273-CFC2-A54E-F4BB758BBA07): 1
LogDevObjectVersion:   Dev-VirtualProduction (64F58936-FD1B-42BA-BA96-7289D5D0FA4E): 1
LogDevObjectVersion:   Dev-MediaFramework (6F0ED827-A609-4895-9C91-998D90180EA4): 2
LogInit: Presizing for max 25165824 objects, including 0 objects not considered by GC, pre-allocating 0 bytes for permanent pool.
LogConfig: Applying CVar settings from Section [/Script/Engine.StreamingSettings] File [C:/Users/gosorio/Documents/Unreal Projects/midterm/Saved/Config/Windows/Engine.ini]
LogConfig: Setting CVar [[s.MinBulkDataSizeForAsyncLoading:131072]]
LogConfig: Setting CVar [[s.AsyncLoadingThreadEnabled:0]]
LogConfig: Setting CVar [[s.EventDrivenLoaderEnabled:1]]
LogConfig: Setting CVar [[s.WarnIfTimeLimitExceeded:0]]
LogConfig: Setting CVar [[s.TimeLimitExceededMultiplier:1.5]]
LogConfig: Setting CVar [[s.TimeLimitExceededMinTime:0.005]]
LogConfig: Setting CVar [[s.UseBackgroundLevelStreaming:1]]
LogConfig: Setting CVar [[s.PriorityAsyncLoadingExtraTime:15.0]]
LogConfig: Setting CVar [[s.LevelStreamingActorsUpdateTimeLimit:5.0]]
LogConfig: Setting CVar [[s.PriorityLevelStreamingActorsUpdateExtraTime:5.0]]
LogConfig: Setting CVar [[s.LevelStreamingComponentsRegistrationGranularity:10]]
LogConfig: Setting CVar [[s.UnregisterComponentsTimeLimit:1.0]]
LogConfig: Setting CVar [[s.LevelStreamingComponentsUnregistrationGranularity:5]]
LogConfig: Setting CVar [[s.FlushStreamingOnExit:1]]
LogInit: Object subsystem initialized
LogConfig: Setting CVar [[con.DebugEarlyDefault:1]]
LogConfig: Setting CVar [[r.setres:1280x720]]
[2022.11.02-17.46.24:425][  0]LogConfig: Setting CVar [[con.DebugEarlyDefault:1]]
[2022.11.02-17.46.24:425][  0]LogConfig: Setting CVar [[r.setres:1280x720]]
[2022.11.02-17.46.24:425][  0]LogConfig: Applying CVar settings from Section [/Script/Engine.RendererSettings] File [C:/Users/gosorio/Documents/Unreal Projects/midterm/Saved/Config/Windows/Engine.ini]
[2022.11.02-17.46.24:425][  0]LogConfig: Setting CVar [[r.GPUCrashDebugging:0]]
[2022.11.02-17.46.24:425][  0]LogConfig: Setting CVar [[r.DefaultFeature.MotionBlur:0]]
[2022.11.02-17.46.24:425][  0]LogConfig: Applying CVar settings from Section [/Script/Engine.RendererOverrideSettings] File [C:/Users/gosorio/Documents/Unreal Projects/midterm/Saved/Config/Windows/Engine.ini]
[2022.11.02-17.46.24:425][  0]LogConfig: Applying CVar settings from Section [/Script/Engine.StreamingSettings] File [C:/Users/gosorio/Documents/Unreal Projects/midterm/Saved/Config/Windows/Engine.ini]
[2022.11.02-17.46.24:425][  0]LogConfig: Setting CVar [[s.MinBulkDataSizeForAsyncLoading:131072]]
[2022.11.02-17.46.24:426][  0]LogConfig: Setting CVar [[s.AsyncLoadingThreadEnabled:0]]
[2022.11.02-17.46.24:426][  0]LogConfig: Setting CVar [[s.EventDrivenLoaderEnabled:1]]
[2022.11.02-17.46.24:426][  0]LogConfig: Setting CVar [[s.WarnIfTimeLimitExceeded:0]]
[2022.11.02-17.46.24:426][  0]LogConfig: Setting CVar [[s.TimeLimitExceededMultiplier:1.5]]
[2022.11.02-17.46.24:426][  0]LogConfig: Setting CVar [[s.TimeLimitExceededMinTime:0.005]]
[2022.11.02-17.46.24:426][  0]LogConfig: Setting CVar [[s.UseBackgroundLevelStreaming:1]]
[2022.11.02-17.46.24:426][  0]LogConfig: Setting CVar [[s.PriorityAsyncLoadingExtraTime:15.0]]
[2022.11.02-17.46.24:426][  0]LogConfig: Setting CVar [[s.LevelStreamingActorsUpdateTimeLimit:5.0]]
[2022.11.02-17.46.24:426][  0]LogConfig: Setting CVar [[s.PriorityLevelStreamingActorsUpdateExtraTime:5.0]]
[2022.11.02-17.46.24:426][  0]LogConfig: Setting CVar [[s.LevelStreamingComponentsRegistrationGranularity:10]]
[2022.11.02-17.46.24:426][  0]LogConfig: Setting CVar [[s.UnregisterComponentsTimeLimit:1.0]]
[2022.11.02-17.46.24:426][  0]LogConfig: Setting CVar [[s.LevelStreamingComponentsUnregistrationGranularity:5]]
[2022.11.02-17.46.24:426][  0]LogConfig: Setting CVar [[s.FlushStreamingOnExit:1]]
[2022.11.02-17.46.24:426][  0]LogConfig: Applying CVar settings from Section [/Script/Engine.GarbageCollectionSettings] File [C:/Users/gosorio/Documents/Unreal Projects/midterm/Saved/Config/Windows/Engine.ini]
[2022.11.02-17.46.24:426][  0]LogConfig: Setting CVar [[gc.MaxObjectsNotConsideredByGC:1]]
[2022.11.02-17.46.24:426][  0]LogConfig: Setting CVar [[gc.SizeOfPermanentObjectPool:0]]
[2022.11.02-17.46.24:426][  0]LogConfig: Setting CVar [[gc.FlushStreamingOnGC:0]]
[2022.11.02-17.46.24:426][  0]LogConfig: Setting CVar [[gc.NumRetriesBeforeForcingGC:10]]
[2022.11.02-17.46.24:426][  0]LogConfig: Setting CVar [[gc.AllowParallelGC:1]]
[2022.11.02-17.46.24:426][  0]LogConfig: Setting CVar [[gc.TimeBetweenPurgingPendingKillObjects:61.1]]
[2022.11.02-17.46.24:426][  0]LogConfig: Setting CVar [[gc.MaxObjectsInEditor:25165824]]
[2022.11.02-17.46.24:426][  0]LogConfig: Setting CVar [[gc.IncrementalBeginDestroyEnabled:1]]
[2022.11.02-17.46.24:426][  0]LogConfig: Setting CVar [[gc.CreateGCClusters:1]]
[2022.11.02-17.46.24:426][  0]LogConfig: Setting CVar [[gc.MinGCClusterSize:5]]
[2022.11.02-17.46.24:426][  0]LogConfig: Setting CVar [[gc.ActorClusteringEnabled:0]]
[2022.11.02-17.46.24:426][  0]LogConfig: Setting CVar [[gc.BlueprintClusteringEnabled:0]]
[2022.11.02-17.46.24:426][  0]LogConfig: Setting CVar [[gc.UseDisregardForGCOnDedicatedServers:0]]
[2022.11.02-17.46.24:426][  0]LogConfig: Setting CVar [[gc.MultithreadedDestructionEnabled:1]]
[2022.11.02-17.46.24:426][  0]LogConfig: Applying CVar settings from Section [/Script/Engine.NetworkSettings] File [C:/Users/gosorio/Documents/Unreal Projects/midterm/Saved/Config/Windows/Engine.ini]
[2022.11.02-17.46.24:426][  0]LogConfig: Applying CVar settings from Section [/Script/UnrealEd.CookerSettings] File [C:/Users/gosorio/Documents/Unreal Projects/midterm/Saved/Config/Windows/Engine.ini]
[2022.11.02-17.46.24:445][  0]LogConfig: Applying CVar settings from Section [ViewDistanceQuality@3] File [C:/Users/gosorio/Documents/Unreal Projects/midterm/Saved/Config/Windows/Scalability.ini]
[2022.11.02-17.46.24:445][  0]LogConfig: Setting CVar [[r.SkeletalMeshLODBias:0]]
[2022.11.02-17.46.24:445][  0]LogConfig: Setting CVar [[r.ViewDistanceScale:1.0]]
[2022.11.02-17.46.24:445][  0]LogConfig: Applying CVar settings from Section [AntiAliasingQuality@3] File [C:/Users/gosorio/Documents/Unreal Projects/midterm/Saved/Config/Windows/Scalability.ini]
[2022.11.02-17.46.24:445][  0]LogConfig: Setting CVar [[r.PostProcessAAQuality:4]]
[2022.11.02-17.46.24:445][  0]LogConfig: Applying CVar settings from Section [ShadowQuality@3] File [C:/Users/gosorio/Documents/Unreal Projects/midterm/Saved/Config/Windows/Scalability.ini]
[2022.11.02-17.46.24:445][  0]LogConfig: Setting CVar [[r.LightFunctionQuality:1]]
[2022.11.02-17.46.24:445][  0]LogConfig: Setting CVar [[r.ShadowQuality:5]]
[2022.11.02-17.46.24:445][  0]LogConfig: Setting CVar [[r.Shadow.CSM.MaxCascades:10]]
[2022.11.02-17.46.24:445][  0]LogConfig: Setting CVar [[r.Shadow.MaxResolution:2048]]
[2022.11.02-17.46.24:445][  0]LogConfig: Setting CVar [[r.Shadow.MaxCSMResolution:2048]]
[2022.11.02-17.46.24:445][  0]LogConfig: Setting CVar [[r.Shadow.RadiusThreshold:0.01]]
[2022.11.02-17.46.24:445][  0]LogConfig: Setting CVar [[r.Shadow.DistanceScale:1.0]]
[2022.11.02-17.46.24:445][  0]LogConfig: Setting CVar [[r.Shadow.CSM.TransitionScale:1.0]]
[2022.11.02-17.46.24:445][  0]LogConfig: Setting CVar [[r.Shadow.PreShadowResolutionFactor:1.0]]
[2022.11.02-17.46.24:445][  0]LogConfig: Setting CVar [[r.DistanceFieldShadowing:1]]
[2022.11.02-17.46.24:445][  0]LogConfig: Setting CVar [[r.DistanceFieldAO:1]]
[2022.11.02-17.46.24:445][  0]LogConfig: Setting CVar [[r.AOQuality:2]]
[2022.11.02-17.46.24:445][  0]LogConfig: Setting CVar [[r.VolumetricFog:1]]
[2022.11.02-17.46.24:445][  0]LogConfig: Setting CVar [[r.VolumetricFog.GridPixelSize:8]]
[2022.11.02-17.46.24:445][  0]LogConfig: Setting CVar [[r.VolumetricFog.GridSizeZ:128]]
[2022.11.02-17.46.24:445][  0]LogConfig: Setting CVar [[r.VolumetricFog.HistoryMissSupersampleCount:4]]
[2022.11.02-17.46.24:445][  0]LogConfig: Setting CVar [[r.LightMaxDrawDistanceScale:1]]
[2022.11.02-17.46.24:445][  0]LogConfig: Setting CVar [[r.CapsuleShadows:1]]
[2022.11.02-17.46.24:445][  0]LogConfig: Applying CVar settings from Section [PostProcessQuality@3] File [C:/Users/gosorio/Documents/Unreal Projects/midterm/Saved/Config/Windows/Scalability.ini]
[2022.11.02-17.46.24:445][  0]LogConfig: Setting CVar [[r.MotionBlurQuality:4]]
[2022.11.02-17.46.24:445][  0]LogConfig: Setting CVar [[r.AmbientOcclusionMipLevelFactor:0.4]]
[2022.11.02-17.46.24:445][  0]LogConfig: Setting CVar [[r.AmbientOcclusionMaxQuality:100]]
[2022.11.02-17.46.24:445][  0]LogConfig: Setting CVar [[r.AmbientOcclusionLevels:-1]]
[2022.11.02-17.46.24:445][  0]LogConfig: Setting CVar [[r.AmbientOcclusionRadiusScale:1.0]]
[2022.11.02-17.46.24:445][  0]LogConfig: Setting CVar [[r.DepthOfFieldQuality:2]]
[2022.11.02-17.46.24:445][  0]LogConfig: Setting CVar [[r.RenderTargetPoolMin:400]]
[2022.11.02-17.46.24:445][  0]LogConfig: Setting CVar [[r.LensFlareQuality:2]]
[2022.11.02-17.46.24:445][  0]LogConfig: Setting CVar [[r.SceneColorFringeQuality:1]]
[2022.11.02-17.46.24:445][  0]LogConfig: Setting CVar [[r.EyeAdaptationQuality:2]]
[2022.11.02-17.46.24:445][  0]LogConfig: Setting CVar [[r.BloomQuality:5]]
[2022.11.02-17.46.24:445][  0]LogConfig: Setting CVar [[r.FastBlurThreshold:100]]
[2022.11.02-17.46.24:445][  0]LogConfig: Setting CVar [[r.Upscale.Quality:3]]
[2022.11.02-17.46.24:445][  0]LogConfig: Setting CVar [[r.Tonemapper.GrainQuantization:1]]
[2022.11.02-17.46.24:445][  0]LogConfig: Setting CVar [[r.LightShaftQuality:1]]
[2022.11.02-17.46.24:446][  0]LogConfig: Setting CVar [[r.Filter.SizeScale:1]]
[2022.11.02-17.46.24:446][  0]LogConfig: Setting CVar [[r.Tonemapper.Quality:5]]
[2022.11.02-17.46.24:446][  0]LogConfig: Setting CVar [[r.DOF.Gather.AccumulatorQuality:1        ; higher gathering accumulator quality]]
[2022.11.02-17.46.24:446][  0]LogConfig: Setting CVar [[r.DOF.Gather.PostfilterMethod:1          ; Median3x3 postfilering method]]
[2022.11.02-17.46.24:446][  0]LogConfig: Setting CVar [[r.DOF.Gather.EnableBokehSettings:0       ; no bokeh simulation when gathering]]
[2022.11.02-17.46.24:446][  0]LogConfig: Setting CVar [[r.DOF.Gather.RingCount:4                 ; medium number of samples when gathering]]
[2022.11.02-17.46.24:446][  0]LogConfig: Setting CVar [[r.DOF.Scatter.ForegroundCompositing:1    ; additive foreground scattering]]
[2022.11.02-17.46.24:446][  0]LogConfig: Setting CVar [[r.DOF.Scatter.BackgroundCompositing:2    ; additive background scattering]]
[2022.11.02-17.46.24:446][  0]LogConfig: Setting CVar [[r.DOF.Scatter.EnableBokehSettings:1      ; bokeh simulation when scattering]]
[2022.11.02-17.46.24:446][  0]LogConfig: Setting CVar [[r.DOF.Scatter.MaxSpriteRatio:0.1         ; only a maximum of 10% of scattered bokeh]]
[2022.11.02-17.46.24:446][  0]LogConfig: Setting CVar [[r.DOF.Recombine.Quality:1                ; cheap slight out of focus]]
[2022.11.02-17.46.24:446][  0]LogConfig: Setting CVar [[r.DOF.Recombine.EnableBokehSettings:0    ; no bokeh simulation on slight out of focus]]
[2022.11.02-17.46.24:446][  0]LogConfig: Setting CVar [[r.DOF.TemporalAAQuality:1                ; more stable temporal accumulation]]
[2022.11.02-17.46.24:446][  0]LogConfig: Setting CVar [[r.DOF.Kernel.MaxForegroundRadius:0.025]]
[2022.11.02-17.46.24:446][  0]LogConfig: Setting CVar [[r.DOF.Kernel.MaxBackgroundRadius:0.025]]
[2022.11.02-17.46.24:446][  0]LogConfig: Applying CVar settings from Section [TextureQuality@3] File [C:/Users/gosorio/Documents/Unreal Projects/midterm/Saved/Config/Windows/Scalability.ini]
[2022.11.02-17.46.24:446][  0]LogConfig: Setting CVar [[r.Streaming.MipBias:0]]
[2022.11.02-17.46.24:446][  0]LogConfig: Setting CVar [[r.Streaming.AmortizeCPUToGPUCopy:0]]
[2022.11.02-17.46.24:446][  0]LogConfig: Setting CVar [[r.Streaming.MaxNumTexturesToStreamPerFrame:0]]
[2022.11.02-17.46.24:446][  0]LogConfig: Setting CVar [[r.Streaming.Boost:1]]
[2022.11.02-17.46.24:446][  0]LogConfig: Setting CVar [[r.MaxAnisotropy:8]]
[2022.11.02-17.46.24:446][  0]LogConfig: Setting CVar [[r.VT.MaxAnisotropy:8]]
[2022.11.02-17.46.24:446][  0]LogConfig: Setting CVar [[r.Streaming.LimitPoolSizeToVRAM:0]]
[2022.11.02-17.46.24:446][  0]LogConfig: Setting CVar [[r.Streaming.PoolSize:1000]]
[2022.11.02-17.46.24:446][  0]LogConfig: Setting CVar [[r.Streaming.MaxEffectiveScreenSize:0]]
[2022.11.02-17.46.24:446][  0]LogConfig: Applying CVar settings from Section [EffectsQuality@3] File [C:/Users/gosorio/Documents/Unreal Projects/midterm/Saved/Config/Windows/Scalability.ini]
[2022.11.02-17.46.24:446][  0]LogConfig: Setting CVar [[r.TranslucencyLightingVolumeDim:64]]
[2022.11.02-17.46.24:446][  0]LogConfig: Setting CVar [[r.RefractionQuality:2]]
[2022.11.02-17.46.24:446][  0]LogConfig: Setting CVar [[r.SSR.Quality:3]]
[2022.11.02-17.46.24:446][  0]LogConfig: Setting CVar [[r.SSR.HalfResSceneColor:0]]
[2022.11.02-17.46.24:446][  0]LogConfig: Setting CVar [[r.SceneColorFormat:4]]
[2022.11.02-17.46.24:446][  0]LogConfig: Setting CVar [[r.DetailMode:2]]
[2022.11.02-17.46.24:446][  0]LogConfig: Setting CVar [[r.TranslucencyVolumeBlur:1]]
[2022.11.02-17.46.24:446][  0]LogConfig: Setting CVar [[r.MaterialQualityLevel:1 ; High quality]]
[2022.11.02-17.46.24:446][  0]LogConfig: Setting CVar [[r.AnisotropicMaterials:1]]
[2022.11.02-17.46.24:446][  0]LogConfig: Setting CVar [[r.SSS.Scale:1]]
[2022.11.02-17.46.24:446][  0]LogConfig: Setting CVar [[r.SSS.SampleSet:2]]
[2022.11.02-17.46.24:446][  0]LogConfig: Setting CVar [[r.SSS.Quality:1]]
[2022.11.02-17.46.24:446][  0]LogConfig: Setting CVar [[r.SSS.HalfRes:0]]
[2022.11.02-17.46.24:446][  0]LogConfig: Setting CVar [[r.SSGI.Quality:3]]
[2022.11.02-17.46.24:446][  0]LogConfig: Setting CVar [[r.EmitterSpawnRateScale:1.0]]
[2022.11.02-17.46.24:446][  0]LogConfig: Setting CVar [[r.ParticleLightQuality:2]]
[2022.11.02-17.46.24:446][  0]LogConfig: Setting CVar [[r.SkyAtmosphere.AerialPerspectiveLUT.FastApplyOnOpaque:1 ; Always have FastSkyLUT 1 in this case to avoid wrong sky]]
[2022.11.02-17.46.24:446][  0]LogConfig: Setting CVar [[r.SkyAtmosphere.AerialPerspectiveLUT.SampleCountMaxPerSlice:4]]
[2022.11.02-17.46.24:446][  0]LogConfig: Setting CVar [[r.SkyAtmosphere.AerialPerspectiveLUT.DepthResolution:16.0]]
[2022.11.02-17.46.24:446][  0]LogConfig: Setting CVar [[r.SkyAtmosphere.FastSkyLUT:1]]
[2022.11.02-17.46.24:446][  0]LogConfig: Setting CVar [[r.SkyAtmosphere.FastSkyLUT.SampleCountMin:4.0]]
[2022.11.02-17.46.24:447][  0]LogConfig: Setting CVar [[r.SkyAtmosphere.FastSkyLUT.SampleCountMax:128.0]]
[2022.11.02-17.46.24:447][  0]LogConfig: Setting CVar [[r.SkyAtmosphere.SampleCountMin:4.0]]
[2022.11.02-17.46.24:447][  0]LogConfig: Setting CVar [[r.SkyAtmosphere.SampleCountMax:128.0]]
[2022.11.02-17.46.24:447][  0]LogConfig: Setting CVar [[r.SkyAtmosphere.TransmittanceLUT.UseSmallFormat:0]]
[2022.11.02-17.46.24:447][  0]LogConfig: Setting CVar [[r.SkyAtmosphere.TransmittanceLUT.SampleCount:10.0]]
[2022.11.02-17.46.24:447][  0]LogConfig: Setting CVar [[r.SkyAtmosphere.MultiScatteringLUT.SampleCount:15.0]]
[2022.11.02-17.46.24:447][  0]LogConfig: Setting CVar [[r.SkyLight.RealTimeReflectionCapture:1]]
[2022.11.02-17.46.24:447][  0]LogConfig: Applying CVar settings from Section [FoliageQuality@3] File [C:/Users/gosorio/Documents/Unreal Projects/midterm/Saved/Config/Windows/Scalability.ini]
[2022.11.02-17.46.24:447][  0]LogConfig: Setting CVar [[foliage.DensityScale:1.0]]
[2022.11.02-17.46.24:447][  0]LogConfig: Setting CVar [[grass.DensityScale:1.0]]
[2022.11.02-17.46.24:447][  0]LogConfig: Applying CVar settings from Section [ShadingQuality@3] File [C:/Users/gosorio/Documents/Unreal Projects/midterm/Saved/Config/Windows/Scalability.ini]
[2022.11.02-17.46.24:447][  0]LogConfig: Setting CVar [[r.HairStrands.SkyLighting.IntegrationType:2]]
[2022.11.02-17.46.24:447][  0]LogConfig: Setting CVar [[r.HairStrands.SkyAO.SampleCount:4]]
[2022.11.02-17.46.24:447][  0]LogConfig: Setting CVar [[r.HairStrands.Visibility.MSAA.SamplePerPixel:4]]
[2022.11.02-17.46.24:447][  0]LogInit: Selected Device Profile: [Windows]
[2022.11.02-17.46.24:447][  0]LogInit: Applying CVar settings loaded from the selected device profile: [Windows]
[2022.11.02-17.46.24:447][  0]LogHAL: Display: Platform has ~ 16 GB [17018806272 / 17179869184 / 16], which maps to Larger [LargestMinGB=32, LargerMinGB=12, DefaultMinGB=8, SmallerMinGB=6, SmallestMinGB=0)
[2022.11.02-17.46.24:447][  0]LogInit: Going up to parent DeviceProfile []
[2022.11.02-17.46.24:447][  0]LogConfig: Applying CVar settings from Section [ViewDistanceQuality@3] File [C:/Users/gosorio/Documents/Unreal Projects/midterm/Saved/Config/Windows/Scalability.ini]
[2022.11.02-17.46.24:447][  0]LogConfig: Setting CVar [[r.SkeletalMeshLODBias:0]]
[2022.11.02-17.46.24:447][  0]LogConfig: Setting CVar [[r.ViewDistanceScale:1.0]]
[2022.11.02-17.46.24:447][  0]LogConfig: Applying CVar settings from Section [AntiAliasingQuality@3] File [C:/Users/gosorio/Documents/Unreal Projects/midterm/Saved/Config/Windows/Scalability.ini]
[2022.11.02-17.46.24:447][  0]LogConfig: Setting CVar [[r.PostProcessAAQuality:4]]
[2022.11.02-17.46.24:447][  0]LogConfig: Applying CVar settings from Section [ShadowQuality@3] File [C:/Users/gosorio/Documents/Unreal Projects/midterm/Saved/Config/Windows/Scalability.ini]
[2022.11.02-17.46.24:447][  0]LogConfig: Setting CVar [[r.LightFunctionQuality:1]]
[2022.11.02-17.46.24:447][  0]LogConfig: Setting CVar [[r.ShadowQuality:5]]
[2022.11.02-17.46.24:447][  0]LogConfig: Setting CVar [[r.Shadow.CSM.MaxCascades:10]]
[2022.11.02-17.46.24:447][  0]LogConfig: Setting CVar [[r.Shadow.MaxResolution:2048]]
[2022.11.02-17.46.24:447][  0]LogConfig: Setting CVar [[r.Shadow.MaxCSMResolution:2048]]
[2022.11.02-17.46.24:447][  0]LogConfig: Setting CVar [[r.Shadow.RadiusThreshold:0.01]]
[2022.11.02-17.46.24:447][  0]LogConfig: Setting CVar [[r.Shadow.DistanceScale:1.0]]
[2022.11.02-17.46.24:447][  0]LogConfig: Setting CVar [[r.Shadow.CSM.TransitionScale:1.0]]
[2022.11.02-17.46.24:447][  0]LogConfig: Setting CVar [[r.Shadow.PreShadowResolutionFactor:1.0]]
[2022.11.02-17.46.24:448][  0]LogConfig: Setting CVar [[r.DistanceFieldShadowing:1]]
[2022.11.02-17.46.24:448][  0]LogConfig: Setting CVar [[r.DistanceFieldAO:1]]
[2022.11.02-17.46.24:448][  0]LogConfig: Setting CVar [[r.AOQuality:2]]
[2022.11.02-17.46.24:448][  0]LogConfig: Setting CVar [[r.VolumetricFog:1]]
[2022.11.02-17.46.24:448][  0]LogConfig: Setting CVar [[r.VolumetricFog.GridPixelSize:8]]
[2022.11.02-17.46.24:448][  0]LogConfig: Setting CVar [[r.VolumetricFog.GridSizeZ:128]]
[2022.11.02-17.46.24:448][  0]LogConfig: Setting CVar [[r.VolumetricFog.HistoryMissSupersampleCount:4]]
[2022.11.02-17.46.24:448][  0]LogConfig: Setting CVar [[r.LightMaxDrawDistanceScale:1]]
[2022.11.02-17.46.24:448][  0]LogConfig: Setting CVar [[r.CapsuleShadows:1]]
[2022.11.02-17.46.24:448][  0]LogConfig: Applying CVar settings from Section [PostProcessQuality@3] File [C:/Users/gosorio/Documents/Unreal Projects/midterm/Saved/Config/Windows/Scalability.ini]
[2022.11.02-17.46.24:448][  0]LogConfig: Setting CVar [[r.MotionBlurQuality:4]]
[2022.11.02-17.46.24:448][  0]LogConfig: Setting CVar [[r.AmbientOcclusionMipLevelFactor:0.4]]
[2022.11.02-17.46.24:448][  0]LogConfig: Setting CVar [[r.AmbientOcclusionMaxQuality:100]]
[2022.11.02-17.46.24:448][  0]LogConfig: Setting CVar [[r.AmbientOcclusionLevels:-1]]
[2022.11.02-17.46.24:448][  0]LogConfig: Setting CVar [[r.AmbientOcclusionRadiusScale:1.0]]
[2022.11.02-17.46.24:448][  0]LogConfig: Setting CVar [[r.DepthOfFieldQuality:2]]
[2022.11.02-17.46.24:448][  0]LogConfig: Setting CVar [[r.RenderTargetPoolMin:400]]
[2022.11.02-17.46.24:448][  0]LogConfig: Setting CVar [[r.LensFlareQuality:2]]
[2022.11.02-17.46.24:448][  0]LogConfig: Setting CVar [[r.SceneColorFringeQuality:1]]
[2022.11.02-17.46.24:448][  0]LogConfig: Setting CVar [[r.EyeAdaptationQuality:2]]
[2022.11.02-17.46.24:448][  0]LogConfig: Setting CVar [[r.BloomQuality:5]]
[2022.11.02-17.46.24:448][  0]LogConfig: Setting CVar [[r.FastBlurThreshold:100]]
[2022.11.02-17.46.24:448][  0]LogConfig: Setting CVar [[r.Upscale.Quality:3]]
[2022.11.02-17.46.24:448][  0]LogConfig: Setting CVar [[r.Tonemapper.GrainQuantization:1]]
[2022.11.02-17.46.24:448][  0]LogConfig: Setting CVar [[r.LightShaftQuality:1]]
[2022.11.02-17.46.24:448][  0]LogConfig: Setting CVar [[r.Filter.SizeScale:1]]
[2022.11.02-17.46.24:448][  0]LogConfig: Setting CVar [[r.Tonemapper.Quality:5]]
[2022.11.02-17.46.24:448][  0]LogConfig: Setting CVar [[r.DOF.Gather.AccumulatorQuality:1        ; higher gathering accumulator quality]]
[2022.11.02-17.46.24:448][  0]LogConfig: Setting CVar [[r.DOF.Gather.PostfilterMethod:1          ; Median3x3 postfilering method]]
[2022.11.02-17.46.24:448][  0]LogConfig: Setting CVar [[r.DOF.Gather.EnableBokehSettings:0       ; no bokeh simulation when gathering]]
[2022.11.02-17.46.24:448][  0]LogConfig: Setting CVar [[r.DOF.Gather.RingCount:4                 ; medium number of samples when gathering]]
[2022.11.02-17.46.24:448][  0]LogConfig: Setting CVar [[r.DOF.Scatter.ForegroundCompositing:1    ; additive foreground scattering]]
[2022.11.02-17.46.24:448][  0]LogConfig: Setting CVar [[r.DOF.Scatter.BackgroundCompositing:2    ; additive background scattering]]
[2022.11.02-17.46.24:448][  0]LogConfig: Setting CVar [[r.DOF.Scatter.EnableBokehSettings:1      ; bokeh simulation when scattering]]
[2022.11.02-17.46.24:448][  0]LogConfig: Setting CVar [[r.DOF.Scatter.MaxSpriteRatio:0.1         ; only a maximum of 10% of scattered bokeh]]
[2022.11.02-17.46.24:448][  0]LogConfig: Setting CVar [[r.DOF.Recombine.Quality:1                ; cheap slight out of focus]]
[2022.11.02-17.46.24:448][  0]LogConfig: Setting CVar [[r.DOF.Recombine.EnableBokehSettings:0    ; no bokeh simulation on slight out of focus]]
[2022.11.02-17.46.24:448][  0]LogConfig: Setting CVar [[r.DOF.TemporalAAQuality:1                ; more stable temporal accumulation]]
[2022.11.02-17.46.24:448][  0]LogConfig: Setting CVar [[r.DOF.Kernel.MaxForegroundRadius:0.025]]
[2022.11.02-17.46.24:448][  0]LogConfig: Setting CVar [[r.DOF.Kernel.MaxBackgroundRadius:0.025]]
[2022.11.02-17.46.24:448][  0]LogConfig: Applying CVar settings from Section [TextureQuality@3] File [C:/Users/gosorio/Documents/Unreal Projects/midterm/Saved/Config/Windows/Scalability.ini]
[2022.11.02-17.46.24:448][  0]LogConfig: Setting CVar [[r.Streaming.MipBias:0]]
[2022.11.02-17.46.24:448][  0]LogConfig: Setting CVar [[r.Streaming.AmortizeCPUToGPUCopy:0]]
[2022.11.02-17.46.24:448][  0]LogConfig: Setting CVar [[r.Streaming.MaxNumTexturesToStreamPerFrame:0]]
[2022.11.02-17.46.24:448][  0]LogConfig: Setting CVar [[r.Streaming.Boost:1]]
[2022.11.02-17.46.24:448][  0]LogConfig: Setting CVar [[r.MaxAnisotropy:8]]
[2022.11.02-17.46.24:448][  0]LogConfig: Setting CVar [[r.VT.MaxAnisotropy:8]]
[2022.11.02-17.46.24:448][  0]LogConfig: Setting CVar [[r.Streaming.LimitPoolSizeToVRAM:0]]
[2022.11.02-17.46.24:448][  0]LogConfig: Setting CVar [[r.Streaming.PoolSize:1000]]
[2022.11.02-17.46.24:448][  0]LogConfig: Setting CVar [[r.Streaming.MaxEffectiveScreenSize:0]]
[2022.11.02-17.46.24:448][  0]LogConfig: Applying CVar settings from Section [EffectsQuality@3] File [C:/Users/gosorio/Documents/Unreal Projects/midterm/Saved/Config/Windows/Scalability.ini]
[2022.11.02-17.46.24:448][  0]LogConfig: Setting CVar [[r.TranslucencyLightingVolumeDim:64]]
[2022.11.02-17.46.24:448][  0]LogConfig: Setting CVar [[r.RefractionQuality:2]]
[2022.11.02-17.46.24:448][  0]LogConfig: Setting CVar [[r.SSR.Quality:3]]
[2022.11.02-17.46.24:448][  0]LogConfig: Setting CVar [[r.SSR.HalfResSceneColor:0]]
[2022.11.02-17.46.24:448][  0]LogConfig: Setting CVar [[r.SceneColorFormat:4]]
[2022.11.02-17.46.24:448][  0]LogConfig: Setting CVar [[r.DetailMode:2]]
[2022.11.02-17.46.24:448][  0]LogConfig: Setting CVar [[r.TranslucencyVolumeBlur:1]]
[2022.11.02-17.46.24:448][  0]LogConfig: Setting CVar [[r.MaterialQualityLevel:1 ; High quality]]
[2022.11.02-17.46.24:448][  0]LogConfig: Setting CVar [[r.AnisotropicMaterials:1]]
[2022.11.02-17.46.24:448][  0]LogConfig: Setting CVar [[r.SSS.Scale:1]]
[2022.11.02-17.46.24:448][  0]LogConfig: Setting CVar [[r.SSS.SampleSet:2]]
[2022.11.02-17.46.24:449][  0]LogConfig: Setting CVar [[r.SSS.Quality:1]]
[2022.11.02-17.46.24:449][  0]LogConfig: Setting CVar [[r.SSS.HalfRes:0]]
[2022.11.02-17.46.24:449][  0]LogConfig: Setting CVar [[r.SSGI.Quality:3]]
[2022.11.02-17.46.24:449][  0]LogConfig: Setting CVar [[r.EmitterSpawnRateScale:1.0]]
[2022.11.02-17.46.24:449][  0]LogConfig: Setting CVar [[r.ParticleLightQuality:2]]
[2022.11.02-17.46.24:449][  0]LogConfig: Setting CVar [[r.SkyAtmosphere.AerialPerspectiveLUT.FastApplyOnOpaque:1 ; Always have FastSkyLUT 1 in this case to avoid wrong sky]]
[2022.11.02-17.46.24:449][  0]LogConfig: Setting CVar [[r.SkyAtmosphere.AerialPerspectiveLUT.SampleCountMaxPerSlice:4]]
[2022.11.02-17.46.24:449][  0]LogConfig: Setting CVar [[r.SkyAtmosphere.AerialPerspectiveLUT.DepthResolution:16.0]]
[2022.11.02-17.46.24:449][  0]LogConfig: Setting CVar [[r.SkyAtmosphere.FastSkyLUT:1]]
[2022.11.02-17.46.24:449][  0]LogConfig: Setting CVar [[r.SkyAtmosphere.FastSkyLUT.SampleCountMin:4.0]]
[2022.11.02-17.46.24:449][  0]LogConfig: Setting CVar [[r.SkyAtmosphere.FastSkyLUT.SampleCountMax:128.0]]
[2022.11.02-17.46.24:449][  0]LogConfig: Setting CVar [[r.SkyAtmosphere.SampleCountMin:4.0]]
[2022.11.02-17.46.24:449][  0]LogConfig: Setting CVar [[r.SkyAtmosphere.SampleCountMax:128.0]]
[2022.11.02-17.46.24:449][  0]LogConfig: Setting CVar [[r.SkyAtmosphere.TransmittanceLUT.UseSmallFormat:0]]
[2022.11.02-17.46.24:449][  0]LogConfig: Setting CVar [[r.SkyAtmosphere.TransmittanceLUT.SampleCount:10.0]]
[2022.11.02-17.46.24:449][  0]LogConfig: Setting CVar [[r.SkyAtmosphere.MultiScatteringLUT.SampleCount:15.0]]
[2022.11.02-17.46.24:449][  0]LogConfig: Setting CVar [[r.SkyLight.RealTimeReflectionCapture:1]]
[2022.11.02-17.46.24:449][  0]LogConfig: Applying CVar settings from Section [FoliageQuality@3] File [C:/Users/gosorio/Documents/Unreal Projects/midterm/Saved/Config/Windows/Scalability.ini]
[2022.11.02-17.46.24:449][  0]LogConfig: Setting CVar [[foliage.DensityScale:1.0]]
[2022.11.02-17.46.24:449][  0]LogConfig: Setting CVar [[grass.DensityScale:1.0]]
[2022.11.02-17.46.24:449][  0]LogConfig: Applying CVar settings from Section [ShadingQuality@3] File [C:/Users/gosorio/Documents/Unreal Projects/midterm/Saved/Config/Windows/Scalability.ini]
[2022.11.02-17.46.24:449][  0]LogConfig: Setting CVar [[r.HairStrands.SkyLighting.IntegrationType:2]]
[2022.11.02-17.46.24:449][  0]LogConfig: Setting CVar [[r.HairStrands.SkyAO.SampleCount:4]]
[2022.11.02-17.46.24:449][  0]LogConfig: Setting CVar [[r.HairStrands.Visibility.MSAA.SamplePerPixel:4]]
[2022.11.02-17.46.24:450][  0]LogConfig: Applying CVar settings from Section [Startup] File [../../../Engine/Config/ConsoleVariables.ini]
[2022.11.02-17.46.24:450][  0]LogConfig: Setting CVar [[net.UseAdaptiveNetUpdateFrequency:0]]
[2022.11.02-17.46.24:450][  0]LogConfig: Setting CVar [[p.chaos.AllowCreatePhysxBodies:1]]
[2022.11.02-17.46.24:450][  0]LogConfig: Setting CVar [[fx.SkipVectorVMBackendOptimizations:1]]
[2022.11.02-17.46.24:450][  0]LogConfig: Applying CVar settings from Section [ConsoleVariables] File [C:/Users/gosorio/Documents/Unreal Projects/midterm/Saved/Config/Windows/Engine.ini]
[2022.11.02-17.46.24:450][  0]LogConfig: Applying CVar settings from Section [ConsoleVariables] File [C:/Users/gosorio/Documents/Unreal Projects/midterm/Saved/Config/Windows/Editor.ini]
[2022.11.02-17.46.24:451][  0]LogInit: Computer: 5CD911CWQ8
[2022.11.02-17.46.24:451][  0]LogInit: User: gosorio
[2022.11.02-17.46.24:451][  0]LogInit: CPU Page size=4096, Cores=6
[2022.11.02-17.46.24:451][  0]LogInit: High frequency timer resolution =10.000000 MHz
[2022.11.02-17.46.24:451][  0]LogMemory: Memory total: Physical=15.8GB (16GB approx)
[2022.11.02-17.46.24:451][  0]LogMemory: Platform Memory Stats for Windows
[2022.11.02-17.46.24:451][  0]LogMemory: Process Physical Memory: 144.92 MB used, 144.92 MB peak
[2022.11.02-17.46.24:451][  0]LogMemory: Process Virtual Memory: 122.23 MB used, 122.23 MB peak
[2022.11.02-17.46.24:451][  0]LogMemory: Physical Memory: 8429.00 MB used,  7801.40 MB free, 16230.40 MB total
[2022.11.02-17.46.24:451][  0]LogMemory: Virtual Memory: 134213288.00 MB used,  4440.49 MB free, 134217728.00 MB total
[2022.11.02-17.46.24:471][  0]LogWindows: WindowsPlatformFeatures enabled
[2022.11.02-17.46.24:549][  0]LogInit: Physics initialised using underlying interface: PhysX
[2022.11.02-17.46.24:549][  0]LogInit: Using OS detected language (en-US).
[2022.11.02-17.46.24:549][  0]LogInit: Using OS detected locale (en-US).
[2022.11.02-17.46.24:556][  0]LogTextLocalizationManager: No specific localization for 'en-US' exists, so the 'en' localization will be used.
[2022.11.02-17.46.24:900][  0]LogWindowsTextInputMethodSystem: Display: IME system deactivated.
[2022.11.02-17.46.24:939][  0]LogSlate: New Slate User Created.  User Index 0, Is Virtual User: 0
[2022.11.02-17.46.24:939][  0]LogSlate: Slate User Registered.  User Index 0, Is Virtual User: 0
[2022.11.02-17.46.24:969][  0]LogD3D11RHI: Loaded GFSDK_Aftermath_Lib.x64.dll
[2022.11.02-17.46.24:980][  0]LogHMD: Failed to initialize OpenVR with code 110
[2022.11.02-17.46.24:980][  0]LogD3D11RHI: D3D11 min allowed feature level: 11_0
[2022.11.02-17.46.24:980][  0]LogD3D11RHI: D3D11 max allowed feature level: 11_0
[2022.11.02-17.46.24:980][  0]LogD3D11RHI: D3D11 adapters:
[2022.11.02-17.46.25:127][  0]LogD3D11RHI:    0. 'NVIDIA Quadro P2000' (Feature Level 11_0)
[2022.11.02-17.46.25:127][  0]LogD3D11RHI:       4019/0/8115 MB DedicatedVideo/DedicatedSystem/SharedSystem, Outputs:1, VendorId:0x10de
[2022.11.02-17.46.25:132][  0]LogD3D11RHI:    1. 'Microsoft Basic Render Driver' (Feature Level 11_0)
[2022.11.02-17.46.25:132][  0]LogD3D11RHI:       0/0/8115 MB DedicatedVideo/DedicatedSystem/SharedSystem, Outputs:0, VendorId:0x1414
[2022.11.02-17.46.25:132][  0]LogD3D11RHI: Chosen D3D11 Adapter:
[2022.11.02-17.46.25:132][  0]LogD3D11RHI:     Description : NVIDIA Quadro P2000
[2022.11.02-17.46.25:132][  0]LogD3D11RHI:     VendorId    : 10de
[2022.11.02-17.46.25:132][  0]LogD3D11RHI:     DeviceId    : 1cba
[2022.11.02-17.46.25:132][  0]LogD3D11RHI:     SubSysId    : 8451103c
[2022.11.02-17.46.25:132][  0]LogD3D11RHI:     Revision    : 00a1
[2022.11.02-17.46.25:132][  0]LogD3D11RHI:     DedicatedVideoMemory : 4214226944 bytes
[2022.11.02-17.46.25:132][  0]LogD3D11RHI:     DedicatedSystemMemory : 0 bytes
[2022.11.02-17.46.25:132][  0]LogD3D11RHI:     SharedSystemMemory : 8509403136 bytes
[2022.11.02-17.46.25:132][  0]LogD3D11RHI:     AdapterLuid : 0 186481
[2022.11.02-17.46.25:145][  0]LogD3D11RHI: Creating new Direct3DDevice
[2022.11.02-17.46.25:146][  0]LogD3D11RHI:     GPU DeviceId: 0x1cba (for the marketing name, search the web for "GPU Device Id")
[2022.11.02-17.46.25:146][  0]LogWindows: EnumDisplayDevices:
[2022.11.02-17.46.25:146][  0]LogWindows:    0. 'NVIDIA Quadro P2000' (P:1 D:1)
[2022.11.02-17.46.25:147][  0]LogWindows:    1. 'NVIDIA Quadro P2000' (P:0 D:0)
[2022.11.02-17.46.25:148][  0]LogWindows:    2. 'NVIDIA Quadro P2000' (P:0 D:0)
[2022.11.02-17.46.25:149][  0]LogWindows:    3. 'NVIDIA Quadro P2000' (P:0 D:0)
[2022.11.02-17.46.25:149][  0]LogWindows: DebugString: FoundDriverCount:4 
[2022.11.02-17.46.25:149][  0]LogD3D11RHI:     Adapter Name: NVIDIA Quadro P2000
[2022.11.02-17.46.25:149][  0]LogD3D11RHI:   Driver Version: 473.34 (internal:30.0.14.7334, unified:473.34)
[2022.11.02-17.46.25:149][  0]LogD3D11RHI:      Driver Date: 4-4-2022
[2022.11.02-17.46.25:149][  0]LogRHI: Texture pool is 2813 MB (70% of 4019 MB)
[2022.11.02-17.46.25:149][  0]LogD3D11RHI: Creating D3DDevice using adapter:
[2022.11.02-17.46.25:149][  0]LogD3D11RHI:     Description : NVIDIA Quadro P2000
[2022.11.02-17.46.25:150][  0]LogD3D11RHI:     VendorId    : 10de
[2022.11.02-17.46.25:150][  0]LogD3D11RHI:     DeviceId    : 1cba
[2022.11.02-17.46.25:150][  0]LogD3D11RHI:     SubSysId    : 8451103c
[2022.11.02-17.46.25:150][  0]LogD3D11RHI:     Revision    : 00a1
[2022.11.02-17.46.25:150][  0]LogD3D11RHI:     DedicatedVideoMemory : 4214226944 bytes
[2022.11.02-17.46.25:150][  0]LogD3D11RHI:     DedicatedSystemMemory : 0 bytes
[2022.11.02-17.46.25:150][  0]LogD3D11RHI:     SharedSystemMemory : 8509403136 bytes
[2022.11.02-17.46.25:150][  0]LogD3D11RHI:     AdapterLuid : 0 186481
[2022.11.02-17.46.25:241][  0]LogD3D11RHI: RHI has support for 64 bit atomics
[2022.11.02-17.46.25:241][  0]LogD3D11RHI: Async texture creation enabled
[2022.11.02-17.46.25:241][  0]LogD3D11RHI: Array index from any shader is supported
[2022.11.02-17.46.25:266][  0]LogD3D11RHI: GPU Timing Frequency: 1000.000000 (Debug: 2 1)
[2022.11.02-17.46.25:365][  0]LogRHI: GeForceNow SDK initialized: 1
[2022.11.02-17.46.26:007][  0]LogTargetPlatformManager: Display: Loaded TargetPlatform 'WindowsNoEditor'
[2022.11.02-17.46.26:016][  0]LogTargetPlatformManager: Display: Loaded TargetPlatform 'Windows'
[2022.11.02-17.46.26:025][  0]LogTargetPlatformManager: Display: Loaded TargetPlatform 'WindowsClient'
[2022.11.02-17.46.26:035][  0]LogTargetPlatformManager: Display: Loaded TargetPlatform 'WindowsServer'
[2022.11.02-17.46.26:035][  0]LogTargetPlatformManager: Display: Building Assets For Windows
[2022.11.02-17.46.26:055][  0]LogAudioDebug: Display: Lib vorbis DLL was dynamically loaded.
[2022.11.02-17.46.26:128][  0]LogTextureFormatOodle: Display: Oodle Texture 2.9.0 init RDO Off
[2022.11.02-17.46.26:195][  0]LogRendererCore: Ray tracing is disabled. Reason: r.RayTracing=0.
[2022.11.02-17.46.26:195][  0]LogShaderCompilers: Guid format shader working directory is -18 characters bigger than the processId version (../../../../../../Users/gosorio/Documents/Unreal Projects/midterm/Intermediate/Shaders/WorkingDirectory/42508/).
[2022.11.02-17.46.26:196][  0]LogShaderCompilers: Cleaned the shader compiler working directory 'C:/Users/gosorio/AppData/Local/Temp/UnrealShaderWorkingDir/1CB81E464E5EEE6D3C14289992A27D3E/'.
[2022.11.02-17.46.26:196][  0]LogXGEController: Cannot use XGE Controller as Incredibuild is not installed on this machine.
[2022.11.02-17.46.26:196][  0]LogShaderCompilers: Cannot use XGE Shader Compiler as Incredibuild is not installed on this machine.
[2022.11.02-17.46.26:196][  0]LogShaderCompilers: Display: Using Local Shader Compiler.
[2022.11.02-17.46.27:261][  0]LogDerivedDataCache: Display: Max Cache Size: 512 MB
[2022.11.02-17.46.27:333][  0]LogDerivedDataCache: Loaded boot cache 0.07s 94MB C:/Users/gosorio/AppData/Local/UnrealEngine/4.27/DerivedDataCache/Boot.ddc.
[2022.11.02-17.46.27:333][  0]LogDerivedDataCache: Display: Loaded Boot cache: C:/Users/gosorio/AppData/Local/UnrealEngine/4.27/DerivedDataCache/Boot.ddc
[2022.11.02-17.46.27:333][  0]LogDerivedDataCache: FDerivedDataBackendGraph:  Pak pak cache file ../../../../../../Users/gosorio/Documents/Unreal Projects/midterm/DerivedDataCache/DDC.ddp not found, will not use a pak cache.
[2022.11.02-17.46.27:333][  0]LogDerivedDataCache: Unable to find inner node Pak for hierarchical cache Hierarchy.
[2022.11.02-17.46.27:333][  0]LogDerivedDataCache: FDerivedDataBackendGraph:  CompressedPak pak cache file ../../../../../../Users/gosorio/Documents/Unreal Projects/midterm/DerivedDataCache/Compressed.ddp not found, will not use a pak cache.
[2022.11.02-17.46.27:333][  0]LogDerivedDataCache: Unable to find inner node CompressedPak for hierarchical cache Hierarchy.
[2022.11.02-17.46.27:354][  0]LogDerivedDataCache: Display: Pak cache opened for reading ../../../Engine/DerivedDataCache/Compressed.ddp.
[2022.11.02-17.46.27:354][  0]LogDerivedDataCache: FDerivedDataBackendGraph:  EnterprisePak pak cache file ../../../Enterprise/DerivedDataCache/Compressed.ddp not found, will not use a pak cache.
[2022.11.02-17.46.27:354][  0]LogDerivedDataCache: Unable to find inner node EnterprisePak for hierarchical cache Hierarchy.
[2022.11.02-17.46.27:371][  0]LogDerivedDataCache: Speed tests for C:/Users/gosorio/AppData/Local/UnrealEngine/Common/DerivedDataCache took 0.02 seconds
[2022.11.02-17.46.27:371][  0]LogDerivedDataCache: Display: Performance to C:/Users/gosorio/AppData/Local/UnrealEngine/Common/DerivedDataCache: Latency=0.03ms. RandomReadSpeed=514.18MBs, RandomWriteSpeed=65.28MBs. Assigned SpeedClass 'Local'
[2022.11.02-17.46.27:372][  0]LogDerivedDataCache: Using Local data cache path C:/Users/gosorio/AppData/Local/UnrealEngine/Common/DerivedDataCache: Writable
[2022.11.02-17.46.27:372][  0]LogDerivedDataCache: Shared data cache path not found in *engine.ini, will not use an Shared cache.
[2022.11.02-17.46.27:372][  0]LogDerivedDataCache: Unable to find inner node Shared for hierarchical cache Hierarchy.
[2022.11.02-17.46.27:418][  0]LogSlate: Using FreeType 2.10.0
[2022.11.02-17.46.27:419][  0]LogSlate: SlateFontServices - WITH_FREETYPE: 1, WITH_HARFBUZZ: 1
[2022.11.02-17.46.27:539][  0]LogInit: Using OS detected language (en-US).
[2022.11.02-17.46.27:539][  0]LogInit: Using OS detected locale (en-US).
[2022.11.02-17.46.27:539][  0]LogTextLocalizationManager: No localization for 'en-US' exists, so 'en' will be used for the language.
[2022.11.02-17.46.27:539][  0]LogTextLocalizationManager: No localization for 'en-US' exists, so 'en' will be used for the locale.
[2022.11.02-17.46.27:539][  0]LogSlate: FontCache flush requested. Reason: Culture for localization was changed
[2022.11.02-17.46.27:539][  0]LogSlate: FontCache flush requested. Reason: Culture for localization was changed
[2022.11.02-17.46.27:542][  0]LogTextLocalizationManager: Compacting localization data took   0.01ms
[2022.11.02-17.46.27:542][  0]LogAssetRegistry: FAssetRegistry took 0.0022 seconds to start up
[2022.11.02-17.46.27:744][  0]LogPackageLocalizationCache: Processed 27 localized package path(s) for 1 prioritized culture(s) in 0.001162 seconds
[2022.11.02-17.46.27:840][  0]LogInit: Selected Device Profile: [Windows]
[2022.11.02-17.46.27:840][  0]LogInit: Active device profile: [0000019E77A5F400][0000019E75E28580 49] Windows
[2022.11.02-17.46.27:840][  0]LogInit: Profiles: [0000019E77A5F400][0000019E75E28580 49] Windows, [0000019E77A1CD00][0000019E75E30700 49] WindowsNoEditor, [0000019E77A5CD00][0000019E75D72880 49] WindowsServer, [0000019E77A1E900][0000019E75D76A00 49] WindowsClient, [0000019E77A5E800][0000019E75D7AB80 49] IOS, [0000019E77A1D500][0000019E75D7ED00 49] iPadAir, [0000019E77A5D500][0000019E75D82E80 49] iPadAir2, [0000019E779CAB00][0000019E75D8B140 49] IPadPro, [0000019E779CAC00][0000019E75D87180 49] iPadAir3, [0000019E77A5E400][0000019E75D8F300 49] iPadAir4, [0000019E779CB600][0000019E75D93480 49] iPadMini2, [0000019E77A5F700][0000019E75D97600 49] iPadMini3, [0000019E779C8600][0000019E75E2D740 49] iPadMini4, [0000019E77A5CC00][0000019E75D9B880 49] iPadMini5, [0000019E77A06400][0000019E75DA3AC0 49] iPhone6, [0000019E77A06500][0000019E75D9FB00 49] iPodTouch6, [0000019E779C9400][0000019E75DAE240 49] iPhone7, [0000019E779CBF00][0000019E75DAA280 49] iPodTouch7, [0000019E77A06E00][0000019E75DB2400 49] iPhone5S, [0000019E779CA300][0000019E75DB6580 49] iPhone6Plus, [0000019E77A04600][0000019E75DBA700 49] iPhone6S, [0000019E779C8700][0000019E75FE8880 49] iPhone6SPlus, [0000019E77A05400][0000019E75FECA00 49] iPhone7Plus, [0000019E779C8B00][0000019E75FF0B80 49] iPhoneSE, [0000019E77A06200][0000019E75FF4D00 49] iPhone8, [0000019E779CA700][0000019E75FF8E80 49] iPhone8Plus, [0000019E77A04300][0000019E75FFD000 49] iPhoneX, [0000019E779CBD00][0000019E76001180 49] iPhoneXS, [0000019E77A07500][0000019E76005300 49] iPhoneXSMax, [0000019E779C8900][0000019E76009480 49] iPhoneXR, [0000019E77A04C00][0000019E7600D600 49] iPhone11, [0000019E779CB000][0000019E76011780 49] iPhone11Pro, [0000019E77A04100][0000019E75DA78C0 49] iPhone11ProMax, [0000019E779C9C00][0000019E76015A00 49] iPhoneSE2, [0000019E77A04400][0000019E76019B40 49] iPhone12Mini, [0000019E779CB200][0000019E7601C100 49] iPhone12, [0000019E77A05200][0000019E76024280 49] iPhone12Pro, [0000019E779C9D00][0000019E76028400 49] iPhone12ProMax, [0000019E77A06700][0000019E7602C580 49] iPadPro105, [0000019E779C8A00][0000019E76030700 49] iPadPro129, [0000019E77A05D00][0000019E7CE78880 49] iPadPro97, [0000019E779CBC00][0000019E7CE7CA00 49] iPadPro2_129, [0000019E77A05B00][0000019E7CE80B80 49] iPad5, [0000019E779C8400][0000019E7CE84D00 49] iPad6, [0000019E77A05F00][0000019E7CE88E80 49] iPad7, [0000019E779CAF00][0000019E7CE8D000 49] iPad8, [0000019E77A07700][0000019E7CE91180 49] iPadPro11, [0000019E779C9E00][0000019E7CE95300 49] iPadPro2_11, [0000019E77A07A00][0000019E7CE99480 49] iPadPro3_129, [0000019E779C8F00][0000019E7CE9D600 49] iPadPro4_129, [0000019E77A1E400][0000019E7CEA1780 49] AppleTV, [0000019E77A9CD00][0000019E7CEA5900 49] AppleTV4K, [0000019E77A1D800][0000019E7CEA9A80 49] TVOS, [0000019E77A9DA00][0000019E76021BC0 49] Mac, [0000019E77A1FC00][0000019E7CEAC180 49] MacClient, [0000019E77A9C100][0000019E7CEB02C0 49] MacNoEditor, [0000019E77A1EC00][0000019E7CEB8440 49] MacServer, [0000019E77A9DC00][0000019E7CEBC5C0 49] Linux, [0000019E77A1C700][0000019E7CEC0740 49] LinuxAArch64, [0000019E77A9C600][0000019E7CEC48C0 49] LinuxNoEditor, [0000019E77A1E000][0000019E7CEC8A40 49] LinuxAArch64NoEditor, [0000019E77A9DD00][0000019E7CECCBC0 49] LinuxClient, [0000019E77A1D400][0000019E7CED0D40 49] LinuxAArch64Client, [0000019E77A9C800][0000019E7CED4EC0 49] LinuxServer, [0000019E77A1E100][0000019E7CED9040 49] LinuxAArch64Server, [0000019E77A9D900][0000019E7CEDD1C0 49] Android, [0000019E77A1D100][0000019E5FF01340 49] Android_Low, [0000019E77A9DE00][0000019E5FF054C0 49] Android_Mid, [0000019E77A1CC00][0000019E5FF09640 49] Android_High, [0000019E77A9D000][0000019E5FF0D7C0 49] Android_Default, [0000019E77A1C500][0000019E5FF11940 49] Android_Adreno4xx, [0000019E77A9E600][0000019E5FF15AC0 49] Android_Adreno5xx_Low, [0000019E779C9700][0000019E5FF180C0 49] Android_Adreno5xx, [0000019E77A06F00][0000019E7CEB4200 49] Android_Adreno6xx, [0000019E779C9500][0000019E5FF1C340 49] Android_Adreno6xx_Vulkan, [0000019E77A9CB00][0000019E5FF20480 49] Android_Mali_T6xx, [0000019E779C9200][0000019E5FF245C0 49] Android_Mali_T7xx, [0000019E77A9ED00][0000019E5FF2C740 49] Android_Mali_T8xx, [0000019E779C9300][0000019E760348C0 49] Android_Mali_G71, [0000019E77A9CA00][0000019E76038A40 49] Android_Mali_G72, [0000019E779C9B00][0000019E7603CBC0 49] Android_Mali_G72_Vulkan, [0000019E77A9D500][0000019E76040D40 49] Android_Mali_G76, [0000019E779C9000][0000019E76044EC0 49] Android_Mali_G76_Vulkan, [0000019E77A9E300][0000019E76049040 49] Android_Mali_G77, [0000019E779CB900][0000019E7604D1C0 49] Android_Mali_G77_Vulkan, [0000019E77A9E700][0000019E76051340 49] Android_Mali_G78, [0000019E779C9100][0000019E760554C0 49] Android_Mali_G78_Vulkan, [0000019E77A9CC00][0000019E76059640 49] Android_Mali_G710, [0000019E779CA400][0000019E7CEF17C0 49] Android_Mali_G710_Vulkan, [0000019E77A9E100][0000019E7CEF5940 49] Android_Vulkan_SM5, [0000019E779CB400][0000019E7CEF9AC0 49] Android_PowerVR_G6xxx, [0000019E77A9D300][0000019E7CEFC0C0 49] Android_PowerVR_GT7xxx, [0000019E779CB100][0000019E7CF00240 49] Android_PowerVR_GE8xxx, [0000019E77A9C500][0000019E5FF28380 49] Android_PowerVR_GM9xxx, [0000019E779C9800][0000019E7CF044C0 49] Android_PowerVR_GM9xxx_Vulkan, [0000019E77A9EB00][0000019E7CF08600 49] Android_TegraK1, [0000019E779C9900][0000019E7CF0C740 49] Android_Unknown_Vulkan, [0000019E77A07C00][0000019E7CF148C0 49] Lumin, [0000019E779CA600][0000019E7CF18A40 49] Lumin_Desktop, [0000019E77A05000][0000019E7CF1CBC0 49] HoloLens, 
[2022.11.02-17.46.27:911][  0]LogMeshReduction: Using QuadricMeshReduction for automatic static mesh reduction
[2022.11.02-17.46.27:911][  0]LogMeshReduction: Using SimplygonMeshReduction for automatic skeletal mesh reduction
[2022.11.02-17.46.27:911][  0]LogMeshReduction: Using ProxyLODMeshReduction for automatic mesh merging
[2022.11.02-17.46.27:911][  0]LogMeshReduction: No distributed automatic mesh merging module available
[2022.11.02-17.46.27:911][  0]LogMeshMerging: No distributed automatic mesh merging module available
[2022.11.02-17.46.28:042][  0]LogNetVersion: midterm 1.0.0, NetCL: 17155196, EngineNetVer: 17, GameNetVer: 0 (Checksum: 1341048358)
[2022.11.02-17.46.28:375][  0]LogTexture: Default maximum texture size for cubemaps generated from long-lat sources has been changed from 512 to unlimited. In order to preserve old behaiour for '/Engine/MapTemplates/Sky/DaylightAmbientCubemap.DaylightAmbientCubemap', its maximum texture size has been explicitly set to 512.
[2022.11.02-17.46.28:453][  0]LogHMD: PokeAHoleMaterial loaded successfully
[2022.11.02-17.46.28:661][  0]LogMoviePlayer: Initializing movie player
[2022.11.02-17.46.28:773][  0]LogNiagaraDebuggerClient: Niagara Debugger Client Initialized | Session: 42D41D49454632B3215E508BB8AE47B5 | Instance: 08121B214AF39F6788436D91DCED1495 (5CD911CWQ8-42508).
[2022.11.02-17.46.28:804][  0]LogCollectionManager: Loaded 0 collections in 0.002236 seconds
[2022.11.02-17.46.28:808][  0]LogFileCache: Scanning file cache for directory 'C:/Users/gosorio/Documents/Unreal Projects/midterm/Saved/Collections/' took 0.00s
[2022.11.02-17.46.28:808][  0]LogFileCache: Scanning file cache for directory 'C:/Users/gosorio/Documents/Unreal Projects/midterm/Content/Developers/gosorio/Collections/' took 0.00s
[2022.11.02-17.46.28:808][  0]LogCollectionManager: Fixed up redirectors for 0 collections in 0.000003 seconds (updated 0 objects)
[2022.11.02-17.46.28:949][  0]LogFileCache: Scanning file cache for directory 'C:/Users/gosorio/Documents/Unreal Projects/midterm/Content/Collections/' took 0.00s
[2022.11.02-17.46.28:950][  0]LogPython: Using Python 3.7.7
[2022.11.02-17.46.29:537][  0]LogUdpMessaging: Initializing bridge on interface 0.0.0.0:0 to multicast group 230.0.0.1:6666.
[2022.11.02-17.46.29:548][  0]LogTcpMessaging: Initializing TcpMessaging bridge
[2022.11.02-17.46.29:895][  0]LogOpenImageDenoise: OIDN starting up
[2022.11.02-17.46.29:911][  0]SourceControl: Source control is disabled
[2022.11.02-17.46.29:911][  0]SourceControl: Source control is disabled
[2022.11.02-17.46.29:917][  0]SourceControl: Source control is disabled
[2022.11.02-17.46.29:923][  0]LogUProjectInfo: Found projects:
[2022.11.02-17.46.29:988][  0]LogAndroidPermission: UAndroidPermissionCallbackProxy::GetInstance
[2022.11.02-17.46.30:017][  0]LogAudioCaptureCore: Display: No Audio Capture implementations found. Audio input will be silent.
[2022.11.02-17.46.30:018][  0]LogAudioCaptureCore: Display: No Audio Capture implementations found. Audio input will be silent.
[2022.11.02-17.46.30:121][  0]LogOcInput: OculusInput pre-init called
[2022.11.02-17.46.30:130][  0]LogUObjectArray: 22121 objects as part of root set at end of initial load.
[2022.11.02-17.46.30:131][  0]LogUObjectAllocator: 5975632 out of 0 bytes used by permanent object pool.
[2022.11.02-17.46.30:131][  0]LogUObjectArray: CloseDisregardForGC: 0/0 objects in disregard for GC pool
[2022.11.02-17.46.30:194][  0]LogEngine: Initializing Engine...
[2022.11.02-17.46.30:198][  0]LogHMD: Failed to enumerate extensions. Please check that you have a valid OpenXR runtime installed.
[2022.11.02-17.46.30:198][  0]LogHMD: Failed to initialize OpenVR with code 110
[2022.11.02-17.46.30:198][  0]LogMagicLeap: Warning: VR disabled because ZI is not enabled.  To enable, in the editor, Edit -> Project Settings -> Plugins -> Magic Leap Plugin -> Enable Zero Iteration
[2022.11.02-17.46.30:200][  0]LogStats: UGameplayTagsManager::InitializeManager -  0.000 s
[2022.11.02-17.46.30:308][  0]LogInit: Initializing FReadOnlyCVARCache
[2022.11.02-17.46.30:308][  0]LogAudio: Display: Initializing Audio Device Manager...
[2022.11.02-17.46.30:314][  0]LogAudio: Display: Loading Default Audio Settings Objects...
[2022.11.02-17.46.30:315][  0]LogAudio: Display: No default SoundConcurrencyObject specified (or failed to load).
[2022.11.02-17.46.30:315][  0]LogAudio: Display: Audio Device Manager Initialized
[2022.11.02-17.46.30:315][  0]LogAudio: Display: Creating Audio Device:                 Id: 1, Scope: Shared, Realtime: True
[2022.11.02-17.46.30:316][  0]LogAudioMixer: Display: Audio Mixer Platform Settings:
[2022.11.02-17.46.30:316][  0]LogAudioMixer: Display: 	Sample Rate:						  48000
[2022.11.02-17.46.30:316][  0]LogAudioMixer: Display: 	Callback Buffer Frame Size Requested: 1024
[2022.11.02-17.46.30:316][  0]LogAudioMixer: Display: 	Callback Buffer Frame Size To Use:	  1024
[2022.11.02-17.46.30:316][  0]LogAudioMixer: Display: 	Number of buffers to queue:			  2
[2022.11.02-17.46.30:316][  0]LogAudioMixer: Display: 	Max Channels (voices):				  32
[2022.11.02-17.46.30:316][  0]LogAudioMixer: Display: 	Number of Async Source Workers:		  0
[2022.11.02-17.46.30:316][  0]LogAudio: Display: AudioDevice MaxSources: 32
[2022.11.02-17.46.30:316][  0]LogAudio: Display: Audio Spatialization Plugin: None (built-in).
[2022.11.02-17.46.30:316][  0]LogAudio: Display: Audio Reverb Plugin: None (built-in).
[2022.11.02-17.46.30:316][  0]LogAudio: Display: Audio Occlusion Plugin: None (built-in).
[2022.11.02-17.46.30:316][  0]LogAudioMixer: Display: Initializing audio mixer.
[2022.11.02-17.46.30:337][  0]LogAudioMixer: Display: 0: FrontLeft
[2022.11.02-17.46.30:337][  0]LogAudioMixer: Display: 1: FrontRight
[2022.11.02-17.46.30:363][  0]LogAudioMixer: Display: Using Audio Device Speakers (Conexant ISST Audio)
[2022.11.02-17.46.30:369][  0]LogAudioMixer: Display: Initializing Sound Submixes...
[2022.11.02-17.46.30:372][  0]LogAudioMixer: Display: Creating Master Submix 'MasterSubmixDefault'
[2022.11.02-17.46.30:372][  0]LogAudioMixer: Display: Creating Master Submix 'MasterReverbSubmixDefault'
[2022.11.02-17.46.30:373][  0]LogAudioMixer: Display: Creating Master Submix 'MasterEQSubmixDefault'
[2022.11.02-17.46.30:373][  0]LogAudioMixer: FMixerPlatformXAudio2::StartAudioStream() called
[2022.11.02-17.46.30:373][  0]LogAudioMixer: Display: Output buffers initialized: Frames=1024, Channels=2, Samples=2048
[2022.11.02-17.46.30:374][  0]LogAudioMixer: Display: Starting AudioMixerPlatformInterface::RunInternal()
[2022.11.02-17.46.30:374][  0]LogAudioMixer: Display: FMixerPlatformXAudio2::SubmitBuffer() called for the first time
[2022.11.02-17.46.30:374][  0]LogInit: FAudioDevice initialized.
[2022.11.02-17.46.30:376][  0]LogNetVersion: Set ProjectVersion to 1.0.0.0. Version Checksum will be recalculated on next use.
[2022.11.02-17.46.30:377][  0]LogInit: Texture streaming: Enabled
[2022.11.02-17.46.30:464][  0]LogAudio: Display: Audio Device (ID: 1) registered with world 'Untitled'.
[2022.11.02-17.46.30:464][  0]LogSlate: Updating window title bar state: overlay mode, drag disabled, window buttons hidden, title bar hidden
[2022.11.02-17.46.30:465][  0]LogInit: Display: Game Engine Initialized.
[2022.11.02-17.46.30:465][  0]LogNiagaraEditor: GEditor isn't valid! Particle reset commands will not work for Niagara components!
[2022.11.02-17.46.30:657][  0]LogInit: Display: Starting Game.
[2022.11.02-17.46.30:657][  0]LogNet: Browse: /Game/Levels/SnakeRetro?Name=Player
[2022.11.02-17.46.30:657][  0]LogLoad: LoadMap: /Game/Levels/SnakeRetro?Name=Player
[2022.11.02-17.46.30:657][  0]LogWorld: BeginTearingDown for /Temp/Untitled_0
[2022.11.02-17.46.30:659][  0]LogWorld: UWorld::CleanupWorld for Untitled, bSessionEnded=true, bCleanupResources=true
[2022.11.02-17.46.30:659][  0]LogSlate: InvalidateAllWidgets triggered.  All widgets were invalidated
[2022.11.02-17.46.30:668][  0]LogAudio: Display: Audio Device unregistered from world 'None'.
[2022.11.02-17.46.30:671][  0]LogUObjectHash: Compacting FUObjectHashTables data took   1.04ms
[2022.11.02-17.46.30:891][  0]LogAudio: Display: Audio Device (ID: 1) registered with world 'SnakeRetro'.
[2022.11.02-17.46.30:902][  0]LogAIModule: Creating AISystem for world SnakeRetro
[2022.11.02-17.46.30:903][  0]LogLoad: Game class is 'GameModeBase'
[2022.11.02-17.46.30:907][  0]LogWorld: Bringing World /Game/Levels/SnakeRetro.SnakeRetro up for play (max tick rate 0) at 2022.11.02-13.46.30
[2022.11.02-17.46.30:907][  0]LogWorld: Bringing up level for play took: 0.003252
[2022.11.02-17.46.30:907][  0]LogGameMode: FindPlayerStart: PATHS NOT DEFINED or NO PLAYERSTART with positive rating
[2022.11.02-17.46.30:910][  0]LogLoad: Took 0.253715 seconds to LoadMap(/Game/Levels/SnakeRetro)
[2022.11.02-17.46.30:963][  0]LogSlate: Took 0.000314 seconds to synchronously load lazily loaded font '../../../Engine/Content/Slate/Fonts/Roboto-Regular.ttf' (155K)
[2022.11.02-17.46.31:007][  0]LogRenderer: Reallocating scene render targets to support 1280x720 Format 10 NumSamples 1 (Frame:1).
[2022.11.02-17.46.31:007][  0]LogInit: Display: Engine is initialized. Leaving FEngineLoop::Init()
[2022.11.02-17.46.31:007][  0]LogLoad: (Engine Initialization) Total time: 9.70 seconds
[2022.11.02-17.46.31:007][  0]LogLoad: (Engine Initialization) Total Blueprint compile time: 0.00 seconds
[2022.11.02-17.46.31:011][  0]LogContentStreaming: Texture pool size now 1000 MB
[2022.11.02-17.46.31:015][  0]LogSlate: InvalidateAllWidgets triggered.  All widgets were invalidated
[2022.11.02-17.46.31:115][  0]LogRenderer: Reallocating scene render targets to support 128x128 Format 10 NumSamples 1 (Frame:1).
[2022.11.02-17.46.31:163][  0]LogRenderer: Reallocating scene render targets to support 1280x720 Format 10 NumSamples 1 (Frame:2).
[2022.11.02-17.46.31:183][  1]LogSlate: Took 0.000308 seconds to synchronously load lazily loaded font '../../../Engine/Content/Slate/Fonts/Roboto-Regular.ttf' (155K)
[2022.11.02-17.46.41:463][770]Closing by request
[2022.11.02-17.46.41:463][770]LogWindows: FPlatformMisc::RequestExit(0)
[2022.11.02-17.46.41:463][770]LogWindows: FPlatformMisc::RequestExitWithStatus(0, 0)
[2022.11.02-17.46.41:463][770]LogCore: Engine exit requested (reason: Win RequestExit)
[2022.11.02-17.46.41:468][771]LogCore: Engine exit requested (reason: EngineExit() was called; note: exit was already requested)
[2022.11.02-17.46.41:469][771]LogInit: Display: PreExit Game.
[2022.11.02-17.46.41:488][771]LogWorld: BeginTearingDown for /Game/Levels/SnakeRetro
[2022.11.02-17.46.41:488][771]LogWorld: UWorld::CleanupWorld for SnakeRetro, bSessionEnded=true, bCleanupResources=true
[2022.11.02-17.46.41:489][771]LogSlate: InvalidateAllWidgets triggered.  All widgets were invalidated
[2022.11.02-17.46.42:207][771]LogAudio: Display: Beginning Audio Device Manager Shutdown (Module: AudioMixerXAudio2)...
[2022.11.02-17.46.42:207][771]LogAudio: Display: Destroying 1 Remaining Audio Device(s)...
[2022.11.02-17.46.42:207][771]LogAudio: Display: Audio Device unregistered from world 'SnakeRetro'.
[2022.11.02-17.46.42:255][771]LogAudioMixer: FMixerPlatformXAudio2::StopAudioStream() called
[2022.11.02-17.46.42:256][771]LogAudioMixer: FMixerPlatformXAudio2::StopAudioStream() called
[2022.11.02-17.46.42:258][771]LogAudio: Display: Audio Device Manager Shutdown
[2022.11.02-17.46.42:265][771]LogSlate: Window 'midterm (64-bit Development PCD3D_SM5) ' being destroyed
[2022.11.02-17.46.42:265][771]LogWindowsTextInputMethodSystem: Display: IME system deactivated.
[2022.11.02-17.46.42:272][771]LogWindowsTextInputMethodSystem: Display: IME system deactivated.
[2022.11.02-17.46.42:280][771]LogExit: Preparing to exit.
[2022.11.02-17.46.42:552][771]LogUObjectHash: Compacting FUObjectHashTables data took   0.81ms
[2022.11.02-17.46.42:576][771]LogMoviePlayer: Shutting down movie player
[2022.11.02-17.46.42:785][771]LogSlate: Updating window title bar state: overlay mode, drag disabled, window buttons hidden, title bar hidden
[2022.11.02-17.46.42:801][771]LogDemo: Cleaned up 0 splitscreen connections with owner deletion
[2022.11.02-17.46.42:805][771]LogExit: Game engine shut down
[2022.11.02-17.46.42:837][771]LogExit: Object subsystem successfully closed.
[2022.11.02-17.46.42:849][771]LogShaderCompilers: Display: === FShaderJobCache stats ===
[2022.11.02-17.46.42:849][771]LogShaderCompilers: Display: Total job queries 0, among them cache hits 0 (0.00%)
[2022.11.02-17.46.42:849][771]LogShaderCompilers: Display: Tracking 0 distinct input hashes that result in 0 distinct outputs (0.00%)
[2022.11.02-17.46.42:849][771]LogShaderCompilers: Display: RAM used: 0.00 MB (0.00 GB) of 819.20 MB (0.80 GB) budget. Usage: 0.00%
[2022.11.02-17.46.42:849][771]LogShaderCompilers: Display: ================================================
[2022.11.02-17.46.42:858][771]LogShaderCompilers: Display: Shaders left to compile 0
[2022.11.02-17.46.42:874][771]LogModuleManager: Shutting down and abandoning module SequenceRecorderSections (558)
[2022.11.02-17.46.42:874][771]LogModuleManager: Shutting down and abandoning module SequenceRecorder (556)
[2022.11.02-17.46.42:874][771]LogModuleManager: Shutting down and abandoning module AutomationController (554)
[2022.11.02-17.46.42:874][771]LogModuleManager: Shutting down and abandoning module AutomationWorker (552)
[2022.11.02-17.46.42:874][771]LogModuleManager: Shutting down and abandoning module Voice (550)
[2022.11.02-17.46.42:874][771]LogModuleManager: Shutting down and abandoning module AIModule (548)
[2022.11.02-17.46.42:874][771]LogModuleManager: Shutting down and abandoning module GameplayDebugger (547)
[2022.11.02-17.46.42:874][771]LogModuleManager: Shutting down and abandoning module AITestSuite (545)
[2022.11.02-17.46.42:874][771]LogModuleManager: Shutting down and abandoning module NavigationSystem (543)
[2022.11.02-17.46.42:874][771]LogModuleManager: Shutting down and abandoning module SteamVREditor (540)
[2022.11.02-17.46.42:874][771]LogModuleManager: Shutting down and abandoning module ToolMenus (539)
[2022.11.02-17.46.42:874][771]LogModuleManager: Shutting down and abandoning module OculusMR (536)
[2022.11.02-17.46.42:874][771]LogModuleManager: Shutting down and abandoning module OpenXRInput (534)
[2022.11.02-17.46.42:874][771]LogModuleManager: Shutting down and abandoning module TakeRecorderSources (532)
[2022.11.02-17.46.42:874][771]LogModuleManager: Shutting down and abandoning module TakeRecorder (531)
[2022.11.02-17.46.42:874][771]LogModuleManager: Shutting down and abandoning module TakeTrackRecorders (528)
[2022.11.02-17.46.42:874][771]LogModuleManager: Shutting down and abandoning module TakesCore (526)
[2022.11.02-17.46.42:874][771]LogModuleManager: Shutting down and abandoning module WmfMediaFactory (524)
[2022.11.02-17.46.42:874][771]LogModuleManager: Shutting down and abandoning module WebMMediaFactory (522)
[2022.11.02-17.46.42:874][771]LogModuleManager: Shutting down and abandoning module WebMMedia (520)
[2022.11.02-17.46.42:874][771]LogModuleManager: Shutting down and abandoning module OpenExrWrapper (518)
[2022.11.02-17.46.42:874][771]LogModuleManager: Shutting down and abandoning module ImgMediaFactory (516)
[2022.11.02-17.46.42:874][771]LogModuleManager: Shutting down and abandoning module AvfMediaFactory (514)
[2022.11.02-17.46.42:874][771]LogModuleManager: Shutting down and abandoning module PlanarCut (512)
[2022.11.02-17.46.42:874][771]LogModuleManager: Shutting down and abandoning module MagicLeapMediaCodecFactory (510)
[2022.11.02-17.46.42:874][771]LogModuleManager: Shutting down and abandoning module MagicLeapMediaFactory (508)
[2022.11.02-17.46.42:874][771]LogModuleManager: Shutting down and abandoning module CharacterAI (506)
[2022.11.02-17.46.42:874][771]LogModuleManager: Shutting down and abandoning module SessionServices (504)
[2022.11.02-17.46.42:874][771]LogModuleManager: Shutting down and abandoning module MovieSceneCapture (502)
[2022.11.02-17.46.42:875][771]LogModuleManager: Shutting down and abandoning module LiveCoding (500)
[2022.11.02-17.46.42:875][771]LogModuleManager: Shutting down and abandoning module LevelSequence (498)
[2022.11.02-17.46.42:875][771]LogModuleManager: Shutting down and abandoning module MovieSceneTracks (496)
[2022.11.02-17.46.42:875][771]LogModuleManager: Shutting down and abandoning module MovieScene (494)
[2022.11.02-17.46.42:875][771]LogModuleManager: Shutting down and abandoning module StreamingPauseRendering (492)
[2022.11.02-17.46.42:875][771]LogModuleManager: Shutting down and abandoning module PortalServices (490)
[2022.11.02-17.46.42:875][771]LogModuleManager: Shutting down and abandoning module PortalRpc (488)
[2022.11.02-17.46.42:875][771]LogModuleManager: Shutting down and abandoning module MessagingRpc (486)
[2022.11.02-17.46.42:875][771]LogModuleManager: Shutting down and abandoning module AudioMixerXAudio2 (484)
[2022.11.02-17.46.42:875][771]LogModuleManager: Shutting down and abandoning module AudioMixerCore (483)
[2022.11.02-17.46.42:875][771]LogModuleManager: Shutting down and abandoning module ImageWriteQueue (480)
[2022.11.02-17.46.42:878][771]LogModuleManager: Shutting down and abandoning module ProfilerService (478)
[2022.11.02-17.46.42:926][771]LogModuleManager: Shutting down and abandoning module TaskGraph (476)
[2022.11.02-17.46.42:926][771]LogModuleManager: Shutting down and abandoning module OculusInput (474)
[2022.11.02-17.46.42:926][771]LogModuleManager: Shutting down and abandoning module Synthesis (472)
[2022.11.02-17.46.42:926][771]LogModuleManager: Shutting down and abandoning module ProceduralMeshComponent (470)
[2022.11.02-17.46.42:926][771]LogModuleManager: Shutting down and abandoning module MobilePatchingUtils (468)
[2022.11.02-17.46.42:926][771]LogModuleManager: Shutting down and abandoning module TakeMovieScene (466)
[2022.11.02-17.46.42:926][771]LogModuleManager: Shutting down and abandoning module ArchVisCharacter (464)
[2022.11.02-17.46.42:926][771]LogModuleManager: Shutting down and abandoning module EditableMesh (462)
[2022.11.02-17.46.42:926][771]LogModuleManager: Shutting down and abandoning module GooglePAD (460)
[2022.11.02-17.46.42:926][771]LogModuleManager: Shutting down and abandoning module CustomMeshComponent (458)
[2022.11.02-17.46.42:926][771]LogModuleManager: Shutting down and abandoning module CableComponent (456)
[2022.11.02-17.46.42:926][771]LogModuleManager: Shutting down and abandoning module AudioCapture (454)
[2022.11.02-17.46.42:926][771]LogModuleManager: Shutting down and abandoning module AudioCaptureRtAudio (453)
[2022.11.02-17.46.42:926][771]LogModuleManager: Shutting down and abandoning module AssetTags (450)
[2022.11.02-17.46.42:926][771]LogModuleManager: Shutting down and abandoning module AppleImageUtilsBlueprintSupport (448)
[2022.11.02-17.46.42:926][771]LogModuleManager: Shutting down and abandoning module AppleImageUtils (446)
[2022.11.02-17.46.42:926][771]LogModuleManager: Shutting down and abandoning module AndroidPermission (444)
[2022.11.02-17.46.42:926][771]LogModuleManager: Shutting down and abandoning module ActorLayerUtilities (442)
[2022.11.02-17.46.42:926][771]LogModuleManager: Shutting down and abandoning module TemplateSequence (440)
[2022.11.02-17.46.42:926][771]LogModuleManager: Shutting down and abandoning module MediaCompositing (438)
[2022.11.02-17.46.42:926][771]LogModuleManager: Shutting down and abandoning module ImgMedia (436)
[2022.11.02-17.46.42:926][771]LogModuleManager: Shutting down and abandoning module UObjectPlugin (434)
[2022.11.02-17.46.42:926][771]LogModuleManager: Shutting down and abandoning module VisualStudioSourceCodeAccess (432)
[2022.11.02-17.46.42:926][771]LogModuleManager: Shutting down and abandoning module HotReload (431)
[2022.11.02-17.46.42:926][771]LogModuleManager: Shutting down and abandoning module VisualStudioCodeSourceCodeAccess (428)
[2022.11.02-17.46.42:926][771]LogModuleManager: Shutting down and abandoning module SubversionSourceControl (426)
[2022.11.02-17.46.42:926][771]LogModuleManager: Shutting down and abandoning module PerforceSourceControl (424)
[2022.11.02-17.46.42:927][771]LogModuleManager: Shutting down and abandoning module SourceControl (423)
[2022.11.02-17.46.42:927][771]LogModuleManager: Shutting down and abandoning module CLionSourceCodeAccess (420)
[2022.11.02-17.46.42:927][771]LogModuleManager: Shutting down and abandoning module OpenImageDenoise (418)
[2022.11.02-17.46.42:927][771]LogOpenImageDenoise: OIDN shutting down
[2022.11.02-17.46.42:927][771]LogModuleManager: Shutting down and abandoning module MotoSynth (416)
[2022.11.02-17.46.42:927][771]LogModuleManager: Shutting down and abandoning module MagicLeapSharedWorld (414)
[2022.11.02-17.46.42:927][771]LogModuleManager: Shutting down and abandoning module MagicLeapLightEstimation (412)
[2022.11.02-17.46.42:927][771]LogModuleManager: Shutting down and abandoning module MeshConversion (410)
[2022.11.02-17.46.42:927][771]LogModuleManager: Shutting down and abandoning module DynamicMesh (408)
[2022.11.02-17.46.42:927][771]LogModuleManager: Shutting down and abandoning module GeometryAlgorithms (406)
[2022.11.02-17.46.42:927][771]LogModuleManager: Shutting down and abandoning module GeometricObjects (404)
[2022.11.02-17.46.42:927][771]LogModuleManager: Shutting down and abandoning module MagicLeapHelperVulkan (402)
[2022.11.02-17.46.42:927][771]LogModuleManager: Shutting down and abandoning module MagicLeapHelperOpenGL (400)
[2022.11.02-17.46.42:927][771]LogModuleManager: Shutting down and abandoning module MagicLeapAudio (398)
[2022.11.02-17.46.42:927][771]LogModuleManager: Shutting down and abandoning module GeometryCollectionTracks (396)
[2022.11.02-17.46.42:927][771]LogModuleManager: Shutting down and abandoning module GeometryCollectionSequencer (395)
[2022.11.02-17.46.42:927][771]LogModuleManager: Shutting down and abandoning module GeometryCacheTracks (392)
[2022.11.02-17.46.42:927][771]LogModuleManager: Shutting down and abandoning module GeometryCacheSequencer (391)
[2022.11.02-17.46.42:927][771]LogModuleManager: Shutting down and abandoning module GeometryCache (388)
[2022.11.02-17.46.42:927][771]LogModuleManager: Shutting down and abandoning module GeometryCacheEd (387)
[2022.11.02-17.46.42:927][771]LogModuleManager: Shutting down and abandoning module ChaosNiagara (384)
[2022.11.02-17.46.42:927][771]LogModuleManager: Shutting down and abandoning module FieldSystemEngine (383)
[2022.11.02-17.46.42:927][771]LogModuleManager: Shutting down and abandoning module BackChannel (380)
[2022.11.02-17.46.42:927][771]LogModuleManager: Shutting down and abandoning module AutomationUtils (378)
[2022.11.02-17.46.42:927][771]LogModuleManager: Shutting down and abandoning module OodleNetworkHandlerComponent (376)
[2022.11.02-17.46.42:927][771]LogModuleManager: Shutting down and abandoning module LiveLinkSequencer (374)
[2022.11.02-17.46.42:927][771]LogModuleManager: Shutting down and abandoning module LiveLinkMovieScene (372)
[2022.11.02-17.46.42:927][771]LogModuleManager: Shutting down and abandoning module LiveLinkGraphNode (370)
[2022.11.02-17.46.42:927][771]LogModuleManager: Shutting down and abandoning module LiveLinkComponents (368)
[2022.11.02-17.46.42:927][771]LogModuleManager: Shutting down and abandoning module LiveLink (366)
[2022.11.02-17.46.43:661][771]LogModuleManager: Shutting down and abandoning module GameplayTagsEditor (364)
[2022.11.02-17.46.43:661][771]LogModuleManager: Shutting down and abandoning module FacialAnimation (362)
[2022.11.02-17.46.43:661][771]LogModuleManager: Shutting down and abandoning module AssetManagerEditor (360)
[2022.11.02-17.46.43:661][771]LogModuleManager: Shutting down and abandoning module TreeMap (359)
[2022.11.02-17.46.43:661][771]LogModuleManager: Shutting down and abandoning module SoundFields (356)
[2022.11.02-17.46.43:661][771]LogModuleManager: Shutting down and abandoning module RuntimePhysXCooking (354)
[2022.11.02-17.46.43:661][771]LogModuleManager: Shutting down and abandoning module SignificanceManager (352)
[2022.11.02-17.46.43:661][771]LogModuleManager: Shutting down and abandoning module PropertyAccessEditor (350)
[2022.11.02-17.46.43:661][771]LogModuleManager: Shutting down and abandoning module PhysXVehiclesEditor (348)
[2022.11.02-17.46.43:662][771]LogModuleManager: Shutting down and abandoning module LocationServicesBPLibrary (344)
[2022.11.02-17.46.43:662][771]LogModuleManager: Shutting down and abandoning module AudioSynesthesia (342)
[2022.11.02-17.46.43:662][771]LogModuleManager: Shutting down and abandoning module AudioSynesthesiaCore (340)
[2022.11.02-17.46.43:662][771]LogModuleManager: Shutting down and abandoning module TcpMessaging (338)
[2022.11.02-17.46.43:763][771]LogModuleManager: Shutting down and abandoning module UdpMessaging (336)
[2022.11.02-17.46.43:864][771]LogModuleManager: Shutting down and abandoning module ActorSequence (334)
[2022.11.02-17.46.43:864][771]LogModuleManager: Shutting down and abandoning module ImgMediaEngine (332)
[2022.11.02-17.46.43:864][771]LogModuleManager: Shutting down and abandoning module PropertyAccessNode (330)
[2022.11.02-17.46.43:864][771]LogModuleManager: Shutting down and abandoning module AnimationSharing (328)
[2022.11.02-17.46.43:864][771]LogModuleManager: Shutting down and abandoning module PythonScriptPlugin (326)
[2022.11.02-17.46.43:864][771]LogModuleManager: Shutting down and abandoning module MagicLeapARPin (324)
[2022.11.02-17.46.43:864][771]LogModuleManager: Shutting down and abandoning module MagicLeapHandMeshing (322)
[2022.11.02-17.46.43:864][771]LogModuleManager: Shutting down and abandoning module MagicLeapSecureStorage (320)
[2022.11.02-17.46.43:864][771]LogModuleManager: Shutting down and abandoning module MagicLeapPrivileges (318)
[2022.11.02-17.46.43:864][771]LogModuleManager: Shutting down and abandoning module MagicLeapPlanes (316)
[2022.11.02-17.46.43:864][771]LogMagicLeapPlanes: Planes tracker already destroyed.
[2022.11.02-17.46.43:864][771]LogModuleManager: Shutting down and abandoning module MagicLeapImageTracker (314)
[2022.11.02-17.46.43:864][771]LogModuleManager: Shutting down and abandoning module MagicLeapIdentity (312)
[2022.11.02-17.46.43:864][771]LogModuleManager: Shutting down and abandoning module MagicLeapHandTracking (310)
[2022.11.02-17.46.43:864][771]LogModuleManager: Shutting down and abandoning module MagicLeapEyeTracker (308)
[2022.11.02-17.46.43:864][771]LogModuleManager: Shutting down and abandoning module MagicLeapController (306)
[2022.11.02-17.46.43:864][771]LogModuleManager: Shutting down and abandoning module MagicLeapARPinImpl (304)
[2022.11.02-17.46.43:864][771]LogModuleManager: Shutting down and abandoning module MagicLeapAR (302)
[2022.11.02-17.46.43:864][771]LogModuleManager: Shutting down and abandoning module NiagaraAnimNotifies (300)
[2022.11.02-17.46.43:864][771]LogModuleManager: Shutting down and abandoning module Niagara (298)
[2022.11.02-17.46.43:864][771]LogModuleManager: Shutting down and abandoning module SignalProcessing (297)
[2022.11.02-17.46.43:864][771]LogModuleManager: Shutting down and abandoning module NiagaraEditor (295)
[2022.11.02-17.46.43:864][771]LogModuleManager: Shutting down and abandoning module ContentBrowser (294)
[2022.11.02-17.46.43:864][771]LogModuleManager: Shutting down and abandoning module CollectionManager (293)
[2022.11.02-17.46.43:864][771]LogModuleManager: Shutting down and abandoning module DirectoryWatcher (292)
[2022.11.02-17.46.43:864][771]LogModuleManager: Shutting down and abandoning module ContentBrowserData (289)
[2022.11.02-17.46.43:864][771]LogModuleManager: Shutting down and abandoning module NiagaraCore (284)
[2022.11.02-17.46.43:864][771]LogModuleManager: Shutting down and abandoning module GameplayCameras (282)
[2022.11.02-17.46.43:864][771]LogModuleManager: Shutting down and abandoning module LightPropagationVolumeRuntime (280)
[2022.11.02-17.46.43:865][771]LogModuleManager: Shutting down and abandoning module EnvironmentQueryEditor (278)
[2022.11.02-17.46.43:865][771]LogModuleManager: Shutting down and abandoning module Paper2D (276)
[2022.11.02-17.46.43:865][771]LogModuleManager: Shutting down and abandoning module WindowsMoviePlayer (274)
[2022.11.02-17.46.43:865][771]LogModuleManager: Shutting down and abandoning module WebMMoviePlayer (272)
[2022.11.02-17.46.43:865][771]LogModuleManager: Shutting down and abandoning module NetworkReplayStreaming (270)
[2022.11.02-17.46.43:865][771]LogModuleManager: Shutting down and abandoning module PacketHandler (268)
[2022.11.02-17.46.43:865][771]LogModuleManager: Shutting down and abandoning module ClothingSystemEditor (266)
[2022.11.02-17.46.43:865][771]LogModuleManager: Shutting down and abandoning module ClothingSystemRuntimeNv (264)
[2022.11.02-17.46.43:865][771]LogModuleManager: Shutting down and abandoning module MediaAssets (262)
[2022.11.02-17.46.43:865][771]LogModuleManager: Shutting down and abandoning module Overlay (260)
[2022.11.02-17.46.43:865][771]LogModuleManager: Shutting down and abandoning module OverlayEditor (259)
[2022.11.02-17.46.43:865][771]LogModuleManager: Shutting down and abandoning module VREditor (256)
[2022.11.02-17.46.43:865][771]LogModuleManager: Shutting down and abandoning module StringTableEditor (254)
[2022.11.02-17.46.43:865][771]LogModuleManager: Shutting down and abandoning module GameplayTasksEditor (252)
[2022.11.02-17.46.43:865][771]LogModuleManager: Shutting down and abandoning module BehaviorTreeEditor (250)
[2022.11.02-17.46.43:865][771]LogModuleManager: Shutting down and abandoning module FunctionalTesting (248)
[2022.11.02-17.46.43:865][771]LogModuleManager: Shutting down and abandoning module CollisionAnalyzer (246)
[2022.11.02-17.46.43:865][771]LogModuleManager: Shutting down and abandoning module WorkspaceMenuStructure (245)
[2022.11.02-17.46.43:865][771]LogModuleManager: Shutting down and abandoning module UMG (242)
[2022.11.02-17.46.43:865][771]LogModuleManager: Shutting down and abandoning module UMGEditor (241)
[2022.11.02-17.46.43:865][771]LogModuleManager: Shutting down and abandoning module Sequencer (240)
[2022.11.02-17.46.43:865][771]LogModuleManager: Shutting down and abandoning module MessageLog (237)
[2022.11.02-17.46.43:865][771]LogModuleManager: Shutting down and abandoning module SlateReflector (232)
[2022.11.02-17.46.43:865][771]LogModuleManager: Shutting down and abandoning module Slate (230)
[2022.11.02-17.46.43:865][771]LogModuleManager: Shutting down and abandoning module SlateCore (228)
[2022.11.02-17.46.43:866][771]LogModuleManager: Shutting down and abandoning module LandscapeEditorUtilities (226)
[2022.11.02-17.46.43:866][771]LogModuleManager: Shutting down and abandoning module UnrealEd (224)
[2022.11.02-17.46.43:866][771]LogModuleManager: Shutting down and abandoning module MRMesh (222)
[2022.11.02-17.46.43:866][771]LogModuleManager: Shutting down and abandoning module Messaging (220)
[2022.11.02-17.46.43:866][771]LogModuleManager: Shutting down and abandoning module SourceCodeAccess (218)
[2022.11.02-17.46.43:866][771]LogModuleManager: Shutting down and abandoning module HeadMountedDisplay (216)
[2022.11.02-17.46.43:866][771]LogModuleManager: Shutting down and abandoning module XAudio2 (214)
[2022.11.02-17.46.43:866][771]LogModuleManager: Shutting down and abandoning module Networking (212)
[2022.11.02-17.46.43:866][771]LogModuleManager: Shutting down and abandoning module Core (210)
[2022.11.02-17.46.43:866][771]LogModuleManager: Shutting down and abandoning module MaterialEditor (208)
[2022.11.02-17.46.43:866][771]LogModuleManager: Shutting down and abandoning module MovieSceneTools (206)
[2022.11.02-17.46.43:866][771]LogModuleManager: Shutting down and abandoning module EditorStyle (205)
[2022.11.02-17.46.43:867][771]LogModuleManager: Shutting down and abandoning module KismetCompiler (202)
[2022.11.02-17.46.43:867][771]LogModuleManager: Shutting down and abandoning module MeshBuilder (200)
[2022.11.02-17.46.43:867][771]LogModuleManager: Shutting down and abandoning module MeshUtilities (198)
[2022.11.02-17.46.43:867][771]LogModuleManager: Shutting down and abandoning module MeshMergeUtilities (197)
[2022.11.02-17.46.43:867][771]LogModuleManager: Shutting down and abandoning module MeshReductionInterface (196)
[2022.11.02-17.46.43:867][771]LogModuleManager: Shutting down and abandoning module MeshBoneReduction (195)
[2022.11.02-17.46.43:867][771]LogModuleManager: Shutting down and abandoning module SkeletalMeshReduction (193)
[2022.11.02-17.46.43:867][771]LogModuleManager: Shutting down and abandoning module ProxyLODMeshReduction (191)
[2022.11.02-17.46.43:867][771]LogModuleManager: Shutting down and abandoning module QuadricMeshReduction (189)
[2022.11.02-17.46.43:867][771]LogModuleManager: Shutting down and abandoning module MaterialBaking (185)
[2022.11.02-17.46.43:867][771]LogModuleManager: Shutting down and abandoning module NullInstallBundleManager (180)
[2022.11.02-17.46.43:867][771]LogModuleManager: Shutting down and abandoning module PIEPreviewDeviceProfileSelector (178)
[2022.11.02-17.46.43:867][771]LogModuleManager: Shutting down and abandoning module DerivedDataCache (176)
[2022.11.02-17.46.43:867][771]LogModuleManager: Shutting down and abandoning module TargetPlatform (174)
[2022.11.02-17.46.43:867][771]LogModuleManager: Shutting down and abandoning module VulkanShaderFormat (173)
[2022.11.02-17.46.43:867][771]LogModuleManager: Shutting down and abandoning module ShaderFormatVectorVM (171)
[2022.11.02-17.46.43:867][771]LogModuleManager: Shutting down and abandoning module ShaderFormatOpenGL (169)
[2022.11.02-17.46.43:867][771]LogModuleManager: Shutting down and abandoning module ShaderFormatD3D (167)
[2022.11.02-17.46.43:867][771]LogModuleManager: Shutting down and abandoning module MetalShaderFormat (165)
[2022.11.02-17.46.43:867][771]LogModuleManager: Shutting down and abandoning module TextureFormatOodle (163)
[2022.11.02-17.46.43:867][771]LogModuleManager: Shutting down and abandoning module TextureFormatUncompressed (161)
[2022.11.02-17.46.43:867][771]LogModuleManager: Shutting down and abandoning module TextureFormatPVR (159)
[2022.11.02-17.46.43:867][771]LogModuleManager: Shutting down and abandoning module TextureFormatETC2 (157)
[2022.11.02-17.46.43:867][771]LogModuleManager: Shutting down and abandoning module TextureFormatDXT (155)
[2022.11.02-17.46.43:867][771]LogModuleManager: Shutting down and abandoning module TextureFormatIntelISPCTexComp (153)
[2022.11.02-17.46.43:867][771]LogModuleManager: Shutting down and abandoning module TextureFormatASTC (151)
[2022.11.02-17.46.43:867][771]LogModuleManager: Shutting down and abandoning module ImageWrapper (150)
[2022.11.02-17.46.43:868][771]LogModuleManager: Shutting down and abandoning module AudioFormatOpus (147)
[2022.11.02-17.46.43:868][771]LogModuleManager: Shutting down and abandoning module AudioFormatOgg (145)
[2022.11.02-17.46.43:868][771]LogModuleManager: Shutting down and abandoning module AudioFormatADPCM (143)
[2022.11.02-17.46.43:868][771]LogModuleManager: Shutting down and abandoning module WindowsServerTargetPlatform (141)
[2022.11.02-17.46.43:868][771]LogModuleManager: Shutting down and abandoning module WindowsClientTargetPlatform (139)
[2022.11.02-17.46.43:868][771]LogModuleManager: Shutting down and abandoning module WindowsTargetPlatform (137)
[2022.11.02-17.46.43:868][771]LogModuleManager: Shutting down and abandoning module WindowsNoEditorTargetPlatform (135)
[2022.11.02-17.46.43:868][771]LogModuleManager: Shutting down and abandoning module D3D11RHI (132)
[2022.11.02-17.46.43:868][771]LogModuleManager: Shutting down and abandoning module InputCore (130)
[2022.11.02-17.46.43:868][771]LogModuleManager: Shutting down and abandoning module Settings (128)
[2022.11.02-17.46.43:868][771]LogModuleManager: Shutting down and abandoning module PhysXCooking (126)
[2022.11.02-17.46.43:868][771]LogModuleManager: Shutting down and abandoning module Chaos (124)
[2022.11.02-17.46.43:868][771]LogModuleManager: Shutting down and abandoning module WindowsPlatformFeatures (122)
[2022.11.02-17.46.43:868][771]LogModuleManager: Shutting down and abandoning module GameplayMediaEncoder (121)
[2022.11.02-17.46.43:868][771]LogModuleManager: Shutting down and abandoning module AVEncoder (120)
[2022.11.02-17.46.43:868][771]LogModuleManager: Shutting down and abandoning module SteamVRInputDevice (116)
[2022.11.02-17.46.43:868][771]LogModuleManager: Shutting down and abandoning module SteamVRInput (114)
[2022.11.02-17.46.43:868][771]LogModuleManager: Shutting down and abandoning module SteamVR (112)
[2022.11.02-17.46.43:868][771]LogHMD: Freeing OpenVRDLLHandle.
[2022.11.02-17.46.43:868][771]LogModuleManager: Shutting down and abandoning module OculusHMD (110)
[2022.11.02-17.46.43:868][771]LogModuleManager: Shutting down and abandoning module OpenXREyeTracker (108)
[2022.11.02-17.46.43:868][771]LogModuleManager: Shutting down and abandoning module OpenXRHandTracking (106)
[2022.11.02-17.46.43:868][771]LogSlate: Slate User Destroyed.  User Index 0, Is Virtual User: 0
[2022.11.02-17.46.43:868][771]LogModuleManager: Shutting down and abandoning module OpenXRAR (104)
[2022.11.02-17.46.43:868][771]LogModuleManager: Shutting down and abandoning module AugmentedReality (103)
[2022.11.02-17.46.43:868][771]LogModuleManager: Shutting down and abandoning module OpenXRHMD (100)
[2022.11.02-17.46.43:868][771]LogModuleManager: Shutting down and abandoning module LauncherChunkInstaller (98)
[2022.11.02-17.46.43:868][771]LogModuleManager: Shutting down and abandoning module ExampleDeviceProfileSelector (96)
[2022.11.02-17.46.43:868][771]LogModuleManager: Shutting down and abandoning module ChunkDownloader (94)
[2022.11.02-17.46.43:868][771]LogModuleManager: Shutting down and abandoning module OnlineBlueprintSupport (92)
[2022.11.02-17.46.43:868][771]LogModuleManager: Shutting down and abandoning module OnlineSubsystem (88)
[2022.11.02-17.46.43:869][771]LogModuleManager: Shutting down and abandoning module XMPP (83)
[2022.11.02-17.46.43:869][771]LogModuleManager: Shutting down and abandoning module WebSockets (82)
[2022.11.02-17.46.43:903][771]LogModuleManager: Shutting down and abandoning module HTTP (79)
[2022.11.02-17.46.43:903][771]LogHttp: Display: cleaning up 0 outstanding Http requests.
[2022.11.02-17.46.43:936][771]LogModuleManager: Shutting down and abandoning module SSL (78)
[2022.11.02-17.46.43:937][771]LogModuleManager: Shutting down and abandoning module WmfMedia (74)
[2022.11.02-17.46.43:938][771]LogModuleManager: Shutting down and abandoning module Media (73)
[2022.11.02-17.46.43:939][771]LogModuleManager: Shutting down and abandoning module MediaInfo (72)
[2022.11.02-17.46.43:939][771]LogModuleManager: Shutting down and abandoning module ExrReaderGpu (68)
[2022.11.02-17.46.43:939][771]LogModuleManager: Shutting down and abandoning module PixWinPlugin (66)
[2022.11.02-17.46.43:939][771]LogModuleManager: Shutting down and abandoning module MLSDK (64)
[2022.11.02-17.46.43:939][771]LogModuleManager: Shutting down and abandoning module MagicLeap (62)
[2022.11.02-17.46.43:939][771]LogModuleManager: Shutting down and abandoning module VariantManagerContent (60)
[2022.11.02-17.46.43:939][771]LogModuleManager: Shutting down and abandoning module DatasmithContent (58)
[2022.11.02-17.46.43:939][771]LogModuleManager: Shutting down and abandoning module ChaosCloth (56)
[2022.11.02-17.46.43:939][771]LogModuleManager: Shutting down and abandoning module NiagaraVertexFactories (54)
[2022.11.02-17.46.43:939][771]LogModuleManager: Shutting down and abandoning module NiagaraShader (52)
[2022.11.02-17.46.43:939][771]LogModuleManager: Shutting down and abandoning module AISupportModule (50)
[2022.11.02-17.46.43:939][771]LogModuleManager: Shutting down and abandoning module DesktopPlatform (48)
[2022.11.02-17.46.43:939][771]LogModuleManager: Shutting down and abandoning module PythonScriptPluginPreload (46)
[2022.11.02-17.46.43:939][771]LogModuleManager: Shutting down and abandoning module PlatformCryptoOpenSSL (44)
[2022.11.02-17.46.43:939][771]LogModuleManager: Shutting down and abandoning module PlatformCryptoTypes (42)
[2022.11.02-17.46.43:939][771]LogModuleManager: Shutting down and abandoning module PlatformCrypto (40)
[2022.11.02-17.46.43:939][771]LogModuleManager: Shutting down and abandoning module OodleDataCompressionFormat (38)
[2022.11.02-17.46.43:940][771]LogModuleManager: Shutting down and abandoning module XGEController (36)
[2022.11.02-17.46.43:940][771]LogModuleManager: Shutting down and abandoning module AnimationModifiers (34)
[2022.11.02-17.46.43:940][771]LogModuleManager: Shutting down and abandoning module AudioEditor (32)
[2022.11.02-17.46.43:940][771]LogModuleManager: Shutting down and abandoning module PropertyEditor (31)
[2022.11.02-17.46.43:940][771]LogModuleManager: Shutting down and abandoning module TextureCompressor (28)
[2022.11.02-17.46.43:940][771]LogModuleManager: Shutting down and abandoning module RenderCore (26)
[2022.11.02-17.46.43:940][771]LogModuleManager: Shutting down and abandoning module Landscape (24)
[2022.11.02-17.46.43:940][771]LogModuleManager: Shutting down and abandoning module SlateRHIRenderer (22)
[2022.11.02-17.46.43:941][771]LogModuleManager: Shutting down and abandoning module AnimGraphRuntime (20)
[2022.11.02-17.46.43:941][771]LogModuleManager: Shutting down and abandoning module Renderer (18)
[2022.11.02-17.46.43:941][771]LogModuleManager: Shutting down and abandoning module Engine (16)
[2022.11.02-17.46.43:941][771]LogModuleManager: Shutting down and abandoning module CoreUObject (14)
[2022.11.02-17.46.43:941][771]LogModuleManager: Shutting down and abandoning module NetworkFile (12)
[2022.11.02-17.46.43:941][771]LogModuleManager: Shutting down and abandoning module CookedIterativeFile (10)
[2022.11.02-17.46.43:941][771]LogModuleManager: Shutting down and abandoning module StreamingFile (8)
[2022.11.02-17.46.43:941][771]LogModuleManager: Shutting down and abandoning module SandboxFile (6)
[2022.11.02-17.46.43:941][771]LogModuleManager: Shutting down and abandoning module PakFile (4)
[2022.11.02-17.46.43:941][771]LogModuleManager: Shutting down and abandoning module RSA (3)
[2022.11.02-17.46.44:366][771]LogContentStreaming: Display: There are 1 unreleased StreamingManagers
[2022.11.02-17.46.44:381][771]LogD3D11RHI: Shutdown
[2022.11.02-17.46.44:381][771]LogD3D11RHI: CleanupD3DDevice
[2022.11.02-17.46.44:382][771]LogExit: Exiting.
[2022.11.02-17.46.44:392][771]Log file closed, 11/02/22 13:46:44
